{
  "info": {
    "version": "2.4-CAPE",
    "started": "2025-11-21 16:00:10",
    "ended": "2025-11-21 16:01:48",
    "duration": 98,
    "id": 228879,
    "category": "file",
    "custom": "",
    "machine": {
      "id": 226514,
      "status": "stopping",
      "name": "cape_u-09_win10x64-104",
      "label": "cape_u-09_win10x64-104",
      "platform": "windows",
      "manager": "KVM",
      "started_on": "2025-11-21 16:00:10",
      "shutdown_on": "2025-11-21 16:01:46"
    },
    "package": "exe",
    "timeout": true,
    "shrike_url": null,
    "shrike_refer": null,
    "shrike_msg": null,
    "shrike_sid": null,
    "parent_id": null,
    "tlp": null,
    "parent_sample": {},
    "options": {
      "force-sleepskip": "1",
      "api-cap": "1000"
    },
    "source_url": null,
    "route": "inetsim",
    "user_id": 1,
    "CAPE_current_commit": "eaaacb40aa2281b36851d3c02d8396391a466a78"
  },
  "curtain": null,
  "CAPE": {
    "payloads": [],
    "configs": []
  },
  "target": {
    "category": "file",
    "file": {
      "name": "ipv6_network.exe",
      "path": "/opt/CAPEv2/storage/binaries/dda198eb9dfaf03e9fd39c3bd844a7e76647645f624dbe7fd7bb92c546af95e1",
      "guest_paths": "",
      "size": 120832,
      "crc32": "E88957F4",
      "md5": "97e7e9e428a173dc39a1072df5c9cea4",
      "sha1": "b43e0888b5534416a089433d4121cd99bb4a6124",
      "sha256": "dda198eb9dfaf03e9fd39c3bd844a7e76647645f624dbe7fd7bb92c546af95e1",
      "sha512": "2074ae7d7c948d9582e871e8197e085f25d7cd40f680b8b1983cb61191118d42d7dbb98ce1c054b05d58133ee8f041ec70c778d66179cb506aa561671f1a0067",
      "rh_hash": null,
      "ssdeep": "3072:5WeaCWhq4UlUm+/RzEju90KQQITkHNcNV6xZTG3/vIVlA/O:7mm+/GU0iwe8SmILA/O",
      "type": "PE32 executable (console) Intel 80386, for MS Windows",
      "yara": [],
      "cape_yara": [],
      "clamav": [],
      "tlsh": "T1E5C37C11B4C0C472D8B62A310978DBB15F3DF9700E506EAB63D8167B5F346C19A36EAB",
      "sha3_384": "c5d4781e50d212209c77120c4ca210835fb3980cba5e63b47e132cb59e0072a026052cf285d14606db0e297060e8770f",
      "pe": {
        "guest_signers": {
          "aux_sha1": null,
          "aux_timestamp": null,
          "aux_valid": false,
          "aux_error": true,
          "aux_error_desc": "No signature found.",
          "aux_signers": []
        },
        "digital_signers": [],
        "imagebase": "0x00400000",
        "entrypoint": "0x000015ce",
        "ep_bytes": "e8c5030000e974feffff558bec6a00ff",
        "peid_signatures": null,
        "reported_checksum": "0x00000000",
        "actual_checksum": "0x0002a029",
        "osversion": "6.0",
        "pdbpath": null,
        "imports": {
          "WS2_32": {
            "dll": "WS2_32.dll",
            "imports": [
              {
                "address": "0x416120",
                "name": "inet_ntop"
              },
              {
                "address": "0x416124",
                "name": "inet_pton"
              },
              {
                "address": "0x416128",
                "name": "socket"
              },
              {
                "address": "0x41612c",
                "name": "htons"
              },
              {
                "address": "0x416130",
                "name": "connect"
              }
            ]
          },
          "KERNEL32": {
            "dll": "KERNEL32.dll",
            "imports": [
              {
                "address": "0x416000",
                "name": "GetCommandLineW"
              },
              {
                "address": "0x416004",
                "name": "WriteConsoleW"
              },
              {
                "address": "0x416008",
                "name": "SetEndOfFile"
              },
              {
                "address": "0x41600c",
                "name": "ReadConsoleW"
              },
              {
                "address": "0x416010",
                "name": "ReadFile"
              },
              {
                "address": "0x416014",
                "name": "HeapReAlloc"
              },
              {
                "address": "0x416018",
                "name": "Sleep"
              },
              {
                "address": "0x41601c",
                "name": "UnhandledExceptionFilter"
              },
              {
                "address": "0x416020",
                "name": "SetUnhandledExceptionFilter"
              },
              {
                "address": "0x416024",
                "name": "GetCurrentProcess"
              },
              {
                "address": "0x416028",
                "name": "TerminateProcess"
              },
              {
                "address": "0x41602c",
                "name": "IsProcessorFeaturePresent"
              },
              {
                "address": "0x416030",
                "name": "QueryPerformanceCounter"
              },
              {
                "address": "0x416034",
                "name": "GetCurrentProcessId"
              },
              {
                "address": "0x416038",
                "name": "GetCurrentThreadId"
              },
              {
                "address": "0x41603c",
                "name": "GetSystemTimeAsFileTime"
              },
              {
                "address": "0x416040",
                "name": "InitializeSListHead"
              },
              {
                "address": "0x416044",
                "name": "IsDebuggerPresent"
              },
              {
                "address": "0x416048",
                "name": "GetStartupInfoW"
              },
              {
                "address": "0x41604c",
                "name": "GetModuleHandleW"
              },
              {
                "address": "0x416050",
                "name": "HeapSize"
              },
              {
                "address": "0x416054",
                "name": "RtlUnwind"
              },
              {
                "address": "0x416058",
                "name": "GetLastError"
              },
              {
                "address": "0x41605c",
                "name": "SetLastError"
              },
              {
                "address": "0x416060",
                "name": "EnterCriticalSection"
              },
              {
                "address": "0x416064",
                "name": "LeaveCriticalSection"
              },
              {
                "address": "0x416068",
                "name": "DeleteCriticalSection"
              },
              {
                "address": "0x41606c",
                "name": "InitializeCriticalSectionAndSpinCount"
              },
              {
                "address": "0x416070",
                "name": "TlsAlloc"
              },
              {
                "address": "0x416074",
                "name": "TlsGetValue"
              },
              {
                "address": "0x416078",
                "name": "TlsSetValue"
              },
              {
                "address": "0x41607c",
                "name": "TlsFree"
              },
              {
                "address": "0x416080",
                "name": "FreeLibrary"
              },
              {
                "address": "0x416084",
                "name": "GetProcAddress"
              },
              {
                "address": "0x416088",
                "name": "LoadLibraryExW"
              },
              {
                "address": "0x41608c",
                "name": "EncodePointer"
              },
              {
                "address": "0x416090",
                "name": "RaiseException"
              },
              {
                "address": "0x416094",
                "name": "GetStdHandle"
              },
              {
                "address": "0x416098",
                "name": "WriteFile"
              },
              {
                "address": "0x41609c",
                "name": "GetModuleFileNameW"
              },
              {
                "address": "0x4160a0",
                "name": "ExitProcess"
              },
              {
                "address": "0x4160a4",
                "name": "GetModuleHandleExW"
              },
              {
                "address": "0x4160a8",
                "name": "GetCommandLineA"
              },
              {
                "address": "0x4160ac",
                "name": "DecodePointer"
              },
              {
                "address": "0x4160b0",
                "name": "HeapFree"
              },
              {
                "address": "0x4160b4",
                "name": "CloseHandle"
              },
              {
                "address": "0x4160b8",
                "name": "HeapAlloc"
              },
              {
                "address": "0x4160bc",
                "name": "GetFileType"
              },
              {
                "address": "0x4160c0",
                "name": "FindClose"
              },
              {
                "address": "0x4160c4",
                "name": "FindFirstFileExW"
              },
              {
                "address": "0x4160c8",
                "name": "FindNextFileW"
              },
              {
                "address": "0x4160cc",
                "name": "IsValidCodePage"
              },
              {
                "address": "0x4160d0",
                "name": "GetACP"
              },
              {
                "address": "0x4160d4",
                "name": "GetOEMCP"
              },
              {
                "address": "0x4160d8",
                "name": "GetCPInfo"
              },
              {
                "address": "0x4160dc",
                "name": "MultiByteToWideChar"
              },
              {
                "address": "0x4160e0",
                "name": "WideCharToMultiByte"
              },
              {
                "address": "0x4160e4",
                "name": "GetEnvironmentStringsW"
              },
              {
                "address": "0x4160e8",
                "name": "FreeEnvironmentStringsW"
              },
              {
                "address": "0x4160ec",
                "name": "SetEnvironmentVariableW"
              },
              {
                "address": "0x4160f0",
                "name": "SetStdHandle"
              },
              {
                "address": "0x4160f4",
                "name": "GetStringTypeW"
              },
              {
                "address": "0x4160f8",
                "name": "CompareStringW"
              },
              {
                "address": "0x4160fc",
                "name": "LCMapStringW"
              },
              {
                "address": "0x416100",
                "name": "GetProcessHeap"
              },
              {
                "address": "0x416104",
                "name": "FlushFileBuffers"
              },
              {
                "address": "0x416108",
                "name": "GetConsoleOutputCP"
              },
              {
                "address": "0x41610c",
                "name": "GetConsoleMode"
              },
              {
                "address": "0x416110",
                "name": "CreateFileW"
              },
              {
                "address": "0x416114",
                "name": "GetFileSizeEx"
              },
              {
                "address": "0x416118",
                "name": "SetFilePointerEx"
              }
            ]
          }
        },
        "exported_dll_name": null,
        "exports": [],
        "dirents": [
          {
            "name": "IMAGE_DIRECTORY_ENTRY_EXPORT",
            "virtual_address": "0x00000000",
            "size": "0x00000000"
          },
          {
            "name": "IMAGE_DIRECTORY_ENTRY_IMPORT",
            "virtual_address": "0x0001c5d4",
            "size": "0x0000003c"
          },
          {
            "name": "IMAGE_DIRECTORY_ENTRY_RESOURCE",
            "virtual_address": "0x00000000",
            "size": "0x00000000"
          },
          {
            "name": "IMAGE_DIRECTORY_ENTRY_EXCEPTION",
            "virtual_address": "0x00000000",
            "size": "0x00000000"
          },
          {
            "name": "IMAGE_DIRECTORY_ENTRY_SECURITY",
            "virtual_address": "0x00000000",
            "size": "0x00000000"
          },
          {
            "name": "IMAGE_DIRECTORY_ENTRY_BASERELOC",
            "virtual_address": "0x0001f000",
            "size": "0x000010d8"
          },
          {
            "name": "IMAGE_DIRECTORY_ENTRY_DEBUG",
            "virtual_address": "0x0001b980",
            "size": "0x0000001c"
          },
          {
            "name": "IMAGE_DIRECTORY_ENTRY_COPYRIGHT",
            "virtual_address": "0x00000000",
            "size": "0x00000000"
          },
          {
            "name": "IMAGE_DIRECTORY_ENTRY_GLOBALPTR",
            "virtual_address": "0x00000000",
            "size": "0x00000000"
          },
          {
            "name": "IMAGE_DIRECTORY_ENTRY_TLS",
            "virtual_address": "0x00000000",
            "size": "0x00000000"
          },
          {
            "name": "IMAGE_DIRECTORY_ENTRY_LOAD_CONFIG",
            "virtual_address": "0x0001b8c0",
            "size": "0x00000040"
          },
          {
            "name": "IMAGE_DIRECTORY_ENTRY_BOUND_IMPORT",
            "virtual_address": "0x00000000",
            "size": "0x00000000"
          },
          {
            "name": "IMAGE_DIRECTORY_ENTRY_IAT",
            "virtual_address": "0x00016000",
            "size": "0x00000138"
          },
          {
            "name": "IMAGE_DIRECTORY_ENTRY_DELAY_IMPORT",
            "virtual_address": "0x00000000",
            "size": "0x00000000"
          },
          {
            "name": "IMAGE_DIRECTORY_ENTRY_COM_DESCRIPTOR",
            "virtual_address": "0x00000000",
            "size": "0x00000000"
          },
          {
            "name": "IMAGE_DIRECTORY_ENTRY_RESERVED",
            "virtual_address": "0x00000000",
            "size": "0x00000000"
          }
        ],
        "sections": [
          {
            "name": ".text",
            "raw_address": "0x00000400",
            "virtual_address": "0x00001000",
            "virtual_size": "0x000148fe",
            "size_of_data": "0x00014a00",
            "characteristics": "IMAGE_SCN_CNT_CODE|IMAGE_SCN_MEM_EXECUTE|IMAGE_SCN_MEM_READ",
            "characteristics_raw": "0x60000020",
            "entropy": "6.63"
          },
          {
            "name": ".rdata",
            "raw_address": "0x00014e00",
            "virtual_address": "0x00016000",
            "virtual_size": "0x00006c88",
            "size_of_data": "0x00006e00",
            "characteristics": "IMAGE_SCN_CNT_INITIALIZED_DATA|IMAGE_SCN_MEM_READ",
            "characteristics_raw": "0x40000040",
            "entropy": "5.13"
          },
          {
            "name": ".data",
            "raw_address": "0x0001bc00",
            "virtual_address": "0x0001d000",
            "virtual_size": "0x000013a4",
            "size_of_data": "0x00000a00",
            "characteristics": "IMAGE_SCN_CNT_INITIALIZED_DATA|IMAGE_SCN_MEM_READ|IMAGE_SCN_MEM_WRITE",
            "characteristics_raw": "0xc0000040",
            "entropy": "2.27"
          },
          {
            "name": ".reloc",
            "raw_address": "0x0001c600",
            "virtual_address": "0x0001f000",
            "virtual_size": "0x000010d8",
            "size_of_data": "0x00001200",
            "characteristics": "IMAGE_SCN_CNT_INITIALIZED_DATA|IMAGE_SCN_MEM_DISCARDABLE|IMAGE_SCN_MEM_READ",
            "characteristics_raw": "0x42000040",
            "entropy": "6.37"
          }
        ],
        "overlay": null,
        "resources": [],
        "versioninfo": [],
        "imphash": "8cc7d1427241c1e33dec13e6568fda0e",
        "timestamp": "2023-12-08 19:33:12",
        "icon": null,
        "icon_hash": null,
        "icon_fuzzy": null,
        "icon_dhash": null,
        "imported_dll_count": 2
      },
      "data": null,
      "cape_type_code": 0,
      "cape_type": ""
    }
  },
  "signatures": [
    {
      "name": "dead_connect",
      "description": "Attempts to connect to a dead IP:Port (1 unique times)",
      "categories": [
        "network"
      ],
      "severity": 1,
      "weight": 0,
      "confidence": 100,
      "references": [],
      "data": [
        {
          "type": "call",
          "pid": 7328,
          "cid": 35
        },
        {
          "IP": "2607:f8b0:4003:c00::6a:666"
        }
      ],
      "new_data": [],
      "alert": false,
      "families": []
    },
    {
      "name": "antidebug_setunhandledexceptionfilter",
      "description": "SetUnhandledExceptionFilter detected (possible anti-debug)",
      "categories": [
        "anti-debug"
      ],
      "severity": 1,
      "weight": 1,
      "confidence": 40,
      "references": [],
      "data": [
        {
          "type": "call",
          "pid": 7328,
          "cid": 33
        }
      ],
      "new_data": [],
      "alert": false,
      "families": []
    }
  ],
  "network": {
    "pcap_sha256": "7952b21aa8708cb7488dc20915d0e7e2ce757ad8f3b5743481a2dda4efb19bb3",
    "hosts": [
      {
        "ip": "13.71.55.58",
        "country_name": "unknown",
        "asn": "",
        "asn_name": "",
        "hostname": "",
        "inaddrarpa": "",
        "ports": []
      },
      {
        "ip": "135.233.95.144",
        "country_name": "unknown",
        "asn": "",
        "asn_name": "",
        "hostname": "",
        "inaddrarpa": "",
        "ports": []
      }
    ],
    "domains": [
      {
        "domain": "settings-win.data.microsoft.com",
        "ip": ""
      },
      {
        "domain": "slscr.update.microsoft.com",
        "ip": ""
      },
      {
        "domain": "crl.microsoft.com",
        "ip": ""
      },
      {
        "domain": "online_nat.online_nat",
        "ip": ""
      },
      {
        "domain": "www.microsoft.com",
        "ip": ""
      }
    ],
    "tcp": [
      {
        "src": "169.254.128.153",
        "sport": 49732,
        "dst": "135.233.95.144",
        "dport": 443,
        "offset": 258,
        "time": 0.013483047485351562
      },
      {
        "src": "169.254.128.153",
        "sport": 49733,
        "dst": "13.71.55.58",
        "dport": 443,
        "offset": 950,
        "time": 2.048821210861206
      },
      {
        "src": "169.254.128.153",
        "sport": 49735,
        "dst": "13.71.55.58",
        "dport": 443,
        "offset": 2477,
        "time": 3.1125681400299072
      },
      {
        "src": "169.254.128.153",
        "sport": 49736,
        "dst": "135.233.95.144",
        "dport": 443,
        "offset": 2995,
        "time": 3.126866102218628
      },
      {
        "src": "169.254.128.153",
        "sport": 49738,
        "dst": "135.233.95.144",
        "dport": 443,
        "offset": 5422,
        "time": 6.183864116668701
      }
    ],
    "udp": [
      {
        "src": "169.254.128.153",
        "sport": 49294,
        "dst": "169.254.128.1",
        "dport": 53,
        "offset": 609,
        "time": 1.623641014099121
      },
      {
        "src": "169.254.128.153",
        "sport": 55835,
        "dst": "169.254.128.1",
        "dport": 53,
        "offset": 3453,
        "time": 4.239751100540161
      },
      {
        "src": "169.254.128.153",
        "sport": 58011,
        "dst": "169.254.128.1",
        "dport": 53,
        "offset": 6547,
        "time": 9.25262999534607
      },
      {
        "src": "169.254.128.153",
        "sport": 61289,
        "dst": "169.254.128.1",
        "dport": 53,
        "offset": 7799,
        "time": 13.425281047821045
      },
      {
        "src": "169.254.128.153",
        "sport": 57185,
        "dst": "169.254.128.1",
        "dport": 53,
        "offset": 7892,
        "time": 13.660953044891357
      },
      {
        "src": "169.254.128.153",
        "sport": 62459,
        "dst": "169.254.128.1",
        "dport": 53,
        "offset": 7989,
        "time": 13.737500190734863
      },
      {
        "src": "169.254.128.153",
        "sport": 49728,
        "dst": "169.254.128.1",
        "dport": 53,
        "offset": 8286,
        "time": 14.706387042999268
      },
      {
        "src": "169.254.128.153",
        "sport": 52985,
        "dst": "169.254.128.1",
        "dport": 53,
        "offset": 12267,
        "time": 25.887798070907593
      },
      {
        "src": "169.254.128.153",
        "sport": 137,
        "dst": "169.254.128.1",
        "dport": 137,
        "offset": 12360,
        "time": 26.76384711265564
      },
      {
        "src": "169.254.128.153",
        "sport": 58806,
        "dst": "169.254.128.1",
        "dport": 53,
        "offset": 12468,
        "time": 26.76423716545105
      },
      {
        "src": "169.254.128.153",
        "sport": 51915,
        "dst": "169.254.128.1",
        "dport": 53,
        "offset": 14521,
        "time": 33.79832315444946
      },
      {
        "src": "169.254.128.153",
        "sport": 54217,
        "dst": "169.254.128.1",
        "dport": 53,
        "offset": 15401,
        "time": 44.28399300575256
      },
      {
        "src": "169.254.128.153",
        "sport": 58526,
        "dst": "169.254.128.1",
        "dport": 53,
        "offset": 16471,
        "time": 56.37070608139038
      }
    ],
    "icmp": [
      {
        "src": "169.254.128.1",
        "dst": "169.254.128.153",
        "type": 3,
        "data": ""
      },
      {
        "src": "169.254.128.1",
        "dst": "169.254.128.153",
        "type": 3,
        "data": ""
      },
      {
        "src": "169.254.128.1",
        "dst": "169.254.128.153",
        "type": 3,
        "data": ""
      },
      {
        "src": "169.254.128.1",
        "dst": "169.254.128.153",
        "type": 3,
        "data": ""
      },
      {
        "src": "169.254.128.1",
        "dst": "169.254.128.153",
        "type": 3,
        "data": ""
      },
      {
        "src": "169.254.128.1",
        "dst": "169.254.128.153",
        "type": 3,
        "data": ""
      },
      {
        "src": "169.254.128.1",
        "dst": "169.254.128.153",
        "type": 3,
        "data": ""
      },
      {
        "src": "169.254.128.1",
        "dst": "169.254.128.153",
        "type": 3,
        "data": ""
      },
      {
        "src": "169.254.128.1",
        "dst": "169.254.128.153",
        "type": 3,
        "data": ""
      },
      {
        "src": "169.254.128.1",
        "dst": "169.254.128.153",
        "type": 3,
        "data": ""
      },
      {
        "src": "169.254.128.1",
        "dst": "169.254.128.153",
        "type": 3,
        "data": ""
      },
      {
        "src": "169.254.128.1",
        "dst": "169.254.128.153",
        "type": 3,
        "data": ""
      },
      {
        "src": "169.254.128.1",
        "dst": "169.254.128.153",
        "type": 3,
        "data": ""
      },
      {
        "src": "169.254.128.1",
        "dst": "169.254.128.153",
        "type": 3,
        "data": ""
      },
      {
        "src": "169.254.128.1",
        "dst": "169.254.128.153",
        "type": 3,
        "data": ""
      },
      {
        "src": "169.254.128.1",
        "dst": "169.254.128.153",
        "type": 3,
        "data": ""
      },
      {
        "src": "169.254.128.1",
        "dst": "169.254.128.153",
        "type": 3,
        "data": ""
      },
      {
        "src": "169.254.128.1",
        "dst": "169.254.128.153",
        "type": 3,
        "data": ""
      },
      {
        "src": "169.254.128.1",
        "dst": "169.254.128.153",
        "type": 3,
        "data": ""
      },
      {
        "src": "169.254.128.1",
        "dst": "169.254.128.153",
        "type": 3,
        "data": ""
      },
      {
        "src": "169.254.128.1",
        "dst": "169.254.128.153",
        "type": 3,
        "data": ""
      },
      {
        "src": "169.254.128.1",
        "dst": "169.254.128.153",
        "type": 3,
        "data": ""
      },
      {
        "src": "169.254.128.1",
        "dst": "169.254.128.153",
        "type": 3,
        "data": ""
      },
      {
        "src": "169.254.128.1",
        "dst": "169.254.128.153",
        "type": 3,
        "data": ""
      },
      {
        "src": "169.254.128.1",
        "dst": "169.254.128.153",
        "type": 3,
        "data": ""
      },
      {
        "src": "169.254.128.1",
        "dst": "169.254.128.153",
        "type": 3,
        "data": ""
      },
      {
        "src": "169.254.128.1",
        "dst": "169.254.128.153",
        "type": 3,
        "data": ""
      },
      {
        "src": "169.254.128.1",
        "dst": "169.254.128.153",
        "type": 3,
        "data": ""
      },
      {
        "src": "169.254.128.1",
        "dst": "169.254.128.153",
        "type": 3,
        "data": ""
      },
      {
        "src": "169.254.128.1",
        "dst": "169.254.128.153",
        "type": 3,
        "data": ""
      },
      {
        "src": "169.254.128.1",
        "dst": "169.254.128.153",
        "type": 3,
        "data": ""
      },
      {
        "src": "169.254.128.1",
        "dst": "169.254.128.153",
        "type": 3,
        "data": ""
      },
      {
        "src": "169.254.128.1",
        "dst": "169.254.128.153",
        "type": 3,
        "data": ""
      },
      {
        "src": "169.254.128.1",
        "dst": "169.254.128.153",
        "type": 3,
        "data": ""
      },
      {
        "src": "169.254.128.1",
        "dst": "169.254.128.153",
        "type": 3,
        "data": ""
      },
      {
        "src": "169.254.128.1",
        "dst": "169.254.128.153",
        "type": 3,
        "data": ""
      },
      {
        "src": "169.254.128.1",
        "dst": "169.254.128.153",
        "type": 3,
        "data": ""
      },
      {
        "src": "169.254.128.1",
        "dst": "169.254.128.153",
        "type": 3,
        "data": ""
      },
      {
        "src": "169.254.128.1",
        "dst": "169.254.128.153",
        "type": 3,
        "data": ""
      },
      {
        "src": "169.254.128.1",
        "dst": "169.254.128.153",
        "type": 3,
        "data": ""
      },
      {
        "src": "169.254.128.1",
        "dst": "169.254.128.153",
        "type": 3,
        "data": ""
      },
      {
        "src": "169.254.128.1",
        "dst": "169.254.128.153",
        "type": 3,
        "data": ""
      },
      {
        "src": "169.254.128.1",
        "dst": "169.254.128.153",
        "type": 3,
        "data": ""
      },
      {
        "src": "169.254.128.1",
        "dst": "169.254.128.153",
        "type": 3,
        "data": ""
      },
      {
        "src": "169.254.128.1",
        "dst": "169.254.128.153",
        "type": 3,
        "data": ""
      },
      {
        "src": "169.254.128.1",
        "dst": "169.254.128.153",
        "type": 3,
        "data": ""
      },
      {
        "src": "169.254.128.1",
        "dst": "169.254.128.153",
        "type": 3,
        "data": ""
      },
      {
        "src": "169.254.128.1",
        "dst": "169.254.128.153",
        "type": 3,
        "data": ""
      },
      {
        "src": "169.254.128.1",
        "dst": "169.254.128.153",
        "type": 3,
        "data": ""
      },
      {
        "src": "169.254.128.1",
        "dst": "169.254.128.153",
        "type": 3,
        "data": ""
      },
      {
        "src": "169.254.128.1",
        "dst": "169.254.128.153",
        "type": 3,
        "data": ""
      },
      {
        "src": "169.254.128.1",
        "dst": "169.254.128.153",
        "type": 3,
        "data": ""
      },
      {
        "src": "169.254.128.1",
        "dst": "169.254.128.153",
        "type": 3,
        "data": ""
      },
      {
        "src": "169.254.128.1",
        "dst": "169.254.128.153",
        "type": 3,
        "data": ""
      },
      {
        "src": "169.254.128.1",
        "dst": "169.254.128.153",
        "type": 3,
        "data": ""
      },
      {
        "src": "169.254.128.1",
        "dst": "169.254.128.153",
        "type": 3,
        "data": ""
      },
      {
        "src": "169.254.128.1",
        "dst": "169.254.128.153",
        "type": 3,
        "data": ""
      }
    ],
    "http": [],
    "dns": [
      {
        "request": "settings-win.data.microsoft.com",
        "type": "A",
        "answers": [],
        "first_seen": 1763740820.606639
      },
      {
        "request": "maps.windows.com",
        "type": "A",
        "answers": [],
        "first_seen": 1763740823.222749
      },
      {
        "request": "slscr.update.microsoft.com",
        "type": "A",
        "answers": [],
        "first_seen": 1763740828.235628
      },
      {
        "request": "crl.microsoft.com",
        "type": "A",
        "answers": [],
        "first_seen": 1763740832.408279
      },
      {
        "request": "online_nat.online_nat",
        "type": "A",
        "answers": [],
        "first_seen": 1763740832.643951
      },
      {
        "request": "1.128.254.169.in-addr.arpa",
        "type": "PTR",
        "answers": [],
        "first_seen": 1763740833.689385
      },
      {
        "request": "online_nat.online_nat",
        "type": "PTR",
        "answers": [],
        "first_seen": 1763740845.747235
      },
      {
        "request": "www.microsoft.com",
        "type": "A",
        "answers": [],
        "first_seen": 1763740875.353704
      }
    ],
    "smtp": [],
    "irc": [],
    "dead_hosts": []
  },
  "sysmon": [
    {
      "@xmlns": "http://schemas.microsoft.com/win/2004/08/events/event",
      "System": {
        "Provider": {
          "@Name": "Microsoft-Windows-Sysmon",
          "@Guid": "{5770385f-c22a-43e0-bf4c-06f5698ffbd9}"
        },
        "EventID": "7",
        "Version": "3",
        "Level": "4",
        "Task": "7",
        "Opcode": "0",
        "Keywords": "0x8000000000000000",
        "TimeCreated": {
          "@SystemTime": "2025-11-21T16:01:34.2623024Z"
        },
        "EventRecordID": "1561",
        "Correlation": null,
        "Execution": {
          "@ProcessID": "3444",
          "@ThreadID": "7004"
        },
        "Channel": "Microsoft-Windows-Sysmon/Operational",
        "Computer": "DESKTOP-LG3F6GA",
        "Security": {
          "@UserID": "S-1-5-18"
        }
      },
      "EventData": {
        "Data": [
          {
            "@Name": "RuleName",
            "#text": "-"
          },
          {
            "@Name": "UtcTime",
            "#text": "2025-11-21 16:01:34.257"
          },
          {
            "@Name": "ProcessGuid",
            "#text": "{40316b85-3710-68ca-4500-000000006100}"
          },
          {
            "@Name": "ProcessId",
            "#text": "2924"
          },
          {
            "@Name": "Image",
            "#text": "C:\\Windows\\System32\\svchost.exe"
          },
          {
            "@Name": "ImageLoaded",
            "#text": "C:\\Windows\\System32\\msasn1.dll"
          },
          {
            "@Name": "FileVersion",
            "#text": "10.0.19041.546 (WinBuild.160101.0800)"
          },
          {
            "@Name": "Description",
            "#text": "ASN.1 Runtime APIs"
          },
          {
            "@Name": "Product",
            "#text": "Microsoft® Windows® Operating System"
          },
          {
            "@Name": "Company",
            "#text": "Microsoft Corporation"
          },
          {
            "@Name": "OriginalFileName",
            "#text": "msasn1.dll"
          },
          {
            "@Name": "Hashes",
            "#text": "SHA256=589F8393DEE90934AFD9E70739CAAC7CD8E85F6A9501635F0B9026E272B349FD"
          },
          {
            "@Name": "Signed",
            "#text": "true"
          },
          {
            "@Name": "Signature",
            "#text": "Microsoft Windows"
          },
          {
            "@Name": "SignatureStatus",
            "#text": "Valid"
          }
        ]
      }
    },
    {
      "@xmlns": "http://schemas.microsoft.com/win/2004/08/events/event",
      "System": {
        "Provider": {
          "@Name": "Microsoft-Windows-Sysmon",
          "@Guid": "{5770385f-c22a-43e0-bf4c-06f5698ffbd9}"
        },
        "EventID": "22",
        "Version": "5",
        "Level": "4",
        "Task": "22",
        "Opcode": "0",
        "Keywords": "0x8000000000000000",
        "TimeCreated": {
          "@SystemTime": "2025-11-21T16:01:19.1330351Z"
        },
        "EventRecordID": "1560",
        "Correlation": null,
        "Execution": {
          "@ProcessID": "3444",
          "@ThreadID": "732"
        },
        "Channel": "Microsoft-Windows-Sysmon/Operational",
        "Computer": "DESKTOP-LG3F6GA",
        "Security": {
          "@UserID": "S-1-5-18"
        }
      },
      "EventData": {
        "Data": [
          {
            "@Name": "RuleName",
            "#text": "-"
          },
          {
            "@Name": "UtcTime",
            "#text": "2025-11-21 16:01:17.117"
          },
          {
            "@Name": "ProcessGuid",
            "#text": "{40316b85-3710-68ca-3400-000000006100}"
          },
          {
            "@Name": "ProcessId",
            "#text": "2168"
          },
          {
            "@Name": "QueryName",
            "#text": "www.microsoft.com"
          },
          {
            "@Name": "QueryStatus",
            "#text": "1460"
          },
          {
            "@Name": "QueryResults",
            "#text": "-"
          },
          {
            "@Name": "Image",
            "#text": "C:\\Windows\\System32\\svchost.exe"
          }
        ]
      }
    },
    {
      "@xmlns": "http://schemas.microsoft.com/win/2004/08/events/event",
      "System": {
        "Provider": {
          "@Name": "Microsoft-Windows-Sysmon",
          "@Guid": "{5770385f-c22a-43e0-bf4c-06f5698ffbd9}"
        },
        "EventID": "13",
        "Version": "2",
        "Level": "4",
        "Task": "13",
        "Opcode": "0",
        "Keywords": "0x8000000000000000",
        "TimeCreated": {
          "@SystemTime": "2025-11-21T16:01:13.5570192Z"
        },
        "EventRecordID": "1559",
        "Correlation": null,
        "Execution": {
          "@ProcessID": "3444",
          "@ThreadID": "7004"
        },
        "Channel": "Microsoft-Windows-Sysmon/Operational",
        "Computer": "DESKTOP-LG3F6GA",
        "Security": {
          "@UserID": "S-1-5-18"
        }
      },
      "EventData": {
        "Data": [
          {
            "@Name": "RuleName",
            "#text": "-"
          },
          {
            "@Name": "EventType",
            "#text": "SetValue"
          },
          {
            "@Name": "UtcTime",
            "#text": "2025-11-21 16:01:13.554"
          },
          {
            "@Name": "ProcessGuid",
            "#text": "{40316b85-3718-68ca-7c00-000000006100}"
          },
          {
            "@Name": "ProcessId",
            "#text": "6012"
          },
          {
            "@Name": "Image",
            "#text": "C:\\WINDOWS\\system32\\SearchIndexer.exe"
          },
          {
            "@Name": "TargetObject",
            "#text": "HKLM\\SOFTWARE\\Microsoft\\Windows NT\\CurrentVersion\\Notifications\\Data\\418A073AA3BC1C75"
          },
          {
            "@Name": "Details",
            "#text": "Binary Data"
          }
        ]
      }
    },
    {
      "@xmlns": "http://schemas.microsoft.com/win/2004/08/events/event",
      "System": {
        "Provider": {
          "@Name": "Microsoft-Windows-Sysmon",
          "@Guid": "{5770385f-c22a-43e0-bf4c-06f5698ffbd9}"
        },
        "EventID": "11",
        "Version": "2",
        "Level": "4",
        "Task": "11",
        "Opcode": "0",
        "Keywords": "0x8000000000000000",
        "TimeCreated": {
          "@SystemTime": "2025-11-21T16:01:03.0568553Z"
        },
        "EventRecordID": "1558",
        "Correlation": null,
        "Execution": {
          "@ProcessID": "3444",
          "@ThreadID": "7004"
        },
        "Channel": "Microsoft-Windows-Sysmon/Operational",
        "Computer": "DESKTOP-LG3F6GA",
        "Security": {
          "@UserID": "S-1-5-18"
        }
      },
      "EventData": {
        "Data": [
          {
            "@Name": "RuleName",
            "#text": "-"
          },
          {
            "@Name": "UtcTime",
            "#text": "2025-11-21 16:01:03.054"
          },
          {
            "@Name": "ProcessGuid",
            "#text": "{40316b85-370f-68ca-2700-000000006100}"
          },
          {
            "@Name": "ProcessId",
            "#text": "1700"
          },
          {
            "@Name": "Image",
            "#text": "C:\\WINDOWS\\system32\\svchost.exe"
          },
          {
            "@Name": "TargetFilename",
            "#text": "C:\\Windows\\Prefetch\\SEARCHFILTERHOST.EXE-77482212.pf"
          },
          {
            "@Name": "CreationUtcTime",
            "#text": "2021-05-11 13:17:44.977"
          }
        ]
      }
    },
    {
      "@xmlns": "http://schemas.microsoft.com/win/2004/08/events/event",
      "System": {
        "Provider": {
          "@Name": "Microsoft-Windows-Sysmon",
          "@Guid": "{5770385f-c22a-43e0-bf4c-06f5698ffbd9}"
        },
        "EventID": "5",
        "Version": "3",
        "Level": "4",
        "Task": "5",
        "Opcode": "0",
        "Keywords": "0x8000000000000000",
        "TimeCreated": {
          "@SystemTime": "2025-11-21T16:01:01.0598201Z"
        },
        "EventRecordID": "1557",
        "Correlation": null,
        "Execution": {
          "@ProcessID": "3444",
          "@ThreadID": "7004"
        },
        "Channel": "Microsoft-Windows-Sysmon/Operational",
        "Computer": "DESKTOP-LG3F6GA",
        "Security": {
          "@UserID": "S-1-5-18"
        }
      },
      "EventData": {
        "Data": [
          {
            "@Name": "RuleName",
            "#text": "-"
          },
          {
            "@Name": "UtcTime",
            "#text": "2025-11-21 16:01:01.054"
          },
          {
            "@Name": "ProcessGuid",
            "#text": "{40316b85-8c8a-6920-1e02-000000006100}"
          },
          {
            "@Name": "ProcessId",
            "#text": "272"
          },
          {
            "@Name": "Image",
            "#text": "C:\\Windows\\System32\\sppsvc.exe"
          }
        ]
      }
    },
    {
      "@xmlns": "http://schemas.microsoft.com/win/2004/08/events/event",
      "System": {
        "Provider": {
          "@Name": "Microsoft-Windows-Sysmon",
          "@Guid": "{5770385f-c22a-43e0-bf4c-06f5698ffbd9}"
        },
        "EventID": "5",
        "Version": "3",
        "Level": "4",
        "Task": "5",
        "Opcode": "0",
        "Keywords": "0x8000000000000000",
        "TimeCreated": {
          "@SystemTime": "2025-11-21T16:01:01.0512474Z"
        },
        "EventRecordID": "1556",
        "Correlation": null,
        "Execution": {
          "@ProcessID": "3444",
          "@ThreadID": "7004"
        },
        "Channel": "Microsoft-Windows-Sysmon/Operational",
        "Computer": "DESKTOP-LG3F6GA",
        "Security": {
          "@UserID": "S-1-5-18"
        }
      },
      "EventData": {
        "Data": [
          {
            "@Name": "RuleName",
            "#text": "-"
          },
          {
            "@Name": "UtcTime",
            "#text": "2025-11-21 16:01:01.038"
          },
          {
            "@Name": "ProcessGuid",
            "#text": "{40316b85-8c8b-6920-2d02-000000006100}"
          },
          {
            "@Name": "ProcessId",
            "#text": "6768"
          },
          {
            "@Name": "Image",
            "#text": "C:\\Windows\\System32\\SppExtComObj.Exe"
          }
        ]
      }
    },
    {
      "@xmlns": "http://schemas.microsoft.com/win/2004/08/events/event",
      "System": {
        "Provider": {
          "@Name": "Microsoft-Windows-Sysmon",
          "@Guid": "{5770385f-c22a-43e0-bf4c-06f5698ffbd9}"
        },
        "EventID": "13",
        "Version": "2",
        "Level": "4",
        "Task": "13",
        "Opcode": "0",
        "Keywords": "0x8000000000000000",
        "TimeCreated": {
          "@SystemTime": "2025-11-21T16:01:01.0496128Z"
        },
        "EventRecordID": "1555",
        "Correlation": null,
        "Execution": {
          "@ProcessID": "3444",
          "@ThreadID": "7004"
        },
        "Channel": "Microsoft-Windows-Sysmon/Operational",
        "Computer": "DESKTOP-LG3F6GA",
        "Security": {
          "@UserID": "S-1-5-18"
        }
      },
      "EventData": {
        "Data": [
          {
            "@Name": "RuleName",
            "#text": "-"
          },
          {
            "@Name": "EventType",
            "#text": "SetValue"
          },
          {
            "@Name": "UtcTime",
            "#text": "2025-11-21 16:01:01.038"
          },
          {
            "@Name": "ProcessGuid",
            "#text": "{40316b85-8c8a-6920-1e02-000000006100}"
          },
          {
            "@Name": "ProcessId",
            "#text": "272"
          },
          {
            "@Name": "Image",
            "#text": "C:\\WINDOWS\\system32\\sppsvc.exe"
          },
          {
            "@Name": "TargetObject",
            "#text": "HKLM\\SOFTWARE\\Microsoft\\Windows NT\\CurrentVersion\\Notifications\\Data\\418A073AA3BC1C75"
          },
          {
            "@Name": "Details",
            "#text": "Binary Data"
          }
        ]
      }
    },
    {
      "@xmlns": "http://schemas.microsoft.com/win/2004/08/events/event",
      "System": {
        "Provider": {
          "@Name": "Microsoft-Windows-Sysmon",
          "@Guid": "{5770385f-c22a-43e0-bf4c-06f5698ffbd9}"
        },
        "EventID": "11",
        "Version": "2",
        "Level": "4",
        "Task": "11",
        "Opcode": "0",
        "Keywords": "0x8000000000000000",
        "TimeCreated": {
          "@SystemTime": "2025-11-21T16:01:00.2011609Z"
        },
        "EventRecordID": "1554",
        "Correlation": null,
        "Execution": {
          "@ProcessID": "3444",
          "@ThreadID": "7004"
        },
        "Channel": "Microsoft-Windows-Sysmon/Operational",
        "Computer": "DESKTOP-LG3F6GA",
        "Security": {
          "@UserID": "S-1-5-18"
        }
      },
      "EventData": {
        "Data": [
          {
            "@Name": "RuleName",
            "#text": "-"
          },
          {
            "@Name": "UtcTime",
            "#text": "2025-11-21 16:01:00.195"
          },
          {
            "@Name": "ProcessGuid",
            "#text": "{40316b85-8c8a-6920-1e02-000000006100}"
          },
          {
            "@Name": "ProcessId",
            "#text": "272"
          },
          {
            "@Name": "Image",
            "#text": "C:\\WINDOWS\\system32\\sppsvc.exe"
          },
          {
            "@Name": "TargetFilename",
            "#text": "C:\\Windows\\System32\\spp\\store\\2.0\\cache\\cache.dat"
          },
          {
            "@Name": "CreationUtcTime",
            "#text": "2020-11-19 07:41:01.926"
          }
        ]
      }
    },
    {
      "@xmlns": "http://schemas.microsoft.com/win/2004/08/events/event",
      "System": {
        "Provider": {
          "@Name": "Microsoft-Windows-Sysmon",
          "@Guid": "{5770385f-c22a-43e0-bf4c-06f5698ffbd9}"
        },
        "EventID": "5",
        "Version": "3",
        "Level": "4",
        "Task": "5",
        "Opcode": "0",
        "Keywords": "0x8000000000000000",
        "TimeCreated": {
          "@SystemTime": "2025-11-21T16:00:52.9899029Z"
        },
        "EventRecordID": "1553",
        "Correlation": null,
        "Execution": {
          "@ProcessID": "3444",
          "@ThreadID": "7004"
        },
        "Channel": "Microsoft-Windows-Sysmon/Operational",
        "Computer": "DESKTOP-LG3F6GA",
        "Security": {
          "@UserID": "S-1-5-18"
        }
      },
      "EventData": {
        "Data": [
          {
            "@Name": "RuleName",
            "#text": "-"
          },
          {
            "@Name": "UtcTime",
            "#text": "2025-11-21 16:00:52.976"
          },
          {
            "@Name": "ProcessGuid",
            "#text": "{40316b85-3986-68ca-fa00-000000006100}"
          },
          {
            "@Name": "ProcessId",
            "#text": "4520"
          },
          {
            "@Name": "Image",
            "#text": "C:\\Windows\\System32\\SearchFilterHost.exe"
          }
        ]
      }
    },
    {
      "@xmlns": "http://schemas.microsoft.com/win/2004/08/events/event",
      "System": {
        "Provider": {
          "@Name": "Microsoft-Windows-Sysmon",
          "@Guid": "{5770385f-c22a-43e0-bf4c-06f5698ffbd9}"
        },
        "EventID": "22",
        "Version": "5",
        "Level": "4",
        "Task": "22",
        "Opcode": "0",
        "Keywords": "0x8000000000000000",
        "TimeCreated": {
          "@SystemTime": "2025-11-21T16:00:48.6956981Z"
        },
        "EventRecordID": "1552",
        "Correlation": null,
        "Execution": {
          "@ProcessID": "3444",
          "@ThreadID": "732"
        },
        "Channel": "Microsoft-Windows-Sysmon/Operational",
        "Computer": "DESKTOP-LG3F6GA",
        "Security": {
          "@UserID": "S-1-5-18"
        }
      },
      "EventData": {
        "Data": [
          {
            "@Name": "RuleName",
            "#text": "-"
          },
          {
            "@Name": "UtcTime",
            "#text": "2025-11-21 16:00:46.648"
          },
          {
            "@Name": "ProcessGuid",
            "#text": "{40316b85-3710-68ca-3400-000000006100}"
          },
          {
            "@Name": "ProcessId",
            "#text": "2168"
          },
          {
            "@Name": "QueryName",
            "#text": "crl.microsoft.com"
          },
          {
            "@Name": "QueryStatus",
            "#text": "1460"
          },
          {
            "@Name": "QueryResults",
            "#text": "-"
          },
          {
            "@Name": "Image",
            "#text": "C:\\Windows\\System32\\svchost.exe"
          }
        ]
      }
    },
    {
      "@xmlns": "http://schemas.microsoft.com/win/2004/08/events/event",
      "System": {
        "Provider": {
          "@Name": "Microsoft-Windows-Sysmon",
          "@Guid": "{5770385f-c22a-43e0-bf4c-06f5698ffbd9}"
        },
        "EventID": "13",
        "Version": "2",
        "Level": "4",
        "Task": "13",
        "Opcode": "0",
        "Keywords": "0x8000000000000000",
        "TimeCreated": {
          "@SystemTime": "2025-11-21T16:00:42.3217631Z"
        },
        "EventRecordID": "1551",
        "Correlation": null,
        "Execution": {
          "@ProcessID": "3444",
          "@ThreadID": "7004"
        },
        "Channel": "Microsoft-Windows-Sysmon/Operational",
        "Computer": "DESKTOP-LG3F6GA",
        "Security": {
          "@UserID": "S-1-5-18"
        }
      },
      "EventData": {
        "Data": [
          {
            "@Name": "RuleName",
            "#text": "-"
          },
          {
            "@Name": "EventType",
            "#text": "SetValue"
          },
          {
            "@Name": "UtcTime",
            "#text": "2025-11-21 16:00:42.320"
          },
          {
            "@Name": "ProcessGuid",
            "#text": "{40316b85-3716-68ca-7500-000000006100}"
          },
          {
            "@Name": "ProcessId",
            "#text": "5268"
          },
          {
            "@Name": "Image",
            "#text": "C:\\WINDOWS\\Explorer.EXE"
          },
          {
            "@Name": "TargetObject",
            "#text": "HKU\\S-1-5-21-3171250481-3681422803-404499418-1001\\SOFTWARE\\Microsoft\\Windows\\CurrentVersion\\Security and Maintenance\\Checks\\{DE7B24EA-73C8-4A09-985D-5BDADCFA9017}.check.800\\CheckSetting"
          },
          {
            "@Name": "Details",
            "#text": "Binary Data"
          }
        ]
      }
    },
