    {
      "@xmlns": "http://schemas.microsoft.com/win/2004/08/events/event",
      "System": {
        "Provider": {
          "@Name": "Microsoft-Windows-Sysmon",
          "@Guid": "{5770385f-c22a-43e0-bf4c-06f5698ffbd9}"
        },
        "EventID": "1",
        "Version": "5",
        "Level": "4",
        "Task": "1",
        "Opcode": "0",
        "Keywords": "0x8000000000000000",
        "TimeCreated": {
          "@SystemTime": "2025-11-21T16:00:40.5458683Z"
        },
        "EventRecordID": "1520",
        "Correlation": null,
        "Execution": {
          "@ProcessID": "3444",
          "@ThreadID": "7004"
        },
        "Channel": "Microsoft-Windows-Sysmon/Operational",
        "Computer": "DESKTOP-LG3F6GA",
        "Security": {
          "@UserID": "S-1-5-18"
        }
      },
      "EventData": {
        "Data": [
          {
            "@Name": "RuleName",
            "#text": "-"
          },
          {
            "@Name": "UtcTime",
            "#text": "2025-11-21 16:00:40.545"
          },
          {
            "@Name": "ProcessGuid",
            "#text": "{40316b85-8ca8-6920-4103-000000006100}"
          },
          {
            "@Name": "ProcessId",
            "#text": "7316"
          },
          {
            "@Name": "Image",
            "#text": "C:\\Windows\\System32\\conhost.exe"
          },
          {
            "@Name": "FileVersion",
            "#text": "10.0.19041.546 (WinBuild.160101.0800)"
          },
          {
            "@Name": "Description",
            "#text": "Console Window Host"
          },
          {
            "@Name": "Product",
            "#text": "Microsoft® Windows® Operating System"
          },
          {
            "@Name": "Company",
            "#text": "Microsoft Corporation"
          },
          {
            "@Name": "OriginalFileName",
            "#text": "CONHOST.EXE"
          },
          {
            "@Name": "CommandLine",
            "#text": "\\??\\C:\\WINDOWS\\system32\\conhost.exe 0xffffffff -ForceV1"
          },
          {
            "@Name": "CurrentDirectory",
            "#text": "C:\\WINDOWS"
          },
          {
            "@Name": "User",
            "#text": "DESKTOP-LG3F6GA\\buddy"
          },
          {
            "@Name": "LogonGuid",
            "#text": "{40316b85-3715-68ca-64cd-030000000000}"
          },
          {
            "@Name": "LogonId",
            "#text": "0x3cd64"
          },
          {
            "@Name": "TerminalSessionId",
            "#text": "1"
          },
          {
            "@Name": "IntegrityLevel",
            "#text": "High"
          },
          {
            "@Name": "Hashes",
            "#text": "SHA256=57B0CCD3AEBC6C7126E7C19F5DAC492DF51D904A505C5F5B0CB02270D53F8684"
          },
          {
            "@Name": "ParentProcessGuid",
            "#text": "{40316b85-8ca8-6920-4003-000000006100}"
          },
          {
            "@Name": "ParentProcessId",
            "#text": "1400"
          },
          {
            "@Name": "ParentImage",
            "#text": "C:\\Windows\\SysWOW64\\wevtutil.exe"
          },
          {
            "@Name": "ParentCommandLine",
            "#text": "wevtutil cl Windows PowerShell"
          }
        ]
      }
    },
    {
      "@xmlns": "http://schemas.microsoft.com/win/2004/08/events/event",
      "System": {
        "Provider": {
          "@Name": "Microsoft-Windows-Sysmon",
          "@Guid": "{5770385f-c22a-43e0-bf4c-06f5698ffbd9}"
        },
        "EventID": "5",
        "Version": "3",
        "Level": "4",
        "Task": "5",
        "Opcode": "0",
        "Keywords": "0x8000000000000000",
        "TimeCreated": {
          "@SystemTime": "2025-11-21T16:00:40.5231582Z"
        },
        "EventRecordID": "1519",
        "Correlation": null,
        "Execution": {
          "@ProcessID": "3444",
          "@ThreadID": "7004"
        },
        "Channel": "Microsoft-Windows-Sysmon/Operational",
        "Computer": "DESKTOP-LG3F6GA",
        "Security": {
          "@UserID": "S-1-5-18"
        }
      },
      "EventData": {
        "Data": [
          {
            "@Name": "RuleName",
            "#text": "-"
          },
          {
            "@Name": "UtcTime",
            "#text": "2025-11-21 16:00:40.507"
          },
          {
            "@Name": "ProcessGuid",
            "#text": "{40316b85-8ca8-6920-3d03-000000006100}"
          },
          {
            "@Name": "ProcessId",
            "#text": "7816"
          },
          {
            "@Name": "Image",
            "#text": "C:\\Windows\\SysWOW64\\wevtutil.exe"
          }
        ]
      }
    },
    {
      "@xmlns": "http://schemas.microsoft.com/win/2004/08/events/event",
      "System": {
        "Provider": {
          "@Name": "Microsoft-Windows-Sysmon",
          "@Guid": "{5770385f-c22a-43e0-bf4c-06f5698ffbd9}"
        },
        "EventID": "9",
        "Version": "2",
        "Level": "4",
        "Task": "9",
        "Opcode": "0",
        "Keywords": "0x8000000000000000",
        "TimeCreated": {
          "@SystemTime": "2025-11-21T16:00:40.3722342Z"
        },
        "EventRecordID": "1518",
        "Correlation": null,
        "Execution": {
          "@ProcessID": "3444",
          "@ThreadID": "7004"
        },
        "Channel": "Microsoft-Windows-Sysmon/Operational",
        "Computer": "DESKTOP-LG3F6GA",
        "Security": {
          "@UserID": "S-1-5-18"
        }
      },
      "EventData": {
        "Data": [
          {
            "@Name": "RuleName",
            "#text": "-"
          },
          {
            "@Name": "UtcTime",
            "#text": "2025-11-21 16:00:40.367"
          },
          {
            "@Name": "ProcessGuid",
            "#text": "{40316b85-370b-68ca-eb03-000000000000}"
          },
          {
            "@Name": "ProcessId",
            "#text": "4"
          },
          {
            "@Name": "Image",
            "#text": "System"
          },
          {
            "@Name": "Device",
            "#text": "\\Device\\HarddiskVolume1"
          }
        ]
      }
    },
    {
      "@xmlns": "http://schemas.microsoft.com/win/2004/08/events/event",
      "System": {
        "Provider": {
          "@Name": "Microsoft-Windows-Sysmon",
          "@Guid": "{5770385f-c22a-43e0-bf4c-06f5698ffbd9}"
        },
        "EventID": "18",
        "Version": "1",
        "Level": "4",
        "Task": "18",
        "Opcode": "0",
        "Keywords": "0x8000000000000000",
        "TimeCreated": {
          "@SystemTime": "2025-11-21T16:00:40.3318659Z"
        },
        "EventRecordID": "1517",
        "Correlation": null,
        "Execution": {
          "@ProcessID": "3444",
          "@ThreadID": "7004"
        },
        "Channel": "Microsoft-Windows-Sysmon/Operational",
        "Computer": "DESKTOP-LG3F6GA",
        "Security": {
          "@UserID": "S-1-5-18"
        }
      },
      "EventData": {
        "Data": [
          {
            "@Name": "RuleName",
            "#text": "-"
          },
          {
            "@Name": "EventType",
            "#text": "ConnectPipe"
          },
          {
            "@Name": "UtcTime",
            "#text": "2025-11-21 16:00:40.320"
          },
          {
            "@Name": "ProcessGuid",
            "#text": "{40316b85-8ca8-6920-3c03-000000006100}"
          },
          {
            "@Name": "ProcessId",
            "#text": "7740"
          },
          {
            "@Name": "PipeName",
            "#text": "<Anonymous Pipe>"
          },
          {
            "@Name": "Image",
            "#text": "C:\\Windows\\Microsoft.NET\\Framework64\\v4.0.30319\\ngen.exe"
          }
        ]
      }
    },
    {
      "@xmlns": "http://schemas.microsoft.com/win/2004/08/events/event",
      "System": {
        "Provider": {
          "@Name": "Microsoft-Windows-Sysmon",
          "@Guid": "{5770385f-c22a-43e0-bf4c-06f5698ffbd9}"
        },
        "EventID": "17",
        "Version": "1",
        "Level": "4",
        "Task": "17",
        "Opcode": "0",
        "Keywords": "0x8000000000000000",
        "TimeCreated": {
          "@SystemTime": "2025-11-21T16:00:40.3318412Z"
        },
        "EventRecordID": "1516",
        "Correlation": null,
        "Execution": {
          "@ProcessID": "3444",
          "@ThreadID": "7004"
        },
        "Channel": "Microsoft-Windows-Sysmon/Operational",
        "Computer": "DESKTOP-LG3F6GA",
        "Security": {
          "@UserID": "S-1-5-18"
        }
      },
      "EventData": {
        "Data": [
          {
            "@Name": "RuleName",
            "#text": "-"
          },
          {
            "@Name": "EventType",
            "#text": "CreatePipe"
          },
          {
            "@Name": "UtcTime",
            "#text": "2025-11-21 16:00:40.320"
          },
          {
            "@Name": "ProcessGuid",
            "#text": "{40316b85-8ca8-6920-3c03-000000006100}"
          },
          {
            "@Name": "ProcessId",
            "#text": "7740"
          },
          {
            "@Name": "PipeName",
            "#text": "<Anonymous Pipe>"
          },
          {
            "@Name": "Image",
            "#text": "C:\\Windows\\Microsoft.NET\\Framework64\\v4.0.30319\\ngen.exe"
          }
        ]
      }
    },
    {
      "@xmlns": "http://schemas.microsoft.com/win/2004/08/events/event",
      "System": {
        "Provider": {
          "@Name": "Microsoft-Windows-Sysmon",
          "@Guid": "{5770385f-c22a-43e0-bf4c-06f5698ffbd9}"
        },
        "EventID": "11",
        "Version": "2",
        "Level": "4",
        "Task": "11",
        "Opcode": "0",
        "Keywords": "0x8000000000000000",
        "TimeCreated": {
          "@SystemTime": "2025-11-21T16:00:40.3313130Z"
        },
        "EventRecordID": "1515",
        "Correlation": null,
        "Execution": {
          "@ProcessID": "3444",
          "@ThreadID": "7004"
        },
        "Channel": "Microsoft-Windows-Sysmon/Operational",
        "Computer": "DESKTOP-LG3F6GA",
        "Security": {
          "@UserID": "S-1-5-18"
        }
      },
      "EventData": {
        "Data": [
          {
            "@Name": "RuleName",
            "#text": "-"
          },
          {
            "@Name": "UtcTime",
            "#text": "2025-11-21 16:00:40.320"
          },
          {
            "@Name": "ProcessGuid",
            "#text": "{40316b85-8ca8-6920-3c03-000000006100}"
          },
          {
            "@Name": "ProcessId",
            "#text": "7740"
          },
          {
            "@Name": "Image",
            "#text": "C:\\Windows\\Microsoft.NET\\Framework64\\v4.0.30319\\ngen.exe"
          },
          {
            "@Name": "TargetFilename",
            "#text": "C:\\Windows\\Microsoft.NET\\ngennicupdatelock.dat"
          },
          {
            "@Name": "CreationUtcTime",
            "#text": "2025-11-21 16:00:15.163"
          }
        ]
      }
    },
    {
      "@xmlns": "http://schemas.microsoft.com/win/2004/08/events/event",
      "System": {
        "Provider": {
          "@Name": "Microsoft-Windows-Sysmon",
          "@Guid": "{5770385f-c22a-43e0-bf4c-06f5698ffbd9}"
        },
        "EventID": "11",
        "Version": "2",
        "Level": "4",
        "Task": "11",
        "Opcode": "0",
        "Keywords": "0x8000000000000000",
        "TimeCreated": {
          "@SystemTime": "2025-11-21T16:00:40.3129048Z"
        },
        "EventRecordID": "1514",
        "Correlation": null,
        "Execution": {
          "@ProcessID": "3444",
          "@ThreadID": "7004"
        },
        "Channel": "Microsoft-Windows-Sysmon/Operational",
        "Computer": "DESKTOP-LG3F6GA",
        "Security": {
          "@UserID": "S-1-5-18"
        }
      },
      "EventData": {
        "Data": [
          {
            "@Name": "RuleName",
            "#text": "-"
          },
          {
            "@Name": "UtcTime",
            "#text": "2025-11-21 16:00:40.304"
          },
          {
            "@Name": "ProcessGuid",
            "#text": "{40316b85-8ca8-6920-3c03-000000006100}"
          },
          {
            "@Name": "ProcessId",
            "#text": "7740"
          },
          {
            "@Name": "Image",
            "#text": "C:\\Windows\\Microsoft.NET\\Framework64\\v4.0.30319\\ngen.exe"
          },
          {
            "@Name": "TargetFilename",
            "#text": "C:\\Windows\\Microsoft.NET\\Framework64\\v4.0.30319\\ngenrootstorelock.dat"
          },
          {
            "@Name": "CreationUtcTime",
            "#text": "2025-11-21 16:00:15.148"
          }
        ]
      }
    },
    {
      "@xmlns": "http://schemas.microsoft.com/win/2004/08/events/event",
      "System": {
        "Provider": {
          "@Name": "Microsoft-Windows-Sysmon",
          "@Guid": "{5770385f-c22a-43e0-bf4c-06f5698ffbd9}"
        },
        "EventID": "1",
        "Version": "5",
        "Level": "4",
        "Task": "1",
        "Opcode": "0",
        "Keywords": "0x8000000000000000",
        "TimeCreated": {
          "@SystemTime": "2025-11-21T16:00:40.2707302Z"
        },
        "EventRecordID": "1513",
        "Correlation": null,
        "Execution": {
          "@ProcessID": "3444",
          "@ThreadID": "7004"
        },
        "Channel": "Microsoft-Windows-Sysmon/Operational",
        "Computer": "DESKTOP-LG3F6GA",
        "Security": {
          "@UserID": "S-1-5-18"
        }
      },
      "EventData": {
        "Data": [
          {
            "@Name": "RuleName",
            "#text": "-"
          },
          {
            "@Name": "UtcTime",
            "#text": "2025-11-21 16:00:40.270"
          },
          {
            "@Name": "ProcessGuid",
            "#text": "{40316b85-8ca8-6920-3e03-000000006100}"
          },
          {
            "@Name": "ProcessId",
            "#text": "7796"
          },
          {
            "@Name": "Image",
            "#text": "C:\\Windows\\System32\\conhost.exe"
          },
          {
            "@Name": "FileVersion",
            "#text": "10.0.19041.546 (WinBuild.160101.0800)"
          },
          {
            "@Name": "Description",
            "#text": "Console Window Host"
          },
          {
            "@Name": "Product",
            "#text": "Microsoft® Windows® Operating System"
          },
          {
            "@Name": "Company",
            "#text": "Microsoft Corporation"
          },
          {
            "@Name": "OriginalFileName",
            "#text": "CONHOST.EXE"
          },
          {
            "@Name": "CommandLine",
            "#text": "\\??\\C:\\WINDOWS\\system32\\conhost.exe 0xffffffff -ForceV1"
          },
          {
            "@Name": "CurrentDirectory",
            "#text": "C:\\WINDOWS"
          },
          {
            "@Name": "User",
            "#text": "DESKTOP-LG3F6GA\\buddy"
          },
          {
            "@Name": "LogonGuid",
            "#text": "{40316b85-3715-68ca-64cd-030000000000}"
          },
          {
            "@Name": "LogonId",
            "#text": "0x3cd64"
          },
          {
            "@Name": "TerminalSessionId",
            "#text": "1"
          },
          {
            "@Name": "IntegrityLevel",
            "#text": "High"
          },
          {
            "@Name": "Hashes",
            "#text": "SHA256=57B0CCD3AEBC6C7126E7C19F5DAC492DF51D904A505C5F5B0CB02270D53F8684"
          },
          {
            "@Name": "ParentProcessGuid",
            "#text": "{40316b85-8ca8-6920-3d03-000000006100}"
          },
          {
            "@Name": "ParentProcessId",
            "#text": "7816"
          },
          {
            "@Name": "ParentImage",
            "#text": "C:\\Windows\\SysWOW64\\wevtutil.exe"
          },
          {
            "@Name": "ParentCommandLine",
            "#text": "wevtutil cl System"
          }
        ]
      }
    },
    {
      "@xmlns": "http://schemas.microsoft.com/win/2004/08/events/event",
      "System": {
        "Provider": {
          "@Name": "Microsoft-Windows-Sysmon",
          "@Guid": "{5770385f-c22a-43e0-bf4c-06f5698ffbd9}"
        },
        "EventID": "5",
        "Version": "3",
        "Level": "4",
        "Task": "5",
        "Opcode": "0",
        "Keywords": "0x8000000000000000",
        "TimeCreated": {
          "@SystemTime": "2025-11-21T16:00:40.2195611Z"
        },
        "EventRecordID": "1512",
        "Correlation": null,
        "Execution": {
          "@ProcessID": "3444",
          "@ThreadID": "7004"
        },
        "Channel": "Microsoft-Windows-Sysmon/Operational",
        "Computer": "DESKTOP-LG3F6GA",
        "Security": {
          "@UserID": "S-1-5-18"
        }
      },
      "EventData": {
        "Data": [
          {
            "@Name": "RuleName",
            "#text": "-"
          },
          {
            "@Name": "UtcTime",
            "#text": "2025-11-21 16:00:40.210"
          },
          {
            "@Name": "ProcessGuid",
            "#text": "{40316b85-8ca8-6920-3a03-000000006100}"
          },
          {
            "@Name": "ProcessId",
            "#text": "4544"
          },
          {
            "@Name": "Image",
            "#text": "C:\\Windows\\SysWOW64\\wevtutil.exe"
          }
        ]
      }
    },
    {
      "@xmlns": "http://schemas.microsoft.com/win/2004/08/events/event",
      "System": {
        "Provider": {
          "@Name": "Microsoft-Windows-Sysmon",
          "@Guid": "{5770385f-c22a-43e0-bf4c-06f5698ffbd9}"
        },
        "EventID": "1",
        "Version": "5",
        "Level": "4",
        "Task": "1",
        "Opcode": "0",
        "Keywords": "0x8000000000000000",
        "TimeCreated": {
          "@SystemTime": "2025-11-21T16:00:40.0838766Z"
        },
        "EventRecordID": "1511",
        "Correlation": null,
        "Execution": {
          "@ProcessID": "3444",
          "@ThreadID": "7004"
        },
        "Channel": "Microsoft-Windows-Sysmon/Operational",
        "Computer": "DESKTOP-LG3F6GA",
        "Security": {
          "@UserID": "S-1-5-18"
        }
      },
      "EventData": {
        "Data": [
          {
            "@Name": "RuleName",
            "#text": "-"
          },
          {
            "@Name": "UtcTime",
            "#text": "2025-11-21 16:00:40.083"
          },
          {
            "@Name": "ProcessGuid",
            "#text": "{40316b85-8ca8-6920-3b03-000000006100}"
          },
          {
            "@Name": "ProcessId",
            "#text": "7748"
          },
          {
            "@Name": "Image",
            "#text": "C:\\Windows\\System32\\conhost.exe"
          },
          {
            "@Name": "FileVersion",
            "#text": "10.0.19041.546 (WinBuild.160101.0800)"
          },
          {
            "@Name": "Description",
            "#text": "Console Window Host"
          },
          {
            "@Name": "Product",
            "#text": "Microsoft® Windows® Operating System"
          },
          {
            "@Name": "Company",
            "#text": "Microsoft Corporation"
          },
          {
            "@Name": "OriginalFileName",
            "#text": "CONHOST.EXE"
          },
          {
            "@Name": "CommandLine",
            "#text": "\\??\\C:\\WINDOWS\\system32\\conhost.exe 0xffffffff -ForceV1"
          },
          {
            "@Name": "CurrentDirectory",
            "#text": "C:\\WINDOWS"
          },
          {
            "@Name": "User",
            "#text": "DESKTOP-LG3F6GA\\buddy"
          },
          {
            "@Name": "LogonGuid",
            "#text": "{40316b85-3715-68ca-64cd-030000000000}"
          },
          {
            "@Name": "LogonId",
            "#text": "0x3cd64"
          },
          {
            "@Name": "TerminalSessionId",
            "#text": "1"
          },
          {
            "@Name": "IntegrityLevel",
            "#text": "High"
          },
          {
            "@Name": "Hashes",
            "#text": "SHA256=57B0CCD3AEBC6C7126E7C19F5DAC492DF51D904A505C5F5B0CB02270D53F8684"
          },
          {
            "@Name": "ParentProcessGuid",
            "#text": "{40316b85-8ca8-6920-3a03-000000006100}"
          },
          {
            "@Name": "ParentProcessId",
            "#text": "4544"
          },
          {
            "@Name": "ParentImage",
            "#text": "C:\\Windows\\SysWOW64\\wevtutil.exe"
          },
          {
            "@Name": "ParentCommandLine",
            "#text": "wevtutil cl Setup"
          }
        ]
      }
    },
    {
      "@xmlns": "http://schemas.microsoft.com/win/2004/08/events/event",
      "System": {
        "Provider": {
          "@Name": "Microsoft-Windows-Sysmon",
          "@Guid": "{5770385f-c22a-43e0-bf4c-06f5698ffbd9}"
        },
        "EventID": "5",
        "Version": "3",
        "Level": "4",
        "Task": "5",
        "Opcode": "0",
        "Keywords": "0x8000000000000000",
        "TimeCreated": {
          "@SystemTime": "2025-11-21T16:00:40.0685524Z"
        },
        "EventRecordID": "1510",
        "Correlation": null,
        "Execution": {
          "@ProcessID": "3444",
          "@ThreadID": "7004"
        },
        "Channel": "Microsoft-Windows-Sysmon/Operational",
        "Computer": "DESKTOP-LG3F6GA",
        "Security": {
          "@UserID": "S-1-5-18"
        }
      },
      "EventData": {
        "Data": [
          {
            "@Name": "RuleName",
            "#text": "-"
          },
          {
            "@Name": "UtcTime",
            "#text": "2025-11-21 16:00:40.054"
          },
          {
            "@Name": "ProcessGuid",
            "#text": "{40316b85-8ca7-6920-3903-000000006100}"
          },
          {
            "@Name": "ProcessId",
            "#text": "7592"
          },
          {
            "@Name": "Image",
            "#text": "C:\\Windows\\Microsoft.NET\\Framework64\\v4.0.30319\\ngen.exe"
          }
        ]
      }
    },
    {
      "@xmlns": "http://schemas.microsoft.com/win/2004/08/events/event",
      "System": {
        "Provider": {
          "@Name": "Microsoft-Windows-Sysmon",
          "@Guid": "{5770385f-c22a-43e0-bf4c-06f5698ffbd9}"
        },
        "EventID": "11",
        "Version": "2",
        "Level": "4",
        "Task": "11",
        "Opcode": "0",
        "Keywords": "0x8000000000000000",
        "TimeCreated": {
          "@SystemTime": "2025-11-21T16:00:40.0618594Z"
        },
        "EventRecordID": "1509",
        "Correlation": null,
        "Execution": {
          "@ProcessID": "3444",
          "@ThreadID": "7004"
        },
        "Channel": "Microsoft-Windows-Sysmon/Operational",
        "Computer": "DESKTOP-LG3F6GA",
        "Security": {
          "@UserID": "S-1-5-18"
        }
      },
      "EventData": {
        "Data": [
          {
            "@Name": "RuleName",
            "#text": "-"
          },
          {
            "@Name": "UtcTime",
            "#text": "2025-11-21 16:00:40.054"
          },
          {
            "@Name": "ProcessGuid",
            "#text": "{40316b85-8ca7-6920-3903-000000006100}"
          },
          {
            "@Name": "ProcessId",
            "#text": "7592"
          },
          {
            "@Name": "Image",
            "#text": "C:\\Windows\\Microsoft.NET\\Framework64\\v4.0.30319\\ngen.exe"
          },
          {
            "@Name": "TargetFilename",
            "#text": "C:\\Windows\\Microsoft.NET\\ngennicupdatelock.dat"
          },
          {
            "@Name": "CreationUtcTime",
            "#text": "2025-11-21 16:00:15.163"
          }
        ]
      }
    },
    {
      "@xmlns": "http://schemas.microsoft.com/win/2004/08/events/event",
      "System": {
        "Provider": {
          "@Name": "Microsoft-Windows-Sysmon",
          "@Guid": "{5770385f-c22a-43e0-bf4c-06f5698ffbd9}"
        },
        "EventID": "5",
        "Version": "3",
        "Level": "4",
        "Task": "5",
        "Opcode": "0",
        "Keywords": "0x8000000000000000",
        "TimeCreated": {
          "@SystemTime": "2025-11-21T16:00:40.0604078Z"
        },
        "EventRecordID": "1508",
        "Correlation": null,
        "Execution": {
          "@ProcessID": "3444",
          "@ThreadID": "7004"
        },
        "Channel": "Microsoft-Windows-Sysmon/Operational",
        "Computer": "DESKTOP-LG3F6GA",
        "Security": {
          "@UserID": "S-1-5-18"
        }
      },
      "EventData": {
        "Data": [
          {
            "@Name": "RuleName",
            "#text": "-"
          },
          {
            "@Name": "UtcTime",
            "#text": "2025-11-21 16:00:40.054"
          },
          {
            "@Name": "ProcessGuid",
            "#text": "{40316b85-8ca7-6920-3703-000000006100}"
          },
          {
            "@Name": "ProcessId",
            "#text": "2664"
          },
          {
            "@Name": "Image",
            "#text": "C:\\Windows\\SysWOW64\\wevtutil.exe"
          }
        ]
      }
    },
    {
      "@xmlns": "http://schemas.microsoft.com/win/2004/08/events/event",
      "System": {
        "Provider": {
          "@Name": "Microsoft-Windows-Sysmon",
          "@Guid": "{5770385f-c22a-43e0-bf4c-06f5698ffbd9}"
        },
        "EventID": "11",
        "Version": "2",
        "Level": "4",
        "Task": "11",
        "Opcode": "0",
        "Keywords": "0x8000000000000000",
        "TimeCreated": {
          "@SystemTime": "2025-11-21T16:00:40.0200875Z"
        },
        "EventRecordID": "1507",
        "Correlation": null,
        "Execution": {
          "@ProcessID": "3444",
          "@ThreadID": "7004"
        },
        "Channel": "Microsoft-Windows-Sysmon/Operational",
        "Computer": "DESKTOP-LG3F6GA",
        "Security": {
          "@UserID": "S-1-5-18"
        }
      },
      "EventData": {
        "Data": [
          {
            "@Name": "RuleName",
            "#text": "-"
          },
          {
            "@Name": "UtcTime",
            "#text": "2025-11-21 16:00:40.007"
          },
          {
            "@Name": "ProcessGuid",
            "#text": "{40316b85-8ca7-6920-3903-000000006100}"
          },
          {
            "@Name": "ProcessId",
            "#text": "7592"
          },
          {
            "@Name": "Image",
            "#text": "C:\\Windows\\Microsoft.NET\\Framework64\\v4.0.30319\\ngen.exe"
          },
          {
            "@Name": "TargetFilename",
            "#text": "C:\\Windows\\Microsoft.NET\\Framework64\\v4.0.30319\\ngenrootstorelock.dat"
          },
          {
            "@Name": "CreationUtcTime",
            "#text": "2025-11-21 16:00:15.148"
          }
        ]
      }
    },
