    {
      "@xmlns": "http://schemas.microsoft.com/win/2004/08/events/event",
      "System": {
        "Provider": {
          "@Name": "Microsoft-Windows-Sysmon",
          "@Guid": "{5770385f-c22a-43e0-bf4c-06f5698ffbd9}"
        },
        "EventID": "12",
        "Version": "2",
        "Level": "4",
        "Task": "12",
        "Opcode": "0",
        "Keywords": "0x8000000000000000",
        "TimeCreated": {
          "@SystemTime": "2025-11-21T16:00:42.3217276Z"
        },
        "EventRecordID": "1550",
        "Correlation": null,
        "Execution": {
          "@ProcessID": "3444",
          "@ThreadID": "7004"
        },
        "Channel": "Microsoft-Windows-Sysmon/Operational",
        "Computer": "DESKTOP-LG3F6GA",
        "Security": {
          "@UserID": "S-1-5-18"
        }
      },
      "EventData": {
        "Data": [
          {
            "@Name": "RuleName",
            "#text": "-"
          },
          {
            "@Name": "EventType",
            "#text": "CreateKey"
          },
          {
            "@Name": "UtcTime",
            "#text": "2025-11-21 16:00:42.320"
          },
          {
            "@Name": "ProcessGuid",
            "#text": "{40316b85-3716-68ca-7500-000000006100}"
          },
          {
            "@Name": "ProcessId",
            "#text": "5268"
          },
          {
            "@Name": "Image",
            "#text": "C:\\WINDOWS\\Explorer.EXE"
          },
          {
            "@Name": "TargetObject",
            "#text": "HKU\\S-1-5-21-3171250481-3681422803-404499418-1001\\SOFTWARE\\Microsoft\\Windows\\CurrentVersion\\Security and Maintenance\\Checks\\{DE7B24EA-73C8-4A09-985D-5BDADCFA9017}.check.800"
          }
        ]
      }
    },
    {
      "@xmlns": "http://schemas.microsoft.com/win/2004/08/events/event",
      "System": {
        "Provider": {
          "@Name": "Microsoft-Windows-Sysmon",
          "@Guid": "{5770385f-c22a-43e0-bf4c-06f5698ffbd9}"
        },
        "EventID": "11",
        "Version": "2",
        "Level": "4",
        "Task": "11",
        "Opcode": "0",
        "Keywords": "0x8000000000000000",
        "TimeCreated": {
          "@SystemTime": "2025-11-21T16:00:41.3365706Z"
        },
        "EventRecordID": "1549",
        "Correlation": null,
        "Execution": {
          "@ProcessID": "3444",
          "@ThreadID": "7004"
        },
        "Channel": "Microsoft-Windows-Sysmon/Operational",
        "Computer": "DESKTOP-LG3F6GA",
        "Security": {
          "@UserID": "S-1-5-18"
        }
      },
      "EventData": {
        "Data": [
          {
            "@Name": "RuleName",
            "#text": "-"
          },
          {
            "@Name": "UtcTime",
            "#text": "2025-11-21 16:00:41.335"
          },
          {
            "@Name": "ProcessGuid",
            "#text": "{40316b85-8c8a-6920-0f02-000000006100}"
          },
          {
            "@Name": "ProcessId",
            "#text": "1312"
          },
          {
            "@Name": "Image",
            "#text": "C:\\WINDOWS\\system32\\taskhostw.exe"
          },
          {
            "@Name": "TargetFilename",
            "#text": "C:\\Windows\\System32\\config\\systemprofile\\AppData\\Local\\Microsoft\\CLR_v4.0\\UsageLogs\\taskhostw.exe.log"
          },
          {
            "@Name": "CreationUtcTime",
            "#text": "2021-05-11 13:23:14.468"
          }
        ]
      }
    },
    {
      "@xmlns": "http://schemas.microsoft.com/win/2004/08/events/event",
      "System": {
        "Provider": {
          "@Name": "Microsoft-Windows-Sysmon",
          "@Guid": "{5770385f-c22a-43e0-bf4c-06f5698ffbd9}"
        },
        "EventID": "5",
        "Version": "3",
        "Level": "4",
        "Task": "5",
        "Opcode": "0",
        "Keywords": "0x8000000000000000",
        "TimeCreated": {
          "@SystemTime": "2025-11-21T16:00:41.3225080Z"
        },
        "EventRecordID": "1548",
        "Correlation": null,
        "Execution": {
          "@ProcessID": "3444",
          "@ThreadID": "7004"
        },
        "Channel": "Microsoft-Windows-Sysmon/Operational",
        "Computer": "DESKTOP-LG3F6GA",
        "Security": {
          "@UserID": "S-1-5-18"
        }
      },
      "EventData": {
        "Data": [
          {
            "@Name": "RuleName",
            "#text": "-"
          },
          {
            "@Name": "UtcTime",
            "#text": "2025-11-21 16:00:41.320"
          },
          {
            "@Name": "ProcessGuid",
            "#text": "{40316b85-8c8d-6920-3c02-000000006100}"
          },
          {
            "@Name": "ProcessId",
            "#text": "4164"
          },
          {
            "@Name": "Image",
            "#text": "C:\\Windows\\Microsoft.NET\\Framework64\\v4.0.30319\\ngentask.exe"
          }
        ]
      }
    },
    {
      "@xmlns": "http://schemas.microsoft.com/win/2004/08/events/event",
      "System": {
        "Provider": {
          "@Name": "Microsoft-Windows-Sysmon",
          "@Guid": "{5770385f-c22a-43e0-bf4c-06f5698ffbd9}"
        },
        "EventID": "11",
        "Version": "2",
        "Level": "4",
        "Task": "11",
        "Opcode": "0",
        "Keywords": "0x8000000000000000",
        "TimeCreated": {
          "@SystemTime": "2025-11-21T16:00:41.3097090Z"
        },
        "EventRecordID": "1547",
        "Correlation": null,
        "Execution": {
          "@ProcessID": "3444",
          "@ThreadID": "7004"
        },
        "Channel": "Microsoft-Windows-Sysmon/Operational",
        "Computer": "DESKTOP-LG3F6GA",
        "Security": {
          "@UserID": "S-1-5-18"
        }
      },
      "EventData": {
        "Data": [
          {
            "@Name": "RuleName",
            "#text": "-"
          },
          {
            "@Name": "UtcTime",
            "#text": "2025-11-21 16:00:41.304"
          },
          {
            "@Name": "ProcessGuid",
            "#text": "{40316b85-8c8d-6920-3c02-000000006100}"
          },
          {
            "@Name": "ProcessId",
            "#text": "4164"
          },
          {
            "@Name": "Image",
            "#text": "C:\\Windows\\Microsoft.NET\\Framework64\\v4.0.30319\\NGenTask.exe"
          },
          {
            "@Name": "TargetFilename",
            "#text": "C:\\Windows\\System32\\config\\systemprofile\\AppData\\Local\\Microsoft\\CLR_v4.0\\UsageLogs\\NGenTask.exe.log"
          },
          {
            "@Name": "CreationUtcTime",
            "#text": "2021-05-11 13:23:13.655"
          }
        ]
      }
    },
    {
      "@xmlns": "http://schemas.microsoft.com/win/2004/08/events/event",
      "System": {
        "Provider": {
          "@Name": "Microsoft-Windows-Sysmon",
          "@Guid": "{5770385f-c22a-43e0-bf4c-06f5698ffbd9}"
        },
        "EventID": "5",
        "Version": "3",
        "Level": "4",
        "Task": "5",
        "Opcode": "0",
        "Keywords": "0x8000000000000000",
        "TimeCreated": {
          "@SystemTime": "2025-11-21T16:00:41.3030925Z"
        },
        "EventRecordID": "1546",
        "Correlation": null,
        "Execution": {
          "@ProcessID": "3444",
          "@ThreadID": "7004"
        },
        "Channel": "Microsoft-Windows-Sysmon/Operational",
        "Computer": "DESKTOP-LG3F6GA",
        "Security": {
          "@UserID": "S-1-5-18"
        }
      },
      "EventData": {
        "Data": [
          {
            "@Name": "RuleName",
            "#text": "-"
          },
          {
            "@Name": "UtcTime",
            "#text": "2025-11-21 16:00:41.288"
          },
          {
            "@Name": "ProcessGuid",
            "#text": "{40316b85-8ca9-6920-4a03-000000006100}"
          },
          {
            "@Name": "ProcessId",
            "#text": "1488"
          },
          {
            "@Name": "Image",
            "#text": "C:\\Windows\\Microsoft.NET\\Framework64\\v4.0.30319\\ngen.exe"
          }
        ]
      }
    },
    {
      "@xmlns": "http://schemas.microsoft.com/win/2004/08/events/event",
      "System": {
        "Provider": {
          "@Name": "Microsoft-Windows-Sysmon",
          "@Guid": "{5770385f-c22a-43e0-bf4c-06f5698ffbd9}"
        },
        "EventID": "5",
        "Version": "3",
        "Level": "4",
        "Task": "5",
        "Opcode": "0",
        "Keywords": "0x8000000000000000",
        "TimeCreated": {
          "@SystemTime": "2025-11-21T16:00:41.2955390Z"
        },
        "EventRecordID": "1545",
        "Correlation": null,
        "Execution": {
          "@ProcessID": "3444",
          "@ThreadID": "7004"
        },
        "Channel": "Microsoft-Windows-Sysmon/Operational",
        "Computer": "DESKTOP-LG3F6GA",
        "Security": {
          "@UserID": "S-1-5-18"
        }
      },
      "EventData": {
        "Data": [
          {
            "@Name": "RuleName",
            "#text": "-"
          },
          {
            "@Name": "UtcTime",
            "#text": "2025-11-21 16:00:41.288"
          },
          {
            "@Name": "ProcessGuid",
            "#text": "{40316b85-8ca9-6920-4903-000000006100}"
          },
          {
            "@Name": "ProcessId",
            "#text": "3124"
          },
          {
            "@Name": "Image",
            "#text": "C:\\Windows\\Microsoft.NET\\Framework64\\v4.0.30319\\ngen.exe"
          }
        ]
      }
    },
    {
      "@xmlns": "http://schemas.microsoft.com/win/2004/08/events/event",
      "System": {
        "Provider": {
          "@Name": "Microsoft-Windows-Sysmon",
          "@Guid": "{5770385f-c22a-43e0-bf4c-06f5698ffbd9}"
        },
        "EventID": "11",
        "Version": "2",
        "Level": "4",
        "Task": "11",
        "Opcode": "0",
        "Keywords": "0x8000000000000000",
        "TimeCreated": {
          "@SystemTime": "2025-11-21T16:00:41.2934743Z"
        },
        "EventRecordID": "1544",
        "Correlation": null,
        "Execution": {
          "@ProcessID": "3444",
          "@ThreadID": "7004"
        },
        "Channel": "Microsoft-Windows-Sysmon/Operational",
        "Computer": "DESKTOP-LG3F6GA",
        "Security": {
          "@UserID": "S-1-5-18"
        }
      },
      "EventData": {
        "Data": [
          {
            "@Name": "RuleName",
            "#text": "-"
          },
          {
            "@Name": "UtcTime",
            "#text": "2025-11-21 16:00:41.288"
          },
          {
            "@Name": "ProcessGuid",
            "#text": "{40316b85-8ca9-6920-4903-000000006100}"
          },
          {
            "@Name": "ProcessId",
            "#text": "3124"
          },
          {
            "@Name": "Image",
            "#text": "C:\\Windows\\Microsoft.NET\\Framework64\\v4.0.30319\\ngen.exe"
          },
          {
            "@Name": "TargetFilename",
            "#text": "C:\\Windows\\Microsoft.NET\\ngennicupdatelock.dat"
          },
          {
            "@Name": "CreationUtcTime",
            "#text": "2025-11-21 16:00:15.163"
          }
        ]
      }
    },
    {
      "@xmlns": "http://schemas.microsoft.com/win/2004/08/events/event",
      "System": {
        "Provider": {
          "@Name": "Microsoft-Windows-Sysmon",
          "@Guid": "{5770385f-c22a-43e0-bf4c-06f5698ffbd9}"
        },
        "EventID": "11",
        "Version": "2",
        "Level": "4",
        "Task": "11",
        "Opcode": "0",
        "Keywords": "0x8000000000000000",
        "TimeCreated": {
          "@SystemTime": "2025-11-21T16:00:41.2574186Z"
        },
        "EventRecordID": "1543",
        "Correlation": null,
        "Execution": {
          "@ProcessID": "3444",
          "@ThreadID": "7004"
        },
        "Channel": "Microsoft-Windows-Sysmon/Operational",
        "Computer": "DESKTOP-LG3F6GA",
        "Security": {
          "@UserID": "S-1-5-18"
        }
      },
      "EventData": {
        "Data": [
          {
            "@Name": "RuleName",
            "#text": "-"
          },
          {
            "@Name": "UtcTime",
            "#text": "2025-11-21 16:00:41.242"
          },
          {
            "@Name": "ProcessGuid",
            "#text": "{40316b85-8ca9-6920-4903-000000006100}"
          },
          {
            "@Name": "ProcessId",
            "#text": "3124"
          },
          {
            "@Name": "Image",
            "#text": "C:\\Windows\\Microsoft.NET\\Framework64\\v4.0.30319\\ngen.exe"
          },
          {
            "@Name": "TargetFilename",
            "#text": "C:\\Windows\\Microsoft.NET\\Framework64\\v4.0.30319\\ngenrootstorelock.dat"
          },
          {
            "@Name": "CreationUtcTime",
            "#text": "2025-11-21 16:00:15.148"
          }
        ]
      }
    },
    {
      "@xmlns": "http://schemas.microsoft.com/win/2004/08/events/event",
      "System": {
        "Provider": {
          "@Name": "Microsoft-Windows-Sysmon",
          "@Guid": "{5770385f-c22a-43e0-bf4c-06f5698ffbd9}"
        },
        "EventID": "5",
        "Version": "3",
        "Level": "4",
        "Task": "5",
        "Opcode": "0",
        "Keywords": "0x8000000000000000",
        "TimeCreated": {
          "@SystemTime": "2025-11-21T16:00:41.2293063Z"
        },
        "EventRecordID": "1542",
        "Correlation": null,
        "Execution": {
          "@ProcessID": "3444",
          "@ThreadID": "7004"
        },
        "Channel": "Microsoft-Windows-Sysmon/Operational",
        "Computer": "DESKTOP-LG3F6GA",
        "Security": {
          "@UserID": "S-1-5-18"
        }
      },
      "EventData": {
        "Data": [
          {
            "@Name": "RuleName",
            "#text": "-"
          },
          {
            "@Name": "UtcTime",
            "#text": "2025-11-21 16:00:41.226"
          },
          {
            "@Name": "ProcessGuid",
            "#text": "{40316b85-8ca9-6920-4803-000000006100}"
          },
          {
            "@Name": "ProcessId",
            "#text": "1960"
          },
          {
            "@Name": "Image",
            "#text": "C:\\Windows\\Microsoft.NET\\Framework64\\v4.0.30319\\ngen.exe"
          }
        ]
      }
    },
    {
      "@xmlns": "http://schemas.microsoft.com/win/2004/08/events/event",
      "System": {
        "Provider": {
          "@Name": "Microsoft-Windows-Sysmon",
          "@Guid": "{5770385f-c22a-43e0-bf4c-06f5698ffbd9}"
        },
        "EventID": "11",
        "Version": "2",
        "Level": "4",
        "Task": "11",
        "Opcode": "0",
        "Keywords": "0x8000000000000000",
        "TimeCreated": {
          "@SystemTime": "2025-11-21T16:00:41.2275460Z"
        },
        "EventRecordID": "1541",
        "Correlation": null,
        "Execution": {
          "@ProcessID": "3444",
          "@ThreadID": "7004"
        },
        "Channel": "Microsoft-Windows-Sysmon/Operational",
        "Computer": "DESKTOP-LG3F6GA",
        "Security": {
          "@UserID": "S-1-5-18"
        }
      },
      "EventData": {
        "Data": [
          {
            "@Name": "RuleName",
            "#text": "-"
          },
          {
            "@Name": "UtcTime",
            "#text": "2025-11-21 16:00:41.226"
          },
          {
            "@Name": "ProcessGuid",
            "#text": "{40316b85-8ca9-6920-4803-000000006100}"
          },
          {
            "@Name": "ProcessId",
            "#text": "1960"
          },
          {
            "@Name": "Image",
            "#text": "C:\\Windows\\Microsoft.NET\\Framework64\\v4.0.30319\\ngen.exe"
          },
          {
            "@Name": "TargetFilename",
            "#text": "C:\\Windows\\Microsoft.NET\\ngennicupdatelock.dat"
          },
          {
            "@Name": "CreationUtcTime",
            "#text": "2025-11-21 16:00:15.163"
          }
        ]
      }
    },
    {
      "@xmlns": "http://schemas.microsoft.com/win/2004/08/events/event",
      "System": {
        "Provider": {
          "@Name": "Microsoft-Windows-Sysmon",
          "@Guid": "{5770385f-c22a-43e0-bf4c-06f5698ffbd9}"
        },
        "EventID": "11",
        "Version": "2",
        "Level": "4",
        "Task": "11",
        "Opcode": "0",
        "Keywords": "0x8000000000000000",
        "TimeCreated": {
          "@SystemTime": "2025-11-21T16:00:41.1902118Z"
        },
        "EventRecordID": "1540",
        "Correlation": null,
        "Execution": {
          "@ProcessID": "3444",
          "@ThreadID": "7004"
        },
        "Channel": "Microsoft-Windows-Sysmon/Operational",
        "Computer": "DESKTOP-LG3F6GA",
        "Security": {
          "@UserID": "S-1-5-18"
        }
      },
      "EventData": {
        "Data": [
          {
            "@Name": "RuleName",
            "#text": "-"
          },
          {
            "@Name": "UtcTime",
            "#text": "2025-11-21 16:00:41.179"
          },
          {
            "@Name": "ProcessGuid",
            "#text": "{40316b85-8ca9-6920-4803-000000006100}"
          },
          {
            "@Name": "ProcessId",
            "#text": "1960"
          },
          {
            "@Name": "Image",
            "#text": "C:\\Windows\\Microsoft.NET\\Framework64\\v4.0.30319\\ngen.exe"
          },
          {
            "@Name": "TargetFilename",
            "#text": "C:\\Windows\\Microsoft.NET\\Framework64\\v4.0.30319\\ngenrootstorelock.dat"
          },
          {
            "@Name": "CreationUtcTime",
            "#text": "2025-11-21 16:00:15.148"
          }
        ]
      }
    },
    {
      "@xmlns": "http://schemas.microsoft.com/win/2004/08/events/event",
      "System": {
        "Provider": {
          "@Name": "Microsoft-Windows-Sysmon",
          "@Guid": "{5770385f-c22a-43e0-bf4c-06f5698ffbd9}"
        },
        "EventID": "5",
        "Version": "3",
        "Level": "4",
        "Task": "5",
        "Opcode": "0",
        "Keywords": "0x8000000000000000",
        "TimeCreated": {
          "@SystemTime": "2025-11-21T16:00:41.0314298Z"
        },
        "EventRecordID": "1539",
        "Correlation": null,
        "Execution": {
          "@ProcessID": "3444",
          "@ThreadID": "7004"
        },
        "Channel": "Microsoft-Windows-Sysmon/Operational",
        "Computer": "DESKTOP-LG3F6GA",
        "Security": {
          "@UserID": "S-1-5-18"
        }
      },
      "EventData": {
        "Data": [
          {
            "@Name": "RuleName",
            "#text": "-"
          },
          {
            "@Name": "UtcTime",
            "#text": "2025-11-21 16:00:41.023"
          },
          {
            "@Name": "ProcessGuid",
            "#text": "{40316b85-8ca8-6920-4703-000000006100}"
          },
          {
            "@Name": "ProcessId",
            "#text": "4252"
          },
          {
            "@Name": "Image",
            "#text": "C:\\Windows\\Microsoft.NET\\Framework64\\v4.0.30319\\ngen.exe"
          }
        ]
      }
    },
    {
      "@xmlns": "http://schemas.microsoft.com/win/2004/08/events/event",
      "System": {
        "Provider": {
          "@Name": "Microsoft-Windows-Sysmon",
          "@Guid": "{5770385f-c22a-43e0-bf4c-06f5698ffbd9}"
        },
        "EventID": "11",
        "Version": "2",
        "Level": "4",
        "Task": "11",
        "Opcode": "0",
        "Keywords": "0x8000000000000000",
        "TimeCreated": {
          "@SystemTime": "2025-11-21T16:00:41.0102489Z"
        },
        "EventRecordID": "1538",
        "Correlation": null,
        "Execution": {
          "@ProcessID": "3444",
          "@ThreadID": "7004"
        },
        "Channel": "Microsoft-Windows-Sysmon/Operational",
        "Computer": "DESKTOP-LG3F6GA",
        "Security": {
          "@UserID": "S-1-5-18"
        }
      },
      "EventData": {
        "Data": [
          {
            "@Name": "RuleName",
            "#text": "-"
          },
          {
            "@Name": "UtcTime",
            "#text": "2025-11-21 16:00:41.007"
          },
          {
            "@Name": "ProcessGuid",
            "#text": "{40316b85-8ca8-6920-4703-000000006100}"
          },
          {
            "@Name": "ProcessId",
            "#text": "4252"
          },
          {
            "@Name": "Image",
            "#text": "C:\\Windows\\Microsoft.NET\\Framework64\\v4.0.30319\\ngen.exe"
          },
          {
            "@Name": "TargetFilename",
            "#text": "C:\\Windows\\Microsoft.NET\\ngennicupdatelock.dat"
          },
          {
            "@Name": "CreationUtcTime",
            "#text": "2025-11-21 16:00:15.163"
          }
        ]
      }
    },
    {
      "@xmlns": "http://schemas.microsoft.com/win/2004/08/events/event",
      "System": {
        "Provider": {
          "@Name": "Microsoft-Windows-Sysmon",
          "@Guid": "{5770385f-c22a-43e0-bf4c-06f5698ffbd9}"
        },
        "EventID": "11",
        "Version": "2",
        "Level": "4",
        "Task": "11",
        "Opcode": "0",
        "Keywords": "0x8000000000000000",
        "TimeCreated": {
          "@SystemTime": "2025-11-21T16:00:40.9971233Z"
        },
        "EventRecordID": "1537",
        "Correlation": null,
        "Execution": {
          "@ProcessID": "3444",
          "@ThreadID": "7004"
        },
        "Channel": "Microsoft-Windows-Sysmon/Operational",
        "Computer": "DESKTOP-LG3F6GA",
        "Security": {
          "@UserID": "S-1-5-18"
        }
      },
      "EventData": {
        "Data": [
          {
            "@Name": "RuleName",
            "#text": "-"
          },
          {
            "@Name": "UtcTime",
            "#text": "2025-11-21 16:00:40.992"
          },
          {
            "@Name": "ProcessGuid",
            "#text": "{40316b85-8ca8-6920-4703-000000006100}"
          },
          {
            "@Name": "ProcessId",
            "#text": "4252"
          },
          {
            "@Name": "Image",
            "#text": "C:\\Windows\\Microsoft.NET\\Framework64\\v4.0.30319\\ngen.exe"
          },
          {
            "@Name": "TargetFilename",
            "#text": "C:\\Windows\\Microsoft.NET\\Framework64\\v4.0.30319\\ngenrootstorelock.dat"
          },
          {
            "@Name": "CreationUtcTime",
            "#text": "2025-11-21 16:00:15.148"
          }
        ]
      }
    },
    {
      "@xmlns": "http://schemas.microsoft.com/win/2004/08/events/event",
      "System": {
        "Provider": {
          "@Name": "Microsoft-Windows-Sysmon",
          "@Guid": "{5770385f-c22a-43e0-bf4c-06f5698ffbd9}"
        },
        "EventID": "5",
        "Version": "3",
        "Level": "4",
        "Task": "5",
        "Opcode": "0",
        "Keywords": "0x8000000000000000",
        "TimeCreated": {
          "@SystemTime": "2025-11-21T16:00:40.9636320Z"
        },
        "EventRecordID": "1536",
        "Correlation": null,
        "Execution": {
          "@ProcessID": "3444",
          "@ThreadID": "7004"
        },
        "Channel": "Microsoft-Windows-Sysmon/Operational",
        "Computer": "DESKTOP-LG3F6GA",
        "Security": {
          "@UserID": "S-1-5-18"
        }
      },
      "EventData": {
        "Data": [
          {
            "@Name": "RuleName",
            "#text": "-"
          },
          {
            "@Name": "UtcTime",
            "#text": "2025-11-21 16:00:40.960"
          },
          {
            "@Name": "ProcessGuid",
            "#text": "{40316b85-8ca8-6920-4603-000000006100}"
          },
          {
            "@Name": "ProcessId",
            "#text": "4964"
          },
          {
            "@Name": "Image",
            "#text": "C:\\Windows\\Microsoft.NET\\Framework64\\v4.0.30319\\ngen.exe"
          }
        ]
      }
    },
    {
      "@xmlns": "http://schemas.microsoft.com/win/2004/08/events/event",
      "System": {
        "Provider": {
          "@Name": "Microsoft-Windows-Sysmon",
          "@Guid": "{5770385f-c22a-43e0-bf4c-06f5698ffbd9}"
        },
        "EventID": "11",
        "Version": "2",
        "Level": "4",
        "Task": "11",
        "Opcode": "0",
        "Keywords": "0x8000000000000000",
        "TimeCreated": {
          "@SystemTime": "2025-11-21T16:00:40.9548995Z"
        },
        "EventRecordID": "1535",
        "Correlation": null,
        "Execution": {
          "@ProcessID": "3444",
          "@ThreadID": "7004"
        },
        "Channel": "Microsoft-Windows-Sysmon/Operational",
        "Computer": "DESKTOP-LG3F6GA",
        "Security": {
          "@UserID": "S-1-5-18"
        }
      },
      "EventData": {
        "Data": [
          {
            "@Name": "RuleName",
            "#text": "-"
          },
          {
            "@Name": "UtcTime",
            "#text": "2025-11-21 16:00:40.945"
          },
          {
            "@Name": "ProcessGuid",
            "#text": "{40316b85-8ca8-6920-4603-000000006100}"
          },
          {
            "@Name": "ProcessId",
            "#text": "4964"
          },
          {
            "@Name": "Image",
            "#text": "C:\\Windows\\Microsoft.NET\\Framework64\\v4.0.30319\\ngen.exe"
          },
          {
            "@Name": "TargetFilename",
            "#text": "C:\\Windows\\Microsoft.NET\\ngennicupdatelock.dat"
          },
          {
            "@Name": "CreationUtcTime",
            "#text": "2025-11-21 16:00:15.163"
          }
        ]
      }
    },
    {
      "@xmlns": "http://schemas.microsoft.com/win/2004/08/events/event",
      "System": {
        "Provider": {
          "@Name": "Microsoft-Windows-Sysmon",
          "@Guid": "{5770385f-c22a-43e0-bf4c-06f5698ffbd9}"
        },
        "EventID": "11",
        "Version": "2",
        "Level": "4",
        "Task": "11",
        "Opcode": "0",
        "Keywords": "0x8000000000000000",
        "TimeCreated": {
          "@SystemTime": "2025-11-21T16:00:40.9337994Z"
        },
        "EventRecordID": "1534",
        "Correlation": null,
        "Execution": {
          "@ProcessID": "3444",
          "@ThreadID": "7004"
        },
        "Channel": "Microsoft-Windows-Sysmon/Operational",
        "Computer": "DESKTOP-LG3F6GA",
        "Security": {
          "@UserID": "S-1-5-18"
        }
      },
      "EventData": {
        "Data": [
          {
            "@Name": "RuleName",
            "#text": "-"
          },
          {
            "@Name": "UtcTime",
            "#text": "2025-11-21 16:00:40.929"
          },
          {
            "@Name": "ProcessGuid",
            "#text": "{40316b85-8ca8-6920-4603-000000006100}"
          },
          {
            "@Name": "ProcessId",
            "#text": "4964"
          },
          {
            "@Name": "Image",
            "#text": "C:\\Windows\\Microsoft.NET\\Framework64\\v4.0.30319\\ngen.exe"
          },
          {
            "@Name": "TargetFilename",
            "#text": "C:\\Windows\\Microsoft.NET\\Framework64\\v4.0.30319\\ngenrootstorelock.dat"
          },
          {
            "@Name": "CreationUtcTime",
            "#text": "2025-11-21 16:00:15.148"
          }
        ]
      }
    },
    {
      "@xmlns": "http://schemas.microsoft.com/win/2004/08/events/event",
      "System": {
        "Provider": {
          "@Name": "Microsoft-Windows-Sysmon",
          "@Guid": "{5770385f-c22a-43e0-bf4c-06f5698ffbd9}"
        },
        "EventID": "5",
        "Version": "3",
        "Level": "4",
        "Task": "5",
        "Opcode": "0",
        "Keywords": "0x8000000000000000",
        "TimeCreated": {
          "@SystemTime": "2025-11-21T16:00:40.9144581Z"
        },
        "EventRecordID": "1533",
        "Correlation": null,
        "Execution": {
          "@ProcessID": "3444",
          "@ThreadID": "7004"
        },
        "Channel": "Microsoft-Windows-Sysmon/Operational",
        "Computer": "DESKTOP-LG3F6GA",
        "Security": {
          "@UserID": "S-1-5-18"
        }
      },
      "EventData": {
        "Data": [
          {
            "@Name": "RuleName",
            "#text": "-"
          },
          {
            "@Name": "UtcTime",
            "#text": "2025-11-21 16:00:40.913"
          },
          {
            "@Name": "ProcessGuid",
            "#text": "{40316b85-8ca8-6920-4303-000000006100}"
          },
          {
            "@Name": "ProcessId",
            "#text": "7344"
          },
          {
            "@Name": "Image",
            "#text": "C:\\Windows\\SysWOW64\\wevtutil.exe"
          }
        ]
      }
    },
    {
      "@xmlns": "http://schemas.microsoft.com/win/2004/08/events/event",
      "System": {
        "Provider": {
          "@Name": "Microsoft-Windows-Sysmon",
          "@Guid": "{5770385f-c22a-43e0-bf4c-06f5698ffbd9}"
        },
        "EventID": "5",
        "Version": "3",
        "Level": "4",
        "Task": "5",
        "Opcode": "0",
        "Keywords": "0x8000000000000000",
        "TimeCreated": {
          "@SystemTime": "2025-11-21T16:00:40.8870092Z"
        },
        "EventRecordID": "1532",
        "Correlation": null,
        "Execution": {
          "@ProcessID": "3444",
          "@ThreadID": "7004"
        },
        "Channel": "Microsoft-Windows-Sysmon/Operational",
        "Computer": "DESKTOP-LG3F6GA",
        "Security": {
          "@UserID": "S-1-5-18"
        }
      },
      "EventData": {
        "Data": [
          {
            "@Name": "RuleName",
            "#text": "-"
          },
          {
            "@Name": "UtcTime",
            "#text": "2025-11-21 16:00:40.882"
          },
          {
            "@Name": "ProcessGuid",
            "#text": "{40316b85-8ca8-6920-4503-000000006100}"
          },
          {
            "@Name": "ProcessId",
            "#text": "8060"
          },
          {
            "@Name": "Image",
            "#text": "C:\\Windows\\Microsoft.NET\\Framework64\\v4.0.30319\\ngen.exe"
          }
        ]
      }
    },
    {
      "@xmlns": "http://schemas.microsoft.com/win/2004/08/events/event",
      "System": {
        "Provider": {
          "@Name": "Microsoft-Windows-Sysmon",
          "@Guid": "{5770385f-c22a-43e0-bf4c-06f5698ffbd9}"
        },
        "EventID": "11",
        "Version": "2",
        "Level": "4",
        "Task": "11",
        "Opcode": "0",
        "Keywords": "0x8000000000000000",
        "TimeCreated": {
          "@SystemTime": "2025-11-21T16:00:40.8832326Z"
        },
        "EventRecordID": "1531",
        "Correlation": null,
        "Execution": {
          "@ProcessID": "3444",
          "@ThreadID": "7004"
        },
        "Channel": "Microsoft-Windows-Sysmon/Operational",
        "Computer": "DESKTOP-LG3F6GA",
        "Security": {
          "@UserID": "S-1-5-18"
        }
      },
      "EventData": {
        "Data": [
          {
            "@Name": "RuleName",
            "#text": "-"
          },
          {
            "@Name": "UtcTime",
            "#text": "2025-11-21 16:00:40.882"
          },
          {
            "@Name": "ProcessGuid",
            "#text": "{40316b85-8ca8-6920-4503-000000006100}"
          },
          {
            "@Name": "ProcessId",
            "#text": "8060"
          },
          {
            "@Name": "Image",
            "#text": "C:\\Windows\\Microsoft.NET\\Framework64\\v4.0.30319\\ngen.exe"
          },
          {
            "@Name": "TargetFilename",
            "#text": "C:\\Windows\\Microsoft.NET\\ngennicupdatelock.dat"
          },
          {
            "@Name": "CreationUtcTime",
            "#text": "2025-11-21 16:00:15.163"
          }
        ]
      }
    },
    {
      "@xmlns": "http://schemas.microsoft.com/win/2004/08/events/event",
      "System": {
        "Provider": {
          "@Name": "Microsoft-Windows-Sysmon",
          "@Guid": "{5770385f-c22a-43e0-bf4c-06f5698ffbd9}"
        },
        "EventID": "11",
        "Version": "2",
        "Level": "4",
        "Task": "11",
        "Opcode": "0",
        "Keywords": "0x8000000000000000",
        "TimeCreated": {
          "@SystemTime": "2025-11-21T16:00:40.8623618Z"
        },
        "EventRecordID": "1530",
        "Correlation": null,
        "Execution": {
          "@ProcessID": "3444",
          "@ThreadID": "7004"
        },
        "Channel": "Microsoft-Windows-Sysmon/Operational",
        "Computer": "DESKTOP-LG3F6GA",
        "Security": {
          "@UserID": "S-1-5-18"
        }
      },
      "EventData": {
        "Data": [
          {
            "@Name": "RuleName",
            "#text": "-"
          },
          {
            "@Name": "UtcTime",
            "#text": "2025-11-21 16:00:40.851"
          },
          {
            "@Name": "ProcessGuid",
            "#text": "{40316b85-8ca8-6920-4503-000000006100}"
          },
          {
            "@Name": "ProcessId",
            "#text": "8060"
          },
          {
            "@Name": "Image",
            "#text": "C:\\Windows\\Microsoft.NET\\Framework64\\v4.0.30319\\ngen.exe"
          },
          {
            "@Name": "TargetFilename",
            "#text": "C:\\Windows\\Microsoft.NET\\Framework64\\v4.0.30319\\ngenrootstorelock.dat"
          },
          {
            "@Name": "CreationUtcTime",
            "#text": "2025-11-21 16:00:15.148"
          }
        ]
      }
    },
    {
      "@xmlns": "http://schemas.microsoft.com/win/2004/08/events/event",
      "System": {
        "Provider": {
          "@Name": "Microsoft-Windows-Sysmon",
          "@Guid": "{5770385f-c22a-43e0-bf4c-06f5698ffbd9}"
        },
        "EventID": "5",
        "Version": "3",
        "Level": "4",
        "Task": "5",
        "Opcode": "0",
        "Keywords": "0x8000000000000000",
        "TimeCreated": {
          "@SystemTime": "2025-11-21T16:00:40.7345191Z"
        },
        "EventRecordID": "1529",
        "Correlation": null,
        "Execution": {
          "@ProcessID": "3444",
          "@ThreadID": "7004"
        },
        "Channel": "Microsoft-Windows-Sysmon/Operational",
        "Computer": "DESKTOP-LG3F6GA",
        "Security": {
          "@UserID": "S-1-5-18"
        }
      },
      "EventData": {
        "Data": [
          {
            "@Name": "RuleName",
            "#text": "-"
          },
          {
            "@Name": "UtcTime",
            "#text": "2025-11-21 16:00:40.726"
          },
          {
            "@Name": "ProcessGuid",
            "#text": "{40316b85-8ca8-6920-4203-000000006100}"
          },
          {
            "@Name": "ProcessId",
            "#text": "640"
          },
          {
            "@Name": "Image",
            "#text": "C:\\Windows\\Microsoft.NET\\Framework64\\v4.0.30319\\ngen.exe"
          }
        ]
      }
    },
    {
      "@xmlns": "http://schemas.microsoft.com/win/2004/08/events/event",
      "System": {
        "Provider": {
          "@Name": "Microsoft-Windows-Sysmon",
          "@Guid": "{5770385f-c22a-43e0-bf4c-06f5698ffbd9}"
        },
        "EventID": "1",
        "Version": "5",
        "Level": "4",
        "Task": "1",
        "Opcode": "0",
        "Keywords": "0x8000000000000000",
        "TimeCreated": {
          "@SystemTime": "2025-11-21T16:00:40.7340732Z"
        },
        "EventRecordID": "1528",
        "Correlation": null,
        "Execution": {
          "@ProcessID": "3444",
          "@ThreadID": "7004"
        },
        "Channel": "Microsoft-Windows-Sysmon/Operational",
        "Computer": "DESKTOP-LG3F6GA",
        "Security": {
          "@UserID": "S-1-5-18"
        }
      },
      "EventData": {
        "Data": [
          {
            "@Name": "RuleName",
            "#text": "-"
          },
          {
            "@Name": "UtcTime",
            "#text": "2025-11-21 16:00:40.733"
          },
          {
            "@Name": "ProcessGuid",
            "#text": "{40316b85-8ca8-6920-4403-000000006100}"
          },
          {
            "@Name": "ProcessId",
            "#text": "8140"
          },
          {
            "@Name": "Image",
            "#text": "C:\\Windows\\System32\\conhost.exe"
          },
          {
            "@Name": "FileVersion",
            "#text": "10.0.19041.546 (WinBuild.160101.0800)"
          },
          {
            "@Name": "Description",
            "#text": "Console Window Host"
          },
          {
            "@Name": "Product",
            "#text": "Microsoft® Windows® Operating System"
          },
          {
            "@Name": "Company",
            "#text": "Microsoft Corporation"
          },
          {
            "@Name": "OriginalFileName",
            "#text": "CONHOST.EXE"
          },
          {
            "@Name": "CommandLine",
            "#text": "\\??\\C:\\WINDOWS\\system32\\conhost.exe 0xffffffff -ForceV1"
          },
          {
            "@Name": "CurrentDirectory",
            "#text": "C:\\WINDOWS"
          },
          {
            "@Name": "User",
            "#text": "DESKTOP-LG3F6GA\\buddy"
          },
          {
            "@Name": "LogonGuid",
            "#text": "{40316b85-3715-68ca-64cd-030000000000}"
          },
          {
            "@Name": "LogonId",
            "#text": "0x3cd64"
          },
          {
            "@Name": "TerminalSessionId",
            "#text": "1"
          },
          {
            "@Name": "IntegrityLevel",
            "#text": "High"
          },
          {
            "@Name": "Hashes",
            "#text": "SHA256=57B0CCD3AEBC6C7126E7C19F5DAC492DF51D904A505C5F5B0CB02270D53F8684"
          },
          {
            "@Name": "ParentProcessGuid",
            "#text": "{40316b85-8ca8-6920-4303-000000006100}"
          },
          {
            "@Name": "ParentProcessId",
            "#text": "7344"
          },
          {
            "@Name": "ParentImage",
            "#text": "C:\\Windows\\SysWOW64\\wevtutil.exe"
          },
          {
            "@Name": "ParentCommandLine",
            "#text": "wevtutil cl Microsoft-Windows-Sysmon/Operational"
          }
        ]
      }
    },
    {
      "@xmlns": "http://schemas.microsoft.com/win/2004/08/events/event",
      "System": {
        "Provider": {
          "@Name": "Microsoft-Windows-Sysmon",
          "@Guid": "{5770385f-c22a-43e0-bf4c-06f5698ffbd9}"
        },
        "EventID": "11",
        "Version": "2",
        "Level": "4",
        "Task": "11",
        "Opcode": "0",
        "Keywords": "0x8000000000000000",
        "TimeCreated": {
          "@SystemTime": "2025-11-21T16:00:40.7280052Z"
        },
        "EventRecordID": "1527",
        "Correlation": null,
        "Execution": {
          "@ProcessID": "3444",
          "@ThreadID": "7004"
        },
        "Channel": "Microsoft-Windows-Sysmon/Operational",
        "Computer": "DESKTOP-LG3F6GA",
        "Security": {
          "@UserID": "S-1-5-18"
        }
      },
      "EventData": {
        "Data": [
          {
            "@Name": "RuleName",
            "#text": "-"
          },
          {
            "@Name": "UtcTime",
            "#text": "2025-11-21 16:00:40.726"
          },
          {
            "@Name": "ProcessGuid",
            "#text": "{40316b85-8ca8-6920-4203-000000006100}"
          },
          {
            "@Name": "ProcessId",
            "#text": "640"
          },
          {
            "@Name": "Image",
            "#text": "C:\\Windows\\Microsoft.NET\\Framework64\\v4.0.30319\\ngen.exe"
          },
          {
            "@Name": "TargetFilename",
            "#text": "C:\\Windows\\Microsoft.NET\\ngennicupdatelock.dat"
          },
          {
            "@Name": "CreationUtcTime",
            "#text": "2025-11-21 16:00:15.163"
          }
        ]
      }
    },
    {
      "@xmlns": "http://schemas.microsoft.com/win/2004/08/events/event",
      "System": {
        "Provider": {
          "@Name": "Microsoft-Windows-Sysmon",
          "@Guid": "{5770385f-c22a-43e0-bf4c-06f5698ffbd9}"
        },
        "EventID": "11",
        "Version": "2",
        "Level": "4",
        "Task": "11",
        "Opcode": "0",
        "Keywords": "0x8000000000000000",
        "TimeCreated": {
          "@SystemTime": "2025-11-21T16:00:40.7031895Z"
        },
        "EventRecordID": "1526",
        "Correlation": null,
        "Execution": {
          "@ProcessID": "3444",
          "@ThreadID": "7004"
        },
        "Channel": "Microsoft-Windows-Sysmon/Operational",
        "Computer": "DESKTOP-LG3F6GA",
        "Security": {
          "@UserID": "S-1-5-18"
        }
      },
      "EventData": {
        "Data": [
          {
            "@Name": "RuleName",
            "#text": "-"
          },
          {
            "@Name": "UtcTime",
            "#text": "2025-11-21 16:00:40.695"
          },
          {
            "@Name": "ProcessGuid",
            "#text": "{40316b85-8ca8-6920-4203-000000006100}"
          },
          {
            "@Name": "ProcessId",
            "#text": "640"
          },
          {
            "@Name": "Image",
            "#text": "C:\\Windows\\Microsoft.NET\\Framework64\\v4.0.30319\\ngen.exe"
          },
          {
            "@Name": "TargetFilename",
            "#text": "C:\\Windows\\Microsoft.NET\\Framework64\\v4.0.30319\\ngenrootstorelock.dat"
          },
          {
            "@Name": "CreationUtcTime",
            "#text": "2025-11-21 16:00:15.148"
          }
        ]
      }
    },
    {
      "@xmlns": "http://schemas.microsoft.com/win/2004/08/events/event",
      "System": {
        "Provider": {
          "@Name": "Microsoft-Windows-Sysmon",
          "@Guid": "{5770385f-c22a-43e0-bf4c-06f5698ffbd9}"
        },
        "EventID": "5",
        "Version": "3",
        "Level": "4",
        "Task": "5",
        "Opcode": "0",
        "Keywords": "0x8000000000000000",
        "TimeCreated": {
          "@SystemTime": "2025-11-21T16:00:40.7026257Z"
        },
        "EventRecordID": "1525",
        "Correlation": null,
        "Execution": {
          "@ProcessID": "3444",
          "@ThreadID": "7004"
        },
        "Channel": "Microsoft-Windows-Sysmon/Operational",
        "Computer": "DESKTOP-LG3F6GA",
        "Security": {
          "@UserID": "S-1-5-18"
        }
      },
      "EventData": {
        "Data": [
          {
            "@Name": "RuleName",
            "#text": "-"
          },
          {
            "@Name": "UtcTime",
            "#text": "2025-11-21 16:00:40.695"
          },
          {
            "@Name": "ProcessGuid",
            "#text": "{40316b85-8ca8-6920-4003-000000006100}"
          },
          {
            "@Name": "ProcessId",
            "#text": "1400"
          },
          {
            "@Name": "Image",
            "#text": "C:\\Windows\\SysWOW64\\wevtutil.exe"
          }
        ]
      }
    },
    {
      "@xmlns": "http://schemas.microsoft.com/win/2004/08/events/event",
      "System": {
        "Provider": {
          "@Name": "Microsoft-Windows-Sysmon",
          "@Guid": "{5770385f-c22a-43e0-bf4c-06f5698ffbd9}"
        },
        "EventID": "11",
        "Version": "2",
        "Level": "4",
        "Task": "11",
        "Opcode": "0",
        "Keywords": "0x8000000000000000",
        "TimeCreated": {
          "@SystemTime": "2025-11-21T16:00:40.6073235Z"
        },
        "EventRecordID": "1524",
        "Correlation": null,
        "Execution": {
          "@ProcessID": "3444",
          "@ThreadID": "7004"
        },
        "Channel": "Microsoft-Windows-Sysmon/Operational",
        "Computer": "DESKTOP-LG3F6GA",
        "Security": {
          "@UserID": "S-1-5-18"
        }
      },
      "EventData": {
        "Data": [
          {
            "@Name": "RuleName",
            "#text": "-"
          },
          {
            "@Name": "UtcTime",
            "#text": "2025-11-21 16:00:40.601"
          },
          {
            "@Name": "ProcessGuid",
            "#text": "{40316b85-370f-68ca-2700-000000006100}"
          },
          {
            "@Name": "ProcessId",
            "#text": "1700"
          },
          {
            "@Name": "Image",
            "#text": "C:\\WINDOWS\\system32\\svchost.exe"
          },
          {
            "@Name": "TargetFilename",
            "#text": "C:\\Windows\\Prefetch\\MSCORSVW.EXE-57D17DAF.pf"
          },
          {
            "@Name": "CreationUtcTime",
            "#text": "2025-11-21 16:00:18.757"
          }
        ]
      }
    },
    {
      "@xmlns": "http://schemas.microsoft.com/win/2004/08/events/event",
      "System": {
        "Provider": {
          "@Name": "Microsoft-Windows-Sysmon",
          "@Guid": "{5770385f-c22a-43e0-bf4c-06f5698ffbd9}"
        },
        "EventID": "5",
        "Version": "3",
        "Level": "4",
        "Task": "5",
        "Opcode": "0",
        "Keywords": "0x8000000000000000",
        "TimeCreated": {
          "@SystemTime": "2025-11-21T16:00:40.5915833Z"
        },
        "EventRecordID": "1523",
        "Correlation": null,
        "Execution": {
          "@ProcessID": "3444",
          "@ThreadID": "7004"
        },
        "Channel": "Microsoft-Windows-Sysmon/Operational",
        "Computer": "DESKTOP-LG3F6GA",
        "Security": {
          "@UserID": "S-1-5-18"
        }
      },
      "EventData": {
        "Data": [
          {
            "@Name": "RuleName",
            "#text": "-"
          },
          {
            "@Name": "UtcTime",
            "#text": "2025-11-21 16:00:40.585"
          },
          {
            "@Name": "ProcessGuid",
            "#text": "{40316b85-8ca8-6920-3f03-000000006100}"
          },
          {
            "@Name": "ProcessId",
            "#text": "6644"
          },
          {
            "@Name": "Image",
            "#text": "C:\\Windows\\Microsoft.NET\\Framework64\\v4.0.30319\\mscorsvw.exe"
          }
        ]
      }
    },
    {
      "@xmlns": "http://schemas.microsoft.com/win/2004/08/events/event",
      "System": {
        "Provider": {
          "@Name": "Microsoft-Windows-Sysmon",
          "@Guid": "{5770385f-c22a-43e0-bf4c-06f5698ffbd9}"
        },
        "EventID": "5",
        "Version": "3",
        "Level": "4",
        "Task": "5",
        "Opcode": "0",
        "Keywords": "0x8000000000000000",
        "TimeCreated": {
          "@SystemTime": "2025-11-21T16:00:40.5736836Z"
        },
        "EventRecordID": "1522",
        "Correlation": null,
        "Execution": {
          "@ProcessID": "3444",
          "@ThreadID": "7004"
        },
        "Channel": "Microsoft-Windows-Sysmon/Operational",
        "Computer": "DESKTOP-LG3F6GA",
        "Security": {
          "@UserID": "S-1-5-18"
        }
      },
      "EventData": {
        "Data": [
          {
            "@Name": "RuleName",
            "#text": "-"
          },
          {
            "@Name": "UtcTime",
            "#text": "2025-11-21 16:00:40.570"
          },
          {
            "@Name": "ProcessGuid",
            "#text": "{40316b85-8ca8-6920-3c03-000000006100}"
          },
          {
            "@Name": "ProcessId",
            "#text": "7740"
          },
          {
            "@Name": "Image",
            "#text": "C:\\Windows\\Microsoft.NET\\Framework64\\v4.0.30319\\ngen.exe"
          }
        ]
      }
    },
    {
      "@xmlns": "http://schemas.microsoft.com/win/2004/08/events/event",
      "System": {
        "Provider": {
          "@Name": "Microsoft-Windows-Sysmon",
          "@Guid": "{5770385f-c22a-43e0-bf4c-06f5698ffbd9}"
        },
        "EventID": "11",
        "Version": "2",
        "Level": "4",
        "Task": "11",
        "Opcode": "0",
        "Keywords": "0x8000000000000000",
        "TimeCreated": {
          "@SystemTime": "2025-11-21T16:00:40.5469703Z"
        },
        "EventRecordID": "1521",
        "Correlation": null,
        "Execution": {
          "@ProcessID": "3444",
          "@ThreadID": "7004"
        },
        "Channel": "Microsoft-Windows-Sysmon/Operational",
        "Computer": "DESKTOP-LG3F6GA",
        "Security": {
          "@UserID": "S-1-5-18"
        }
      },
      "EventData": {
        "Data": [
          {
            "@Name": "RuleName",
            "#text": "-"
          },
          {
            "@Name": "UtcTime",
            "#text": "2025-11-21 16:00:40.538"
          },
          {
            "@Name": "ProcessGuid",
            "#text": "{40316b85-8ca8-6920-3f03-000000006100}"
          },
          {
            "@Name": "ProcessId",
            "#text": "6644"
          },
          {
            "@Name": "Image",
            "#text": "C:\\Windows\\Microsoft.NET\\Framework64\\v4.0.30319\\mscorsvw.exe"
          },
          {
            "@Name": "TargetFilename",
            "#text": "C:\\Windows\\assembly\\NativeImages_v4.0.30319_64\\ngenlock.dat"
          },
          {
            "@Name": "CreationUtcTime",
            "#text": "2025-11-21 16:00:40.538"
          }
        ]
      }
    },
