    {
      "@xmlns": "http://schemas.microsoft.com/win/2004/08/events/event",
      "System": {
        "Provider": {
          "@Name": "Microsoft-Windows-Sysmon",
          "@Guid": "{5770385f-c22a-43e0-bf4c-06f5698ffbd9}"
        },
        "EventID": "18",
        "Version": "1",
        "Level": "4",
        "Task": "18",
        "Opcode": "0",
        "Keywords": "0x8000000000000000",
        "TimeCreated": {
          "@SystemTime": "2025-11-21T15:49:41.0788913Z"
        },
        "EventRecordID": "411",
        "Correlation": null,
        "Execution": {
          "@ProcessID": "972",
          "@ThreadID": "6640"
        },
        "Channel": "Microsoft-Windows-Sysmon/Operational",
        "Computer": "DESKTOP-LG3F6GA",
        "Security": {
          "@UserID": "S-1-5-18"
        }
      },
      "EventData": {
        "Data": [
          {
            "@Name": "RuleName",
            "#text": "-"
          },
          {
            "@Name": "EventType",
            "#text": "ConnectPipe"
          },
          {
            "@Name": "UtcTime",
            "#text": "2025-11-21 15:49:41.074"
          },
          {
            "@Name": "ProcessGuid",
            "#text": "{03927271-8a0b-6920-0d03-000000006000}"
          },
          {
            "@Name": "ProcessId",
            "#text": "4988"
          },
          {
            "@Name": "PipeName",
            "#text": "\\yJtPWbgN"
          },
          {
            "@Name": "Image",
            "#text": "C:\\WINDOWS\\SysWOW64\\rundll32.exe"
          }
        ]
      }
    },
    {
      "@xmlns": "http://schemas.microsoft.com/win/2004/08/events/event",
      "System": {
        "Provider": {
          "@Name": "Microsoft-Windows-Sysmon",
          "@Guid": "{5770385f-c22a-43e0-bf4c-06f5698ffbd9}"
        },
        "EventID": "18",
        "Version": "1",
        "Level": "4",
        "Task": "18",
        "Opcode": "0",
        "Keywords": "0x8000000000000000",
        "TimeCreated": {
          "@SystemTime": "2025-11-21T15:49:41.0417970Z"
        },
        "EventRecordID": "410",
        "Correlation": null,
        "Execution": {
          "@ProcessID": "972",
          "@ThreadID": "6640"
        },
        "Channel": "Microsoft-Windows-Sysmon/Operational",
        "Computer": "DESKTOP-LG3F6GA",
        "Security": {
          "@UserID": "S-1-5-18"
        }
      },
      "EventData": {
        "Data": [
          {
            "@Name": "RuleName",
            "#text": "-"
          },
          {
            "@Name": "EventType",
            "#text": "ConnectPipe"
          },
          {
            "@Name": "UtcTime",
            "#text": "2025-11-21 15:49:41.027"
          },
          {
            "@Name": "ProcessGuid",
            "#text": "{03927271-8a0b-6920-0d03-000000006000}"
          },
          {
            "@Name": "ProcessId",
            "#text": "4988"
          },
          {
            "@Name": "PipeName",
            "#text": "\\yJtPWbgN"
          },
          {
            "@Name": "Image",
            "#text": "C:\\WINDOWS\\SysWOW64\\rundll32.exe"
          }
        ]
      }
    },
    {
      "@xmlns": "http://schemas.microsoft.com/win/2004/08/events/event",
      "System": {
        "Provider": {
          "@Name": "Microsoft-Windows-Sysmon",
          "@Guid": "{5770385f-c22a-43e0-bf4c-06f5698ffbd9}"
        },
        "EventID": "18",
        "Version": "1",
        "Level": "4",
        "Task": "18",
        "Opcode": "0",
        "Keywords": "0x8000000000000000",
        "TimeCreated": {
          "@SystemTime": "2025-11-21T15:49:41.0402908Z"
        },
        "EventRecordID": "409",
        "Correlation": null,
        "Execution": {
          "@ProcessID": "972",
          "@ThreadID": "6640"
        },
        "Channel": "Microsoft-Windows-Sysmon/Operational",
        "Computer": "DESKTOP-LG3F6GA",
        "Security": {
          "@UserID": "S-1-5-18"
        }
      },
      "EventData": {
        "Data": [
          {
            "@Name": "RuleName",
            "#text": "-"
          },
          {
            "@Name": "EventType",
            "#text": "ConnectPipe"
          },
          {
            "@Name": "UtcTime",
            "#text": "2025-11-21 15:49:41.027"
          },
          {
            "@Name": "ProcessGuid",
            "#text": "{03927271-8a0b-6920-0d03-000000006000}"
          },
          {
            "@Name": "ProcessId",
            "#text": "4988"
          },
          {
            "@Name": "PipeName",
            "#text": "\\yJtPWbgN"
          },
          {
            "@Name": "Image",
            "#text": "C:\\WINDOWS\\SysWOW64\\rundll32.exe"
          }
        ]
      }
    },
    {
      "@xmlns": "http://schemas.microsoft.com/win/2004/08/events/event",
      "System": {
        "Provider": {
          "@Name": "Microsoft-Windows-Sysmon",
          "@Guid": "{5770385f-c22a-43e0-bf4c-06f5698ffbd9}"
        },
        "EventID": "12",
        "Version": "2",
        "Level": "4",
        "Task": "12",
        "Opcode": "0",
        "Keywords": "0x8000000000000000",
        "TimeCreated": {
          "@SystemTime": "2025-11-21T15:49:41.0344778Z"
        },
        "EventRecordID": "408",
        "Correlation": null,
        "Execution": {
          "@ProcessID": "972",
          "@ThreadID": "6640"
        },
        "Channel": "Microsoft-Windows-Sysmon/Operational",
        "Computer": "DESKTOP-LG3F6GA",
        "Security": {
          "@UserID": "S-1-5-18"
        }
      },
      "EventData": {
        "Data": [
          {
            "@Name": "RuleName",
            "#text": "-"
          },
          {
            "@Name": "EventType",
            "#text": "DeleteKey"
          },
          {
            "@Name": "UtcTime",
            "#text": "2025-11-21 15:49:41.027"
          },
          {
            "@Name": "ProcessGuid",
            "#text": "{03927271-2e36-68ca-7600-000000006000}"
          },
          {
            "@Name": "ProcessId",
            "#text": "5312"
          },
          {
            "@Name": "Image",
            "#text": "C:\\WINDOWS\\Explorer.EXE"
          },
          {
            "@Name": "TargetObject",
            "#text": "HKU\\S-1-5-21-3171250481-3681422803-404499418-1001\\SOFTWARE\\Microsoft\\Windows\\CurrentVersion\\Explorer\\SessionInfo\\1\\ApplicationViewManagement\\W32:00000000000B0208"
          }
        ]
      }
    },
    {
      "@xmlns": "http://schemas.microsoft.com/win/2004/08/events/event",
      "System": {
        "Provider": {
          "@Name": "Microsoft-Windows-Sysmon",
          "@Guid": "{5770385f-c22a-43e0-bf4c-06f5698ffbd9}"
        },
        "EventID": "13",
        "Version": "2",
        "Level": "4",
        "Task": "13",
        "Opcode": "0",
        "Keywords": "0x8000000000000000",
        "TimeCreated": {
          "@SystemTime": "2025-11-21T15:49:40.0327394Z"
        },
        "EventRecordID": "407",
        "Correlation": null,
        "Execution": {
          "@ProcessID": "972",
          "@ThreadID": "6640"
        },
        "Channel": "Microsoft-Windows-Sysmon/Operational",
        "Computer": "DESKTOP-LG3F6GA",
        "Security": {
          "@UserID": "S-1-5-18"
        }
      },
      "EventData": {
        "Data": [
          {
            "@Name": "RuleName",
            "#text": "-"
          },
          {
            "@Name": "EventType",
            "#text": "SetValue"
          },
          {
            "@Name": "UtcTime",
            "#text": "2025-11-21 15:49:40.027"
          },
          {
            "@Name": "ProcessGuid",
            "#text": "{03927271-2e36-68ca-7600-000000006000}"
          },
          {
            "@Name": "ProcessId",
            "#text": "5312"
          },
          {
            "@Name": "Image",
            "#text": "C:\\WINDOWS\\Explorer.EXE"
          },
          {
            "@Name": "TargetObject",
            "#text": "HKU\\S-1-5-21-3171250481-3681422803-404499418-1001\\SOFTWARE\\Microsoft\\Windows\\CurrentVersion\\ActivityDataModel\\ReaderRevisionInfo\\BC1D8BC6-8561-D53E-0046-282B5CFAC694"
          },
          {
            "@Name": "Details",
            "#text": "Binary Data"
          }
        ]
      }
    },
    {
      "@xmlns": "http://schemas.microsoft.com/win/2004/08/events/event",
      "System": {
        "Provider": {
          "@Name": "Microsoft-Windows-Sysmon",
          "@Guid": "{5770385f-c22a-43e0-bf4c-06f5698ffbd9}"
        },
        "EventID": "13",
        "Version": "2",
        "Level": "4",
        "Task": "13",
        "Opcode": "0",
        "Keywords": "0x8000000000000000",
        "TimeCreated": {
          "@SystemTime": "2025-11-21T15:49:40.0310345Z"
        },
        "EventRecordID": "406",
        "Correlation": null,
        "Execution": {
          "@ProcessID": "972",
          "@ThreadID": "6640"
        },
        "Channel": "Microsoft-Windows-Sysmon/Operational",
        "Computer": "DESKTOP-LG3F6GA",
        "Security": {
          "@UserID": "S-1-5-18"
        }
      },
      "EventData": {
        "Data": [
          {
            "@Name": "RuleName",
            "#text": "-"
          },
          {
            "@Name": "EventType",
            "#text": "SetValue"
          },
          {
            "@Name": "UtcTime",
            "#text": "2025-11-21 15:49:40.027"
          },
          {
            "@Name": "ProcessGuid",
            "#text": "{03927271-2e36-68ca-7600-000000006000}"
          },
          {
            "@Name": "ProcessId",
            "#text": "5312"
          },
          {
            "@Name": "Image",
            "#text": "C:\\WINDOWS\\Explorer.EXE"
          },
          {
            "@Name": "TargetObject",
            "#text": "HKU\\S-1-5-21-3171250481-3681422803-404499418-1001\\SOFTWARE\\Microsoft\\Windows\\CurrentVersion\\ActivityDataModel\\ReaderRevisionInfo\\BC1D8BC6-8561-D53E-0046-282B5CFAC694"
          },
          {
            "@Name": "Details",
            "#text": "Binary Data"
          }
        ]
      }
    },
    {
      "@xmlns": "http://schemas.microsoft.com/win/2004/08/events/event",
      "System": {
        "Provider": {
          "@Name": "Microsoft-Windows-Sysmon",
          "@Guid": "{5770385f-c22a-43e0-bf4c-06f5698ffbd9}"
        },
        "EventID": "11",
        "Version": "2",
        "Level": "4",
        "Task": "11",
        "Opcode": "0",
        "Keywords": "0x8000000000000000",
        "TimeCreated": {
          "@SystemTime": "2025-11-21T15:49:39.6069938Z"
        },
        "EventRecordID": "405",
        "Correlation": null,
        "Execution": {
          "@ProcessID": "972",
          "@ThreadID": "6640"
        },
        "Channel": "Microsoft-Windows-Sysmon/Operational",
        "Computer": "DESKTOP-LG3F6GA",
        "Security": {
          "@UserID": "S-1-5-18"
        }
      },
      "EventData": {
        "Data": [
          {
            "@Name": "RuleName",
            "#text": "-"
          },
          {
            "@Name": "UtcTime",
            "#text": "2025-11-21 15:49:39.605"
          },
          {
            "@Name": "ProcessGuid",
            "#text": "{03927271-2e2f-68ca-2600-000000006000}"
          },
          {
            "@Name": "ProcessId",
            "#text": "1636"
          },
          {
            "@Name": "Image",
            "#text": "C:\\WINDOWS\\system32\\svchost.exe"
          },
          {
            "@Name": "TargetFilename",
            "#text": "C:\\Windows\\Prefetch\\SVCHOST.EXE-7B41F868.pf"
          },
          {
            "@Name": "CreationUtcTime",
            "#text": "2025-11-21 15:49:39.605"
          }
        ]
      }
    },
    {
      "@xmlns": "http://schemas.microsoft.com/win/2004/08/events/event",
      "System": {
        "Provider": {
          "@Name": "Microsoft-Windows-Sysmon",
          "@Guid": "{5770385f-c22a-43e0-bf4c-06f5698ffbd9}"
        },
        "EventID": "13",
        "Version": "2",
        "Level": "4",
        "Task": "13",
        "Opcode": "0",
        "Keywords": "0x8000000000000000",
        "TimeCreated": {
          "@SystemTime": "2025-11-21T15:49:34.1775694Z"
        },
        "EventRecordID": "404",
        "Correlation": null,
        "Execution": {
          "@ProcessID": "972",
          "@ThreadID": "6640"
        },
        "Channel": "Microsoft-Windows-Sysmon/Operational",
        "Computer": "DESKTOP-LG3F6GA",
        "Security": {
          "@UserID": "S-1-5-18"
        }
      },
      "EventData": {
        "Data": [
          {
            "@Name": "RuleName",
            "#text": "-"
          },
          {
            "@Name": "EventType",
            "#text": "SetValue"
          },
          {
            "@Name": "UtcTime",
            "#text": "2025-11-21 15:49:34.167"
          },
          {
            "@Name": "ProcessGuid",
            "#text": "{03927271-2e36-68ca-7600-000000006000}"
          },
          {
            "@Name": "ProcessId",
            "#text": "5312"
          },
          {
            "@Name": "Image",
            "#text": "C:\\WINDOWS\\Explorer.EXE"
          },
          {
            "@Name": "TargetObject",
            "#text": "HKU\\S-1-5-21-3171250481-3681422803-404499418-1001\\SOFTWARE\\Microsoft\\Windows\\CurrentVersion\\ActivityDataModel\\ReaderRevisionInfo\\BC1D8BC6-8561-D53E-0046-282B5CFAC694"
          },
          {
            "@Name": "Details",
            "#text": "Binary Data"
          }
        ]
      }
    },
    {
      "@xmlns": "http://schemas.microsoft.com/win/2004/08/events/event",
      "System": {
        "Provider": {
          "@Name": "Microsoft-Windows-Sysmon",
          "@Guid": "{5770385f-c22a-43e0-bf4c-06f5698ffbd9}"
        },
        "EventID": "13",
        "Version": "2",
        "Level": "4",
        "Task": "13",
        "Opcode": "0",
        "Keywords": "0x8000000000000000",
        "TimeCreated": {
          "@SystemTime": "2025-11-21T15:49:34.1652533Z"
        },
        "EventRecordID": "403",
        "Correlation": null,
        "Execution": {
          "@ProcessID": "972",
          "@ThreadID": "6640"
        },
        "Channel": "Microsoft-Windows-Sysmon/Operational",
        "Computer": "DESKTOP-LG3F6GA",
        "Security": {
          "@UserID": "S-1-5-18"
        }
      },
      "EventData": {
        "Data": [
          {
            "@Name": "RuleName",
            "#text": "-"
          },
          {
            "@Name": "EventType",
            "#text": "SetValue"
          },
          {
            "@Name": "UtcTime",
            "#text": "2025-11-21 15:49:34.152"
          },
          {
            "@Name": "ProcessGuid",
            "#text": "{03927271-2e2a-68ca-eb03-000000000000}"
          },
          {
            "@Name": "ProcessId",
            "#text": "4"
          },
          {
            "@Name": "Image",
            "#text": "System"
          },
          {
            "@Name": "TargetObject",
            "#text": "HKLM\\System\\CurrentControlSet\\Services\\bam\\State\\UserSettings\\S-1-5-21-3171250481-3681422803-404499418-1001\\SequenceNumber"
          },
          {
            "@Name": "Details",
            "#text": "DWORD (0x0000000f)"
          }
        ]
      }
    },
    {
      "@xmlns": "http://schemas.microsoft.com/win/2004/08/events/event",
      "System": {
        "Provider": {
          "@Name": "Microsoft-Windows-Sysmon",
          "@Guid": "{5770385f-c22a-43e0-bf4c-06f5698ffbd9}"
        },
        "EventID": "13",
        "Version": "2",
        "Level": "4",
        "Task": "13",
        "Opcode": "0",
        "Keywords": "0x8000000000000000",
        "TimeCreated": {
          "@SystemTime": "2025-11-21T15:49:34.1652376Z"
        },
        "EventRecordID": "402",
        "Correlation": null,
        "Execution": {
          "@ProcessID": "972",
          "@ThreadID": "6640"
        },
        "Channel": "Microsoft-Windows-Sysmon/Operational",
        "Computer": "DESKTOP-LG3F6GA",
        "Security": {
          "@UserID": "S-1-5-18"
        }
      },
      "EventData": {
        "Data": [
          {
            "@Name": "RuleName",
            "#text": "-"
          },
          {
            "@Name": "EventType",
            "#text": "SetValue"
          },
          {
            "@Name": "UtcTime",
            "#text": "2025-11-21 15:49:34.152"
          },
          {
            "@Name": "ProcessGuid",
            "#text": "{03927271-2e2a-68ca-eb03-000000000000}"
          },
          {
            "@Name": "ProcessId",
            "#text": "4"
          },
          {
            "@Name": "Image",
            "#text": "System"
          },
          {
            "@Name": "TargetObject",
            "#text": "HKLM\\System\\CurrentControlSet\\Services\\bam\\State\\UserSettings\\S-1-5-21-3171250481-3681422803-404499418-1001\\\\Device\\HarddiskVolume2\\Windows\\SysWOW64\\rundll32.exe"
          },
          {
            "@Name": "Details",
            "#text": "Binary Data"
          }
        ]
      }
    },
    {
      "@xmlns": "http://schemas.microsoft.com/win/2004/08/events/event",
      "System": {
        "Provider": {
          "@Name": "Microsoft-Windows-Sysmon",
          "@Guid": "{5770385f-c22a-43e0-bf4c-06f5698ffbd9}"
        },
        "EventID": "12",
        "Version": "2",
        "Level": "4",
        "Task": "12",
        "Opcode": "0",
        "Keywords": "0x8000000000000000",
        "TimeCreated": {
          "@SystemTime": "2025-11-21T15:49:34.1650905Z"
        },
        "EventRecordID": "401",
        "Correlation": null,
        "Execution": {
          "@ProcessID": "972",
          "@ThreadID": "6640"
        },
        "Channel": "Microsoft-Windows-Sysmon/Operational",
        "Computer": "DESKTOP-LG3F6GA",
        "Security": {
          "@UserID": "S-1-5-18"
        }
      },
      "EventData": {
        "Data": [
          {
            "@Name": "RuleName",
            "#text": "-"
          },
          {
            "@Name": "EventType",
            "#text": "CreateKey"
          },
          {
            "@Name": "UtcTime",
            "#text": "2025-11-21 15:49:34.152"
          },
          {
            "@Name": "ProcessGuid",
            "#text": "{03927271-2e2a-68ca-eb03-000000000000}"
          },
          {
            "@Name": "ProcessId",
            "#text": "4"
          },
          {
            "@Name": "Image",
            "#text": "System"
          },
          {
            "@Name": "TargetObject",
            "#text": "HKLM\\System\\CurrentControlSet\\Services\\bam\\State\\UserSettings\\S-1-5-21-3171250481-3681422803-404499418-1001"
          }
        ]
      }
    },
    {
      "@xmlns": "http://schemas.microsoft.com/win/2004/08/events/event",
      "System": {
        "Provider": {
          "@Name": "Microsoft-Windows-Sysmon",
          "@Guid": "{5770385f-c22a-43e0-bf4c-06f5698ffbd9}"
        },
        "EventID": "13",
        "Version": "2",
        "Level": "4",
        "Task": "13",
        "Opcode": "0",
        "Keywords": "0x8000000000000000",
        "TimeCreated": {
          "@SystemTime": "2025-11-21T15:49:34.1596354Z"
        },
        "EventRecordID": "400",
        "Correlation": null,
        "Execution": {
          "@ProcessID": "972",
          "@ThreadID": "6640"
        },
        "Channel": "Microsoft-Windows-Sysmon/Operational",
        "Computer": "DESKTOP-LG3F6GA",
        "Security": {
          "@UserID": "S-1-5-18"
        }
      },
      "EventData": {
        "Data": [
          {
            "@Name": "RuleName",
            "#text": "-"
          },
          {
            "@Name": "EventType",
            "#text": "SetValue"
          },
          {
            "@Name": "UtcTime",
            "#text": "2025-11-21 15:49:34.152"
          },
          {
            "@Name": "ProcessGuid",
            "#text": "{03927271-2e36-68ca-7600-000000006000}"
          },
          {
            "@Name": "ProcessId",
            "#text": "5312"
          },
          {
            "@Name": "Image",
            "#text": "C:\\WINDOWS\\Explorer.EXE"
          },
          {
            "@Name": "TargetObject",
            "#text": "HKU\\S-1-5-21-3171250481-3681422803-404499418-1001\\SOFTWARE\\Microsoft\\Windows\\CurrentVersion\\Explorer\\SessionInfo\\1\\ApplicationViewManagement\\W32:00000000000B0208\\VirtualDesktop"
          },
          {
            "@Name": "Details",
            "#text": "Binary Data"
          }
        ]
      }
    },
    {
      "@xmlns": "http://schemas.microsoft.com/win/2004/08/events/event",
      "System": {
        "Provider": {
          "@Name": "Microsoft-Windows-Sysmon",
          "@Guid": "{5770385f-c22a-43e0-bf4c-06f5698ffbd9}"
        },
        "EventID": "12",
        "Version": "2",
        "Level": "4",
        "Task": "12",
        "Opcode": "0",
        "Keywords": "0x8000000000000000",
        "TimeCreated": {
          "@SystemTime": "2025-11-21T15:49:34.1596145Z"
        },
        "EventRecordID": "399",
        "Correlation": null,
        "Execution": {
          "@ProcessID": "972",
          "@ThreadID": "6640"
        },
        "Channel": "Microsoft-Windows-Sysmon/Operational",
        "Computer": "DESKTOP-LG3F6GA",
        "Security": {
          "@UserID": "S-1-5-18"
        }
      },
      "EventData": {
        "Data": [
          {
            "@Name": "RuleName",
            "#text": "-"
          },
          {
            "@Name": "EventType",
            "#text": "CreateKey"
          },
          {
            "@Name": "UtcTime",
            "#text": "2025-11-21 15:49:34.152"
          },
          {
            "@Name": "ProcessGuid",
            "#text": "{03927271-2e36-68ca-7600-000000006000}"
          },
          {
            "@Name": "ProcessId",
            "#text": "5312"
          },
          {
            "@Name": "Image",
            "#text": "C:\\WINDOWS\\Explorer.EXE"
          },
          {
            "@Name": "TargetObject",
            "#text": "HKU\\S-1-5-21-3171250481-3681422803-404499418-1001\\SOFTWARE\\Microsoft\\Windows\\CurrentVersion\\Explorer\\SessionInfo\\1\\ApplicationViewManagement\\W32:00000000000B0208"
          }
        ]
      }
    },
    {
      "@xmlns": "http://schemas.microsoft.com/win/2004/08/events/event",
      "System": {
        "Provider": {
          "@Name": "Microsoft-Windows-Sysmon",
          "@Guid": "{5770385f-c22a-43e0-bf4c-06f5698ffbd9}"
        },
        "EventID": "11",
        "Version": "2",
        "Level": "4",
        "Task": "11",
        "Opcode": "0",
        "Keywords": "0x8000000000000000",
        "TimeCreated": {
          "@SystemTime": "2025-11-21T15:49:34.1461915Z"
        },
        "EventRecordID": "398",
        "Correlation": null,
        "Execution": {
          "@ProcessID": "972",
          "@ThreadID": "6640"
        },
        "Channel": "Microsoft-Windows-Sysmon/Operational",
        "Computer": "DESKTOP-LG3F6GA",
        "Security": {
          "@UserID": "S-1-5-18"
        }
      },
      "EventData": {
        "Data": [
          {
            "@Name": "RuleName",
            "#text": "-"
          },
          {
            "@Name": "UtcTime",
            "#text": "2025-11-21 15:49:34.136"
          },
          {
            "@Name": "ProcessGuid",
            "#text": "{03927271-2e36-68ca-7600-000000006000}"
          },
          {
            "@Name": "ProcessId",
            "#text": "5312"
          },
          {
            "@Name": "Image",
            "#text": "C:\\WINDOWS\\Explorer.EXE"
          },
          {
            "@Name": "TargetFilename",
            "#text": "C:\\Users\\buddy\\AppData\\Local\\Microsoft\\PenWorkspace\\DiscoverCacheData.dat"
          },
          {
            "@Name": "CreationUtcTime",
            "#text": "2021-05-11 15:17:40.551"
          }
        ]
      }
    },
    {
      "@xmlns": "http://schemas.microsoft.com/win/2004/08/events/event",
      "System": {
        "Provider": {
          "@Name": "Microsoft-Windows-Sysmon",
          "@Guid": "{5770385f-c22a-43e0-bf4c-06f5698ffbd9}"
        },
        "EventID": "18",
        "Version": "1",
        "Level": "4",
        "Task": "18",
        "Opcode": "0",
        "Keywords": "0x8000000000000000",
        "TimeCreated": {
          "@SystemTime": "2025-11-21T15:49:34.1297694Z"
        },
        "EventRecordID": "397",
        "Correlation": null,
        "Execution": {
          "@ProcessID": "972",
          "@ThreadID": "6640"
        },
        "Channel": "Microsoft-Windows-Sysmon/Operational",
        "Computer": "DESKTOP-LG3F6GA",
        "Security": {
          "@UserID": "S-1-5-18"
        }
      },
      "EventData": {
        "Data": [
          {
            "@Name": "RuleName",
            "#text": "-"
          },
          {
            "@Name": "EventType",
            "#text": "ConnectPipe"
          },
          {
            "@Name": "UtcTime",
            "#text": "2025-11-21 15:49:34.120"
          },
          {
            "@Name": "ProcessGuid",
            "#text": "{03927271-8a0b-6920-0d03-000000006000}"
          },
          {
            "@Name": "ProcessId",
            "#text": "4988"
          },
          {
            "@Name": "PipeName",
            "#text": "\\yJtPWbgN"
          },
          {
            "@Name": "Image",
            "#text": "C:\\WINDOWS\\SysWOW64\\rundll32.exe"
          }
        ]
      }
    },
    {
      "@xmlns": "http://schemas.microsoft.com/win/2004/08/events/event",
      "System": {
        "Provider": {
          "@Name": "Microsoft-Windows-Sysmon",
          "@Guid": "{5770385f-c22a-43e0-bf4c-06f5698ffbd9}"
        },
        "EventID": "18",
        "Version": "1",
        "Level": "4",
        "Task": "18",
        "Opcode": "0",
        "Keywords": "0x8000000000000000",
        "TimeCreated": {
          "@SystemTime": "2025-11-21T15:49:34.1205811Z"
        },
        "EventRecordID": "396",
        "Correlation": null,
        "Execution": {
          "@ProcessID": "972",
          "@ThreadID": "6640"
        },
        "Channel": "Microsoft-Windows-Sysmon/Operational",
        "Computer": "DESKTOP-LG3F6GA",
        "Security": {
          "@UserID": "S-1-5-18"
        }
      },
      "EventData": {
        "Data": [
          {
            "@Name": "RuleName",
            "#text": "-"
          },
          {
            "@Name": "EventType",
            "#text": "ConnectPipe"
          },
          {
            "@Name": "UtcTime",
            "#text": "2025-11-21 15:49:34.105"
          },
          {
            "@Name": "ProcessGuid",
            "#text": "{03927271-8a0b-6920-0d03-000000006000}"
          },
          {
            "@Name": "ProcessId",
            "#text": "4988"
          },
          {
            "@Name": "PipeName",
            "#text": "\\yJtPWbgN"
          },
          {
            "@Name": "Image",
            "#text": "C:\\WINDOWS\\SysWOW64\\rundll32.exe"
          }
        ]
      }
    },
    {
      "@xmlns": "http://schemas.microsoft.com/win/2004/08/events/event",
      "System": {
        "Provider": {
          "@Name": "Microsoft-Windows-Sysmon",
          "@Guid": "{5770385f-c22a-43e0-bf4c-06f5698ffbd9}"
        },
        "EventID": "18",
        "Version": "1",
        "Level": "4",
        "Task": "18",
        "Opcode": "0",
        "Keywords": "0x8000000000000000",
        "TimeCreated": {
          "@SystemTime": "2025-11-21T15:49:34.0966898Z"
        },
        "EventRecordID": "395",
        "Correlation": null,
        "Execution": {
          "@ProcessID": "972",
          "@ThreadID": "6640"
        },
        "Channel": "Microsoft-Windows-Sysmon/Operational",
        "Computer": "DESKTOP-LG3F6GA",
        "Security": {
          "@UserID": "S-1-5-18"
        }
      },
      "EventData": {
        "Data": [
          {
            "@Name": "RuleName",
            "#text": "-"
          },
          {
            "@Name": "EventType",
            "#text": "ConnectPipe"
          },
          {
            "@Name": "UtcTime",
            "#text": "2025-11-21 15:49:34.089"
          },
          {
            "@Name": "ProcessGuid",
            "#text": "{03927271-8a0b-6920-0d03-000000006000}"
          },
          {
            "@Name": "ProcessId",
            "#text": "4988"
          },
          {
            "@Name": "PipeName",
            "#text": "\\yJtPWbgN"
          },
          {
            "@Name": "Image",
            "#text": "C:\\WINDOWS\\SysWOW64\\rundll32.exe"
          }
        ]
      }
    },
    {
      "@xmlns": "http://schemas.microsoft.com/win/2004/08/events/event",
      "System": {
        "Provider": {
          "@Name": "Microsoft-Windows-Sysmon",
          "@Guid": "{5770385f-c22a-43e0-bf4c-06f5698ffbd9}"
        },
        "EventID": "18",
        "Version": "1",
        "Level": "4",
        "Task": "18",
        "Opcode": "0",
        "Keywords": "0x8000000000000000",
        "TimeCreated": {
          "@SystemTime": "2025-11-21T15:49:34.0897154Z"
        },
        "EventRecordID": "394",
        "Correlation": null,
        "Execution": {
          "@ProcessID": "972",
          "@ThreadID": "6640"
        },
        "Channel": "Microsoft-Windows-Sysmon/Operational",
        "Computer": "DESKTOP-LG3F6GA",
        "Security": {
          "@UserID": "S-1-5-18"
        }
      },
      "EventData": {
        "Data": [
          {
            "@Name": "RuleName",
            "#text": "-"
          },
          {
            "@Name": "EventType",
            "#text": "ConnectPipe"
          },
          {
            "@Name": "UtcTime",
            "#text": "2025-11-21 15:49:34.074"
          },
          {
            "@Name": "ProcessGuid",
            "#text": "{03927271-8a0b-6920-0d03-000000006000}"
          },
          {
            "@Name": "ProcessId",
            "#text": "4988"
          },
          {
            "@Name": "PipeName",
            "#text": "\\yJtPWbgN"
          },
          {
            "@Name": "Image",
            "#text": "C:\\WINDOWS\\SysWOW64\\rundll32.exe"
          }
        ]
      }
    },
    {
      "@xmlns": "http://schemas.microsoft.com/win/2004/08/events/event",
      "System": {
        "Provider": {
          "@Name": "Microsoft-Windows-Sysmon",
          "@Guid": "{5770385f-c22a-43e0-bf4c-06f5698ffbd9}"
        },
        "EventID": "18",
        "Version": "1",
        "Level": "4",
        "Task": "18",
        "Opcode": "0",
        "Keywords": "0x8000000000000000",
        "TimeCreated": {
          "@SystemTime": "2025-11-21T15:49:34.0890232Z"
        },
        "EventRecordID": "393",
        "Correlation": null,
        "Execution": {
          "@ProcessID": "972",
          "@ThreadID": "6640"
        },
        "Channel": "Microsoft-Windows-Sysmon/Operational",
        "Computer": "DESKTOP-LG3F6GA",
        "Security": {
          "@UserID": "S-1-5-18"
        }
      },
      "EventData": {
        "Data": [
          {
            "@Name": "RuleName",
            "#text": "-"
          },
          {
            "@Name": "EventType",
            "#text": "ConnectPipe"
          },
          {
            "@Name": "UtcTime",
            "#text": "2025-11-21 15:49:34.074"
          },
          {
            "@Name": "ProcessGuid",
            "#text": "{03927271-8a0b-6920-0d03-000000006000}"
          },
          {
            "@Name": "ProcessId",
            "#text": "4988"
          },
          {
            "@Name": "PipeName",
            "#text": "\\yJtPWbgN"
          },
          {
            "@Name": "Image",
            "#text": "C:\\WINDOWS\\SysWOW64\\rundll32.exe"
          }
        ]
      }
    },
    {
      "@xmlns": "http://schemas.microsoft.com/win/2004/08/events/event",
      "System": {
        "Provider": {
          "@Name": "Microsoft-Windows-Sysmon",
          "@Guid": "{5770385f-c22a-43e0-bf4c-06f5698ffbd9}"
        },
        "EventID": "18",
        "Version": "1",
        "Level": "4",
        "Task": "18",
        "Opcode": "0",
        "Keywords": "0x8000000000000000",
        "TimeCreated": {
          "@SystemTime": "2025-11-21T15:49:34.0784552Z"
        },
        "EventRecordID": "392",
        "Correlation": null,
        "Execution": {
          "@ProcessID": "972",
          "@ThreadID": "6640"
        },
        "Channel": "Microsoft-Windows-Sysmon/Operational",
        "Computer": "DESKTOP-LG3F6GA",
        "Security": {
          "@UserID": "S-1-5-18"
        }
      },
      "EventData": {
        "Data": [
          {
            "@Name": "RuleName",
            "#text": "-"
          },
          {
            "@Name": "EventType",
            "#text": "ConnectPipe"
          },
          {
            "@Name": "UtcTime",
            "#text": "2025-11-21 15:49:34.074"
          },
          {
            "@Name": "ProcessGuid",
            "#text": "{03927271-8a0b-6920-0d03-000000006000}"
          },
          {
            "@Name": "ProcessId",
            "#text": "4988"
          },
          {
            "@Name": "PipeName",
            "#text": "\\yJtPWbgN"
          },
          {
            "@Name": "Image",
            "#text": "C:\\WINDOWS\\SysWOW64\\rundll32.exe"
          }
        ]
      }
    },
    {
      "@xmlns": "http://schemas.microsoft.com/win/2004/08/events/event",
      "System": {
        "Provider": {
          "@Name": "Microsoft-Windows-Sysmon",
          "@Guid": "{5770385f-c22a-43e0-bf4c-06f5698ffbd9}"
        },
        "EventID": "18",
        "Version": "1",
        "Level": "4",
        "Task": "18",
        "Opcode": "0",
        "Keywords": "0x8000000000000000",
        "TimeCreated": {
          "@SystemTime": "2025-11-21T15:49:34.0777290Z"
        },
        "EventRecordID": "391",
        "Correlation": null,
        "Execution": {
          "@ProcessID": "972",
          "@ThreadID": "6640"
        },
        "Channel": "Microsoft-Windows-Sysmon/Operational",
        "Computer": "DESKTOP-LG3F6GA",
        "Security": {
          "@UserID": "S-1-5-18"
        }
      },
      "EventData": {
        "Data": [
          {
            "@Name": "RuleName",
            "#text": "-"
          },
          {
            "@Name": "EventType",
            "#text": "ConnectPipe"
          },
          {
            "@Name": "UtcTime",
            "#text": "2025-11-21 15:49:34.074"
          },
          {
            "@Name": "ProcessGuid",
            "#text": "{03927271-8a0b-6920-0d03-000000006000}"
          },
          {
            "@Name": "ProcessId",
            "#text": "4988"
          },
          {
            "@Name": "PipeName",
            "#text": "\\yJtPWbgN"
          },
          {
            "@Name": "Image",
            "#text": "C:\\WINDOWS\\SysWOW64\\rundll32.exe"
          }
        ]
      }
    },
    {
      "@xmlns": "http://schemas.microsoft.com/win/2004/08/events/event",
      "System": {
        "Provider": {
          "@Name": "Microsoft-Windows-Sysmon",
          "@Guid": "{5770385f-c22a-43e0-bf4c-06f5698ffbd9}"
        },
        "EventID": "18",
        "Version": "1",
        "Level": "4",
        "Task": "18",
        "Opcode": "0",
        "Keywords": "0x8000000000000000",
        "TimeCreated": {
          "@SystemTime": "2025-11-21T15:49:34.0760280Z"
        },
        "EventRecordID": "390",
        "Correlation": null,
        "Execution": {
          "@ProcessID": "972",
          "@ThreadID": "6640"
        },
        "Channel": "Microsoft-Windows-Sysmon/Operational",
        "Computer": "DESKTOP-LG3F6GA",
        "Security": {
          "@UserID": "S-1-5-18"
        }
      },
      "EventData": {
        "Data": [
          {
            "@Name": "RuleName",
            "#text": "-"
          },
          {
            "@Name": "EventType",
            "#text": "ConnectPipe"
          },
          {
            "@Name": "UtcTime",
            "#text": "2025-11-21 15:49:34.074"
          },
          {
            "@Name": "ProcessGuid",
            "#text": "{03927271-8a0b-6920-0d03-000000006000}"
          },
          {
            "@Name": "ProcessId",
            "#text": "4988"
          },
          {
            "@Name": "PipeName",
            "#text": "\\yJtPWbgN"
          },
          {
            "@Name": "Image",
            "#text": "C:\\WINDOWS\\SysWOW64\\rundll32.exe"
          }
        ]
      }
    },
    {
      "@xmlns": "http://schemas.microsoft.com/win/2004/08/events/event",
      "System": {
        "Provider": {
          "@Name": "Microsoft-Windows-Sysmon",
          "@Guid": "{5770385f-c22a-43e0-bf4c-06f5698ffbd9}"
        },
        "EventID": "18",
        "Version": "1",
        "Level": "4",
        "Task": "18",
        "Opcode": "0",
        "Keywords": "0x8000000000000000",
        "TimeCreated": {
          "@SystemTime": "2025-11-21T15:49:34.0726533Z"
        },
        "EventRecordID": "389",
        "Correlation": null,
        "Execution": {
          "@ProcessID": "972",
          "@ThreadID": "6640"
        },
        "Channel": "Microsoft-Windows-Sysmon/Operational",
        "Computer": "DESKTOP-LG3F6GA",
        "Security": {
          "@UserID": "S-1-5-18"
        }
      },
      "EventData": {
        "Data": [
          {
            "@Name": "RuleName",
            "#text": "-"
          },
          {
            "@Name": "EventType",
            "#text": "ConnectPipe"
          },
          {
            "@Name": "UtcTime",
            "#text": "2025-11-21 15:49:34.058"
          },
          {
            "@Name": "ProcessGuid",
            "#text": "{03927271-8a0b-6920-0d03-000000006000}"
          },
          {
            "@Name": "ProcessId",
            "#text": "4988"
          },
          {
            "@Name": "PipeName",
            "#text": "\\yJtPWbgN"
          },
          {
            "@Name": "Image",
            "#text": "C:\\WINDOWS\\SysWOW64\\rundll32.exe"
          }
        ]
      }
    },
    {
      "@xmlns": "http://schemas.microsoft.com/win/2004/08/events/event",
      "System": {
        "Provider": {
          "@Name": "Microsoft-Windows-Sysmon",
          "@Guid": "{5770385f-c22a-43e0-bf4c-06f5698ffbd9}"
        },
        "EventID": "18",
        "Version": "1",
        "Level": "4",
        "Task": "18",
        "Opcode": "0",
        "Keywords": "0x8000000000000000",
        "TimeCreated": {
          "@SystemTime": "2025-11-21T15:49:34.0705285Z"
        },
        "EventRecordID": "388",
        "Correlation": null,
        "Execution": {
          "@ProcessID": "972",
          "@ThreadID": "6640"
        },
        "Channel": "Microsoft-Windows-Sysmon/Operational",
        "Computer": "DESKTOP-LG3F6GA",
        "Security": {
          "@UserID": "S-1-5-18"
        }
      },
      "EventData": {
        "Data": [
          {
            "@Name": "RuleName",
            "#text": "-"
          },
          {
            "@Name": "EventType",
            "#text": "ConnectPipe"
          },
          {
            "@Name": "UtcTime",
            "#text": "2025-11-21 15:49:34.058"
          },
          {
            "@Name": "ProcessGuid",
            "#text": "{03927271-8a0b-6920-0d03-000000006000}"
          },
          {
            "@Name": "ProcessId",
            "#text": "4988"
          },
          {
            "@Name": "PipeName",
            "#text": "\\yJtPWbgN"
          },
          {
            "@Name": "Image",
            "#text": "C:\\WINDOWS\\SysWOW64\\rundll32.exe"
          }
        ]
      }
    },
    {
      "@xmlns": "http://schemas.microsoft.com/win/2004/08/events/event",
      "System": {
        "Provider": {
          "@Name": "Microsoft-Windows-Sysmon",
          "@Guid": "{5770385f-c22a-43e0-bf4c-06f5698ffbd9}"
        },
        "EventID": "18",
        "Version": "1",
        "Level": "4",
        "Task": "18",
        "Opcode": "0",
        "Keywords": "0x8000000000000000",
        "TimeCreated": {
          "@SystemTime": "2025-11-21T15:49:34.0698605Z"
        },
        "EventRecordID": "387",
        "Correlation": null,
        "Execution": {
          "@ProcessID": "972",
          "@ThreadID": "6640"
        },
        "Channel": "Microsoft-Windows-Sysmon/Operational",
        "Computer": "DESKTOP-LG3F6GA",
        "Security": {
          "@UserID": "S-1-5-18"
        }
      },
      "EventData": {
        "Data": [
          {
            "@Name": "RuleName",
            "#text": "-"
          },
          {
            "@Name": "EventType",
            "#text": "ConnectPipe"
          },
          {
            "@Name": "UtcTime",
            "#text": "2025-11-21 15:49:34.058"
          },
          {
            "@Name": "ProcessGuid",
            "#text": "{03927271-8a0b-6920-0d03-000000006000}"
          },
          {
            "@Name": "ProcessId",
            "#text": "4988"
          },
          {
            "@Name": "PipeName",
            "#text": "\\yJtPWbgN"
          },
          {
            "@Name": "Image",
            "#text": "C:\\WINDOWS\\SysWOW64\\rundll32.exe"
          }
        ]
      }
    },
    {
      "@xmlns": "http://schemas.microsoft.com/win/2004/08/events/event",
      "System": {
        "Provider": {
          "@Name": "Microsoft-Windows-Sysmon",
          "@Guid": "{5770385f-c22a-43e0-bf4c-06f5698ffbd9}"
        },
        "EventID": "18",
        "Version": "1",
        "Level": "4",
        "Task": "18",
        "Opcode": "0",
        "Keywords": "0x8000000000000000",
        "TimeCreated": {
          "@SystemTime": "2025-11-21T15:49:34.0575443Z"
        },
        "EventRecordID": "386",
        "Correlation": null,
        "Execution": {
          "@ProcessID": "972",
          "@ThreadID": "6640"
        },
        "Channel": "Microsoft-Windows-Sysmon/Operational",
        "Computer": "DESKTOP-LG3F6GA",
        "Security": {
          "@UserID": "S-1-5-18"
        }
      },
      "EventData": {
        "Data": [
          {
            "@Name": "RuleName",
            "#text": "-"
          },
          {
            "@Name": "EventType",
            "#text": "ConnectPipe"
          },
          {
            "@Name": "UtcTime",
            "#text": "2025-11-21 15:49:34.042"
          },
          {
            "@Name": "ProcessGuid",
            "#text": "{03927271-8a0b-6920-0d03-000000006000}"
          },
          {
            "@Name": "ProcessId",
            "#text": "4988"
          },
          {
            "@Name": "PipeName",
            "#text": "\\yJtPWbgN"
          },
          {
            "@Name": "Image",
            "#text": "C:\\WINDOWS\\SysWOW64\\rundll32.exe"
          }
        ]
      }
    },
    {
      "@xmlns": "http://schemas.microsoft.com/win/2004/08/events/event",
      "System": {
        "Provider": {
          "@Name": "Microsoft-Windows-Sysmon",
          "@Guid": "{5770385f-c22a-43e0-bf4c-06f5698ffbd9}"
        },
        "EventID": "18",
        "Version": "1",
        "Level": "4",
        "Task": "18",
        "Opcode": "0",
        "Keywords": "0x8000000000000000",
        "TimeCreated": {
          "@SystemTime": "2025-11-21T15:49:34.0563042Z"
        },
        "EventRecordID": "385",
        "Correlation": null,
        "Execution": {
          "@ProcessID": "972",
          "@ThreadID": "6640"
        },
        "Channel": "Microsoft-Windows-Sysmon/Operational",
        "Computer": "DESKTOP-LG3F6GA",
        "Security": {
          "@UserID": "S-1-5-18"
        }
      },
      "EventData": {
        "Data": [
          {
            "@Name": "RuleName",
            "#text": "-"
          },
          {
            "@Name": "EventType",
            "#text": "ConnectPipe"
          },
          {
            "@Name": "UtcTime",
            "#text": "2025-11-21 15:49:34.042"
          },
          {
            "@Name": "ProcessGuid",
            "#text": "{03927271-8a0b-6920-0d03-000000006000}"
          },
          {
            "@Name": "ProcessId",
            "#text": "4988"
          },
          {
            "@Name": "PipeName",
            "#text": "\\yJtPWbgN"
          },
          {
            "@Name": "Image",
            "#text": "C:\\WINDOWS\\SysWOW64\\rundll32.exe"
          }
        ]
      }
    },
    {
      "@xmlns": "http://schemas.microsoft.com/win/2004/08/events/event",
      "System": {
        "Provider": {
          "@Name": "Microsoft-Windows-Sysmon",
          "@Guid": "{5770385f-c22a-43e0-bf4c-06f5698ffbd9}"
        },
        "EventID": "18",
        "Version": "1",
        "Level": "4",
        "Task": "18",
        "Opcode": "0",
        "Keywords": "0x8000000000000000",
        "TimeCreated": {
          "@SystemTime": "2025-11-21T15:49:34.0555272Z"
        },
        "EventRecordID": "384",
        "Correlation": null,
        "Execution": {
          "@ProcessID": "972",
          "@ThreadID": "6640"
        },
        "Channel": "Microsoft-Windows-Sysmon/Operational",
        "Computer": "DESKTOP-LG3F6GA",
        "Security": {
          "@UserID": "S-1-5-18"
        }
      },
      "EventData": {
        "Data": [
          {
            "@Name": "RuleName",
            "#text": "-"
          },
          {
            "@Name": "EventType",
            "#text": "ConnectPipe"
          },
          {
            "@Name": "UtcTime",
            "#text": "2025-11-21 15:49:34.042"
          },
          {
            "@Name": "ProcessGuid",
            "#text": "{03927271-8a0b-6920-0d03-000000006000}"
          },
          {
            "@Name": "ProcessId",
            "#text": "4988"
          },
          {
            "@Name": "PipeName",
            "#text": "\\yJtPWbgN"
          },
          {
            "@Name": "Image",
            "#text": "C:\\WINDOWS\\SysWOW64\\rundll32.exe"
          }
        ]
      }
    },
    {
      "@xmlns": "http://schemas.microsoft.com/win/2004/08/events/event",
      "System": {
        "Provider": {
          "@Name": "Microsoft-Windows-Sysmon",
          "@Guid": "{5770385f-c22a-43e0-bf4c-06f5698ffbd9}"
        },
        "EventID": "18",
        "Version": "1",
        "Level": "4",
        "Task": "18",
        "Opcode": "0",
        "Keywords": "0x8000000000000000",
        "TimeCreated": {
          "@SystemTime": "2025-11-21T15:49:34.0539780Z"
        },
        "EventRecordID": "383",
        "Correlation": null,
        "Execution": {
          "@ProcessID": "972",
          "@ThreadID": "6640"
        },
        "Channel": "Microsoft-Windows-Sysmon/Operational",
        "Computer": "DESKTOP-LG3F6GA",
        "Security": {
          "@UserID": "S-1-5-18"
        }
      },
      "EventData": {
        "Data": [
          {
            "@Name": "RuleName",
            "#text": "-"
          },
          {
            "@Name": "EventType",
            "#text": "ConnectPipe"
          },
          {
            "@Name": "UtcTime",
            "#text": "2025-11-21 15:49:34.042"
          },
          {
            "@Name": "ProcessGuid",
            "#text": "{03927271-8a0b-6920-0d03-000000006000}"
          },
          {
            "@Name": "ProcessId",
            "#text": "4988"
          },
          {
            "@Name": "PipeName",
            "#text": "\\yJtPWbgN"
          },
          {
            "@Name": "Image",
            "#text": "C:\\WINDOWS\\SysWOW64\\rundll32.exe"
          }
        ]
      }
    },
    {
      "@xmlns": "http://schemas.microsoft.com/win/2004/08/events/event",
      "System": {
        "Provider": {
          "@Name": "Microsoft-Windows-Sysmon",
          "@Guid": "{5770385f-c22a-43e0-bf4c-06f5698ffbd9}"
        },
        "EventID": "18",
        "Version": "1",
        "Level": "4",
        "Task": "18",
        "Opcode": "0",
        "Keywords": "0x8000000000000000",
        "TimeCreated": {
          "@SystemTime": "2025-11-21T15:49:34.0493518Z"
        },
        "EventRecordID": "382",
        "Correlation": null,
        "Execution": {
          "@ProcessID": "972",
          "@ThreadID": "6640"
        },
        "Channel": "Microsoft-Windows-Sysmon/Operational",
        "Computer": "DESKTOP-LG3F6GA",
        "Security": {
          "@UserID": "S-1-5-18"
        }
      },
      "EventData": {
        "Data": [
          {
            "@Name": "RuleName",
            "#text": "-"
          },
          {
            "@Name": "EventType",
            "#text": "ConnectPipe"
          },
          {
            "@Name": "UtcTime",
            "#text": "2025-11-21 15:49:34.042"
          },
          {
            "@Name": "ProcessGuid",
            "#text": "{03927271-8a0b-6920-0d03-000000006000}"
          },
          {
            "@Name": "ProcessId",
            "#text": "4988"
          },
          {
            "@Name": "PipeName",
            "#text": "\\yJtPWbgN"
          },
          {
            "@Name": "Image",
            "#text": "C:\\WINDOWS\\SysWOW64\\rundll32.exe"
          }
        ]
      }
    },
