{
  "target": {
    "category": "file",
    "file": {
      "name": "dummydllwithentrypoint.dll",
      "path": "/opt/CAPEv2/storage/binaries/c1308bc146a8b151cdc2356d38ff688335dc403e4f5e7c94deb307f550503e6a",
      "guest_paths": "",
      "size": 80896,
      "crc32": "31608074",
      "md5": "5cf5fa167695af2bfbc4ff27b60d61c3",
      "sha1": "55c0869f8521a569bff8faff9f2868c5e5242eb7",
      "sha256": "c1308bc146a8b151cdc2356d38ff688335dc403e4f5e7c94deb307f550503e6a",
      "sha512": "39425034a34fdc8ce5c3955b74565fcdb6135a0625602abc575811a3c5e1f29bc6a2f97a29822a12d2107dd4e7326c66f6b3840adeac2431583644da4121a44f",
      "rh_hash": null,
      "ssdeep": "1536:X1zuJZjPId4y3UukoxLHTFUIsuGoSVdJssWdcd7c9W/b+uer:XYfAd4GUqLHLwJJ7MW/b+uer",
      "type": "PE32 executable (DLL) (GUI) Intel 80386, for MS Windows",
      "yara": [],
      "cape_yara": [],
      "clamav": [],
      "tlsh": "T141835C00B6E1D071E5BF1A315474EA729F3DB911DEE09D6B2B9A072A4F302C0DA35D6B",
      "sha3_384": "d7a1395cb96d4f622f0e901db2beb7361e0d6908cb67e5dcf54b85ce70cd5b8ef0a058487695814ef36ce47a0326cfe1",
      "pe": {
        "guest_signers": {
          "aux_sha1": null,
          "aux_timestamp": null,
          "aux_valid": false,
          "aux_error": true,
          "aux_error_desc": "No signature found.",
          "aux_signers": []
        },
        "digital_signers": [],
        "imagebase": "0x10000000",
        "entrypoint": "0x000013a2",
        "ep_bytes": "558bec837d0c017505e862000000ff75",
        "peid_signatures": null,
        "reported_checksum": "0x00000000",
        "actual_checksum": "0x0001b114",
        "osversion": "6.0",
        "pdbpath": null,
        "imports": {
          "USER32": {
            "dll": "USER32.dll",
            "imports": [
              {
                "address": "0x1000d108",
                "name": "MessageBoxA"
              }
            ]
          },
          "KERNEL32": {
            "dll": "KERNEL32.dll",
            "imports": [
              {
                "address": "0x1000d000",
                "name": "FindNextFileW"
              },
              {
                "address": "0x1000d004",
                "name": "WriteConsoleW"
              },
              {
                "address": "0x1000d008",
                "name": "QueryPerformanceCounter"
              },
              {
                "address": "0x1000d00c",
                "name": "GetCurrentProcessId"
              },
              {
                "address": "0x1000d010",
                "name": "GetCurrentThreadId"
              },
              {
                "address": "0x1000d014",
                "name": "GetSystemTimeAsFileTime"
              },
              {
                "address": "0x1000d018",
                "name": "InitializeSListHead"
              },
              {
                "address": "0x1000d01c",
                "name": "IsDebuggerPresent"
              },
              {
                "address": "0x1000d020",
                "name": "UnhandledExceptionFilter"
              },
              {
                "address": "0x1000d024",
                "name": "SetUnhandledExceptionFilter"
              },
              {
                "address": "0x1000d028",
                "name": "GetStartupInfoW"
              },
              {
                "address": "0x1000d02c",
                "name": "IsProcessorFeaturePresent"
              },
              {
                "address": "0x1000d030",
                "name": "GetModuleHandleW"
              },
              {
                "address": "0x1000d034",
                "name": "GetCurrentProcess"
              },
              {
                "address": "0x1000d038",
                "name": "TerminateProcess"
              },
              {
                "address": "0x1000d03c",
                "name": "CloseHandle"
              },
              {
                "address": "0x1000d040",
                "name": "InterlockedFlushSList"
              },
              {
                "address": "0x1000d044",
                "name": "RtlUnwind"
              },
              {
                "address": "0x1000d048",
                "name": "GetLastError"
              },
              {
                "address": "0x1000d04c",
                "name": "SetLastError"
              },
              {
                "address": "0x1000d050",
                "name": "EnterCriticalSection"
              },
              {
                "address": "0x1000d054",
                "name": "LeaveCriticalSection"
              },
              {
                "address": "0x1000d058",
                "name": "DeleteCriticalSection"
              },
              {
                "address": "0x1000d05c",
                "name": "InitializeCriticalSectionAndSpinCount"
              },
              {
                "address": "0x1000d060",
                "name": "TlsAlloc"
              },
              {
                "address": "0x1000d064",
                "name": "TlsGetValue"
              },
              {
                "address": "0x1000d068",
                "name": "TlsSetValue"
              },
              {
                "address": "0x1000d06c",
                "name": "TlsFree"
              },
              {
                "address": "0x1000d070",
                "name": "FreeLibrary"
              },
              {
                "address": "0x1000d074",
                "name": "GetProcAddress"
              },
              {
                "address": "0x1000d078",
                "name": "LoadLibraryExW"
              },
              {
                "address": "0x1000d07c",
                "name": "EncodePointer"
              },
              {
                "address": "0x1000d080",
                "name": "RaiseException"
              },
              {
                "address": "0x1000d084",
                "name": "ExitProcess"
              },
              {
                "address": "0x1000d088",
                "name": "GetModuleHandleExW"
              },
              {
                "address": "0x1000d08c",
                "name": "GetModuleFileNameW"
              },
              {
                "address": "0x1000d090",
                "name": "HeapAlloc"
              },
              {
                "address": "0x1000d094",
                "name": "HeapFree"
              },
              {
                "address": "0x1000d098",
                "name": "FindClose"
              },
              {
                "address": "0x1000d09c",
                "name": "FindFirstFileExW"
              },
              {
                "address": "0x1000d0a0",
                "name": "DecodePointer"
              },
              {
                "address": "0x1000d0a4",
                "name": "IsValidCodePage"
              },
              {
                "address": "0x1000d0a8",
                "name": "GetACP"
              },
              {
                "address": "0x1000d0ac",
                "name": "GetOEMCP"
              },
              {
                "address": "0x1000d0b0",
                "name": "GetCPInfo"
              },
              {
                "address": "0x1000d0b4",
                "name": "GetCommandLineA"
              },
              {
                "address": "0x1000d0b8",
                "name": "GetCommandLineW"
              },
              {
                "address": "0x1000d0bc",
                "name": "MultiByteToWideChar"
              },
              {
                "address": "0x1000d0c0",
                "name": "WideCharToMultiByte"
              },
              {
                "address": "0x1000d0c4",
                "name": "GetEnvironmentStringsW"
              },
              {
                "address": "0x1000d0c8",
                "name": "FreeEnvironmentStringsW"
              },
              {
                "address": "0x1000d0cc",
                "name": "LCMapStringW"
              },
              {
                "address": "0x1000d0d0",
                "name": "GetProcessHeap"
              },
              {
                "address": "0x1000d0d4",
                "name": "GetStdHandle"
              },
              {
                "address": "0x1000d0d8",
                "name": "GetFileType"
              },
              {
                "address": "0x1000d0dc",
                "name": "GetStringTypeW"
              },
              {
                "address": "0x1000d0e0",
                "name": "HeapSize"
              },
              {
                "address": "0x1000d0e4",
                "name": "HeapReAlloc"
              },
              {
                "address": "0x1000d0e8",
                "name": "SetStdHandle"
              },
              {
                "address": "0x1000d0ec",
                "name": "FlushFileBuffers"
              },
              {
                "address": "0x1000d0f0",
                "name": "WriteFile"
              },
              {
                "address": "0x1000d0f4",
                "name": "GetConsoleOutputCP"
              },
              {
                "address": "0x1000d0f8",
                "name": "GetConsoleMode"
              },
              {
                "address": "0x1000d0fc",
                "name": "SetFilePointerEx"
              },
              {
                "address": "0x1000d100",
                "name": "CreateFileW"
              }
            ]
          }
        },
        "exported_dll_name": "dummydllwithentrypoint.dll",
        "exports": [
          {
            "address": "0x10001000",
            "name": "exported_function",
            "ordinal": 1
          }
        ],
        "dirents": [
          {
            "name": "IMAGE_DIRECTORY_ENTRY_EXPORT",
            "virtual_address": "0x00012870",
            "size": "0x00000060"
          },
          {
            "name": "IMAGE_DIRECTORY_ENTRY_IMPORT",
            "virtual_address": "0x000128d0",
            "size": "0x0000003c"
          },
          {
            "name": "IMAGE_DIRECTORY_ENTRY_RESOURCE",
            "virtual_address": "0x00000000",
            "size": "0x00000000"
          },
          {
            "name": "IMAGE_DIRECTORY_ENTRY_EXCEPTION",
            "virtual_address": "0x00000000",
            "size": "0x00000000"
          },
          {
            "name": "IMAGE_DIRECTORY_ENTRY_SECURITY",
            "virtual_address": "0x00000000",
            "size": "0x00000000"
          },
          {
            "name": "IMAGE_DIRECTORY_ENTRY_BASERELOC",
            "virtual_address": "0x00015000",
            "size": "0x00000eb4"
          },
          {
            "name": "IMAGE_DIRECTORY_ENTRY_DEBUG",
            "virtual_address": "0x00011d80",
            "size": "0x0000001c"
          },
          {
            "name": "IMAGE_DIRECTORY_ENTRY_COPYRIGHT",
            "virtual_address": "0x00000000",
            "size": "0x00000000"
          },
          {
            "name": "IMAGE_DIRECTORY_ENTRY_GLOBALPTR",
            "virtual_address": "0x00000000",
            "size": "0x00000000"
          },
          {
            "name": "IMAGE_DIRECTORY_ENTRY_TLS",
            "virtual_address": "0x00000000",
            "size": "0x00000000"
          },
          {
            "name": "IMAGE_DIRECTORY_ENTRY_LOAD_CONFIG",
            "virtual_address": "0x00011cc0",
            "size": "0x00000040"
          },
          {
            "name": "IMAGE_DIRECTORY_ENTRY_BOUND_IMPORT",
            "virtual_address": "0x00000000",
            "size": "0x00000000"
          },
          {
            "name": "IMAGE_DIRECTORY_ENTRY_IAT",
            "virtual_address": "0x0000d000",
            "size": "0x00000110"
          },
          {
            "name": "IMAGE_DIRECTORY_ENTRY_DELAY_IMPORT",
            "virtual_address": "0x00000000",
            "size": "0x00000000"
          },
          {
            "name": "IMAGE_DIRECTORY_ENTRY_COM_DESCRIPTOR",
            "virtual_address": "0x00000000",
            "size": "0x00000000"
          },
          {
            "name": "IMAGE_DIRECTORY_ENTRY_RESERVED",
            "virtual_address": "0x00000000",
            "size": "0x00000000"
          }
        ],
        "sections": [
          {
            "name": ".text",
            "raw_address": "0x00000400",
            "virtual_address": "0x00001000",
            "virtual_size": "0x0000bd93",
            "size_of_data": "0x0000be00",
            "characteristics": "IMAGE_SCN_CNT_CODE|IMAGE_SCN_MEM_EXECUTE|IMAGE_SCN_MEM_READ",
            "characteristics_raw": "0x60000020",
            "entropy": "6.60"
          },
          {
            "name": ".rdata",
            "raw_address": "0x0000c200",
            "virtual_address": "0x0000d000",
            "virtual_size": "0x00005efa",
            "size_of_data": "0x00006000",
            "characteristics": "IMAGE_SCN_CNT_INITIALIZED_DATA|IMAGE_SCN_MEM_READ",
            "characteristics_raw": "0x40000040",
            "entropy": "4.80"
          },
          {
            "name": ".data",
            "raw_address": "0x00012200",
            "virtual_address": "0x00013000",
            "virtual_size": "0x00001334",
            "size_of_data": "0x00000a00",
            "characteristics": "IMAGE_SCN_CNT_INITIALIZED_DATA|IMAGE_SCN_MEM_READ|IMAGE_SCN_MEM_WRITE",
            "characteristics_raw": "0xc0000040",
            "entropy": "2.29"
          },
          {
            "name": ".reloc",
            "raw_address": "0x00012c00",
            "virtual_address": "0x00015000",
            "virtual_size": "0x00000eb4",
            "size_of_data": "0x00001000",
            "characteristics": "IMAGE_SCN_CNT_INITIALIZED_DATA|IMAGE_SCN_MEM_DISCARDABLE|IMAGE_SCN_MEM_READ",
            "characteristics_raw": "0x42000040",
            "entropy": "6.25"
          }
        ],
        "overlay": null,
        "resources": [],
        "versioninfo": [],
        "imphash": "4bb526e877d44dd32668f66997abc3ba",
        "timestamp": "2023-05-24 15:28:06",
        "icon": null,
        "icon_hash": null,
        "icon_fuzzy": null,
        "icon_dhash": null,
        "imported_dll_count": 2
      },
      "data": null,
      "cape_type_code": 0,
      "cape_type": ""
    }
  },
  "info": {
    "version": "2.4-CAPE",
    "started": "2025-11-21 15:49:06",
    "ended": "2025-11-21 15:50:52",
    "duration": 106,
    "id": 279605,
    "category": "file",
    "custom": "",
    "machine": {
      "id": 279593,
      "status": "stopping",
      "name": "cape_u-12_win10x64-40",
      "label": "cape_u-12_win10x64-40",
      "platform": "windows",
      "manager": "KVM",
      "started_on": "2025-11-21 15:49:06",
      "shutdown_on": "2025-11-21 15:50:51"
    },
    "package": "dll",
    "timeout": true,
    "shrike_url": null,
    "shrike_refer": null,
    "shrike_msg": null,
    "shrike_sid": null,
    "parent_id": null,
    "tlp": null,
    "parent_sample": {},
    "options": {
      "function": "exported_function",
      "enable_multi": "true",
      "force-sleepskip": "1",
      "api-cap": "1000"
    },
    "source_url": null,
    "route": "inetsim",
    "user_id": 1,
    "CAPE_current_commit": "eaaacb40aa2281b36851d3c02d8396391a466a78"
  },
  "signatures": [
    {
      "name": "stealth_network",
      "description": "Network activity detected but not expressed in monitor API logs",
      "categories": [
        "stealth"
      ],
      "severity": 1,
      "weight": 1,
      "confidence": 100,
      "references": [],
      "data": [
        {
          "ip": "74.178.240.61"
        },
        {
          "domain": "settings-win.data.microsoft.com"
        },
        {
          "domain": "online_nat.online_nat"
        },
        {
          "domain": "crl.microsoft.com"
        },
        {
          "domain": "slscr.update.microsoft.com"
        },
        {
          "domain": "www.microsoft.com"
        }
      ],
      "new_data": [],
      "alert": false,
      "families": []
    },
    {
      "name": "stealth_timeout",
      "description": "Possible date expiration check, exits too soon after checking local time",
      "categories": [
        "stealth"
      ],
      "severity": 1,
      "weight": 1,
      "confidence": 40,
      "references": [],
      "data": [
        {
          "process": "rundll32.exe, PID 4988"
        },
        {
          "type": "call",
          "pid": 4988,
          "cid": 144
        }
      ],
      "new_data": [],
      "alert": false,
      "families": []
    }
  ],
  "CAPE": {
    "payloads": [],
    "configs": []
  },
  "curtain": null,
  "sysmon": [
    {
      "@xmlns": "http://schemas.microsoft.com/win/2004/08/events/event",
      "System": {
        "Provider": {
          "@Name": "Microsoft-Windows-Sysmon",
          "@Guid": "{5770385f-c22a-43e0-bf4c-06f5698ffbd9}"
        },
        "EventID": "5",
        "Version": "3",
        "Level": "4",
        "Task": "5",
        "Opcode": "0",
        "Keywords": "0x8000000000000000",
        "TimeCreated": {
          "@SystemTime": "2025-11-21T15:50:35.0122169Z"
        },
        "EventRecordID": "585",
        "Correlation": null,
        "Execution": {
          "@ProcessID": "972",
          "@ThreadID": "6640"
        },
        "Channel": "Microsoft-Windows-Sysmon/Operational",
        "Computer": "DESKTOP-LG3F6GA",
        "Security": {
          "@UserID": "S-1-5-18"
        }
      },
      "EventData": {
        "Data": [
          {
            "@Name": "RuleName",
            "#text": "-"
          },
          {
            "@Name": "UtcTime",
            "#text": "2025-11-21 15:50:35.011"
          },
          {
            "@Name": "ProcessGuid",
            "#text": "{03927271-89f2-6920-2402-000000006000}"
          },
          {
            "@Name": "ProcessId",
            "#text": "3172"
          },
          {
            "@Name": "Image",
            "#text": "C:\\Windows\\System32\\sppsvc.exe"
          }
        ]
      }
    },
    {
      "@xmlns": "http://schemas.microsoft.com/win/2004/08/events/event",
      "System": {
        "Provider": {
          "@Name": "Microsoft-Windows-Sysmon",
          "@Guid": "{5770385f-c22a-43e0-bf4c-06f5698ffbd9}"
        },
        "EventID": "5",
        "Version": "3",
        "Level": "4",
        "Task": "5",
        "Opcode": "0",
        "Keywords": "0x8000000000000000",
        "TimeCreated": {
          "@SystemTime": "2025-11-21T15:50:35.0080311Z"
        },
        "EventRecordID": "584",
        "Correlation": null,
        "Execution": {
          "@ProcessID": "972",
          "@ThreadID": "6640"
        },
        "Channel": "Microsoft-Windows-Sysmon/Operational",
        "Computer": "DESKTOP-LG3F6GA",
        "Security": {
          "@UserID": "S-1-5-18"
        }
      },
      "EventData": {
        "Data": [
          {
            "@Name": "RuleName",
            "#text": "-"
          },
          {
            "@Name": "UtcTime",
            "#text": "2025-11-21 15:50:34.995"
          },
          {
            "@Name": "ProcessGuid",
            "#text": "{03927271-89f2-6920-2502-000000006000}"
          },
          {
            "@Name": "ProcessId",
            "#text": "5912"
          },
          {
            "@Name": "Image",
            "#text": "C:\\Windows\\System32\\SppExtComObj.Exe"
          }
        ]
      }
    },
    {
      "@xmlns": "http://schemas.microsoft.com/win/2004/08/events/event",
      "System": {
        "Provider": {
          "@Name": "Microsoft-Windows-Sysmon",
          "@Guid": "{5770385f-c22a-43e0-bf4c-06f5698ffbd9}"
        },
        "EventID": "13",
        "Version": "2",
        "Level": "4",
        "Task": "13",
        "Opcode": "0",
        "Keywords": "0x8000000000000000",
        "TimeCreated": {
          "@SystemTime": "2025-11-21T15:50:35.0033574Z"
        },
        "EventRecordID": "583",
        "Correlation": null,
        "Execution": {
          "@ProcessID": "972",
          "@ThreadID": "6640"
        },
        "Channel": "Microsoft-Windows-Sysmon/Operational",
        "Computer": "DESKTOP-LG3F6GA",
        "Security": {
          "@UserID": "S-1-5-18"
        }
      },
      "EventData": {
        "Data": [
          {
            "@Name": "RuleName",
            "#text": "-"
          },
          {
            "@Name": "EventType",
            "#text": "SetValue"
          },
          {
            "@Name": "UtcTime",
            "#text": "2025-11-21 15:50:34.995"
          },
          {
            "@Name": "ProcessGuid",
            "#text": "{03927271-89f2-6920-2402-000000006000}"
          },
          {
            "@Name": "ProcessId",
            "#text": "3172"
          },
          {
            "@Name": "Image",
            "#text": "C:\\WINDOWS\\system32\\sppsvc.exe"
          },
          {
            "@Name": "TargetObject",
            "#text": "HKLM\\SOFTWARE\\Microsoft\\Windows NT\\CurrentVersion\\Notifications\\Data\\418A073AA3BC1C75"
          },
          {
            "@Name": "Details",
            "#text": "Binary Data"
          }
        ]
      }
    },
    {
      "@xmlns": "http://schemas.microsoft.com/win/2004/08/events/event",
      "System": {
        "Provider": {
          "@Name": "Microsoft-Windows-Sysmon",
          "@Guid": "{5770385f-c22a-43e0-bf4c-06f5698ffbd9}"
        },
        "EventID": "11",
        "Version": "2",
        "Level": "4",
        "Task": "11",
        "Opcode": "0",
        "Keywords": "0x8000000000000000",
        "TimeCreated": {
          "@SystemTime": "2025-11-21T15:50:34.0965476Z"
        },
        "EventRecordID": "582",
        "Correlation": null,
        "Execution": {
          "@ProcessID": "972",
          "@ThreadID": "6640"
        },
        "Channel": "Microsoft-Windows-Sysmon/Operational",
        "Computer": "DESKTOP-LG3F6GA",
        "Security": {
          "@UserID": "S-1-5-18"
        }
      },
      "EventData": {
        "Data": [
          {
            "@Name": "RuleName",
            "#text": "-"
          },
          {
            "@Name": "UtcTime",
            "#text": "2025-11-21 15:50:34.089"
          },
          {
            "@Name": "ProcessGuid",
            "#text": "{03927271-89f2-6920-2402-000000006000}"
          },
          {
            "@Name": "ProcessId",
            "#text": "3172"
          },
          {
            "@Name": "Image",
            "#text": "C:\\WINDOWS\\system32\\sppsvc.exe"
          },
          {
            "@Name": "TargetFilename",
            "#text": "C:\\Windows\\System32\\spp\\store\\2.0\\cache\\cache.dat"
          },
          {
            "@Name": "CreationUtcTime",
            "#text": "2020-11-19 07:41:01.926"
          }
        ]
      }
    },
    {
      "@xmlns": "http://schemas.microsoft.com/win/2004/08/events/event",
      "System": {
        "Provider": {
          "@Name": "Microsoft-Windows-Sysmon",
          "@Guid": "{5770385f-c22a-43e0-bf4c-06f5698ffbd9}"
        },
        "EventID": "7",
        "Version": "3",
        "Level": "4",
        "Task": "7",
        "Opcode": "0",
        "Keywords": "0x8000000000000000",
        "TimeCreated": {
          "@SystemTime": "2025-11-21T15:50:22.6893631Z"
        },
        "EventRecordID": "581",
        "Correlation": null,
        "Execution": {
          "@ProcessID": "972",
          "@ThreadID": "6640"
        },
        "Channel": "Microsoft-Windows-Sysmon/Operational",
        "Computer": "DESKTOP-LG3F6GA",
        "Security": {
          "@UserID": "S-1-5-18"
        }
      },
      "EventData": {
        "Data": [
          {
            "@Name": "RuleName",
            "#text": "-"
          },
          {
            "@Name": "UtcTime",
            "#text": "2025-11-21 15:50:22.683"
          },
          {
            "@Name": "ProcessGuid",
            "#text": "{03927271-2e30-68ca-4600-000000006000}"
          },
          {
            "@Name": "ProcessId",
            "#text": "2952"
          },
          {
            "@Name": "Image",
            "#text": "C:\\Windows\\System32\\svchost.exe"
          },
          {
            "@Name": "ImageLoaded",
            "#text": "C:\\Windows\\System32\\msasn1.dll"
          },
          {
            "@Name": "FileVersion",
            "#text": "10.0.19041.546 (WinBuild.160101.0800)"
          },
          {
            "@Name": "Description",
            "#text": "ASN.1 Runtime APIs"
          },
          {
            "@Name": "Product",
            "#text": "Microsoft速 Windows速 Operating System"
          },
          {
            "@Name": "Company",
            "#text": "Microsoft Corporation"
          },
          {
            "@Name": "OriginalFileName",
            "#text": "msasn1.dll"
          },
          {
            "@Name": "Hashes",
            "#text": "SHA256=589F8393DEE90934AFD9E70739CAAC7CD8E85F6A9501635F0B9026E272B349FD"
          },
          {
            "@Name": "Signed",
            "#text": "true"
          },
          {
            "@Name": "Signature",
            "#text": "Microsoft Windows"
          },
          {
            "@Name": "SignatureStatus",
            "#text": "Valid"
          }
        ]
      }
    },
    {
      "@xmlns": "http://schemas.microsoft.com/win/2004/08/events/event",
      "System": {
        "Provider": {
          "@Name": "Microsoft-Windows-Sysmon",
          "@Guid": "{5770385f-c22a-43e0-bf4c-06f5698ffbd9}"
        },
        "EventID": "5",
        "Version": "3",
        "Level": "4",
        "Task": "5",
        "Opcode": "0",
        "Keywords": "0x8000000000000000",
        "TimeCreated": {
          "@SystemTime": "2025-11-21T15:50:19.8733012Z"
        },
        "EventRecordID": "580",
        "Correlation": null,
        "Execution": {
          "@ProcessID": "972",
          "@ThreadID": "6640"
        },
        "Channel": "Microsoft-Windows-Sysmon/Operational",
        "Computer": "DESKTOP-LG3F6GA",
        "Security": {
          "@UserID": "S-1-5-18"
        }
      },
      "EventData": {
        "Data": [
          {
            "@Name": "RuleName",
            "#text": "-"
          },
          {
            "@Name": "UtcTime",
            "#text": "2025-11-21 15:50:19.870"
          },
          {
            "@Name": "ProcessGuid",
            "#text": "{03927271-89f2-6920-1e02-000000006000}"
          },
          {
            "@Name": "ProcessId",
            "#text": "5440"
          },
          {
            "@Name": "Image",
            "#text": "C:\\Windows\\System32\\svchost.exe"
          }
        ]
      }
    },
    {
      "@xmlns": "http://schemas.microsoft.com/win/2004/08/events/event",
      "System": {
        "Provider": {
          "@Name": "Microsoft-Windows-Sysmon",
          "@Guid": "{5770385f-c22a-43e0-bf4c-06f5698ffbd9}"
        },
        "EventID": "5",
        "Version": "3",
        "Level": "4",
        "Task": "5",
        "Opcode": "0",
        "Keywords": "0x8000000000000000",
        "TimeCreated": {
          "@SystemTime": "2025-11-21T15:50:11.6344261Z"
        },
        "EventRecordID": "579",
        "Correlation": null,
        "Execution": {
          "@ProcessID": "972",
          "@ThreadID": "6640"
        },
        "Channel": "Microsoft-Windows-Sysmon/Operational",
        "Computer": "DESKTOP-LG3F6GA",
        "Security": {
          "@UserID": "S-1-5-18"
        }
      },
      "EventData": {
        "Data": [
          {
            "@Name": "RuleName",
            "#text": "-"
          },
          {
            "@Name": "UtcTime",
            "#text": "2025-11-21 15:50:11.620"
          },
          {
            "@Name": "ProcessGuid",
            "#text": "{03927271-30a0-68ca-c200-000000006000}"
          },
          {
            "@Name": "ProcessId",
            "#text": "3216"
          },
          {
            "@Name": "Image",
            "#text": "C:\\Windows\\System32\\svchost.exe"
          }
        ]
      }
    },
    {
      "@xmlns": "http://schemas.microsoft.com/win/2004/08/events/event",
      "System": {
        "Provider": {
          "@Name": "Microsoft-Windows-Sysmon",
          "@Guid": "{5770385f-c22a-43e0-bf4c-06f5698ffbd9}"
        },
        "EventID": "7",
        "Version": "3",
        "Level": "4",
        "Task": "7",
        "Opcode": "0",
        "Keywords": "0x8000000000000000",
        "TimeCreated": {
          "@SystemTime": "2025-11-21T15:50:11.6320466Z"
        },
        "EventRecordID": "578",
        "Correlation": null,
        "Execution": {
          "@ProcessID": "972",
          "@ThreadID": "6640"
        },
        "Channel": "Microsoft-Windows-Sysmon/Operational",
        "Computer": "DESKTOP-LG3F6GA",
        "Security": {
          "@UserID": "S-1-5-18"
        }
      },
      "EventData": {
        "Data": [
          {
            "@Name": "RuleName",
            "#text": "-"
          },
          {
            "@Name": "UtcTime",
            "#text": "2025-11-21 15:50:11.620"
          },
          {
            "@Name": "ProcessGuid",
            "#text": "{03927271-30a0-68ca-c200-000000006000}"
          },
          {
            "@Name": "ProcessId",
            "#text": "3216"
          },
          {
            "@Name": "Image",
            "#text": "C:\\Windows\\System32\\svchost.exe"
          },
          {
            "@Name": "ImageLoaded",
            "#text": "C:\\Windows\\System32\\msasn1.dll"
          },
          {
            "@Name": "FileVersion",
            "#text": "10.0.19041.546 (WinBuild.160101.0800)"
          },
          {
            "@Name": "Description",
            "#text": "ASN.1 Runtime APIs"
          },
          {
            "@Name": "Product",
            "#text": "Microsoft速 Windows速 Operating System"
          },
          {
            "@Name": "Company",
            "#text": "Microsoft Corporation"
          },
          {
            "@Name": "OriginalFileName",
            "#text": "msasn1.dll"
          },
          {
            "@Name": "Hashes",
            "#text": "SHA256=589F8393DEE90934AFD9E70739CAAC7CD8E85F6A9501635F0B9026E272B349FD"
          },
          {
            "@Name": "Signed",
            "#text": "true"
          },
          {
            "@Name": "Signature",
            "#text": "Microsoft Windows"
          },
          {
            "@Name": "SignatureStatus",
            "#text": "Valid"
          }
        ]
      }
    },
    {
      "@xmlns": "http://schemas.microsoft.com/win/2004/08/events/event",
      "System": {
        "Provider": {
          "@Name": "Microsoft-Windows-Sysmon",
          "@Guid": "{5770385f-c22a-43e0-bf4c-06f5698ffbd9}"
        },
        "EventID": "22",
        "Version": "5",
        "Level": "4",
        "Task": "22",
        "Opcode": "0",
        "Keywords": "0x8000000000000000",
        "TimeCreated": {
          "@SystemTime": "2025-11-21T15:50:06.9649474Z"
        },
        "EventRecordID": "577",
        "Correlation": null,
        "Execution": {
          "@ProcessID": "972",
          "@ThreadID": "408"
        },
        "Channel": "Microsoft-Windows-Sysmon/Operational",
        "Computer": "DESKTOP-LG3F6GA",
        "Security": {
          "@UserID": "S-1-5-18"
        }
      },
      "EventData": {
        "Data": [
          {
            "@Name": "RuleName",
            "#text": "-"
          },
          {
            "@Name": "UtcTime",
            "#text": "2025-11-21 15:50:05.121"
          },
          {
            "@Name": "ProcessGuid",
            "#text": "{03927271-2e30-68ca-3700-000000006000}"
          },
          {
            "@Name": "ProcessId",
            "#text": "2212"
          },
          {
            "@Name": "QueryName",
            "#text": "www.microsoft.com"
          },
          {
            "@Name": "QueryStatus",
            "#text": "1460"
          },
          {
            "@Name": "QueryResults",
            "#text": "-"
          },
          {
            "@Name": "Image",
            "#text": "C:\\Windows\\System32\\svchost.exe"
          }
        ]
      }
    },
    {
      "@xmlns": "http://schemas.microsoft.com/win/2004/08/events/event",
      "System": {
        "Provider": {
          "@Name": "Microsoft-Windows-Sysmon",
          "@Guid": "{5770385f-c22a-43e0-bf4c-06f5698ffbd9}"
        },
        "EventID": "22",
        "Version": "5",
        "Level": "4",
        "Task": "22",
        "Opcode": "0",
        "Keywords": "0x8000000000000000",
        "TimeCreated": {
          "@SystemTime": "2025-11-21T15:50:05.9493568Z"
        },
        "EventRecordID": "576",
        "Correlation": null,
        "Execution": {
          "@ProcessID": "972",
          "@ThreadID": "408"
        },
        "Channel": "Microsoft-Windows-Sysmon/Operational",
        "Computer": "DESKTOP-LG3F6GA",
        "Security": {
          "@UserID": "S-1-5-18"
        }
      },
      "EventData": {
        "Data": [
          {
            "@Name": "RuleName",
            "#text": "-"
          },
          {
            "@Name": "UtcTime",
            "#text": "2025-11-21 15:50:04.566"
          },
          {
            "@Name": "ProcessGuid",
            "#text": "{03927271-8a2c-6920-1003-000000006000}"
          },
          {
            "@Name": "ProcessId",
            "#text": "4400"
          },
          {
            "@Name": "QueryName",
            "#text": "activation-v2.sls.microsoft.com"
          },
          {
            "@Name": "QueryStatus",
            "#text": "1460"
          },
          {
            "@Name": "QueryResults",
            "#text": "-"
          },
          {
            "@Name": "Image",
            "#text": "C:\\Windows\\System32\\slui.exe"
          }
        ]
      }
    },
    {
      "@xmlns": "http://schemas.microsoft.com/win/2004/08/events/event",
      "System": {
        "Provider": {
          "@Name": "Microsoft-Windows-Sysmon",
          "@Guid": "{5770385f-c22a-43e0-bf4c-06f5698ffbd9}"
        },
        "EventID": "5",
        "Version": "3",
        "Level": "4",
        "Task": "5",
        "Opcode": "0",
        "Keywords": "0x8000000000000000",
        "TimeCreated": {
          "@SystemTime": "2025-11-21T15:50:04.9759000Z"
        },
        "EventRecordID": "575",
        "Correlation": null,
        "Execution": {
          "@ProcessID": "972",
          "@ThreadID": "6640"
        },
        "Channel": "Microsoft-Windows-Sysmon/Operational",
        "Computer": "DESKTOP-LG3F6GA",
        "Security": {
          "@UserID": "S-1-5-18"
        }
      },
      "EventData": {
        "Data": [
          {
            "@Name": "RuleName",
            "#text": "-"
          },
          {
            "@Name": "UtcTime",
            "#text": "2025-11-21 15:50:04.964"
          },
          {
            "@Name": "ProcessGuid",
            "#text": "{03927271-89f2-6920-2602-000000006000}"
          },
          {
            "@Name": "ProcessId",
            "#text": "1512"
          },
          {
            "@Name": "Image",
            "#text": "C:\\Windows\\System32\\slui.exe"
          }
        ]
      }
    },
    {
      "@xmlns": "http://schemas.microsoft.com/win/2004/08/events/event",
      "System": {
        "Provider": {
          "@Name": "Microsoft-Windows-Sysmon",
          "@Guid": "{5770385f-c22a-43e0-bf4c-06f5698ffbd9}"
        },
        "EventID": "12",
        "Version": "2",
        "Level": "4",
        "Task": "12",
        "Opcode": "0",
        "Keywords": "0x8000000000000000",
        "TimeCreated": {
          "@SystemTime": "2025-11-21T15:50:04.9704559Z"
        },
        "EventRecordID": "574",
        "Correlation": null,
        "Execution": {
          "@ProcessID": "972",
          "@ThreadID": "6640"
        },
        "Channel": "Microsoft-Windows-Sysmon/Operational",
        "Computer": "DESKTOP-LG3F6GA",
        "Security": {
          "@UserID": "S-1-5-18"
        }
      },
      "EventData": {
        "Data": [
          {
            "@Name": "RuleName",
            "#text": "-"
          },
          {
            "@Name": "EventType",
            "#text": "CreateKey"
          },
          {
            "@Name": "UtcTime",
            "#text": "2025-11-21 15:50:04.964"
          },
          {
            "@Name": "ProcessGuid",
            "#text": "{03927271-89f2-6920-2602-000000006000}"
          },
          {
            "@Name": "ProcessId",
            "#text": "1512"
          },
          {
            "@Name": "Image",
            "#text": "C:\\WINDOWS\\System32\\SLUI.exe"
          },
          {
            "@Name": "TargetObject",
            "#text": "HKLM\\System\\CurrentControlSet\\Control\\Hvsi"
          }
        ]
      }
    },
    {
      "@xmlns": "http://schemas.microsoft.com/win/2004/08/events/event",
      "System": {
        "Provider": {
          "@Name": "Microsoft-Windows-Sysmon",
          "@Guid": "{5770385f-c22a-43e0-bf4c-06f5698ffbd9}"
        },
        "EventID": "12",
        "Version": "2",
        "Level": "4",
        "Task": "12",
        "Opcode": "0",
        "Keywords": "0x8000000000000000",
        "TimeCreated": {
          "@SystemTime": "2025-11-21T15:50:04.9701959Z"
        },
        "EventRecordID": "573",
        "Correlation": null,
        "Execution": {
          "@ProcessID": "972",
          "@ThreadID": "6640"
        },
        "Channel": "Microsoft-Windows-Sysmon/Operational",
        "Computer": "DESKTOP-LG3F6GA",
        "Security": {
          "@UserID": "S-1-5-18"
        }
      },
      "EventData": {
        "Data": [
          {
            "@Name": "RuleName",
            "#text": "-"
          },
          {
            "@Name": "EventType",
            "#text": "CreateKey"
          },
          {
            "@Name": "UtcTime",
            "#text": "2025-11-21 15:50:04.964"
          },
          {
            "@Name": "ProcessGuid",
            "#text": "{03927271-89f2-6920-2602-000000006000}"
          },
          {
            "@Name": "ProcessId",
            "#text": "1512"
          },
          {
            "@Name": "Image",
            "#text": "C:\\WINDOWS\\System32\\SLUI.exe"
          },
          {
            "@Name": "TargetObject",
            "#text": "HKLM\\System\\CurrentControlSet\\Control\\Hvsi"
          }
        ]
      }
    },
    {
      "@xmlns": "http://schemas.microsoft.com/win/2004/08/events/event",
      "System": {
        "Provider": {
          "@Name": "Microsoft-Windows-Sysmon",
          "@Guid": "{5770385f-c22a-43e0-bf4c-06f5698ffbd9}"
        },
        "EventID": "12",
        "Version": "2",
        "Level": "4",
        "Task": "12",
        "Opcode": "0",
        "Keywords": "0x8000000000000000",
        "TimeCreated": {
          "@SystemTime": "2025-11-21T15:50:04.9700164Z"
        },
        "EventRecordID": "572",
        "Correlation": null,
        "Execution": {
          "@ProcessID": "972",
          "@ThreadID": "6640"
        },
        "Channel": "Microsoft-Windows-Sysmon/Operational",
        "Computer": "DESKTOP-LG3F6GA",
        "Security": {
          "@UserID": "S-1-5-18"
        }
      },
      "EventData": {
        "Data": [
          {
            "@Name": "RuleName",
            "#text": "-"
          },
          {
            "@Name": "EventType",
            "#text": "CreateKey"
          },
          {
            "@Name": "UtcTime",
            "#text": "2025-11-21 15:50:04.964"
          },
          {
            "@Name": "ProcessGuid",
            "#text": "{03927271-89f2-6920-2602-000000006000}"
          },
          {
            "@Name": "ProcessId",
            "#text": "1512"
          },
          {
            "@Name": "Image",
            "#text": "C:\\WINDOWS\\System32\\SLUI.exe"
          },
          {
            "@Name": "TargetObject",
            "#text": "HKLM\\System\\CurrentControlSet\\Control\\Hvsi"
          }
        ]
      }
    },
    {
      "@xmlns": "http://schemas.microsoft.com/win/2004/08/events/event",
      "System": {
        "Provider": {
          "@Name": "Microsoft-Windows-Sysmon",
          "@Guid": "{5770385f-c22a-43e0-bf4c-06f5698ffbd9}"
        },
        "EventID": "12",
        "Version": "2",
        "Level": "4",
        "Task": "12",
        "Opcode": "0",
        "Keywords": "0x8000000000000000",
        "TimeCreated": {
          "@SystemTime": "2025-11-21T15:50:04.9696594Z"
        },
        "EventRecordID": "571",
        "Correlation": null,
        "Execution": {
          "@ProcessID": "972",
          "@ThreadID": "6640"
        },
        "Channel": "Microsoft-Windows-Sysmon/Operational",
        "Computer": "DESKTOP-LG3F6GA",
        "Security": {
          "@UserID": "S-1-5-18"
        }
      },
      "EventData": {
        "Data": [
          {
            "@Name": "RuleName",
            "#text": "-"
          },
          {
            "@Name": "EventType",
            "#text": "CreateKey"
          },
          {
            "@Name": "UtcTime",
            "#text": "2025-11-21 15:50:04.964"
          },
          {
            "@Name": "ProcessGuid",
            "#text": "{03927271-89f2-6920-2602-000000006000}"
          },
          {
            "@Name": "ProcessId",
            "#text": "1512"
          },
          {
            "@Name": "Image",
            "#text": "C:\\WINDOWS\\System32\\SLUI.exe"
          },
          {
            "@Name": "TargetObject",
            "#text": "HKLM\\System\\CurrentControlSet\\Control\\Hvsi"
          }
        ]
      }
    },
    {
      "@xmlns": "http://schemas.microsoft.com/win/2004/08/events/event",
      "System": {
        "Provider": {
          "@Name": "Microsoft-Windows-Sysmon",
          "@Guid": "{5770385f-c22a-43e0-bf4c-06f5698ffbd9}"
        },
        "EventID": "12",
        "Version": "2",
        "Level": "4",
        "Task": "12",
        "Opcode": "0",
        "Keywords": "0x8000000000000000",
        "TimeCreated": {
          "@SystemTime": "2025-11-21T15:50:04.9694187Z"
        },
        "EventRecordID": "570",
        "Correlation": null,
        "Execution": {
          "@ProcessID": "972",
          "@ThreadID": "6640"
        },
        "Channel": "Microsoft-Windows-Sysmon/Operational",
        "Computer": "DESKTOP-LG3F6GA",
        "Security": {
          "@UserID": "S-1-5-18"
        }
      },
      "EventData": {
        "Data": [
          {
            "@Name": "RuleName",
            "#text": "-"
          },
          {
            "@Name": "EventType",
            "#text": "CreateKey"
          },
          {
            "@Name": "UtcTime",
            "#text": "2025-11-21 15:50:04.964"
          },
          {
            "@Name": "ProcessGuid",
            "#text": "{03927271-89f2-6920-2602-000000006000}"
          },
          {
            "@Name": "ProcessId",
            "#text": "1512"
          },
          {
            "@Name": "Image",
            "#text": "C:\\WINDOWS\\System32\\SLUI.exe"
          },
          {
            "@Name": "TargetObject",
            "#text": "HKLM\\System\\CurrentControlSet\\Control\\Hvsi"
          }
        ]
      }
    },
    {
      "@xmlns": "http://schemas.microsoft.com/win/2004/08/events/event",
      "System": {
        "Provider": {
          "@Name": "Microsoft-Windows-Sysmon",
          "@Guid": "{5770385f-c22a-43e0-bf4c-06f5698ffbd9}"
        },
        "EventID": "12",
        "Version": "2",
        "Level": "4",
        "Task": "12",
        "Opcode": "0",
        "Keywords": "0x8000000000000000",
        "TimeCreated": {
          "@SystemTime": "2025-11-21T15:50:04.9681994Z"
        },
        "EventRecordID": "569",
        "Correlation": null,
        "Execution": {
          "@ProcessID": "972",
          "@ThreadID": "6640"
        },
        "Channel": "Microsoft-Windows-Sysmon/Operational",
        "Computer": "DESKTOP-LG3F6GA",
        "Security": {
          "@UserID": "S-1-5-18"
        }
      },
      "EventData": {
        "Data": [
          {
            "@Name": "RuleName",
            "#text": "-"
          },
          {
            "@Name": "EventType",
            "#text": "CreateKey"
          },
          {
            "@Name": "UtcTime",
            "#text": "2025-11-21 15:50:04.964"
          },
          {
            "@Name": "ProcessGuid",
            "#text": "{03927271-89f2-6920-2402-000000006000}"
          },
          {
            "@Name": "ProcessId",
            "#text": "3172"
          },
          {
            "@Name": "Image",
            "#text": "C:\\WINDOWS\\system32\\sppsvc.exe"
          },
          {
            "@Name": "TargetObject",
            "#text": "HKLM\\System\\CurrentControlSet\\Control\\Hvsi"
          }
        ]
      }
    },
    {
      "@xmlns": "http://schemas.microsoft.com/win/2004/08/events/event",
      "System": {
        "Provider": {
          "@Name": "Microsoft-Windows-Sysmon",
          "@Guid": "{5770385f-c22a-43e0-bf4c-06f5698ffbd9}"
        },
        "EventID": "12",
        "Version": "2",
        "Level": "4",
        "Task": "12",
        "Opcode": "0",
        "Keywords": "0x8000000000000000",
        "TimeCreated": {
          "@SystemTime": "2025-11-21T15:50:04.9639404Z"
        },
        "EventRecordID": "568",
        "Correlation": null,
        "Execution": {
          "@ProcessID": "972",
          "@ThreadID": "6640"
        },
        "Channel": "Microsoft-Windows-Sysmon/Operational",
        "Computer": "DESKTOP-LG3F6GA",
        "Security": {
          "@UserID": "S-1-5-18"
        }
      },
      "EventData": {
        "Data": [
          {
            "@Name": "RuleName",
            "#text": "-"
          },
          {
            "@Name": "EventType",
            "#text": "CreateKey"
          },
          {
            "@Name": "UtcTime",
            "#text": "2025-11-21 15:50:04.949"
          },
          {
            "@Name": "ProcessGuid",
            "#text": "{03927271-89f2-6920-2402-000000006000}"
          },
          {
            "@Name": "ProcessId",
            "#text": "3172"
          },
          {
            "@Name": "Image",
            "#text": "C:\\WINDOWS\\system32\\sppsvc.exe"
          },
          {
            "@Name": "TargetObject",
            "#text": "HKLM\\System\\CurrentControlSet\\Control\\Hvsi"
          }
        ]
      }
    },
    {
      "@xmlns": "http://schemas.microsoft.com/win/2004/08/events/event",
      "System": {
        "Provider": {
          "@Name": "Microsoft-Windows-Sysmon",
          "@Guid": "{5770385f-c22a-43e0-bf4c-06f5698ffbd9}"
        },
        "EventID": "12",
        "Version": "2",
        "Level": "4",
        "Task": "12",
        "Opcode": "0",
        "Keywords": "0x8000000000000000",
        "TimeCreated": {
          "@SystemTime": "2025-11-21T15:50:04.9634294Z"
        },
        "EventRecordID": "567",
        "Correlation": null,
        "Execution": {
          "@ProcessID": "972",
          "@ThreadID": "6640"
        },
        "Channel": "Microsoft-Windows-Sysmon/Operational",
        "Computer": "DESKTOP-LG3F6GA",
        "Security": {
          "@UserID": "S-1-5-18"
        }
      },
      "EventData": {
        "Data": [
          {
            "@Name": "RuleName",
            "#text": "-"
          },
          {
            "@Name": "EventType",
            "#text": "CreateKey"
          },
          {
            "@Name": "UtcTime",
            "#text": "2025-11-21 15:50:04.949"
          },
          {
            "@Name": "ProcessGuid",
            "#text": "{03927271-89f2-6920-2402-000000006000}"
          },
          {
            "@Name": "ProcessId",
            "#text": "3172"
          },
          {
            "@Name": "Image",
            "#text": "C:\\WINDOWS\\system32\\sppsvc.exe"
          },
          {
            "@Name": "TargetObject",
            "#text": "HKLM\\System\\CurrentControlSet\\Control\\Hvsi"
          }
        ]
      }
    },
    {
      "@xmlns": "http://schemas.microsoft.com/win/2004/08/events/event",
      "System": {
        "Provider": {
          "@Name": "Microsoft-Windows-Sysmon",
          "@Guid": "{5770385f-c22a-43e0-bf4c-06f5698ffbd9}"
        },
        "EventID": "12",
        "Version": "2",
        "Level": "4",
        "Task": "12",
        "Opcode": "0",
        "Keywords": "0x8000000000000000",
        "TimeCreated": {
          "@SystemTime": "2025-11-21T15:50:04.9632221Z"
        },
        "EventRecordID": "566",
        "Correlation": null,
        "Execution": {
          "@ProcessID": "972",
          "@ThreadID": "6640"
        },
        "Channel": "Microsoft-Windows-Sysmon/Operational",
        "Computer": "DESKTOP-LG3F6GA",
        "Security": {
          "@UserID": "S-1-5-18"
        }
      },
      "EventData": {
        "Data": [
          {
            "@Name": "RuleName",
            "#text": "-"
          },
          {
            "@Name": "EventType",
            "#text": "CreateKey"
          },
          {
            "@Name": "UtcTime",
            "#text": "2025-11-21 15:50:04.949"
          },
          {
            "@Name": "ProcessGuid",
            "#text": "{03927271-89f2-6920-2402-000000006000}"
          },
          {
            "@Name": "ProcessId",
            "#text": "3172"
          },
          {
            "@Name": "Image",
            "#text": "C:\\WINDOWS\\system32\\sppsvc.exe"
          },
          {
            "@Name": "TargetObject",
            "#text": "HKLM\\System\\CurrentControlSet\\Control\\Hvsi"
          }
        ]
      }
    },
