    {
      "@xmlns": "http://schemas.microsoft.com/win/2004/08/events/event",
      "System": {
        "Provider": {
          "@Name": "Microsoft-Windows-Sysmon",
          "@Guid": "{5770385f-c22a-43e0-bf4c-06f5698ffbd9}"
        },
        "EventID": "12",
        "Version": "2",
        "Level": "4",
        "Task": "12",
        "Opcode": "0",
        "Keywords": "0x8000000000000000",
        "TimeCreated": {
          "@SystemTime": "2025-11-21T15:50:04.6381710Z"
        },
        "EventRecordID": "535",
        "Correlation": null,
        "Execution": {
          "@ProcessID": "972",
          "@ThreadID": "6640"
        },
        "Channel": "Microsoft-Windows-Sysmon/Operational",
        "Computer": "DESKTOP-LG3F6GA",
        "Security": {
          "@UserID": "S-1-5-18"
        }
      },
      "EventData": {
        "Data": [
          {
            "@Name": "RuleName",
            "#text": "-"
          },
          {
            "@Name": "EventType",
            "#text": "CreateKey"
          },
          {
            "@Name": "UtcTime",
            "#text": "2025-11-21 15:50:04.636"
          },
          {
            "@Name": "ProcessGuid",
            "#text": "{03927271-8a2c-6920-1003-000000006000}"
          },
          {
            "@Name": "ProcessId",
            "#text": "4400"
          },
          {
            "@Name": "Image",
            "#text": "C:\\WINDOWS\\System32\\slui.exe"
          },
          {
            "@Name": "TargetObject",
            "#text": "HKLM\\System\\CurrentControlSet\\Control\\Hvsi"
          }
        ]
      }
    },
    {
      "@xmlns": "http://schemas.microsoft.com/win/2004/08/events/event",
      "System": {
        "Provider": {
          "@Name": "Microsoft-Windows-Sysmon",
          "@Guid": "{5770385f-c22a-43e0-bf4c-06f5698ffbd9}"
        },
        "EventID": "11",
        "Version": "2",
        "Level": "4",
        "Task": "11",
        "Opcode": "0",
        "Keywords": "0x8000000000000000",
        "TimeCreated": {
          "@SystemTime": "2025-11-21T15:50:04.6334556Z"
        },
        "EventRecordID": "534",
        "Correlation": null,
        "Execution": {
          "@ProcessID": "972",
          "@ThreadID": "6640"
        },
        "Channel": "Microsoft-Windows-Sysmon/Operational",
        "Computer": "DESKTOP-LG3F6GA",
        "Security": {
          "@UserID": "S-1-5-18"
        }
      },
      "EventData": {
        "Data": [
          {
            "@Name": "RuleName",
            "#text": "-"
          },
          {
            "@Name": "UtcTime",
            "#text": "2025-11-21 15:50:04.620"
          },
          {
            "@Name": "ProcessGuid",
            "#text": "{03927271-89f2-6920-2402-000000006000}"
          },
          {
            "@Name": "ProcessId",
            "#text": "3172"
          },
          {
            "@Name": "Image",
            "#text": "C:\\WINDOWS\\system32\\sppsvc.exe"
          },
          {
            "@Name": "TargetFilename",
            "#text": "C:\\Windows\\System32\\spp\\store\\2.0\\data.dat.tmp"
          },
          {
            "@Name": "CreationUtcTime",
            "#text": "2025-11-21 15:50:04.183"
          }
        ]
      }
    },
    {
      "@xmlns": "http://schemas.microsoft.com/win/2004/08/events/event",
      "System": {
        "Provider": {
          "@Name": "Microsoft-Windows-Sysmon",
          "@Guid": "{5770385f-c22a-43e0-bf4c-06f5698ffbd9}"
        },
        "EventID": "12",
        "Version": "2",
        "Level": "4",
        "Task": "12",
        "Opcode": "0",
        "Keywords": "0x8000000000000000",
        "TimeCreated": {
          "@SystemTime": "2025-11-21T15:50:04.5731840Z"
        },
        "EventRecordID": "533",
        "Correlation": null,
        "Execution": {
          "@ProcessID": "972",
          "@ThreadID": "6640"
        },
        "Channel": "Microsoft-Windows-Sysmon/Operational",
        "Computer": "DESKTOP-LG3F6GA",
        "Security": {
          "@UserID": "S-1-5-18"
        }
      },
      "EventData": {
        "Data": [
          {
            "@Name": "RuleName",
            "#text": "-"
          },
          {
            "@Name": "EventType",
            "#text": "CreateKey"
          },
          {
            "@Name": "UtcTime",
            "#text": "2025-11-21 15:50:04.558"
          },
          {
            "@Name": "ProcessGuid",
            "#text": "{03927271-8a2c-6920-1003-000000006000}"
          },
          {
            "@Name": "ProcessId",
            "#text": "4400"
          },
          {
            "@Name": "Image",
            "#text": "C:\\WINDOWS\\System32\\slui.exe"
          },
          {
            "@Name": "TargetObject",
            "#text": "HKLM\\System\\CurrentControlSet\\Control\\Hvsi"
          }
        ]
      }
    },
    {
      "@xmlns": "http://schemas.microsoft.com/win/2004/08/events/event",
      "System": {
        "Provider": {
          "@Name": "Microsoft-Windows-Sysmon",
          "@Guid": "{5770385f-c22a-43e0-bf4c-06f5698ffbd9}"
        },
        "EventID": "12",
        "Version": "2",
        "Level": "4",
        "Task": "12",
        "Opcode": "0",
        "Keywords": "0x8000000000000000",
        "TimeCreated": {
          "@SystemTime": "2025-11-21T15:50:04.5729476Z"
        },
        "EventRecordID": "532",
        "Correlation": null,
        "Execution": {
          "@ProcessID": "972",
          "@ThreadID": "6640"
        },
        "Channel": "Microsoft-Windows-Sysmon/Operational",
        "Computer": "DESKTOP-LG3F6GA",
        "Security": {
          "@UserID": "S-1-5-18"
        }
      },
      "EventData": {
        "Data": [
          {
            "@Name": "RuleName",
            "#text": "-"
          },
          {
            "@Name": "EventType",
            "#text": "CreateKey"
          },
          {
            "@Name": "UtcTime",
            "#text": "2025-11-21 15:50:04.558"
          },
          {
            "@Name": "ProcessGuid",
            "#text": "{03927271-8a2c-6920-1003-000000006000}"
          },
          {
            "@Name": "ProcessId",
            "#text": "4400"
          },
          {
            "@Name": "Image",
            "#text": "C:\\WINDOWS\\System32\\slui.exe"
          },
          {
            "@Name": "TargetObject",
            "#text": "HKLM\\System\\CurrentControlSet\\Control\\Hvsi"
          }
        ]
      }
    },
    {
      "@xmlns": "http://schemas.microsoft.com/win/2004/08/events/event",
      "System": {
        "Provider": {
          "@Name": "Microsoft-Windows-Sysmon",
          "@Guid": "{5770385f-c22a-43e0-bf4c-06f5698ffbd9}"
        },
        "EventID": "12",
        "Version": "2",
        "Level": "4",
        "Task": "12",
        "Opcode": "0",
        "Keywords": "0x8000000000000000",
        "TimeCreated": {
          "@SystemTime": "2025-11-21T15:50:04.5727531Z"
        },
        "EventRecordID": "531",
        "Correlation": null,
        "Execution": {
          "@ProcessID": "972",
          "@ThreadID": "6640"
        },
        "Channel": "Microsoft-Windows-Sysmon/Operational",
        "Computer": "DESKTOP-LG3F6GA",
        "Security": {
          "@UserID": "S-1-5-18"
        }
      },
      "EventData": {
        "Data": [
          {
            "@Name": "RuleName",
            "#text": "-"
          },
          {
            "@Name": "EventType",
            "#text": "CreateKey"
          },
          {
            "@Name": "UtcTime",
            "#text": "2025-11-21 15:50:04.558"
          },
          {
            "@Name": "ProcessGuid",
            "#text": "{03927271-8a2c-6920-1003-000000006000}"
          },
          {
            "@Name": "ProcessId",
            "#text": "4400"
          },
          {
            "@Name": "Image",
            "#text": "C:\\WINDOWS\\System32\\slui.exe"
          },
          {
            "@Name": "TargetObject",
            "#text": "HKLM\\System\\CurrentControlSet\\Control\\Hvsi"
          }
        ]
      }
    },
    {
      "@xmlns": "http://schemas.microsoft.com/win/2004/08/events/event",
      "System": {
        "Provider": {
          "@Name": "Microsoft-Windows-Sysmon",
          "@Guid": "{5770385f-c22a-43e0-bf4c-06f5698ffbd9}"
        },
        "EventID": "12",
        "Version": "2",
        "Level": "4",
        "Task": "12",
        "Opcode": "0",
        "Keywords": "0x8000000000000000",
        "TimeCreated": {
          "@SystemTime": "2025-11-21T15:50:04.5712217Z"
        },
        "EventRecordID": "530",
        "Correlation": null,
        "Execution": {
          "@ProcessID": "972",
          "@ThreadID": "6640"
        },
        "Channel": "Microsoft-Windows-Sysmon/Operational",
        "Computer": "DESKTOP-LG3F6GA",
        "Security": {
          "@UserID": "S-1-5-18"
        }
      },
      "EventData": {
        "Data": [
          {
            "@Name": "RuleName",
            "#text": "-"
          },
          {
            "@Name": "EventType",
            "#text": "CreateKey"
          },
          {
            "@Name": "UtcTime",
            "#text": "2025-11-21 15:50:04.558"
          },
          {
            "@Name": "ProcessGuid",
            "#text": "{03927271-8a2c-6920-1003-000000006000}"
          },
          {
            "@Name": "ProcessId",
            "#text": "4400"
          },
          {
            "@Name": "Image",
            "#text": "C:\\WINDOWS\\System32\\slui.exe"
          },
          {
            "@Name": "TargetObject",
            "#text": "HKLM\\System\\CurrentControlSet\\Control\\Hvsi"
          }
        ]
      }
    },
    {
      "@xmlns": "http://schemas.microsoft.com/win/2004/08/events/event",
      "System": {
        "Provider": {
          "@Name": "Microsoft-Windows-Sysmon",
          "@Guid": "{5770385f-c22a-43e0-bf4c-06f5698ffbd9}"
        },
        "EventID": "12",
        "Version": "2",
        "Level": "4",
        "Task": "12",
        "Opcode": "0",
        "Keywords": "0x8000000000000000",
        "TimeCreated": {
          "@SystemTime": "2025-11-21T15:50:04.5709809Z"
        },
        "EventRecordID": "529",
        "Correlation": null,
        "Execution": {
          "@ProcessID": "972",
          "@ThreadID": "6640"
        },
        "Channel": "Microsoft-Windows-Sysmon/Operational",
        "Computer": "DESKTOP-LG3F6GA",
        "Security": {
          "@UserID": "S-1-5-18"
        }
      },
      "EventData": {
        "Data": [
          {
            "@Name": "RuleName",
            "#text": "-"
          },
          {
            "@Name": "EventType",
            "#text": "CreateKey"
          },
          {
            "@Name": "UtcTime",
            "#text": "2025-11-21 15:50:04.558"
          },
          {
            "@Name": "ProcessGuid",
            "#text": "{03927271-8a2c-6920-1003-000000006000}"
          },
          {
            "@Name": "ProcessId",
            "#text": "4400"
          },
          {
            "@Name": "Image",
            "#text": "C:\\WINDOWS\\System32\\slui.exe"
          },
          {
            "@Name": "TargetObject",
            "#text": "HKLM\\System\\CurrentControlSet\\Control\\Hvsi"
          }
        ]
      }
    },
    {
      "@xmlns": "http://schemas.microsoft.com/win/2004/08/events/event",
      "System": {
        "Provider": {
          "@Name": "Microsoft-Windows-Sysmon",
          "@Guid": "{5770385f-c22a-43e0-bf4c-06f5698ffbd9}"
        },
        "EventID": "12",
        "Version": "2",
        "Level": "4",
        "Task": "12",
        "Opcode": "0",
        "Keywords": "0x8000000000000000",
        "TimeCreated": {
          "@SystemTime": "2025-11-21T15:50:04.5708214Z"
        },
        "EventRecordID": "528",
        "Correlation": null,
        "Execution": {
          "@ProcessID": "972",
          "@ThreadID": "6640"
        },
        "Channel": "Microsoft-Windows-Sysmon/Operational",
        "Computer": "DESKTOP-LG3F6GA",
        "Security": {
          "@UserID": "S-1-5-18"
        }
      },
      "EventData": {
        "Data": [
          {
            "@Name": "RuleName",
            "#text": "-"
          },
          {
            "@Name": "EventType",
            "#text": "CreateKey"
          },
          {
            "@Name": "UtcTime",
            "#text": "2025-11-21 15:50:04.558"
          },
          {
            "@Name": "ProcessGuid",
            "#text": "{03927271-8a2c-6920-1003-000000006000}"
          },
          {
            "@Name": "ProcessId",
            "#text": "4400"
          },
          {
            "@Name": "Image",
            "#text": "C:\\WINDOWS\\System32\\slui.exe"
          },
          {
            "@Name": "TargetObject",
            "#text": "HKLM\\System\\CurrentControlSet\\Control\\Hvsi"
          }
        ]
      }
    },
    {
      "@xmlns": "http://schemas.microsoft.com/win/2004/08/events/event",
      "System": {
        "Provider": {
          "@Name": "Microsoft-Windows-Sysmon",
          "@Guid": "{5770385f-c22a-43e0-bf4c-06f5698ffbd9}"
        },
        "EventID": "12",
        "Version": "2",
        "Level": "4",
        "Task": "12",
        "Opcode": "0",
        "Keywords": "0x8000000000000000",
        "TimeCreated": {
          "@SystemTime": "2025-11-21T15:50:04.5665922Z"
        },
        "EventRecordID": "527",
        "Correlation": null,
        "Execution": {
          "@ProcessID": "972",
          "@ThreadID": "6640"
        },
        "Channel": "Microsoft-Windows-Sysmon/Operational",
        "Computer": "DESKTOP-LG3F6GA",
        "Security": {
          "@UserID": "S-1-5-18"
        }
      },
      "EventData": {
        "Data": [
          {
            "@Name": "RuleName",
            "#text": "-"
          },
          {
            "@Name": "EventType",
            "#text": "CreateKey"
          },
          {
            "@Name": "UtcTime",
            "#text": "2025-11-21 15:50:04.558"
          },
          {
            "@Name": "ProcessGuid",
            "#text": "{03927271-8a2c-6920-1003-000000006000}"
          },
          {
            "@Name": "ProcessId",
            "#text": "4400"
          },
          {
            "@Name": "Image",
            "#text": "C:\\WINDOWS\\System32\\slui.exe"
          },
          {
            "@Name": "TargetObject",
            "#text": "HKLM\\System\\CurrentControlSet\\Services\\Tcpip\\Parameters"
          }
        ]
      }
    },
    {
      "@xmlns": "http://schemas.microsoft.com/win/2004/08/events/event",
      "System": {
        "Provider": {
          "@Name": "Microsoft-Windows-Sysmon",
          "@Guid": "{5770385f-c22a-43e0-bf4c-06f5698ffbd9}"
        },
        "EventID": "12",
        "Version": "2",
        "Level": "4",
        "Task": "12",
        "Opcode": "0",
        "Keywords": "0x8000000000000000",
        "TimeCreated": {
          "@SystemTime": "2025-11-21T15:50:04.5665764Z"
        },
        "EventRecordID": "526",
        "Correlation": null,
        "Execution": {
          "@ProcessID": "972",
          "@ThreadID": "6640"
        },
        "Channel": "Microsoft-Windows-Sysmon/Operational",
        "Computer": "DESKTOP-LG3F6GA",
        "Security": {
          "@UserID": "S-1-5-18"
        }
      },
      "EventData": {
        "Data": [
          {
            "@Name": "RuleName",
            "#text": "-"
          },
          {
            "@Name": "EventType",
            "#text": "CreateKey"
          },
          {
            "@Name": "UtcTime",
            "#text": "2025-11-21 15:50:04.558"
          },
          {
            "@Name": "ProcessGuid",
            "#text": "{03927271-8a2c-6920-1003-000000006000}"
          },
          {
            "@Name": "ProcessId",
            "#text": "4400"
          },
          {
            "@Name": "Image",
            "#text": "C:\\WINDOWS\\System32\\slui.exe"
          },
          {
            "@Name": "TargetObject",
            "#text": "HKLM\\System\\CurrentControlSet\\Services\\Tcpip\\Parameters"
          }
        ]
      }
    },
    {
      "@xmlns": "http://schemas.microsoft.com/win/2004/08/events/event",
      "System": {
        "Provider": {
          "@Name": "Microsoft-Windows-Sysmon",
          "@Guid": "{5770385f-c22a-43e0-bf4c-06f5698ffbd9}"
        },
        "EventID": "12",
        "Version": "2",
        "Level": "4",
        "Task": "12",
        "Opcode": "0",
        "Keywords": "0x8000000000000000",
        "TimeCreated": {
          "@SystemTime": "2025-11-21T15:50:04.5665602Z"
        },
        "EventRecordID": "525",
        "Correlation": null,
        "Execution": {
          "@ProcessID": "972",
          "@ThreadID": "6640"
        },
        "Channel": "Microsoft-Windows-Sysmon/Operational",
        "Computer": "DESKTOP-LG3F6GA",
        "Security": {
          "@UserID": "S-1-5-18"
        }
      },
      "EventData": {
        "Data": [
          {
            "@Name": "RuleName",
            "#text": "-"
          },
          {
            "@Name": "EventType",
            "#text": "CreateKey"
          },
          {
            "@Name": "UtcTime",
            "#text": "2025-11-21 15:50:04.558"
          },
          {
            "@Name": "ProcessGuid",
            "#text": "{03927271-8a2c-6920-1003-000000006000}"
          },
          {
            "@Name": "ProcessId",
            "#text": "4400"
          },
          {
            "@Name": "Image",
            "#text": "C:\\WINDOWS\\System32\\slui.exe"
          },
          {
            "@Name": "TargetObject",
            "#text": "HKLM\\System\\CurrentControlSet\\Services\\Tcpip\\Parameters"
          }
        ]
      }
    },
    {
      "@xmlns": "http://schemas.microsoft.com/win/2004/08/events/event",
      "System": {
        "Provider": {
          "@Name": "Microsoft-Windows-Sysmon",
          "@Guid": "{5770385f-c22a-43e0-bf4c-06f5698ffbd9}"
        },
        "EventID": "12",
        "Version": "2",
        "Level": "4",
        "Task": "12",
        "Opcode": "0",
        "Keywords": "0x8000000000000000",
        "TimeCreated": {
          "@SystemTime": "2025-11-21T15:50:04.5665403Z"
        },
        "EventRecordID": "524",
        "Correlation": null,
        "Execution": {
          "@ProcessID": "972",
          "@ThreadID": "6640"
        },
        "Channel": "Microsoft-Windows-Sysmon/Operational",
        "Computer": "DESKTOP-LG3F6GA",
        "Security": {
          "@UserID": "S-1-5-18"
        }
      },
      "EventData": {
        "Data": [
          {
            "@Name": "RuleName",
            "#text": "-"
          },
          {
            "@Name": "EventType",
            "#text": "CreateKey"
          },
          {
            "@Name": "UtcTime",
            "#text": "2025-11-21 15:50:04.558"
          },
          {
            "@Name": "ProcessGuid",
            "#text": "{03927271-8a2c-6920-1003-000000006000}"
          },
          {
            "@Name": "ProcessId",
            "#text": "4400"
          },
          {
            "@Name": "Image",
            "#text": "C:\\WINDOWS\\System32\\slui.exe"
          },
          {
            "@Name": "TargetObject",
            "#text": "HKLM\\System\\CurrentControlSet\\Services\\Tcpip\\Parameters"
          }
        ]
      }
    },
    {
      "@xmlns": "http://schemas.microsoft.com/win/2004/08/events/event",
      "System": {
        "Provider": {
          "@Name": "Microsoft-Windows-Sysmon",
          "@Guid": "{5770385f-c22a-43e0-bf4c-06f5698ffbd9}"
        },
        "EventID": "12",
        "Version": "2",
        "Level": "4",
        "Task": "12",
        "Opcode": "0",
        "Keywords": "0x8000000000000000",
        "TimeCreated": {
          "@SystemTime": "2025-11-21T15:50:04.5659396Z"
        },
        "EventRecordID": "523",
        "Correlation": null,
        "Execution": {
          "@ProcessID": "972",
          "@ThreadID": "6640"
        },
        "Channel": "Microsoft-Windows-Sysmon/Operational",
        "Computer": "DESKTOP-LG3F6GA",
        "Security": {
          "@UserID": "S-1-5-18"
        }
      },
      "EventData": {
        "Data": [
          {
            "@Name": "RuleName",
            "#text": "-"
          },
          {
            "@Name": "EventType",
            "#text": "CreateKey"
          },
          {
            "@Name": "UtcTime",
            "#text": "2025-11-21 15:50:04.558"
          },
          {
            "@Name": "ProcessGuid",
            "#text": "{03927271-8a2c-6920-1003-000000006000}"
          },
          {
            "@Name": "ProcessId",
            "#text": "4400"
          },
          {
            "@Name": "Image",
            "#text": "C:\\WINDOWS\\System32\\slui.exe"
          },
          {
            "@Name": "TargetObject",
            "#text": "HKLM\\System\\CurrentControlSet\\Services\\Tcpip\\Parameters"
          }
        ]
      }
    },
    {
      "@xmlns": "http://schemas.microsoft.com/win/2004/08/events/event",
      "System": {
        "Provider": {
          "@Name": "Microsoft-Windows-Sysmon",
          "@Guid": "{5770385f-c22a-43e0-bf4c-06f5698ffbd9}"
        },
        "EventID": "12",
        "Version": "2",
        "Level": "4",
        "Task": "12",
        "Opcode": "0",
        "Keywords": "0x8000000000000000",
        "TimeCreated": {
          "@SystemTime": "2025-11-21T15:50:04.5659101Z"
        },
        "EventRecordID": "522",
        "Correlation": null,
        "Execution": {
          "@ProcessID": "972",
          "@ThreadID": "6640"
        },
        "Channel": "Microsoft-Windows-Sysmon/Operational",
        "Computer": "DESKTOP-LG3F6GA",
        "Security": {
          "@UserID": "S-1-5-18"
        }
      },
      "EventData": {
        "Data": [
          {
            "@Name": "RuleName",
            "#text": "-"
          },
          {
            "@Name": "EventType",
            "#text": "CreateKey"
          },
          {
            "@Name": "UtcTime",
            "#text": "2025-11-21 15:50:04.558"
          },
          {
            "@Name": "ProcessGuid",
            "#text": "{03927271-8a2c-6920-1003-000000006000}"
          },
          {
            "@Name": "ProcessId",
            "#text": "4400"
          },
          {
            "@Name": "Image",
            "#text": "C:\\WINDOWS\\System32\\slui.exe"
          },
          {
            "@Name": "TargetObject",
            "#text": "HKLM\\System\\CurrentControlSet\\Services\\Tcpip\\Parameters"
          }
        ]
      }
    },
    {
      "@xmlns": "http://schemas.microsoft.com/win/2004/08/events/event",
      "System": {
        "Provider": {
          "@Name": "Microsoft-Windows-Sysmon",
          "@Guid": "{5770385f-c22a-43e0-bf4c-06f5698ffbd9}"
        },
        "EventID": "12",
        "Version": "2",
        "Level": "4",
        "Task": "12",
        "Opcode": "0",
        "Keywords": "0x8000000000000000",
        "TimeCreated": {
          "@SystemTime": "2025-11-21T15:50:04.5658716Z"
        },
        "EventRecordID": "521",
        "Correlation": null,
        "Execution": {
          "@ProcessID": "972",
          "@ThreadID": "6640"
        },
        "Channel": "Microsoft-Windows-Sysmon/Operational",
        "Computer": "DESKTOP-LG3F6GA",
        "Security": {
          "@UserID": "S-1-5-18"
        }
      },
      "EventData": {
        "Data": [
          {
            "@Name": "RuleName",
            "#text": "-"
          },
          {
            "@Name": "EventType",
            "#text": "CreateKey"
          },
          {
            "@Name": "UtcTime",
            "#text": "2025-11-21 15:50:04.558"
          },
          {
            "@Name": "ProcessGuid",
            "#text": "{03927271-8a2c-6920-1003-000000006000}"
          },
          {
            "@Name": "ProcessId",
            "#text": "4400"
          },
          {
            "@Name": "Image",
            "#text": "C:\\WINDOWS\\System32\\slui.exe"
          },
          {
            "@Name": "TargetObject",
            "#text": "HKLM\\System\\CurrentControlSet\\Services\\Tcpip\\Parameters"
          }
        ]
      }
    },
    {
      "@xmlns": "http://schemas.microsoft.com/win/2004/08/events/event",
      "System": {
        "Provider": {
          "@Name": "Microsoft-Windows-Sysmon",
          "@Guid": "{5770385f-c22a-43e0-bf4c-06f5698ffbd9}"
        },
        "EventID": "12",
        "Version": "2",
        "Level": "4",
        "Task": "12",
        "Opcode": "0",
        "Keywords": "0x8000000000000000",
        "TimeCreated": {
          "@SystemTime": "2025-11-21T15:50:04.5597936Z"
        },
        "EventRecordID": "520",
        "Correlation": null,
        "Execution": {
          "@ProcessID": "972",
          "@ThreadID": "6640"
        },
        "Channel": "Microsoft-Windows-Sysmon/Operational",
        "Computer": "DESKTOP-LG3F6GA",
        "Security": {
          "@UserID": "S-1-5-18"
        }
      },
      "EventData": {
        "Data": [
          {
            "@Name": "RuleName",
            "#text": "-"
          },
          {
            "@Name": "EventType",
            "#text": "CreateKey"
          },
          {
            "@Name": "UtcTime",
            "#text": "2025-11-21 15:50:04.558"
          },
          {
            "@Name": "ProcessGuid",
            "#text": "{03927271-8a2c-6920-1003-000000006000}"
          },
          {
            "@Name": "ProcessId",
            "#text": "4400"
          },
          {
            "@Name": "Image",
            "#text": "C:\\WINDOWS\\System32\\slui.exe"
          },
          {
            "@Name": "TargetObject",
            "#text": "HKU\\S-1-5-21-3171250481-3681422803-404499418-1001\\SOFTWARE\\Microsoft\\Windows\\CurrentVersion\\Internet Settings\\Connections"
          }
        ]
      }
    },
    {
      "@xmlns": "http://schemas.microsoft.com/win/2004/08/events/event",
      "System": {
        "Provider": {
          "@Name": "Microsoft-Windows-Sysmon",
          "@Guid": "{5770385f-c22a-43e0-bf4c-06f5698ffbd9}"
        },
        "EventID": "12",
        "Version": "2",
        "Level": "4",
        "Task": "12",
        "Opcode": "0",
        "Keywords": "0x8000000000000000",
        "TimeCreated": {
          "@SystemTime": "2025-11-21T15:50:04.5569772Z"
        },
        "EventRecordID": "519",
        "Correlation": null,
        "Execution": {
          "@ProcessID": "972",
          "@ThreadID": "6640"
        },
        "Channel": "Microsoft-Windows-Sysmon/Operational",
        "Computer": "DESKTOP-LG3F6GA",
        "Security": {
          "@UserID": "S-1-5-18"
        }
      },
      "EventData": {
        "Data": [
          {
            "@Name": "RuleName",
            "#text": "-"
          },
          {
            "@Name": "EventType",
            "#text": "CreateKey"
          },
          {
            "@Name": "UtcTime",
            "#text": "2025-11-21 15:50:04.542"
          },
          {
            "@Name": "ProcessGuid",
            "#text": "{03927271-8a2c-6920-1003-000000006000}"
          },
          {
            "@Name": "ProcessId",
            "#text": "4400"
          },
          {
            "@Name": "Image",
            "#text": "C:\\WINDOWS\\System32\\slui.exe"
          },
          {
            "@Name": "TargetObject",
            "#text": "HKLM\\SOFTWARE\\Microsoft\\Windows\\CurrentVersion\\Internet Settings\\Connections"
          }
        ]
      }
    },
    {
      "@xmlns": "http://schemas.microsoft.com/win/2004/08/events/event",
      "System": {
        "Provider": {
          "@Name": "Microsoft-Windows-Sysmon",
          "@Guid": "{5770385f-c22a-43e0-bf4c-06f5698ffbd9}"
        },
        "EventID": "1",
        "Version": "5",
        "Level": "4",
        "Task": "1",
        "Opcode": "0",
        "Keywords": "0x8000000000000000",
        "TimeCreated": {
          "@SystemTime": "2025-11-21T15:50:04.3946242Z"
        },
        "EventRecordID": "518",
        "Correlation": null,
        "Execution": {
          "@ProcessID": "972",
          "@ThreadID": "6640"
        },
        "Channel": "Microsoft-Windows-Sysmon/Operational",
        "Computer": "DESKTOP-LG3F6GA",
        "Security": {
          "@UserID": "S-1-5-18"
        }
      },
      "EventData": {
        "Data": [
          {
            "@Name": "RuleName",
            "#text": "-"
          },
          {
            "@Name": "UtcTime",
            "#text": "2025-11-21 15:50:04.390"
          },
          {
            "@Name": "ProcessGuid",
            "#text": "{03927271-8a2c-6920-1003-000000006000}"
          },
          {
            "@Name": "ProcessId",
            "#text": "4400"
          },
          {
            "@Name": "Image",
            "#text": "C:\\Windows\\System32\\slui.exe"
          },
          {
            "@Name": "FileVersion",
            "#text": "10.0.19041.488 (WinBuild.160101.0800)"
          },
          {
            "@Name": "Description",
            "#text": "Windows Activation Client"
          },
          {
            "@Name": "Product",
            "#text": "Microsoft速 Windows速 Operating System"
          },
          {
            "@Name": "Company",
            "#text": "Microsoft Corporation"
          },
          {
            "@Name": "OriginalFileName",
            "#text": "slui.exe"
          },
          {
            "@Name": "CommandLine",
            "#text": "C:\\WINDOWS\\System32\\slui.exe -Embedding"
          },
          {
            "@Name": "CurrentDirectory",
            "#text": "C:\\WINDOWS\\system32\\"
          },
          {
            "@Name": "User",
            "#text": "DESKTOP-LG3F6GA\\buddy"
          },
          {
            "@Name": "LogonGuid",
            "#text": "{03927271-2e35-68ca-86e5-030000000000}"
          },
          {
            "@Name": "LogonId",
            "#text": "0x3e586"
          },
          {
            "@Name": "TerminalSessionId",
            "#text": "1"
          },
          {
            "@Name": "IntegrityLevel",
            "#text": "High"
          },
          {
            "@Name": "Hashes",
            "#text": "SHA256=25E7624D469A592934AB8C509D12C153C2799E604C2A4B8A83650A7268577DFF"
          },
          {
            "@Name": "ParentProcessGuid",
            "#text": "{03927271-2e2f-68ca-1000-000000006000}"
          },
          {
            "@Name": "ParentProcessId",
            "#text": "860"
          },
          {
            "@Name": "ParentImage",
            "#text": "C:\\Windows\\System32\\svchost.exe"
          },
          {
            "@Name": "ParentCommandLine",
            "#text": "C:\\WINDOWS\\system32\\svchost.exe -k DcomLaunch -p"
          }
        ]
      }
    },
    {
      "@xmlns": "http://schemas.microsoft.com/win/2004/08/events/event",
      "System": {
        "Provider": {
          "@Name": "Microsoft-Windows-Sysmon",
          "@Guid": "{5770385f-c22a-43e0-bf4c-06f5698ffbd9}"
        },
        "EventID": "12",
        "Version": "2",
        "Level": "4",
        "Task": "12",
        "Opcode": "0",
        "Keywords": "0x8000000000000000",
        "TimeCreated": {
          "@SystemTime": "2025-11-21T15:50:04.3658190Z"
        },
        "EventRecordID": "517",
        "Correlation": null,
        "Execution": {
          "@ProcessID": "972",
          "@ThreadID": "6640"
        },
        "Channel": "Microsoft-Windows-Sysmon/Operational",
        "Computer": "DESKTOP-LG3F6GA",
        "Security": {
          "@UserID": "S-1-5-18"
        }
      },
      "EventData": {
        "Data": [
          {
            "@Name": "RuleName",
            "#text": "-"
          },
          {
            "@Name": "EventType",
            "#text": "CreateKey"
          },
          {
            "@Name": "UtcTime",
            "#text": "2025-11-21 15:50:04.355"
          },
          {
            "@Name": "ProcessGuid",
            "#text": "{03927271-89f2-6920-2402-000000006000}"
          },
          {
            "@Name": "ProcessId",
            "#text": "3172"
          },
          {
            "@Name": "Image",
            "#text": "C:\\WINDOWS\\system32\\sppsvc.exe"
          },
          {
            "@Name": "TargetObject",
            "#text": "HKLM\\System\\CurrentControlSet\\Control\\Hvsi"
          }
        ]
      }
    },
    {
      "@xmlns": "http://schemas.microsoft.com/win/2004/08/events/event",
      "System": {
        "Provider": {
          "@Name": "Microsoft-Windows-Sysmon",
          "@Guid": "{5770385f-c22a-43e0-bf4c-06f5698ffbd9}"
        },
        "EventID": "12",
        "Version": "2",
        "Level": "4",
        "Task": "12",
        "Opcode": "0",
        "Keywords": "0x8000000000000000",
        "TimeCreated": {
          "@SystemTime": "2025-11-21T15:50:04.3641113Z"
        },
        "EventRecordID": "516",
        "Correlation": null,
        "Execution": {
          "@ProcessID": "972",
          "@ThreadID": "6640"
        },
        "Channel": "Microsoft-Windows-Sysmon/Operational",
        "Computer": "DESKTOP-LG3F6GA",
        "Security": {
          "@UserID": "S-1-5-18"
        }
      },
      "EventData": {
        "Data": [
          {
            "@Name": "RuleName",
            "#text": "-"
          },
          {
            "@Name": "EventType",
            "#text": "CreateKey"
          },
          {
            "@Name": "UtcTime",
            "#text": "2025-11-21 15:50:04.355"
          },
          {
            "@Name": "ProcessGuid",
            "#text": "{03927271-89f2-6920-2402-000000006000}"
          },
          {
            "@Name": "ProcessId",
            "#text": "3172"
          },
          {
            "@Name": "Image",
            "#text": "C:\\WINDOWS\\system32\\sppsvc.exe"
          },
          {
            "@Name": "TargetObject",
            "#text": "HKLM\\System\\CurrentControlSet\\Control\\Hvsi"
          }
        ]
      }
    },
    {
      "@xmlns": "http://schemas.microsoft.com/win/2004/08/events/event",
      "System": {
        "Provider": {
          "@Name": "Microsoft-Windows-Sysmon",
          "@Guid": "{5770385f-c22a-43e0-bf4c-06f5698ffbd9}"
        },
        "EventID": "12",
        "Version": "2",
        "Level": "4",
        "Task": "12",
        "Opcode": "0",
        "Keywords": "0x8000000000000000",
        "TimeCreated": {
          "@SystemTime": "2025-11-21T15:50:04.2936975Z"
        },
        "EventRecordID": "515",
        "Correlation": null,
        "Execution": {
          "@ProcessID": "972",
          "@ThreadID": "6640"
        },
        "Channel": "Microsoft-Windows-Sysmon/Operational",
        "Computer": "DESKTOP-LG3F6GA",
        "Security": {
          "@UserID": "S-1-5-18"
        }
      },
      "EventData": {
        "Data": [
          {
            "@Name": "RuleName",
            "#text": "-"
          },
          {
            "@Name": "EventType",
            "#text": "CreateKey"
          },
          {
            "@Name": "UtcTime",
            "#text": "2025-11-21 15:50:04.292"
          },
          {
            "@Name": "ProcessGuid",
            "#text": "{03927271-89f2-6920-2602-000000006000}"
          },
          {
            "@Name": "ProcessId",
            "#text": "1512"
          },
          {
            "@Name": "Image",
            "#text": "C:\\WINDOWS\\System32\\SLUI.exe"
          },
          {
            "@Name": "TargetObject",
            "#text": "HKLM\\System\\CurrentControlSet\\Control\\Hvsi"
          }
        ]
      }
    },
    {
      "@xmlns": "http://schemas.microsoft.com/win/2004/08/events/event",
      "System": {
        "Provider": {
          "@Name": "Microsoft-Windows-Sysmon",
          "@Guid": "{5770385f-c22a-43e0-bf4c-06f5698ffbd9}"
        },
        "EventID": "12",
        "Version": "2",
        "Level": "4",
        "Task": "12",
        "Opcode": "0",
        "Keywords": "0x8000000000000000",
        "TimeCreated": {
          "@SystemTime": "2025-11-21T15:50:04.2935374Z"
        },
        "EventRecordID": "514",
        "Correlation": null,
        "Execution": {
          "@ProcessID": "972",
          "@ThreadID": "6640"
        },
        "Channel": "Microsoft-Windows-Sysmon/Operational",
        "Computer": "DESKTOP-LG3F6GA",
        "Security": {
          "@UserID": "S-1-5-18"
        }
      },
      "EventData": {
        "Data": [
          {
            "@Name": "RuleName",
            "#text": "-"
          },
          {
            "@Name": "EventType",
            "#text": "CreateKey"
          },
          {
            "@Name": "UtcTime",
            "#text": "2025-11-21 15:50:04.292"
          },
          {
            "@Name": "ProcessGuid",
            "#text": "{03927271-89f2-6920-2602-000000006000}"
          },
          {
            "@Name": "ProcessId",
            "#text": "1512"
          },
          {
            "@Name": "Image",
            "#text": "C:\\WINDOWS\\System32\\SLUI.exe"
          },
          {
            "@Name": "TargetObject",
            "#text": "HKLM\\System\\CurrentControlSet\\Control\\Hvsi"
          }
        ]
      }
    },
    {
      "@xmlns": "http://schemas.microsoft.com/win/2004/08/events/event",
      "System": {
        "Provider": {
          "@Name": "Microsoft-Windows-Sysmon",
          "@Guid": "{5770385f-c22a-43e0-bf4c-06f5698ffbd9}"
        },
        "EventID": "11",
        "Version": "2",
        "Level": "4",
        "Task": "11",
        "Opcode": "0",
        "Keywords": "0x8000000000000000",
        "TimeCreated": {
          "@SystemTime": "2025-11-21T15:50:04.2891581Z"
        },
        "EventRecordID": "513",
        "Correlation": null,
        "Execution": {
          "@ProcessID": "972",
          "@ThreadID": "6640"
        },
        "Channel": "Microsoft-Windows-Sysmon/Operational",
        "Computer": "DESKTOP-LG3F6GA",
        "Security": {
          "@UserID": "S-1-5-18"
        }
      },
      "EventData": {
        "Data": [
          {
            "@Name": "RuleName",
            "#text": "-"
          },
          {
            "@Name": "UtcTime",
            "#text": "2025-11-21 15:50:04.277"
          },
          {
            "@Name": "ProcessGuid",
            "#text": "{03927271-89f2-6920-2402-000000006000}"
          },
          {
            "@Name": "ProcessId",
            "#text": "3172"
          },
          {
            "@Name": "Image",
            "#text": "C:\\WINDOWS\\system32\\sppsvc.exe"
          },
          {
            "@Name": "TargetFilename",
            "#text": "C:\\Windows\\System32\\spp\\store\\2.0\\data.dat.tmp"
          },
          {
            "@Name": "CreationUtcTime",
            "#text": "2025-11-21 15:50:04.183"
          }
        ]
      }
    },
    {
      "@xmlns": "http://schemas.microsoft.com/win/2004/08/events/event",
      "System": {
        "Provider": {
          "@Name": "Microsoft-Windows-Sysmon",
          "@Guid": "{5770385f-c22a-43e0-bf4c-06f5698ffbd9}"
        },
        "EventID": "11",
        "Version": "2",
        "Level": "4",
        "Task": "11",
        "Opcode": "0",
        "Keywords": "0x8000000000000000",
        "TimeCreated": {
          "@SystemTime": "2025-11-21T15:50:04.2478340Z"
        },
        "EventRecordID": "512",
        "Correlation": null,
        "Execution": {
          "@ProcessID": "972",
          "@ThreadID": "6640"
        },
        "Channel": "Microsoft-Windows-Sysmon/Operational",
        "Computer": "DESKTOP-LG3F6GA",
        "Security": {
          "@UserID": "S-1-5-18"
        }
      },
      "EventData": {
        "Data": [
          {
            "@Name": "RuleName",
            "#text": "-"
          },
          {
            "@Name": "UtcTime",
            "#text": "2025-11-21 15:50:04.245"
          },
          {
            "@Name": "ProcessGuid",
            "#text": "{03927271-89f2-6920-2402-000000006000}"
          },
          {
            "@Name": "ProcessId",
            "#text": "3172"
          },
          {
            "@Name": "Image",
            "#text": "C:\\WINDOWS\\system32\\sppsvc.exe"
          },
          {
            "@Name": "TargetFilename",
            "#text": "C:\\Windows\\System32\\spp\\store\\2.0\\data.dat.tmp"
          },
          {
            "@Name": "CreationUtcTime",
            "#text": "2025-11-21 15:50:04.183"
          }
        ]
      }
    },
    {
      "@xmlns": "http://schemas.microsoft.com/win/2004/08/events/event",
      "System": {
        "Provider": {
          "@Name": "Microsoft-Windows-Sysmon",
          "@Guid": "{5770385f-c22a-43e0-bf4c-06f5698ffbd9}"
        },
        "EventID": "11",
        "Version": "2",
        "Level": "4",
        "Task": "11",
        "Opcode": "0",
        "Keywords": "0x8000000000000000",
        "TimeCreated": {
          "@SystemTime": "2025-11-21T15:50:04.1987701Z"
        },
        "EventRecordID": "511",
        "Correlation": null,
        "Execution": {
          "@ProcessID": "972",
          "@ThreadID": "6640"
        },
        "Channel": "Microsoft-Windows-Sysmon/Operational",
        "Computer": "DESKTOP-LG3F6GA",
        "Security": {
          "@UserID": "S-1-5-18"
        }
      },
      "EventData": {
        "Data": [
          {
            "@Name": "RuleName",
            "#text": "-"
          },
          {
            "@Name": "UtcTime",
            "#text": "2025-11-21 15:50:04.183"
          },
          {
            "@Name": "ProcessGuid",
            "#text": "{03927271-89f2-6920-2402-000000006000}"
          },
          {
            "@Name": "ProcessId",
            "#text": "3172"
          },
          {
            "@Name": "Image",
            "#text": "C:\\WINDOWS\\system32\\sppsvc.exe"
          },
          {
            "@Name": "TargetFilename",
            "#text": "C:\\Windows\\System32\\spp\\store\\2.0\\data.dat.tmp"
          },
          {
            "@Name": "CreationUtcTime",
            "#text": "2025-11-21 15:50:04.183"
          }
        ]
      }
    },
    {
      "@xmlns": "http://schemas.microsoft.com/win/2004/08/events/event",
      "System": {
        "Provider": {
          "@Name": "Microsoft-Windows-Sysmon",
          "@Guid": "{5770385f-c22a-43e0-bf4c-06f5698ffbd9}"
        },
        "EventID": "12",
        "Version": "2",
        "Level": "4",
        "Task": "12",
        "Opcode": "0",
        "Keywords": "0x8000000000000000",
        "TimeCreated": {
          "@SystemTime": "2025-11-21T15:50:04.1757298Z"
        },
        "EventRecordID": "510",
        "Correlation": null,
        "Execution": {
          "@ProcessID": "972",
          "@ThreadID": "6640"
        },
        "Channel": "Microsoft-Windows-Sysmon/Operational",
        "Computer": "DESKTOP-LG3F6GA",
        "Security": {
          "@UserID": "S-1-5-18"
        }
      },
      "EventData": {
        "Data": [
          {
            "@Name": "RuleName",
            "#text": "-"
          },
          {
            "@Name": "EventType",
            "#text": "CreateKey"
          },
          {
            "@Name": "UtcTime",
            "#text": "2025-11-21 15:50:04.167"
          },
          {
            "@Name": "ProcessGuid",
            "#text": "{03927271-89f2-6920-2602-000000006000}"
          },
          {
            "@Name": "ProcessId",
            "#text": "1512"
          },
          {
            "@Name": "Image",
            "#text": "C:\\WINDOWS\\System32\\SLUI.exe"
          },
          {
            "@Name": "TargetObject",
            "#text": "HKLM\\System\\CurrentControlSet\\Control\\Hvsi"
          }
        ]
      }
    },
    {
      "@xmlns": "http://schemas.microsoft.com/win/2004/08/events/event",
      "System": {
        "Provider": {
          "@Name": "Microsoft-Windows-Sysmon",
          "@Guid": "{5770385f-c22a-43e0-bf4c-06f5698ffbd9}"
        },
        "EventID": "12",
        "Version": "2",
        "Level": "4",
        "Task": "12",
        "Opcode": "0",
        "Keywords": "0x8000000000000000",
        "TimeCreated": {
          "@SystemTime": "2025-11-21T15:50:04.1756755Z"
        },
        "EventRecordID": "509",
        "Correlation": null,
        "Execution": {
          "@ProcessID": "972",
          "@ThreadID": "6640"
        },
        "Channel": "Microsoft-Windows-Sysmon/Operational",
        "Computer": "DESKTOP-LG3F6GA",
        "Security": {
          "@UserID": "S-1-5-18"
        }
      },
      "EventData": {
        "Data": [
          {
            "@Name": "RuleName",
            "#text": "-"
          },
          {
            "@Name": "EventType",
            "#text": "CreateKey"
          },
          {
            "@Name": "UtcTime",
            "#text": "2025-11-21 15:50:04.167"
          },
          {
            "@Name": "ProcessGuid",
            "#text": "{03927271-89f2-6920-2602-000000006000}"
          },
          {
            "@Name": "ProcessId",
            "#text": "1512"
          },
          {
            "@Name": "Image",
            "#text": "C:\\WINDOWS\\System32\\SLUI.exe"
          },
          {
            "@Name": "TargetObject",
            "#text": "HKLM\\System\\CurrentControlSet\\Control\\Hvsi"
          }
        ]
      }
    },
    {
      "@xmlns": "http://schemas.microsoft.com/win/2004/08/events/event",
      "System": {
        "Provider": {
          "@Name": "Microsoft-Windows-Sysmon",
          "@Guid": "{5770385f-c22a-43e0-bf4c-06f5698ffbd9}"
        },
        "EventID": "12",
        "Version": "2",
        "Level": "4",
        "Task": "12",
        "Opcode": "0",
        "Keywords": "0x8000000000000000",
        "TimeCreated": {
          "@SystemTime": "2025-11-21T15:50:04.1756535Z"
        },
        "EventRecordID": "508",
        "Correlation": null,
        "Execution": {
          "@ProcessID": "972",
          "@ThreadID": "6640"
        },
        "Channel": "Microsoft-Windows-Sysmon/Operational",
        "Computer": "DESKTOP-LG3F6GA",
        "Security": {
          "@UserID": "S-1-5-18"
        }
      },
      "EventData": {
        "Data": [
          {
            "@Name": "RuleName",
            "#text": "-"
          },
          {
            "@Name": "EventType",
            "#text": "CreateKey"
          },
          {
            "@Name": "UtcTime",
            "#text": "2025-11-21 15:50:04.167"
          },
          {
            "@Name": "ProcessGuid",
            "#text": "{03927271-89f2-6920-2602-000000006000}"
          },
          {
            "@Name": "ProcessId",
            "#text": "1512"
          },
          {
            "@Name": "Image",
            "#text": "C:\\WINDOWS\\System32\\SLUI.exe"
          },
          {
            "@Name": "TargetObject",
            "#text": "HKLM\\System\\CurrentControlSet\\Control\\Hvsi"
          }
        ]
      }
    },
    {
      "@xmlns": "http://schemas.microsoft.com/win/2004/08/events/event",
      "System": {
        "Provider": {
          "@Name": "Microsoft-Windows-Sysmon",
          "@Guid": "{5770385f-c22a-43e0-bf4c-06f5698ffbd9}"
        },
        "EventID": "12",
        "Version": "2",
        "Level": "4",
        "Task": "12",
        "Opcode": "0",
        "Keywords": "0x8000000000000000",
        "TimeCreated": {
          "@SystemTime": "2025-11-21T15:50:04.1726917Z"
        },
        "EventRecordID": "507",
        "Correlation": null,
        "Execution": {
          "@ProcessID": "972",
          "@ThreadID": "6640"
        },
        "Channel": "Microsoft-Windows-Sysmon/Operational",
        "Computer": "DESKTOP-LG3F6GA",
        "Security": {
          "@UserID": "S-1-5-18"
        }
      },
      "EventData": {
        "Data": [
          {
            "@Name": "RuleName",
            "#text": "-"
          },
          {
            "@Name": "EventType",
            "#text": "CreateKey"
          },
          {
            "@Name": "UtcTime",
            "#text": "2025-11-21 15:50:04.167"
          },
          {
            "@Name": "ProcessGuid",
            "#text": "{03927271-89f2-6920-2602-000000006000}"
          },
          {
            "@Name": "ProcessId",
            "#text": "1512"
          },
          {
            "@Name": "Image",
            "#text": "C:\\WINDOWS\\System32\\SLUI.exe"
          },
          {
            "@Name": "TargetObject",
            "#text": "HKLM\\System\\CurrentControlSet\\Control\\Hvsi"
          }
        ]
      }
    },
