{
  "target": {
    "category": "file",
    "file": {
      "name": "apihooks.exe",
      "path": "/opt/CAPEv2/storage/binaries/491f359c0cf2588e4aa76a527317406927b0900cfc5c24a4736c92d372073b1e",
      "guest_paths": "",
      "size": 9728,
      "crc32": "7E837019",
      "md5": "5b3379f09881a7b18f6f0a0eb8449dbb",
      "sha1": "c929417131dffd107c91eb3e82d96586df6cb5de",
      "sha256": "491f359c0cf2588e4aa76a527317406927b0900cfc5c24a4736c92d372073b1e",
      "sha512": "5353a2523093aa8e2b87e525126c0f7ab7848a155ba4063bc30450b28e5b6ab8da4eb49f86cba6bffec7a07d9e3632ce7cdc6da1301735846a1c4328e76e5610",
      "rh_hash": null,
      "ssdeep": "192:Vpcp2XfaFO1DH21jjxWJQujOg1LbEUC5b7hT7E5pz6yKomNmIR:Vp02k0HE30JQujdLCtB7",
      "type": "PE32 executable (console) Intel 80386, for MS Windows",
      "yara": [],
      "cape_yara": [],
      "clamav": [],
      "tlsh": "T153122A07FE5409E6CBB8497413729EAEC8BB6BB20B0573D34377D4844669996B43C48E",
      "sha3_384": "9eee786c2fde382392a5e01ce381d32f0def50f3c8b44dd6fdebc11ee5e949389f95013c6ea45528141dbd7ae458a284",
      "pe": {
        "guest_signers": {
          "aux_sha1": null,
          "aux_timestamp": null,
          "aux_valid": false,
          "aux_error": true,
          "aux_error_desc": "No signature found.",
          "aux_signers": []
        },
        "digital_signers": [],
        "imagebase": "0x00400000",
        "entrypoint": "0x00001520",
        "ep_bytes": "e8c5030000e974feffff558bec6a00ff",
        "peid_signatures": null,
        "reported_checksum": "0x00000000",
        "actual_checksum": "0x000085ed",
        "osversion": "6.0",
        "pdbpath": null,
        "imports": {
          "ADVAPI32": {
            "dll": "ADVAPI32.dll",
            "imports": [
              {
                "address": "0x402000",
                "name": "RegCreateKeyExA"
              },
              {
                "address": "0x402004",
                "name": "RegDeleteValueA"
              },
              {
                "address": "0x402008",
                "name": "RegQueryInfoKeyA"
              },
              {
                "address": "0x40200c",
                "name": "RegSetValueExA"
              },
              {
                "address": "0x402010",
                "name": "RegCloseKey"
              }
            ]
          },
          "KERNEL32": {
            "dll": "KERNEL32.dll",
            "imports": [
              {
                "address": "0x402018",
                "name": "DeleteFileA"
              },
              {
                "address": "0x40201c",
                "name": "IsDebuggerPresent"
              },
              {
                "address": "0x402020",
                "name": "CloseHandle"
              },
              {
                "address": "0x402024",
                "name": "WaitForSingleObject"
              },
              {
                "address": "0x402028",
                "name": "CreateMutexA"
              },
              {
                "address": "0x40202c",
                "name": "GetCurrentProcess"
              },
              {
                "address": "0x402030",
                "name": "CreateThread"
              },
              {
                "address": "0x402034",
                "name": "CreateRemoteThread"
              },
              {
                "address": "0x402038",
                "name": "GetModuleHandleA"
              },
              {
                "address": "0x40203c",
                "name": "GetProcAddress"
              },
              {
                "address": "0x402040",
                "name": "LoadLibraryA"
              },
              {
                "address": "0x402044",
                "name": "WinExec"
              },
              {
                "address": "0x402048",
                "name": "OpenMutexA"
              },
              {
                "address": "0x40204c",
                "name": "UnhandledExceptionFilter"
              },
              {
                "address": "0x402050",
                "name": "SetUnhandledExceptionFilter"
              },
              {
                "address": "0x402054",
                "name": "TerminateProcess"
              },
              {
                "address": "0x402058",
                "name": "IsProcessorFeaturePresent"
              },
              {
                "address": "0x40205c",
                "name": "QueryPerformanceCounter"
              },
              {
                "address": "0x402060",
                "name": "GetCurrentProcessId"
              },
              {
                "address": "0x402064",
                "name": "GetCurrentThreadId"
              },
              {
                "address": "0x402068",
                "name": "GetSystemTimeAsFileTime"
              },
              {
                "address": "0x40206c",
                "name": "InitializeSListHead"
              },
              {
                "address": "0x402070",
                "name": "GetModuleHandleW"
              }
            ]
          },
          "VCRUNTIME140": {
            "dll": "VCRUNTIME140.dll",
            "imports": [
              {
                "address": "0x402078",
                "name": "__current_exception"
              },
              {
                "address": "0x40207c",
                "name": "__current_exception_context"
              },
              {
                "address": "0x402080",
                "name": "memset"
              },
              {
                "address": "0x402084",
                "name": "_except_handler4_common"
              }
            ]
          },
          "api-ms-win-crt-stdio-l1-1-0": {
            "dll": "api-ms-win-crt-stdio-l1-1-0.dll",
            "imports": [
              {
                "address": "0x402100",
                "name": "_set_fmode"
              },
              {
                "address": "0x402104",
                "name": "fread"
              },
              {
                "address": "0x402108",
                "name": "__stdio_common_vfprintf"
              },
              {
                "address": "0x40210c",
                "name": "fwrite"
              },
              {
                "address": "0x402110",
                "name": "fclose"
              },
              {
                "address": "0x402114",
                "name": "__acrt_iob_func"
              },
              {
                "address": "0x402118",
                "name": "__p__commode"
              },
              {
                "address": "0x40211c",
                "name": "fopen"
              }
            ]
          },
          "api-ms-win-crt-runtime-l1-1-0": {
            "dll": "api-ms-win-crt-runtime-l1-1-0.dll",
            "imports": [
              {
                "address": "0x4020ac",
                "name": "_seh_filter_exe"
              },
              {
                "address": "0x4020b0",
                "name": "_set_app_type"
              },
              {
                "address": "0x4020b4",
                "name": "terminate"
              },
              {
                "address": "0x4020b8",
                "name": "_configure_narrow_argv"
              },
              {
                "address": "0x4020bc",
                "name": "_initialize_narrow_environment"
              },
              {
                "address": "0x4020c0",
                "name": "_get_initial_narrow_environment"
              },
              {
                "address": "0x4020c4",
                "name": "system"
              },
              {
                "address": "0x4020c8",
                "name": "_initterm_e"
              },
              {
                "address": "0x4020cc",
                "name": "exit"
              },
              {
                "address": "0x4020d0",
                "name": "_exit"
              },
              {
                "address": "0x4020d4",
                "name": "_controlfp_s"
              },
              {
                "address": "0x4020d8",
                "name": "__p___argc"
              },
              {
                "address": "0x4020dc",
                "name": "__p___argv"
              },
              {
                "address": "0x4020e0",
                "name": "_cexit"
              },
              {
                "address": "0x4020e4",
                "name": "_register_thread_local_exe_atexit_callback"
              },
              {
                "address": "0x4020e8",
                "name": "_initterm"
              },
              {
                "address": "0x4020ec",
                "name": "_crt_atexit"
              },
              {
                "address": "0x4020f0",
                "name": "_initialize_onexit_table"
              },
              {
                "address": "0x4020f4",
                "name": "_register_onexit_function"
              },
              {
                "address": "0x4020f8",
                "name": "_c_exit"
              }
            ]
          },
          "api-ms-win-crt-filesystem-l1-1-0": {
            "dll": "api-ms-win-crt-filesystem-l1-1-0.dll",
            "imports": [
              {
                "address": "0x40208c",
                "name": "_mkdir"
              }
            ]
          },
          "api-ms-win-crt-math-l1-1-0": {
            "dll": "api-ms-win-crt-math-l1-1-0.dll",
            "imports": [
              {
                "address": "0x4020a4",
                "name": "__setusermatherr"
              }
            ]
          },
          "api-ms-win-crt-locale-l1-1-0": {
            "dll": "api-ms-win-crt-locale-l1-1-0.dll",
            "imports": [
              {
                "address": "0x40209c",
                "name": "_configthreadlocale"
              }
            ]
          },
          "api-ms-win-crt-heap-l1-1-0": {
            "dll": "api-ms-win-crt-heap-l1-1-0.dll",
            "imports": [
              {
                "address": "0x402094",
                "name": "_set_new_mode"
              }
            ]
          }
        },
        "exported_dll_name": null,
        "exports": [],
        "dirents": [
          {
            "name": "IMAGE_DIRECTORY_ENTRY_EXPORT",
            "virtual_address": "0x00000000",
            "size": "0x00000000"
          },
          {
            "name": "IMAGE_DIRECTORY_ENTRY_IMPORT",
            "virtual_address": "0x0000253c",
            "size": "0x000000c8"
          },
          {
            "name": "IMAGE_DIRECTORY_ENTRY_RESOURCE",
            "virtual_address": "0x00000000",
            "size": "0x00000000"
          },
          {
            "name": "IMAGE_DIRECTORY_ENTRY_EXCEPTION",
            "virtual_address": "0x00000000",
            "size": "0x00000000"
          },
          {
            "name": "IMAGE_DIRECTORY_ENTRY_SECURITY",
            "virtual_address": "0x00000000",
            "size": "0x00000000"
          },
          {
            "name": "IMAGE_DIRECTORY_ENTRY_BASERELOC",
            "virtual_address": "0x00004000",
            "size": "0x000001c8"
          },
          {
            "name": "IMAGE_DIRECTORY_ENTRY_DEBUG",
            "virtual_address": "0x00002220",
            "size": "0x0000001c"
          },
          {
            "name": "IMAGE_DIRECTORY_ENTRY_COPYRIGHT",
            "virtual_address": "0x00000000",
            "size": "0x00000000"
          },
          {
            "name": "IMAGE_DIRECTORY_ENTRY_GLOBALPTR",
            "virtual_address": "0x00000000",
            "size": "0x00000000"
          },
          {
            "name": "IMAGE_DIRECTORY_ENTRY_TLS",
            "virtual_address": "0x00000000",
            "size": "0x00000000"
          },
          {
            "name": "IMAGE_DIRECTORY_ENTRY_LOAD_CONFIG",
            "virtual_address": "0x00002160",
            "size": "0x00000040"
          },
          {
            "name": "IMAGE_DIRECTORY_ENTRY_BOUND_IMPORT",
            "virtual_address": "0x00000000",
            "size": "0x00000000"
          },
          {
            "name": "IMAGE_DIRECTORY_ENTRY_IAT",
            "virtual_address": "0x00002000",
            "size": "0x00000124"
          },
          {
            "name": "IMAGE_DIRECTORY_ENTRY_DELAY_IMPORT",
            "virtual_address": "0x00000000",
            "size": "0x00000000"
          },
          {
            "name": "IMAGE_DIRECTORY_ENTRY_COM_DESCRIPTOR",
            "virtual_address": "0x00000000",
            "size": "0x00000000"
          },
          {
            "name": "IMAGE_DIRECTORY_ENTRY_RESERVED",
            "virtual_address": "0x00000000",
            "size": "0x00000000"
          }
        ],
        "sections": [
          {
            "name": ".text",
            "raw_address": "0x00000400",
            "virtual_address": "0x00001000",
            "virtual_size": "0x00000f54",
            "size_of_data": "0x00001000",
            "characteristics": "IMAGE_SCN_CNT_CODE|IMAGE_SCN_MEM_EXECUTE|IMAGE_SCN_MEM_READ",
            "characteristics_raw": "0x60000020",
            "entropy": "6.07"
          },
          {
            "name": ".rdata",
            "raw_address": "0x00001400",
            "virtual_address": "0x00002000",
            "virtual_size": "0x00000cc8",
            "size_of_data": "0x00000e00",
            "characteristics": "IMAGE_SCN_CNT_INITIALIZED_DATA|IMAGE_SCN_MEM_READ",
            "characteristics_raw": "0x40000040",
            "entropy": "4.50"
          },
          {
            "name": ".data",
            "raw_address": "0x00002200",
            "virtual_address": "0x00003000",
            "virtual_size": "0x000004b8",
            "size_of_data": "0x00000200",
            "characteristics": "IMAGE_SCN_CNT_INITIALIZED_DATA|IMAGE_SCN_MEM_READ|IMAGE_SCN_MEM_WRITE",
            "characteristics_raw": "0xc0000040",
            "entropy": "3.44"
          },
          {
            "name": ".reloc",
            "raw_address": "0x00002400",
            "virtual_address": "0x00004000",
            "virtual_size": "0x000001c8",
            "size_of_data": "0x00000200",
            "characteristics": "IMAGE_SCN_CNT_INITIALIZED_DATA|IMAGE_SCN_MEM_DISCARDABLE|IMAGE_SCN_MEM_READ",
            "characteristics_raw": "0x42000040",
            "entropy": "5.88"
          }
        ],
        "overlay": null,
        "resources": [],
        "versioninfo": [],
        "imphash": "0c66d02a1e595d3a32d93917c257ed60",
        "timestamp": "2023-01-27 21:11:36",
        "icon": null,
        "icon_hash": null,
        "icon_fuzzy": null,
        "icon_dhash": null,
        "imported_dll_count": 9
      },
      "data": null,
      "cape_type_code": 0,
      "cape_type": ""
    }
  },
  "info": {
    "version": "2.4-CAPE",
    "started": "2025-11-21 15:38:32",
    "ended": "2025-11-21 15:40:16",
    "duration": 104,
    "id": 279601,
    "category": "file",
    "custom": "",
    "machine": {
      "id": 279589,
      "status": "stopping",
      "name": "cape_u-12_win10x64-25",
      "label": "cape_u-12_win10x64-25",
      "platform": "windows",
      "manager": "KVM",
      "started_on": "2025-11-21 15:38:32",
      "shutdown_on": "2025-11-21 15:40:14"
    },
    "package": "exe",
    "timeout": true,
    "shrike_url": null,
    "shrike_refer": null,
    "shrike_msg": null,
    "shrike_sid": null,
    "parent_id": null,
    "tlp": null,
    "parent_sample": {},
    "options": {
      "force-sleepskip": "1",
      "api-cap": "1000"
    },
    "source_url": null,
    "route": "inetsim",
    "user_id": 1,
    "CAPE_current_commit": "eaaacb40aa2281b36851d3c02d8396391a466a78"
  },
  "signatures": [
    {
      "name": "stealth_network",
      "description": "Network activity detected but not expressed in monitor API logs",
      "categories": [
        "stealth"
      ],
      "severity": 1,
      "weight": 1,
      "confidence": 100,
      "references": [],
      "data": [
        {
          "ip": "74.178.240.61"
        },
        {
          "domain": "settings-win.data.microsoft.com"
        },
        {
          "domain": "crl.microsoft.com"
        },
        {
          "domain": "online_nat.online_nat"
        },
        {
          "domain": "activation-v2.sls.microsoft.com"
        },
        {
          "domain": "www.microsoft.com"
        }
      ],
      "new_data": [],
      "alert": false,
      "families": []
    },
    {
      "name": "queries_locale_api",
      "description": "Queries the computer locale (possible geofencing)",
      "categories": [
        "location_discovery",
        "geofence"
      ],
      "severity": 1,
      "weight": 1,
      "confidence": 100,
      "references": [],
      "data": [
        {
          "type": "call",
          "pid": 1248,
          "cid": 79
        }
      ],
      "new_data": [],
      "alert": false,
      "families": []
    },
    {
      "name": "antidebug_setunhandledexceptionfilter",
      "description": "SetUnhandledExceptionFilter detected (possible anti-debug)",
      "categories": [
        "anti-debug"
      ],
      "severity": 1,
      "weight": 1,
      "confidence": 40,
      "references": [],
      "data": [
        {
          "type": "call",
          "pid": 4228,
          "cid": 19
        }
      ],
      "new_data": [],
      "alert": false,
      "families": []
    },
    {
      "name": "stealth_timeout",
      "description": "Possible date expiration check, exits too soon after checking local time",
      "categories": [
        "stealth"
      ],
      "severity": 1,
      "weight": 1,
      "confidence": 40,
      "references": [],
      "data": [
        {
          "process": "cmd.exe, PID 1248"
        },
        {
          "type": "call",
          "pid": 1248,
          "cid": 104
        }
      ],
      "new_data": [],
      "alert": false,
      "families": []
    },
    {
      "name": "language_check_registry",
      "description": "Checks system language via registry key (possible geofencing)",
      "categories": [
        "location_discovery",
        "geofence"
      ],
      "severity": 1,
      "weight": 1,
      "confidence": 100,
      "references": [],
      "data": [
        {
          "regkey": "HKEY_LOCAL_MACHINE\\SYSTEM\\ControlSet001\\Control\\Nls\\CustomLocale\\en-US"
        },
        {
          "regkey": "HKEY_LOCAL_MACHINE\\SYSTEM\\ControlSet001\\Control\\Nls\\ExtendedLocale\\en-US"
        }
      ],
      "new_data": [],
      "alert": false,
      "families": []
    },
    {
      "name": "uses_windows_utilities",
      "description": "Uses Windows utilities for basic functionality",
      "categories": [
        "command",
        "lateral"
      ],
      "severity": 2,
      "weight": 1,
      "confidence": 80,
      "references": [],
      "data": [
        {
          "command": "C:\\WINDOWS\\system32\\cmd.exe /c echo hai"
        }
      ],
      "new_data": [],
      "alert": false,
      "families": []
    },
    {
      "name": "persistence_autorun",
      "description": "Installs itself for autorun at Windows startup",
      "categories": [
        "persistence"
      ],
      "severity": 3,
      "weight": 1,
      "confidence": 100,
      "references": [],
      "data": [
        {
          "type": "call",
          "pid": 4228,
          "cid": 47
        },
        {
          "regkey": "HKEY_CURRENT_USER\\SOFTWARE\\Microsoft\\Windows\\CurrentVersion\\Run\\TestApiHooks"
        },
        {
          "data": "Hoi"
        }
      ],
      "new_data": [],
      "alert": false,
      "families": []
    }
  ],
  "CAPE": {
    "payloads": [],
    "configs": []
  },
  "curtain": null,
  "sysmon": [
    {
      "@xmlns": "http://schemas.microsoft.com/win/2004/08/events/event",
      "System": {
        "Provider": {
          "@Name": "Microsoft-Windows-Sysmon",
          "@Guid": "{5770385f-c22a-43e0-bf4c-06f5698ffbd9}"
        },
        "EventID": "13",
        "Version": "2",
        "Level": "4",
        "Task": "13",
        "Opcode": "0",
        "Keywords": "0x8000000000000000",
        "TimeCreated": {
          "@SystemTime": "2025-11-21T15:40:01.2162716Z"
        },
        "EventRecordID": "1380",
        "Correlation": null,
        "Execution": {
          "@ProcessID": "5700",
          "@ThreadID": "4876"
        },
        "Channel": "Microsoft-Windows-Sysmon/Operational",
        "Computer": "DESKTOP-LG3F6GA",
        "Security": {
          "@UserID": "S-1-5-18"
        }
      },
      "EventData": {
        "Data": [
          {
            "@Name": "RuleName",
            "#text": "-"
          },
          {
            "@Name": "EventType",
            "#text": "SetValue"
          },
          {
            "@Name": "UtcTime",
            "#text": "2025-11-21 15:40:01.215"
          },
          {
            "@Name": "ProcessGuid",
            "#text": "{a570a8c2-2e34-68ca-7600-000000006000}"
          },
          {
            "@Name": "ProcessId",
            "#text": "5372"
          },
          {
            "@Name": "Image",
            "#text": "C:\\WINDOWS\\Explorer.EXE"
          },
          {
            "@Name": "TargetObject",
            "#text": "HKLM\\SOFTWARE\\Microsoft\\Windows NT\\CurrentVersion\\Notifications\\Data\\418A073AA3BC1C75"
          },
          {
            "@Name": "Details",
            "#text": "Binary Data"
          }
        ]
      }
    },
    {
      "@xmlns": "http://schemas.microsoft.com/win/2004/08/events/event",
      "System": {
        "Provider": {
          "@Name": "Microsoft-Windows-Sysmon",
          "@Guid": "{5770385f-c22a-43e0-bf4c-06f5698ffbd9}"
        },
        "EventID": "7",
        "Version": "3",
        "Level": "4",
        "Task": "7",
        "Opcode": "0",
        "Keywords": "0x8000000000000000",
        "TimeCreated": {
          "@SystemTime": "2025-11-21T15:39:59.2357668Z"
        },
        "EventRecordID": "1379",
        "Correlation": null,
        "Execution": {
          "@ProcessID": "5700",
          "@ThreadID": "4876"
        },
        "Channel": "Microsoft-Windows-Sysmon/Operational",
        "Computer": "DESKTOP-LG3F6GA",
        "Security": {
          "@UserID": "S-1-5-18"
        }
      },
      "EventData": {
        "Data": [
          {
            "@Name": "RuleName",
            "#text": "-"
          },
          {
            "@Name": "UtcTime",
            "#text": "2025-11-21 15:39:59.231"
          },
          {
            "@Name": "ProcessGuid",
            "#text": "{a570a8c2-2e2e-68ca-4700-000000006000}"
          },
          {
            "@Name": "ProcessId",
            "#text": "3036"
          },
          {
            "@Name": "Image",
            "#text": "C:\\Windows\\System32\\svchost.exe"
          },
          {
            "@Name": "ImageLoaded",
            "#text": "C:\\Windows\\System32\\msasn1.dll"
          },
          {
            "@Name": "FileVersion",
            "#text": "10.0.19041.546 (WinBuild.160101.0800)"
          },
          {
            "@Name": "Description",
            "#text": "ASN.1 Runtime APIs"
          },
          {
            "@Name": "Product",
            "#text": "Microsoft® Windows® Operating System"
          },
          {
            "@Name": "Company",
            "#text": "Microsoft Corporation"
          },
          {
            "@Name": "OriginalFileName",
            "#text": "msasn1.dll"
          },
          {
            "@Name": "Hashes",
            "#text": "SHA256=589F8393DEE90934AFD9E70739CAAC7CD8E85F6A9501635F0B9026E272B349FD"
          },
          {
            "@Name": "Signed",
            "#text": "true"
          },
          {
            "@Name": "Signature",
            "#text": "Microsoft Windows"
          },
          {
            "@Name": "SignatureStatus",
            "#text": "Valid"
          }
        ]
      }
    },
    {
      "@xmlns": "http://schemas.microsoft.com/win/2004/08/events/event",
      "System": {
        "Provider": {
          "@Name": "Microsoft-Windows-Sysmon",
          "@Guid": "{5770385f-c22a-43e0-bf4c-06f5698ffbd9}"
        },
        "EventID": "22",
        "Version": "5",
        "Level": "4",
        "Task": "22",
        "Opcode": "0",
        "Keywords": "0x8000000000000000",
        "TimeCreated": {
          "@SystemTime": "2025-11-21T15:39:58.1690053Z"
        },
        "EventRecordID": "1378",
        "Correlation": null,
        "Execution": {
          "@ProcessID": "5700",
          "@ThreadID": "1544"
        },
        "Channel": "Microsoft-Windows-Sysmon/Operational",
        "Computer": "DESKTOP-LG3F6GA",
        "Security": {
          "@UserID": "S-1-5-18"
        }
      },
      "EventData": {
        "Data": [
          {
            "@Name": "RuleName",
            "#text": "-"
          },
          {
            "@Name": "UtcTime",
            "#text": "2025-11-21 15:39:56.481"
          },
          {
            "@Name": "ProcessGuid",
            "#text": "{a570a8c2-2e2e-68ca-3600-000000006000}"
          },
          {
            "@Name": "ProcessId",
            "#text": "2284"
          },
          {
            "@Name": "QueryName",
            "#text": "www.microsoft.com"
          },
          {
            "@Name": "QueryStatus",
            "#text": "1460"
          },
          {
            "@Name": "QueryResults",
            "#text": "-"
          },
          {
            "@Name": "Image",
            "#text": "C:\\Windows\\System32\\svchost.exe"
          }
        ]
      }
    },
    {
      "@xmlns": "http://schemas.microsoft.com/win/2004/08/events/event",
      "System": {
        "Provider": {
          "@Name": "Microsoft-Windows-Sysmon",
          "@Guid": "{5770385f-c22a-43e0-bf4c-06f5698ffbd9}"
        },
        "EventID": "5",
        "Version": "3",
        "Level": "4",
        "Task": "5",
        "Opcode": "0",
        "Keywords": "0x8000000000000000",
        "TimeCreated": {
          "@SystemTime": "2025-11-21T15:39:56.6462034Z"
        },
        "EventRecordID": "1377",
        "Correlation": null,
        "Execution": {
          "@ProcessID": "5700",
          "@ThreadID": "4876"
        },
        "Channel": "Microsoft-Windows-Sysmon/Operational",
        "Computer": "DESKTOP-LG3F6GA",
        "Security": {
          "@UserID": "S-1-5-18"
        }
      },
      "EventData": {
        "Data": [
          {
            "@Name": "RuleName",
            "#text": "-"
          },
          {
            "@Name": "UtcTime",
            "#text": "2025-11-21 15:39:56.637"
          },
          {
            "@Name": "ProcessGuid",
            "#text": "{a570a8c2-8777-6920-1a02-000000006000}"
          },
          {
            "@Name": "ProcessId",
            "#text": "1156"
          },
          {
            "@Name": "Image",
            "#text": "C:\\Windows\\System32\\svchost.exe"
          }
        ]
      }
    },
    {
      "@xmlns": "http://schemas.microsoft.com/win/2004/08/events/event",
      "System": {
        "Provider": {
          "@Name": "Microsoft-Windows-Sysmon",
          "@Guid": "{5770385f-c22a-43e0-bf4c-06f5698ffbd9}"
        },
        "EventID": "7",
        "Version": "3",
        "Level": "4",
        "Task": "7",
        "Opcode": "0",
        "Keywords": "0x8000000000000000",
        "TimeCreated": {
          "@SystemTime": "2025-11-21T15:39:56.1585729Z"
        },
        "EventRecordID": "1376",
        "Correlation": null,
        "Execution": {
          "@ProcessID": "5700",
          "@ThreadID": "4876"
        },
        "Channel": "Microsoft-Windows-Sysmon/Operational",
        "Computer": "DESKTOP-LG3F6GA",
        "Security": {
          "@UserID": "S-1-5-18"
        }
      },
      "EventData": {
        "Data": [
          {
            "@Name": "RuleName",
            "#text": "-"
          },
          {
            "@Name": "UtcTime",
            "#text": "2025-11-21 15:39:56.153"
          },
          {
            "@Name": "ProcessGuid",
            "#text": "{a570a8c2-2e30-68ca-5e00-000000006000}"
          },
          {
            "@Name": "ProcessId",
            "#text": "4216"
          },
          {
            "@Name": "Image",
            "#text": "C:\\Windows\\System32\\svchost.exe"
          },
          {
            "@Name": "ImageLoaded",
            "#text": "C:\\Windows\\System32\\OnDemandConnRouteHelper.dll"
          },
          {
            "@Name": "FileVersion",
            "#text": "10.0.19041.546 (WinBuild.160101.0800)"
          },
          {
            "@Name": "Description",
            "#text": "On Demand Connctiond Route Helper"
          },
          {
            "@Name": "Product",
            "#text": "Microsoft® Windows® Operating System"
          },
          {
            "@Name": "Company",
            "#text": "Microsoft Corporation"
          },
          {
            "@Name": "OriginalFileName",
            "#text": "OnDemandConnRouteHelper.dll"
          },
          {
            "@Name": "Hashes",
            "#text": "SHA256=C897C345C3BCF3E96589A0FEEEA8B6D26CF33C091AC3EE2162DD27F8A79C3FF5"
          },
          {
            "@Name": "Signed",
            "#text": "true"
          },
          {
            "@Name": "Signature",
            "#text": "Microsoft Windows"
          },
          {
            "@Name": "SignatureStatus",
            "#text": "Valid"
          }
        ]
      }
    },
    {
      "@xmlns": "http://schemas.microsoft.com/win/2004/08/events/event",
      "System": {
        "Provider": {
          "@Name": "Microsoft-Windows-Sysmon",
          "@Guid": "{5770385f-c22a-43e0-bf4c-06f5698ffbd9}"
        },
        "EventID": "11",
        "Version": "2",
        "Level": "4",
        "Task": "11",
        "Opcode": "0",
        "Keywords": "0x8000000000000000",
        "TimeCreated": {
          "@SystemTime": "2025-11-21T15:39:54.7364185Z"
        },
        "EventRecordID": "1375",
        "Correlation": null,
        "Execution": {
          "@ProcessID": "5700",
          "@ThreadID": "4876"
        },
        "Channel": "Microsoft-Windows-Sysmon/Operational",
        "Computer": "DESKTOP-LG3F6GA",
        "Security": {
          "@UserID": "S-1-5-18"
        }
      },
      "EventData": {
        "Data": [
          {
            "@Name": "RuleName",
            "#text": "-"
          },
          {
            "@Name": "UtcTime",
            "#text": "2025-11-21 15:39:54.731"
          },
          {
            "@Name": "ProcessGuid",
            "#text": "{a570a8c2-2e2d-68ca-2900-000000006000}"
          },
          {
            "@Name": "ProcessId",
            "#text": "1708"
          },
          {
            "@Name": "Image",
            "#text": "C:\\WINDOWS\\system32\\svchost.exe"
          },
          {
            "@Name": "TargetFilename",
            "#text": "C:\\Windows\\Prefetch\\SLUI.EXE-724E99D9.pf"
          },
          {
            "@Name": "CreationUtcTime",
            "#text": "2025-08-26 19:54:09.939"
          }
        ]
      }
    },
    {
      "@xmlns": "http://schemas.microsoft.com/win/2004/08/events/event",
      "System": {
        "Provider": {
          "@Name": "Microsoft-Windows-Sysmon",
          "@Guid": "{5770385f-c22a-43e0-bf4c-06f5698ffbd9}"
        },
        "EventID": "7",
        "Version": "3",
        "Level": "4",
        "Task": "7",
        "Opcode": "0",
        "Keywords": "0x8000000000000000",
        "TimeCreated": {
          "@SystemTime": "2025-11-21T15:39:53.0453518Z"
        },
        "EventRecordID": "1374",
        "Correlation": null,
        "Execution": {
          "@ProcessID": "5700",
          "@ThreadID": "4876"
        },
        "Channel": "Microsoft-Windows-Sysmon/Operational",
        "Computer": "DESKTOP-LG3F6GA",
        "Security": {
          "@UserID": "S-1-5-18"
        }
      },
      "EventData": {
        "Data": [
          {
            "@Name": "RuleName",
            "#text": "-"
          },
          {
            "@Name": "UtcTime",
            "#text": "2025-11-21 15:39:53.043"
          },
          {
            "@Name": "ProcessGuid",
            "#text": "{a570a8c2-2e30-68ca-5e00-000000006000}"
          },
          {
            "@Name": "ProcessId",
            "#text": "4216"
          },
          {
            "@Name": "Image",
            "#text": "C:\\Windows\\System32\\svchost.exe"
          },
          {
            "@Name": "ImageLoaded",
            "#text": "C:\\Windows\\System32\\OnDemandConnRouteHelper.dll"
          },
          {
            "@Name": "FileVersion",
            "#text": "10.0.19041.546 (WinBuild.160101.0800)"
          },
          {
            "@Name": "Description",
            "#text": "On Demand Connctiond Route Helper"
          },
          {
            "@Name": "Product",
            "#text": "Microsoft® Windows® Operating System"
          },
          {
            "@Name": "Company",
            "#text": "Microsoft Corporation"
          },
          {
            "@Name": "OriginalFileName",
            "#text": "OnDemandConnRouteHelper.dll"
          },
          {
            "@Name": "Hashes",
            "#text": "SHA256=C897C345C3BCF3E96589A0FEEEA8B6D26CF33C091AC3EE2162DD27F8A79C3FF5"
          },
          {
            "@Name": "Signed",
            "#text": "true"
          },
          {
            "@Name": "Signature",
            "#text": "Microsoft Windows"
          },
          {
            "@Name": "SignatureStatus",
            "#text": "Valid"
          }
        ]
      }
    },
    {
      "@xmlns": "http://schemas.microsoft.com/win/2004/08/events/event",
      "System": {
        "Provider": {
          "@Name": "Microsoft-Windows-Sysmon",
          "@Guid": "{5770385f-c22a-43e0-bf4c-06f5698ffbd9}"
        },
        "EventID": "13",
        "Version": "2",
        "Level": "4",
        "Task": "13",
        "Opcode": "0",
        "Keywords": "0x8000000000000000",
        "TimeCreated": {
          "@SystemTime": "2025-11-21T15:39:47.4038163Z"
        },
        "EventRecordID": "1373",
        "Correlation": null,
        "Execution": {
          "@ProcessID": "5700",
          "@ThreadID": "4876"
        },
        "Channel": "Microsoft-Windows-Sysmon/Operational",
        "Computer": "DESKTOP-LG3F6GA",
        "Security": {
          "@UserID": "S-1-5-18"
        }
      },
      "EventData": {
        "Data": [
          {
            "@Name": "RuleName",
            "#text": "-"
          },
          {
            "@Name": "EventType",
            "#text": "SetValue"
          },
          {
            "@Name": "UtcTime",
            "#text": "2025-11-21 15:39:47.403"
          },
          {
            "@Name": "ProcessGuid",
            "#text": "{a570a8c2-2e34-68ca-7800-000000006000}"
          },
          {
            "@Name": "ProcessId",
            "#text": "5640"
          },
          {
            "@Name": "Image",
            "#text": "C:\\WINDOWS\\system32\\SearchIndexer.exe"
          },
          {
            "@Name": "TargetObject",
            "#text": "HKLM\\SOFTWARE\\Microsoft\\Windows NT\\CurrentVersion\\Notifications\\Data\\418A073AA3BC1C75"
          },
          {
            "@Name": "Details",
            "#text": "Binary Data"
          }
        ]
      }
    },
    {
      "@xmlns": "http://schemas.microsoft.com/win/2004/08/events/event",
      "System": {
        "Provider": {
          "@Name": "Microsoft-Windows-Sysmon",
          "@Guid": "{5770385f-c22a-43e0-bf4c-06f5698ffbd9}"
        },
        "EventID": "7",
        "Version": "3",
        "Level": "4",
        "Task": "7",
        "Opcode": "0",
        "Keywords": "0x8000000000000000",
        "TimeCreated": {
          "@SystemTime": "2025-11-21T15:39:46.8724574Z"
        },
        "EventRecordID": "1372",
        "Correlation": null,
        "Execution": {
          "@ProcessID": "5700",
          "@ThreadID": "4876"
        },
        "Channel": "Microsoft-Windows-Sysmon/Operational",
        "Computer": "DESKTOP-LG3F6GA",
        "Security": {
          "@UserID": "S-1-5-18"
        }
      },
      "EventData": {
        "Data": [
          {
            "@Name": "RuleName",
            "#text": "-"
          },
          {
            "@Name": "UtcTime",
            "#text": "2025-11-21 15:39:46.856"
          },
          {
            "@Name": "ProcessGuid",
            "#text": "{a570a8c2-2e30-68ca-5e00-000000006000}"
          },
          {
            "@Name": "ProcessId",
            "#text": "4216"
          },
          {
            "@Name": "Image",
            "#text": "C:\\Windows\\System32\\svchost.exe"
          },
          {
            "@Name": "ImageLoaded",
            "#text": "C:\\Windows\\System32\\OnDemandConnRouteHelper.dll"
          },
          {
            "@Name": "FileVersion",
            "#text": "10.0.19041.546 (WinBuild.160101.0800)"
          },
          {
            "@Name": "Description",
            "#text": "On Demand Connctiond Route Helper"
          },
          {
            "@Name": "Product",
            "#text": "Microsoft® Windows® Operating System"
          },
          {
            "@Name": "Company",
            "#text": "Microsoft Corporation"
          },
          {
            "@Name": "OriginalFileName",
            "#text": "OnDemandConnRouteHelper.dll"
          },
          {
            "@Name": "Hashes",
            "#text": "SHA256=C897C345C3BCF3E96589A0FEEEA8B6D26CF33C091AC3EE2162DD27F8A79C3FF5"
          },
          {
            "@Name": "Signed",
            "#text": "true"
          },
          {
            "@Name": "Signature",
            "#text": "Microsoft Windows"
          },
          {
            "@Name": "SignatureStatus",
            "#text": "Valid"
          }
        ]
      }
    },
    {
      "@xmlns": "http://schemas.microsoft.com/win/2004/08/events/event",
      "System": {
        "Provider": {
          "@Name": "Microsoft-Windows-Sysmon",
          "@Guid": "{5770385f-c22a-43e0-bf4c-06f5698ffbd9}"
        },
        "EventID": "22",
        "Version": "5",
        "Level": "4",
        "Task": "22",
        "Opcode": "0",
        "Keywords": "0x8000000000000000",
        "TimeCreated": {
          "@SystemTime": "2025-11-21T15:39:44.8096858Z"
        },
        "EventRecordID": "1371",
        "Correlation": null,
        "Execution": {
          "@ProcessID": "5700",
          "@ThreadID": "1544"
        },
        "Channel": "Microsoft-Windows-Sysmon/Operational",
        "Computer": "DESKTOP-LG3F6GA",
        "Security": {
          "@UserID": "S-1-5-18"
        }
      },
      "EventData": {
        "Data": [
          {
            "@Name": "RuleName",
            "#text": "-"
          },
          {
            "@Name": "UtcTime",
            "#text": "2025-11-21 15:39:44.434"
          },
          {
            "@Name": "ProcessGuid",
            "#text": "{a570a8c2-8777-6920-2502-000000006000}"
          },
          {
            "@Name": "ProcessId",
            "#text": "6784"
          },
          {
            "@Name": "QueryName",
            "#text": "activation-v2.sls.microsoft.com"
          },
          {
            "@Name": "QueryStatus",
            "#text": "1460"
          },
          {
            "@Name": "QueryResults",
            "#text": "-"
          },
          {
            "@Name": "Image",
            "#text": "C:\\Windows\\System32\\slui.exe"
          }
        ]
      }
    },
    {
      "@xmlns": "http://schemas.microsoft.com/win/2004/08/events/event",
      "System": {
        "Provider": {
          "@Name": "Microsoft-Windows-Sysmon",
          "@Guid": "{5770385f-c22a-43e0-bf4c-06f5698ffbd9}"
        },
        "EventID": "1",
        "Version": "5",
        "Level": "4",
        "Task": "1",
        "Opcode": "0",
        "Keywords": "0x8000000000000000",
        "TimeCreated": {
          "@SystemTime": "2025-11-21T15:39:44.6519870Z"
        },
        "EventRecordID": "1370",
        "Correlation": null,
        "Execution": {
          "@ProcessID": "5700",
          "@ThreadID": "4876"
        },
        "Channel": "Microsoft-Windows-Sysmon/Operational",
        "Computer": "DESKTOP-LG3F6GA",
        "Security": {
          "@UserID": "S-1-5-18"
        }
      },
      "EventData": {
        "Data": [
          {
            "@Name": "RuleName",
            "#text": "-"
          },
          {
            "@Name": "UtcTime",
            "#text": "2025-11-21 15:39:44.648"
          },
          {
            "@Name": "ProcessGuid",
            "#text": "{a570a8c2-87c0-6920-1603-000000006000}"
          },
          {
            "@Name": "ProcessId",
            "#text": "2096"
          },
          {
            "@Name": "Image",
            "#text": "C:\\Windows\\System32\\slui.exe"
          },
          {
            "@Name": "FileVersion",
            "#text": "10.0.19041.488 (WinBuild.160101.0800)"
          },
          {
            "@Name": "Description",
            "#text": "Windows Activation Client"
          },
          {
            "@Name": "Product",
            "#text": "Microsoft® Windows® Operating System"
          },
          {
            "@Name": "Company",
            "#text": "Microsoft Corporation"
          },
          {
            "@Name": "OriginalFileName",
            "#text": "slui.exe"
          },
          {
            "@Name": "CommandLine",
            "#text": "C:\\WINDOWS\\System32\\slui.exe -Embedding"
          },
          {
            "@Name": "CurrentDirectory",
            "#text": "C:\\WINDOWS\\system32\\"
          },
          {
            "@Name": "User",
            "#text": "DESKTOP-LG3F6GA\\buddy"
          },
          {
            "@Name": "LogonGuid",
            "#text": "{a570a8c2-2e33-68ca-07f3-030000000000}"
          },
          {
            "@Name": "LogonId",
            "#text": "0x3f307"
          },
          {
            "@Name": "TerminalSessionId",
            "#text": "1"
          },
          {
            "@Name": "IntegrityLevel",
            "#text": "High"
          },
          {
            "@Name": "Hashes",
            "#text": "SHA256=25E7624D469A592934AB8C509D12C153C2799E604C2A4B8A83650A7268577DFF"
          },
          {
            "@Name": "ParentProcessGuid",
            "#text": "{a570a8c2-2e2d-68ca-1000-000000006000}"
          },
          {
            "@Name": "ParentProcessId",
            "#text": "836"
          },
          {
            "@Name": "ParentImage",
            "#text": "C:\\Windows\\System32\\svchost.exe"
          },
          {
            "@Name": "ParentCommandLine",
            "#text": "C:\\WINDOWS\\system32\\svchost.exe -k DcomLaunch -p"
          }
        ]
      }
    },
    {
      "@xmlns": "http://schemas.microsoft.com/win/2004/08/events/event",
      "System": {
        "Provider": {
          "@Name": "Microsoft-Windows-Sysmon",
          "@Guid": "{5770385f-c22a-43e0-bf4c-06f5698ffbd9}"
        },
        "EventID": "12",
        "Version": "2",
        "Level": "4",
        "Task": "12",
        "Opcode": "0",
        "Keywords": "0x8000000000000000",
        "TimeCreated": {
          "@SystemTime": "2025-11-21T15:39:44.6244830Z"
        },
        "EventRecordID": "1369",
        "Correlation": null,
        "Execution": {
          "@ProcessID": "5700",
          "@ThreadID": "4876"
        },
        "Channel": "Microsoft-Windows-Sysmon/Operational",
        "Computer": "DESKTOP-LG3F6GA",
        "Security": {
          "@UserID": "S-1-5-18"
        }
      },
      "EventData": {
        "Data": [
          {
            "@Name": "RuleName",
            "#text": "-"
          },
          {
            "@Name": "EventType",
            "#text": "CreateKey"
          },
          {
            "@Name": "UtcTime",
            "#text": "2025-11-21 15:39:44.621"
          },
          {
            "@Name": "ProcessGuid",
            "#text": "{a570a8c2-8777-6920-2002-000000006000}"
          },
          {
            "@Name": "ProcessId",
            "#text": "3260"
          },
          {
            "@Name": "Image",
            "#text": "C:\\WINDOWS\\system32\\sppsvc.exe"
          },
          {
            "@Name": "TargetObject",
            "#text": "HKLM\\System\\CurrentControlSet\\Control\\Hvsi"
          }
        ]
      }
    },
    {
      "@xmlns": "http://schemas.microsoft.com/win/2004/08/events/event",
      "System": {
        "Provider": {
          "@Name": "Microsoft-Windows-Sysmon",
          "@Guid": "{5770385f-c22a-43e0-bf4c-06f5698ffbd9}"
        },
        "EventID": "12",
        "Version": "2",
        "Level": "4",
        "Task": "12",
        "Opcode": "0",
        "Keywords": "0x8000000000000000",
        "TimeCreated": {
          "@SystemTime": "2025-11-21T15:39:44.6228067Z"
        },
        "EventRecordID": "1368",
        "Correlation": null,
        "Execution": {
          "@ProcessID": "5700",
          "@ThreadID": "4876"
        },
        "Channel": "Microsoft-Windows-Sysmon/Operational",
        "Computer": "DESKTOP-LG3F6GA",
        "Security": {
          "@UserID": "S-1-5-18"
        }
      },
      "EventData": {
        "Data": [
          {
            "@Name": "RuleName",
            "#text": "-"
          },
          {
            "@Name": "EventType",
            "#text": "CreateKey"
          },
          {
            "@Name": "UtcTime",
            "#text": "2025-11-21 15:39:44.621"
          },
          {
            "@Name": "ProcessGuid",
            "#text": "{a570a8c2-8777-6920-2002-000000006000}"
          },
          {
            "@Name": "ProcessId",
            "#text": "3260"
          },
          {
            "@Name": "Image",
            "#text": "C:\\WINDOWS\\system32\\sppsvc.exe"
          },
          {
            "@Name": "TargetObject",
            "#text": "HKLM\\System\\CurrentControlSet\\Control\\Hvsi"
          }
        ]
      }
    },
    {
      "@xmlns": "http://schemas.microsoft.com/win/2004/08/events/event",
      "System": {
        "Provider": {
          "@Name": "Microsoft-Windows-Sysmon",
          "@Guid": "{5770385f-c22a-43e0-bf4c-06f5698ffbd9}"
        },
        "EventID": "12",
        "Version": "2",
        "Level": "4",
        "Task": "12",
        "Opcode": "0",
        "Keywords": "0x8000000000000000",
        "TimeCreated": {
          "@SystemTime": "2025-11-21T15:39:44.5534067Z"
        },
        "EventRecordID": "1367",
        "Correlation": null,
        "Execution": {
          "@ProcessID": "5700",
          "@ThreadID": "4876"
        },
        "Channel": "Microsoft-Windows-Sysmon/Operational",
        "Computer": "DESKTOP-LG3F6GA",
        "Security": {
          "@UserID": "S-1-5-18"
        }
      },
      "EventData": {
        "Data": [
          {
            "@Name": "RuleName",
            "#text": "-"
          },
          {
            "@Name": "EventType",
            "#text": "CreateKey"
          },
          {
            "@Name": "UtcTime",
            "#text": "2025-11-21 15:39:44.543"
          },
          {
            "@Name": "ProcessGuid",
            "#text": "{a570a8c2-8777-6920-2502-000000006000}"
          },
          {
            "@Name": "ProcessId",
            "#text": "6784"
          },
          {
            "@Name": "Image",
            "#text": "C:\\WINDOWS\\System32\\SLUI.exe"
          },
          {
            "@Name": "TargetObject",
            "#text": "HKLM\\System\\CurrentControlSet\\Control\\Hvsi"
          }
        ]
      }
    },
    {
      "@xmlns": "http://schemas.microsoft.com/win/2004/08/events/event",
      "System": {
        "Provider": {
          "@Name": "Microsoft-Windows-Sysmon",
          "@Guid": "{5770385f-c22a-43e0-bf4c-06f5698ffbd9}"
        },
        "EventID": "12",
        "Version": "2",
        "Level": "4",
        "Task": "12",
        "Opcode": "0",
        "Keywords": "0x8000000000000000",
        "TimeCreated": {
          "@SystemTime": "2025-11-21T15:39:44.5532273Z"
        },
        "EventRecordID": "1366",
        "Correlation": null,
        "Execution": {
          "@ProcessID": "5700",
          "@ThreadID": "4876"
        },
        "Channel": "Microsoft-Windows-Sysmon/Operational",
        "Computer": "DESKTOP-LG3F6GA",
        "Security": {
          "@UserID": "S-1-5-18"
        }
      },
      "EventData": {
        "Data": [
          {
            "@Name": "RuleName",
            "#text": "-"
          },
          {
            "@Name": "EventType",
            "#text": "CreateKey"
          },
          {
            "@Name": "UtcTime",
            "#text": "2025-11-21 15:39:44.543"
          },
          {
            "@Name": "ProcessGuid",
            "#text": "{a570a8c2-8777-6920-2502-000000006000}"
          },
          {
            "@Name": "ProcessId",
            "#text": "6784"
          },
          {
            "@Name": "Image",
            "#text": "C:\\WINDOWS\\System32\\SLUI.exe"
          },
          {
            "@Name": "TargetObject",
            "#text": "HKLM\\System\\CurrentControlSet\\Control\\Hvsi"
          }
        ]
      }
    },
