    {
      "@xmlns": "http://schemas.microsoft.com/win/2004/08/events/event",
      "System": {
        "Provider": {
          "@Name": "Microsoft-Windows-Sysmon",
          "@Guid": "{5770385f-c22a-43e0-bf4c-06f5698ffbd9}"
        },
        "EventID": "1",
        "Version": "5",
        "Level": "4",
        "Task": "1",
        "Opcode": "0",
        "Keywords": "0x8000000000000000",
        "TimeCreated": {
          "@SystemTime": "2025-11-21T15:38:58.3070512Z"
        },
        "EventRecordID": "1113",
        "Correlation": null,
        "Execution": {
          "@ProcessID": "5700",
          "@ThreadID": "4876"
        },
        "Channel": "Microsoft-Windows-Sysmon/Operational",
        "Computer": "DESKTOP-LG3F6GA",
        "Security": {
          "@UserID": "S-1-5-18"
        }
      },
      "EventData": {
        "Data": [
          {
            "@Name": "RuleName",
            "#text": "-"
          },
          {
            "@Name": "UtcTime",
            "#text": "2025-11-21 15:38:58.306"
          },
          {
            "@Name": "ProcessGuid",
            "#text": "{a570a8c2-8792-6920-1403-000000006000}"
          },
          {
            "@Name": "ProcessId",
            "#text": "4856"
          },
          {
            "@Name": "Image",
            "#text": "C:\\Windows\\System32\\conhost.exe"
          },
          {
            "@Name": "FileVersion",
            "#text": "10.0.19041.546 (WinBuild.160101.0800)"
          },
          {
            "@Name": "Description",
            "#text": "Console Window Host"
          },
          {
            "@Name": "Product",
            "#text": "Microsoft® Windows® Operating System"
          },
          {
            "@Name": "Company",
            "#text": "Microsoft Corporation"
          },
          {
            "@Name": "OriginalFileName",
            "#text": "CONHOST.EXE"
          },
          {
            "@Name": "CommandLine",
            "#text": "\\??\\C:\\WINDOWS\\system32\\conhost.exe 0xffffffff -ForceV1"
          },
          {
            "@Name": "CurrentDirectory",
            "#text": "C:\\WINDOWS"
          },
          {
            "@Name": "User",
            "#text": "DESKTOP-LG3F6GA\\buddy"
          },
          {
            "@Name": "LogonGuid",
            "#text": "{a570a8c2-2e33-68ca-07f3-030000000000}"
          },
          {
            "@Name": "LogonId",
            "#text": "0x3f307"
          },
          {
            "@Name": "TerminalSessionId",
            "#text": "1"
          },
          {
            "@Name": "IntegrityLevel",
            "#text": "High"
          },
          {
            "@Name": "Hashes",
            "#text": "SHA256=57B0CCD3AEBC6C7126E7C19F5DAC492DF51D904A505C5F5B0CB02270D53F8684"
          },
          {
            "@Name": "ParentProcessGuid",
            "#text": "{a570a8c2-8792-6920-1303-000000006000}"
          },
          {
            "@Name": "ParentProcessId",
            "#text": "1584"
          },
          {
            "@Name": "ParentImage",
            "#text": "C:\\Windows\\SysWOW64\\wevtutil.exe"
          },
          {
            "@Name": "ParentCommandLine",
            "#text": "wevtutil cl Microsoft-Windows-Sysmon/Operational"
          }
        ]
      }
    },
    {
      "@xmlns": "http://schemas.microsoft.com/win/2004/08/events/event",
      "System": {
        "Provider": {
          "@Name": "Microsoft-Windows-Sysmon",
          "@Guid": "{5770385f-c22a-43e0-bf4c-06f5698ffbd9}"
        },
        "EventID": "18",
        "Version": "1",
        "Level": "4",
        "Task": "18",
        "Opcode": "0",
        "Keywords": "0x8000000000000000",
        "TimeCreated": {
          "@SystemTime": "2025-11-21T15:38:58.2926324Z"
        },
        "EventRecordID": "1112",
        "Correlation": null,
        "Execution": {
          "@ProcessID": "5700",
          "@ThreadID": "4876"
        },
        "Channel": "Microsoft-Windows-Sysmon/Operational",
        "Computer": "DESKTOP-LG3F6GA",
        "Security": {
          "@UserID": "S-1-5-18"
        }
      },
      "EventData": {
        "Data": [
          {
            "@Name": "RuleName",
            "#text": "-"
          },
          {
            "@Name": "EventType",
            "#text": "ConnectPipe"
          },
          {
            "@Name": "UtcTime",
            "#text": "2025-11-21 15:38:58.278"
          },
          {
            "@Name": "ProcessGuid",
            "#text": "{a570a8c2-878e-6920-e902-000000006000}"
          },
          {
            "@Name": "ProcessId",
            "#text": "4228"
          },
          {
            "@Name": "PipeName",
            "#text": "\\clfYLfYPiF"
          },
          {
            "@Name": "Image",
            "#text": "C:\\Users\\buddy\\AppData\\Local\\Temp\\apihooks.exe"
          }
        ]
      }
    },
    {
      "@xmlns": "http://schemas.microsoft.com/win/2004/08/events/event",
      "System": {
        "Provider": {
          "@Name": "Microsoft-Windows-Sysmon",
          "@Guid": "{5770385f-c22a-43e0-bf4c-06f5698ffbd9}"
        },
        "EventID": "18",
        "Version": "1",
        "Level": "4",
        "Task": "18",
        "Opcode": "0",
        "Keywords": "0x8000000000000000",
        "TimeCreated": {
          "@SystemTime": "2025-11-21T15:38:58.2895159Z"
        },
        "EventRecordID": "1111",
        "Correlation": null,
        "Execution": {
          "@ProcessID": "5700",
          "@ThreadID": "4876"
        },
        "Channel": "Microsoft-Windows-Sysmon/Operational",
        "Computer": "DESKTOP-LG3F6GA",
        "Security": {
          "@UserID": "S-1-5-18"
        }
      },
      "EventData": {
        "Data": [
          {
            "@Name": "RuleName",
            "#text": "-"
          },
          {
            "@Name": "EventType",
            "#text": "ConnectPipe"
          },
          {
            "@Name": "UtcTime",
            "#text": "2025-11-21 15:38:58.278"
          },
          {
            "@Name": "ProcessGuid",
            "#text": "{a570a8c2-878e-6920-e902-000000006000}"
          },
          {
            "@Name": "ProcessId",
            "#text": "4228"
          },
          {
            "@Name": "PipeName",
            "#text": "\\clfYLfYPiF"
          },
          {
            "@Name": "Image",
            "#text": "C:\\Users\\buddy\\AppData\\Local\\Temp\\apihooks.exe"
          }
        ]
      }
    },
    {
      "@xmlns": "http://schemas.microsoft.com/win/2004/08/events/event",
      "System": {
        "Provider": {
          "@Name": "Microsoft-Windows-Sysmon",
          "@Guid": "{5770385f-c22a-43e0-bf4c-06f5698ffbd9}"
        },
        "EventID": "18",
        "Version": "1",
        "Level": "4",
        "Task": "18",
        "Opcode": "0",
        "Keywords": "0x8000000000000000",
        "TimeCreated": {
          "@SystemTime": "2025-11-21T15:38:58.2551930Z"
        },
        "EventRecordID": "1110",
        "Correlation": null,
        "Execution": {
          "@ProcessID": "5700",
          "@ThreadID": "4876"
        },
        "Channel": "Microsoft-Windows-Sysmon/Operational",
        "Computer": "DESKTOP-LG3F6GA",
        "Security": {
          "@UserID": "S-1-5-18"
        }
      },
      "EventData": {
        "Data": [
          {
            "@Name": "RuleName",
            "#text": "-"
          },
          {
            "@Name": "EventType",
            "#text": "ConnectPipe"
          },
          {
            "@Name": "UtcTime",
            "#text": "2025-11-21 15:38:58.246"
          },
          {
            "@Name": "ProcessGuid",
            "#text": "{a570a8c2-878e-6920-e902-000000006000}"
          },
          {
            "@Name": "ProcessId",
            "#text": "4228"
          },
          {
            "@Name": "PipeName",
            "#text": "\\clfYLfYPiF"
          },
          {
            "@Name": "Image",
            "#text": "C:\\Users\\buddy\\AppData\\Local\\Temp\\apihooks.exe"
          }
        ]
      }
    },
    {
      "@xmlns": "http://schemas.microsoft.com/win/2004/08/events/event",
      "System": {
        "Provider": {
          "@Name": "Microsoft-Windows-Sysmon",
          "@Guid": "{5770385f-c22a-43e0-bf4c-06f5698ffbd9}"
        },
        "EventID": "5",
        "Version": "3",
        "Level": "4",
        "Task": "5",
        "Opcode": "0",
        "Keywords": "0x8000000000000000",
        "TimeCreated": {
          "@SystemTime": "2025-11-21T15:38:58.2490372Z"
        },
        "EventRecordID": "1109",
        "Correlation": null,
        "Execution": {
          "@ProcessID": "5700",
          "@ThreadID": "4876"
        },
        "Channel": "Microsoft-Windows-Sysmon/Operational",
        "Computer": "DESKTOP-LG3F6GA",
        "Security": {
          "@UserID": "S-1-5-18"
        }
      },
      "EventData": {
        "Data": [
          {
            "@Name": "RuleName",
            "#text": "-"
          },
          {
            "@Name": "UtcTime",
            "#text": "2025-11-21 15:38:58.246"
          },
          {
            "@Name": "ProcessGuid",
            "#text": "{a570a8c2-8791-6920-1103-000000006000}"
          },
          {
            "@Name": "ProcessId",
            "#text": "7044"
          },
          {
            "@Name": "Image",
            "#text": "C:\\Windows\\SysWOW64\\wevtutil.exe"
          }
        ]
      }
    },
    {
      "@xmlns": "http://schemas.microsoft.com/win/2004/08/events/event",
      "System": {
        "Provider": {
          "@Name": "Microsoft-Windows-Sysmon",
          "@Guid": "{5770385f-c22a-43e0-bf4c-06f5698ffbd9}"
        },
        "EventID": "18",
        "Version": "1",
        "Level": "4",
        "Task": "18",
        "Opcode": "0",
        "Keywords": "0x8000000000000000",
        "TimeCreated": {
          "@SystemTime": "2025-11-21T15:38:58.2295072Z"
        },
        "EventRecordID": "1108",
        "Correlation": null,
        "Execution": {
          "@ProcessID": "5700",
          "@ThreadID": "4876"
        },
        "Channel": "Microsoft-Windows-Sysmon/Operational",
        "Computer": "DESKTOP-LG3F6GA",
        "Security": {
          "@UserID": "S-1-5-18"
        }
      },
      "EventData": {
        "Data": [
          {
            "@Name": "RuleName",
            "#text": "-"
          },
          {
            "@Name": "EventType",
            "#text": "ConnectPipe"
          },
          {
            "@Name": "UtcTime",
            "#text": "2025-11-21 15:38:58.215"
          },
          {
            "@Name": "ProcessGuid",
            "#text": "{a570a8c2-878e-6920-e902-000000006000}"
          },
          {
            "@Name": "ProcessId",
            "#text": "4228"
          },
          {
            "@Name": "PipeName",
            "#text": "\\clfYLfYPiF"
          },
          {
            "@Name": "Image",
            "#text": "C:\\Users\\buddy\\AppData\\Local\\Temp\\apihooks.exe"
          }
        ]
      }
    },
    {
      "@xmlns": "http://schemas.microsoft.com/win/2004/08/events/event",
      "System": {
        "Provider": {
          "@Name": "Microsoft-Windows-Sysmon",
          "@Guid": "{5770385f-c22a-43e0-bf4c-06f5698ffbd9}"
        },
        "EventID": "18",
        "Version": "1",
        "Level": "4",
        "Task": "18",
        "Opcode": "0",
        "Keywords": "0x8000000000000000",
        "TimeCreated": {
          "@SystemTime": "2025-11-21T15:38:58.1973698Z"
        },
        "EventRecordID": "1107",
        "Correlation": null,
        "Execution": {
          "@ProcessID": "5700",
          "@ThreadID": "4876"
        },
        "Channel": "Microsoft-Windows-Sysmon/Operational",
        "Computer": "DESKTOP-LG3F6GA",
        "Security": {
          "@UserID": "S-1-5-18"
        }
      },
      "EventData": {
        "Data": [
          {
            "@Name": "RuleName",
            "#text": "-"
          },
          {
            "@Name": "EventType",
            "#text": "ConnectPipe"
          },
          {
            "@Name": "UtcTime",
            "#text": "2025-11-21 15:38:58.184"
          },
          {
            "@Name": "ProcessGuid",
            "#text": "{a570a8c2-878e-6920-e902-000000006000}"
          },
          {
            "@Name": "ProcessId",
            "#text": "4228"
          },
          {
            "@Name": "PipeName",
            "#text": "\\clfYLfYPiF"
          },
          {
            "@Name": "Image",
            "#text": "C:\\Users\\buddy\\AppData\\Local\\Temp\\apihooks.exe"
          }
        ]
      }
    },
    {
      "@xmlns": "http://schemas.microsoft.com/win/2004/08/events/event",
      "System": {
        "Provider": {
          "@Name": "Microsoft-Windows-Sysmon",
          "@Guid": "{5770385f-c22a-43e0-bf4c-06f5698ffbd9}"
        },
        "EventID": "18",
        "Version": "1",
        "Level": "4",
        "Task": "18",
        "Opcode": "0",
        "Keywords": "0x8000000000000000",
        "TimeCreated": {
          "@SystemTime": "2025-11-21T15:38:58.1916272Z"
        },
        "EventRecordID": "1106",
        "Correlation": null,
        "Execution": {
          "@ProcessID": "5700",
          "@ThreadID": "4876"
        },
        "Channel": "Microsoft-Windows-Sysmon/Operational",
        "Computer": "DESKTOP-LG3F6GA",
        "Security": {
          "@UserID": "S-1-5-18"
        }
      },
      "EventData": {
        "Data": [
          {
            "@Name": "RuleName",
            "#text": "-"
          },
          {
            "@Name": "EventType",
            "#text": "ConnectPipe"
          },
          {
            "@Name": "UtcTime",
            "#text": "2025-11-21 15:38:58.184"
          },
          {
            "@Name": "ProcessGuid",
            "#text": "{a570a8c2-878e-6920-e902-000000006000}"
          },
          {
            "@Name": "ProcessId",
            "#text": "4228"
          },
          {
            "@Name": "PipeName",
            "#text": "\\clfYLfYPiF"
          },
          {
            "@Name": "Image",
            "#text": "C:\\Users\\buddy\\AppData\\Local\\Temp\\apihooks.exe"
          }
        ]
      }
    },
    {
      "@xmlns": "http://schemas.microsoft.com/win/2004/08/events/event",
      "System": {
        "Provider": {
          "@Name": "Microsoft-Windows-Sysmon",
          "@Guid": "{5770385f-c22a-43e0-bf4c-06f5698ffbd9}"
        },
        "EventID": "22",
        "Version": "5",
        "Level": "4",
        "Task": "22",
        "Opcode": "0",
        "Keywords": "0x8000000000000000",
        "TimeCreated": {
          "@SystemTime": "2025-11-21T15:38:58.1868852Z"
        },
        "EventRecordID": "1105",
        "Correlation": null,
        "Execution": {
          "@ProcessID": "5700",
          "@ThreadID": "1544"
        },
        "Channel": "Microsoft-Windows-Sysmon/Operational",
        "Computer": "DESKTOP-LG3F6GA",
        "Security": {
          "@UserID": "S-1-5-18"
        }
      },
      "EventData": {
        "Data": [
          {
            "@Name": "RuleName",
            "#text": "-"
          },
          {
            "@Name": "UtcTime",
            "#text": "2025-11-21 15:38:57.888"
          },
          {
            "@Name": "ProcessGuid",
            "#text": "{a570a8c2-8778-6920-2602-000000006000}"
          },
          {
            "@Name": "ProcessId",
            "#text": "2560"
          },
          {
            "@Name": "QueryName",
            "#text": "maps.windows.com"
          },
          {
            "@Name": "QueryStatus",
            "#text": "1460"
          },
          {
            "@Name": "QueryResults",
            "#text": "-"
          },
          {
            "@Name": "Image",
            "#text": "C:\\Windows\\System32\\AppHostRegistrationVerifier.exe"
          }
        ]
      }
    },
    {
      "@xmlns": "http://schemas.microsoft.com/win/2004/08/events/event",
      "System": {
        "Provider": {
          "@Name": "Microsoft-Windows-Sysmon",
          "@Guid": "{5770385f-c22a-43e0-bf4c-06f5698ffbd9}"
        },
        "EventID": "5",
        "Version": "3",
        "Level": "4",
        "Task": "5",
        "Opcode": "0",
        "Keywords": "0x8000000000000000",
        "TimeCreated": {
          "@SystemTime": "2025-11-21T15:38:58.0643345Z"
        },
        "EventRecordID": "1104",
        "Correlation": null,
        "Execution": {
          "@ProcessID": "5700",
          "@ThreadID": "4876"
        },
        "Channel": "Microsoft-Windows-Sysmon/Operational",
        "Computer": "DESKTOP-LG3F6GA",
        "Security": {
          "@UserID": "S-1-5-18"
        }
      },
      "EventData": {
        "Data": [
          {
            "@Name": "RuleName",
            "#text": "-"
          },
          {
            "@Name": "UtcTime",
            "#text": "2025-11-21 15:38:58.059"
          },
          {
            "@Name": "ProcessGuid",
            "#text": "{a570a8c2-8791-6920-0b03-000000006000}"
          },
          {
            "@Name": "ProcessId",
            "#text": "1248"
          },
          {
            "@Name": "Image",
            "#text": "C:\\Windows\\SysWOW64\\cmd.exe"
          }
        ]
      }
    },
    {
      "@xmlns": "http://schemas.microsoft.com/win/2004/08/events/event",
      "System": {
        "Provider": {
          "@Name": "Microsoft-Windows-Sysmon",
          "@Guid": "{5770385f-c22a-43e0-bf4c-06f5698ffbd9}"
        },
        "EventID": "18",
        "Version": "1",
        "Level": "4",
        "Task": "18",
        "Opcode": "0",
        "Keywords": "0x8000000000000000",
        "TimeCreated": {
          "@SystemTime": "2025-11-21T15:38:58.0593510Z"
        },
        "EventRecordID": "1103",
        "Correlation": null,
        "Execution": {
          "@ProcessID": "5700",
          "@ThreadID": "4876"
        },
        "Channel": "Microsoft-Windows-Sysmon/Operational",
        "Computer": "DESKTOP-LG3F6GA",
        "Security": {
          "@UserID": "S-1-5-18"
        }
      },
      "EventData": {
        "Data": [
          {
            "@Name": "RuleName",
            "#text": "-"
          },
          {
            "@Name": "EventType",
            "#text": "ConnectPipe"
          },
          {
            "@Name": "UtcTime",
            "#text": "2025-11-21 15:38:58.028"
          },
          {
            "@Name": "ProcessGuid",
            "#text": "{a570a8c2-8791-6920-0b03-000000006000}"
          },
          {
            "@Name": "ProcessId",
            "#text": "1248"
          },
          {
            "@Name": "PipeName",
            "#text": "\\clfYLfYPiF"
          },
          {
            "@Name": "Image",
            "#text": "C:\\WINDOWS\\SysWOW64\\cmd.exe"
          }
        ]
      }
    },
    {
      "@xmlns": "http://schemas.microsoft.com/win/2004/08/events/event",
      "System": {
        "Provider": {
          "@Name": "Microsoft-Windows-Sysmon",
          "@Guid": "{5770385f-c22a-43e0-bf4c-06f5698ffbd9}"
        },
        "EventID": "18",
        "Version": "1",
        "Level": "4",
        "Task": "18",
        "Opcode": "0",
        "Keywords": "0x8000000000000000",
        "TimeCreated": {
          "@SystemTime": "2025-11-21T15:38:58.0253409Z"
        },
        "EventRecordID": "1102",
        "Correlation": null,
        "Execution": {
          "@ProcessID": "5700",
          "@ThreadID": "4876"
        },
        "Channel": "Microsoft-Windows-Sysmon/Operational",
        "Computer": "DESKTOP-LG3F6GA",
        "Security": {
          "@UserID": "S-1-5-18"
        }
      },
      "EventData": {
        "Data": [
          {
            "@Name": "RuleName",
            "#text": "-"
          },
          {
            "@Name": "EventType",
            "#text": "ConnectPipe"
          },
          {
            "@Name": "UtcTime",
            "#text": "2025-11-21 15:38:58.012"
          },
          {
            "@Name": "ProcessGuid",
            "#text": "{a570a8c2-8791-6920-0b03-000000006000}"
          },
          {
            "@Name": "ProcessId",
            "#text": "1248"
          },
          {
            "@Name": "PipeName",
            "#text": "\\clfYLfYPiF"
          },
          {
            "@Name": "Image",
            "#text": "C:\\WINDOWS\\SysWOW64\\cmd.exe"
          }
        ]
      }
    },
    {
      "@xmlns": "http://schemas.microsoft.com/win/2004/08/events/event",
      "System": {
        "Provider": {
          "@Name": "Microsoft-Windows-Sysmon",
          "@Guid": "{5770385f-c22a-43e0-bf4c-06f5698ffbd9}"
        },
        "EventID": "18",
        "Version": "1",
        "Level": "4",
        "Task": "18",
        "Opcode": "0",
        "Keywords": "0x8000000000000000",
        "TimeCreated": {
          "@SystemTime": "2025-11-21T15:38:58.0050371Z"
        },
        "EventRecordID": "1101",
        "Correlation": null,
        "Execution": {
          "@ProcessID": "5700",
          "@ThreadID": "4876"
        },
        "Channel": "Microsoft-Windows-Sysmon/Operational",
        "Computer": "DESKTOP-LG3F6GA",
        "Security": {
          "@UserID": "S-1-5-18"
        }
      },
      "EventData": {
        "Data": [
          {
            "@Name": "RuleName",
            "#text": "-"
          },
          {
            "@Name": "EventType",
            "#text": "ConnectPipe"
          },
          {
            "@Name": "UtcTime",
            "#text": "2025-11-21 15:38:57.996"
          },
          {
            "@Name": "ProcessGuid",
            "#text": "{a570a8c2-8791-6920-0b03-000000006000}"
          },
          {
            "@Name": "ProcessId",
            "#text": "1248"
          },
          {
            "@Name": "PipeName",
            "#text": "\\clfYLfYPiF"
          },
          {
            "@Name": "Image",
            "#text": "C:\\WINDOWS\\SysWOW64\\cmd.exe"
          }
        ]
      }
    },
    {
      "@xmlns": "http://schemas.microsoft.com/win/2004/08/events/event",
      "System": {
        "Provider": {
          "@Name": "Microsoft-Windows-Sysmon",
          "@Guid": "{5770385f-c22a-43e0-bf4c-06f5698ffbd9}"
        },
        "EventID": "11",
        "Version": "2",
        "Level": "4",
        "Task": "11",
        "Opcode": "0",
        "Keywords": "0x8000000000000000",
        "TimeCreated": {
          "@SystemTime": "2025-11-21T15:38:58.0031454Z"
        },
        "EventRecordID": "1100",
        "Correlation": null,
        "Execution": {
          "@ProcessID": "5700",
          "@ThreadID": "4876"
        },
        "Channel": "Microsoft-Windows-Sysmon/Operational",
        "Computer": "DESKTOP-LG3F6GA",
        "Security": {
          "@UserID": "S-1-5-18"
        }
      },
      "EventData": {
        "Data": [
          {
            "@Name": "RuleName",
            "#text": "-"
          },
          {
            "@Name": "UtcTime",
            "#text": "2025-11-21 15:38:57.996"
          },
          {
            "@Name": "ProcessGuid",
            "#text": "{a570a8c2-8791-6920-0b03-000000006000}"
          },
          {
            "@Name": "ProcessId",
            "#text": "1248"
          },
          {
            "@Name": "Image",
            "#text": "C:\\WINDOWS\\SysWOW64\\cmd.exe"
          },
          {
            "@Name": "TargetFilename",
            "#text": "C:\\VHCcZnWlgU\\CAPE\\CapeOutput.bin"
          },
          {
            "@Name": "CreationUtcTime",
            "#text": "2025-11-21 15:38:57.996"
          }
        ]
      }
    },
    {
      "@xmlns": "http://schemas.microsoft.com/win/2004/08/events/event",
      "System": {
        "Provider": {
          "@Name": "Microsoft-Windows-Sysmon",
          "@Guid": "{5770385f-c22a-43e0-bf4c-06f5698ffbd9}"
        },
        "EventID": "11",
        "Version": "2",
        "Level": "4",
        "Task": "11",
        "Opcode": "0",
        "Keywords": "0x8000000000000000",
        "TimeCreated": {
          "@SystemTime": "2025-11-21T15:38:58.0029144Z"
        },
        "EventRecordID": "1099",
        "Correlation": null,
        "Execution": {
          "@ProcessID": "5700",
          "@ThreadID": "4876"
        },
        "Channel": "Microsoft-Windows-Sysmon/Operational",
        "Computer": "DESKTOP-LG3F6GA",
        "Security": {
          "@UserID": "S-1-5-18"
        }
      },
      "EventData": {
        "Data": [
          {
            "@Name": "RuleName",
            "#text": "-"
          },
          {
            "@Name": "UtcTime",
            "#text": "2025-11-21 15:38:57.996"
          },
          {
            "@Name": "ProcessGuid",
            "#text": "{a570a8c2-8791-6920-0b03-000000006000}"
          },
          {
            "@Name": "ProcessId",
            "#text": "1248"
          },
          {
            "@Name": "Image",
            "#text": "C:\\WINDOWS\\SysWOW64\\cmd.exe"
          },
          {
            "@Name": "TargetFilename",
            "#text": "C:\\VHCcZnWlgU\\CAPE"
          },
          {
            "@Name": "CreationUtcTime",
            "#text": "2025-11-21 15:38:57.996"
          }
        ]
      }
    },
    {
      "@xmlns": "http://schemas.microsoft.com/win/2004/08/events/event",
      "System": {
        "Provider": {
          "@Name": "Microsoft-Windows-Sysmon",
          "@Guid": "{5770385f-c22a-43e0-bf4c-06f5698ffbd9}"
        },
        "EventID": "18",
        "Version": "1",
        "Level": "4",
        "Task": "18",
        "Opcode": "0",
        "Keywords": "0x8000000000000000",
        "TimeCreated": {
          "@SystemTime": "2025-11-21T15:38:58.0011364Z"
        },
        "EventRecordID": "1098",
        "Correlation": null,
        "Execution": {
          "@ProcessID": "5700",
          "@ThreadID": "4876"
        },
        "Channel": "Microsoft-Windows-Sysmon/Operational",
        "Computer": "DESKTOP-LG3F6GA",
        "Security": {
          "@UserID": "S-1-5-18"
        }
      },
      "EventData": {
        "Data": [
          {
            "@Name": "RuleName",
            "#text": "-"
          },
          {
            "@Name": "EventType",
            "#text": "ConnectPipe"
          },
          {
            "@Name": "UtcTime",
            "#text": "2025-11-21 15:38:57.996"
          },
          {
            "@Name": "ProcessGuid",
            "#text": "{a570a8c2-8791-6920-0b03-000000006000}"
          },
          {
            "@Name": "ProcessId",
            "#text": "1248"
          },
          {
            "@Name": "PipeName",
            "#text": "\\clfYLfYPiF"
          },
          {
            "@Name": "Image",
            "#text": "C:\\WINDOWS\\SysWOW64\\cmd.exe"
          }
        ]
      }
    },
    {
      "@xmlns": "http://schemas.microsoft.com/win/2004/08/events/event",
      "System": {
        "Provider": {
          "@Name": "Microsoft-Windows-Sysmon",
          "@Guid": "{5770385f-c22a-43e0-bf4c-06f5698ffbd9}"
        },
        "EventID": "1",
        "Version": "5",
        "Level": "4",
        "Task": "1",
        "Opcode": "0",
        "Keywords": "0x8000000000000000",
        "TimeCreated": {
          "@SystemTime": "2025-11-21T15:38:58.0002843Z"
        },
        "EventRecordID": "1097",
        "Correlation": null,
        "Execution": {
          "@ProcessID": "5700",
          "@ThreadID": "4876"
        },
        "Channel": "Microsoft-Windows-Sysmon/Operational",
        "Computer": "DESKTOP-LG3F6GA",
        "Security": {
          "@UserID": "S-1-5-18"
        }
      },
      "EventData": {
        "Data": [
          {
            "@Name": "RuleName",
            "#text": "-"
          },
          {
            "@Name": "UtcTime",
            "#text": "2025-11-21 15:38:57.999"
          },
          {
            "@Name": "ProcessGuid",
            "#text": "{a570a8c2-8791-6920-1203-000000006000}"
          },
          {
            "@Name": "ProcessId",
            "#text": "4532"
          },
          {
            "@Name": "Image",
            "#text": "C:\\Windows\\System32\\conhost.exe"
          },
          {
            "@Name": "FileVersion",
            "#text": "10.0.19041.546 (WinBuild.160101.0800)"
          },
          {
            "@Name": "Description",
            "#text": "Console Window Host"
          },
          {
            "@Name": "Product",
            "#text": "Microsoft® Windows® Operating System"
          },
          {
            "@Name": "Company",
            "#text": "Microsoft Corporation"
          },
          {
            "@Name": "OriginalFileName",
            "#text": "CONHOST.EXE"
          },
          {
            "@Name": "CommandLine",
            "#text": "\\??\\C:\\WINDOWS\\system32\\conhost.exe 0xffffffff -ForceV1"
          },
          {
            "@Name": "CurrentDirectory",
            "#text": "C:\\WINDOWS"
          },
          {
            "@Name": "User",
            "#text": "DESKTOP-LG3F6GA\\buddy"
          },
          {
            "@Name": "LogonGuid",
            "#text": "{a570a8c2-2e33-68ca-07f3-030000000000}"
          },
          {
            "@Name": "LogonId",
            "#text": "0x3f307"
          },
          {
            "@Name": "TerminalSessionId",
            "#text": "1"
          },
          {
            "@Name": "IntegrityLevel",
            "#text": "High"
          },
          {
            "@Name": "Hashes",
            "#text": "SHA256=57B0CCD3AEBC6C7126E7C19F5DAC492DF51D904A505C5F5B0CB02270D53F8684"
          },
          {
            "@Name": "ParentProcessGuid",
            "#text": "{a570a8c2-8791-6920-1103-000000006000}"
          },
          {
            "@Name": "ParentProcessId",
            "#text": "7044"
          },
          {
            "@Name": "ParentImage",
            "#text": "C:\\Windows\\SysWOW64\\wevtutil.exe"
          },
          {
            "@Name": "ParentCommandLine",
            "#text": "wevtutil cl Windows PowerShell"
          }
        ]
      }
    },
    {
      "@xmlns": "http://schemas.microsoft.com/win/2004/08/events/event",
      "System": {
        "Provider": {
          "@Name": "Microsoft-Windows-Sysmon",
          "@Guid": "{5770385f-c22a-43e0-bf4c-06f5698ffbd9}"
        },
        "EventID": "18",
        "Version": "1",
        "Level": "4",
        "Task": "18",
        "Opcode": "0",
        "Keywords": "0x8000000000000000",
        "TimeCreated": {
          "@SystemTime": "2025-11-21T15:38:57.9957937Z"
        },
        "EventRecordID": "1096",
        "Correlation": null,
        "Execution": {
          "@ProcessID": "5700",
          "@ThreadID": "4876"
        },
        "Channel": "Microsoft-Windows-Sysmon/Operational",
        "Computer": "DESKTOP-LG3F6GA",
        "Security": {
          "@UserID": "S-1-5-18"
        }
      },
      "EventData": {
        "Data": [
          {
            "@Name": "RuleName",
            "#text": "-"
          },
          {
            "@Name": "EventType",
            "#text": "ConnectPipe"
          },
          {
            "@Name": "UtcTime",
            "#text": "2025-11-21 15:38:57.981"
          },
          {
            "@Name": "ProcessGuid",
            "#text": "{a570a8c2-8791-6920-0b03-000000006000}"
          },
          {
            "@Name": "ProcessId",
            "#text": "1248"
          },
          {
            "@Name": "PipeName",
            "#text": "\\clfYLfYPiF"
          },
          {
            "@Name": "Image",
            "#text": "C:\\WINDOWS\\SysWOW64\\cmd.exe"
          }
        ]
      }
    },
    {
      "@xmlns": "http://schemas.microsoft.com/win/2004/08/events/event",
      "System": {
        "Provider": {
          "@Name": "Microsoft-Windows-Sysmon",
          "@Guid": "{5770385f-c22a-43e0-bf4c-06f5698ffbd9}"
        },
        "EventID": "18",
        "Version": "1",
        "Level": "4",
        "Task": "18",
        "Opcode": "0",
        "Keywords": "0x8000000000000000",
        "TimeCreated": {
          "@SystemTime": "2025-11-21T15:38:57.9946090Z"
        },
        "EventRecordID": "1095",
        "Correlation": null,
        "Execution": {
          "@ProcessID": "5700",
          "@ThreadID": "4876"
        },
        "Channel": "Microsoft-Windows-Sysmon/Operational",
        "Computer": "DESKTOP-LG3F6GA",
        "Security": {
          "@UserID": "S-1-5-18"
        }
      },
      "EventData": {
        "Data": [
          {
            "@Name": "RuleName",
            "#text": "-"
          },
          {
            "@Name": "EventType",
            "#text": "ConnectPipe"
          },
          {
            "@Name": "UtcTime",
            "#text": "2025-11-21 15:38:57.981"
          },
          {
            "@Name": "ProcessGuid",
            "#text": "{a570a8c2-8791-6920-0b03-000000006000}"
          },
          {
            "@Name": "ProcessId",
            "#text": "1248"
          },
          {
            "@Name": "PipeName",
            "#text": "\\clfYLfYPiF"
          },
          {
            "@Name": "Image",
            "#text": "C:\\WINDOWS\\SysWOW64\\cmd.exe"
          }
        ]
      }
    },
    {
      "@xmlns": "http://schemas.microsoft.com/win/2004/08/events/event",
      "System": {
        "Provider": {
          "@Name": "Microsoft-Windows-Sysmon",
          "@Guid": "{5770385f-c22a-43e0-bf4c-06f5698ffbd9}"
        },
        "EventID": "18",
        "Version": "1",
        "Level": "4",
        "Task": "18",
        "Opcode": "0",
        "Keywords": "0x8000000000000000",
        "TimeCreated": {
          "@SystemTime": "2025-11-21T15:38:57.9928100Z"
        },
        "EventRecordID": "1094",
        "Correlation": null,
        "Execution": {
          "@ProcessID": "5700",
          "@ThreadID": "4876"
        },
        "Channel": "Microsoft-Windows-Sysmon/Operational",
        "Computer": "DESKTOP-LG3F6GA",
        "Security": {
          "@UserID": "S-1-5-18"
        }
      },
      "EventData": {
        "Data": [
          {
            "@Name": "RuleName",
            "#text": "-"
          },
          {
            "@Name": "EventType",
            "#text": "ConnectPipe"
          },
          {
            "@Name": "UtcTime",
            "#text": "2025-11-21 15:38:57.981"
          },
          {
            "@Name": "ProcessGuid",
            "#text": "{a570a8c2-8791-6920-0b03-000000006000}"
          },
          {
            "@Name": "ProcessId",
            "#text": "1248"
          },
          {
            "@Name": "PipeName",
            "#text": "\\clfYLfYPiF"
          },
          {
            "@Name": "Image",
            "#text": "C:\\WINDOWS\\SysWOW64\\cmd.exe"
          }
        ]
      }
    },
    {
      "@xmlns": "http://schemas.microsoft.com/win/2004/08/events/event",
      "System": {
        "Provider": {
          "@Name": "Microsoft-Windows-Sysmon",
          "@Guid": "{5770385f-c22a-43e0-bf4c-06f5698ffbd9}"
        },
        "EventID": "18",
        "Version": "1",
        "Level": "4",
        "Task": "18",
        "Opcode": "0",
        "Keywords": "0x8000000000000000",
        "TimeCreated": {
          "@SystemTime": "2025-11-21T15:38:57.9908703Z"
        },
        "EventRecordID": "1093",
        "Correlation": null,
        "Execution": {
          "@ProcessID": "5700",
          "@ThreadID": "4876"
        },
        "Channel": "Microsoft-Windows-Sysmon/Operational",
        "Computer": "DESKTOP-LG3F6GA",
        "Security": {
          "@UserID": "S-1-5-18"
        }
      },
      "EventData": {
        "Data": [
          {
            "@Name": "RuleName",
            "#text": "-"
          },
          {
            "@Name": "EventType",
            "#text": "ConnectPipe"
          },
          {
            "@Name": "UtcTime",
            "#text": "2025-11-21 15:38:57.981"
          },
          {
            "@Name": "ProcessGuid",
            "#text": "{a570a8c2-8791-6920-0b03-000000006000}"
          },
          {
            "@Name": "ProcessId",
            "#text": "1248"
          },
          {
            "@Name": "PipeName",
            "#text": "\\clfYLfYPiF"
          },
          {
            "@Name": "Image",
            "#text": "C:\\WINDOWS\\SysWOW64\\cmd.exe"
          }
        ]
      }
    },
    {
      "@xmlns": "http://schemas.microsoft.com/win/2004/08/events/event",
      "System": {
        "Provider": {
          "@Name": "Microsoft-Windows-Sysmon",
          "@Guid": "{5770385f-c22a-43e0-bf4c-06f5698ffbd9}"
        },
        "EventID": "18",
        "Version": "1",
        "Level": "4",
        "Task": "18",
        "Opcode": "0",
        "Keywords": "0x8000000000000000",
        "TimeCreated": {
          "@SystemTime": "2025-11-21T15:38:57.9890559Z"
        },
        "EventRecordID": "1092",
        "Correlation": null,
        "Execution": {
          "@ProcessID": "5700",
          "@ThreadID": "4876"
        },
        "Channel": "Microsoft-Windows-Sysmon/Operational",
        "Computer": "DESKTOP-LG3F6GA",
        "Security": {
          "@UserID": "S-1-5-18"
        }
      },
      "EventData": {
        "Data": [
          {
            "@Name": "RuleName",
            "#text": "-"
          },
          {
            "@Name": "EventType",
            "#text": "ConnectPipe"
          },
          {
            "@Name": "UtcTime",
            "#text": "2025-11-21 15:38:57.981"
          },
          {
            "@Name": "ProcessGuid",
            "#text": "{a570a8c2-8791-6920-0b03-000000006000}"
          },
          {
            "@Name": "ProcessId",
            "#text": "1248"
          },
          {
            "@Name": "PipeName",
            "#text": "\\clfYLfYPiF"
          },
          {
            "@Name": "Image",
            "#text": "C:\\WINDOWS\\SysWOW64\\cmd.exe"
          }
        ]
      }
    },
    {
      "@xmlns": "http://schemas.microsoft.com/win/2004/08/events/event",
      "System": {
        "Provider": {
          "@Name": "Microsoft-Windows-Sysmon",
          "@Guid": "{5770385f-c22a-43e0-bf4c-06f5698ffbd9}"
        },
        "EventID": "5",
        "Version": "3",
        "Level": "4",
        "Task": "5",
        "Opcode": "0",
        "Keywords": "0x8000000000000000",
        "TimeCreated": {
          "@SystemTime": "2025-11-21T15:38:57.9733012Z"
        },
        "EventRecordID": "1091",
        "Correlation": null,
        "Execution": {
          "@ProcessID": "5700",
          "@ThreadID": "4876"
        },
        "Channel": "Microsoft-Windows-Sysmon/Operational",
        "Computer": "DESKTOP-LG3F6GA",
        "Security": {
          "@UserID": "S-1-5-18"
        }
      },
      "EventData": {
        "Data": [
          {
            "@Name": "RuleName",
            "#text": "-"
          },
          {
            "@Name": "UtcTime",
            "#text": "2025-11-21 15:38:57.965"
          },
          {
            "@Name": "ProcessGuid",
            "#text": "{a570a8c2-8791-6920-0f03-000000006000}"
          },
          {
            "@Name": "ProcessId",
            "#text": "2340"
          },
          {
            "@Name": "Image",
            "#text": "C:\\Windows\\SysWOW64\\wevtutil.exe"
          }
        ]
      }
    },
    {
      "@xmlns": "http://schemas.microsoft.com/win/2004/08/events/event",
      "System": {
        "Provider": {
          "@Name": "Microsoft-Windows-Sysmon",
          "@Guid": "{5770385f-c22a-43e0-bf4c-06f5698ffbd9}"
        },
        "EventID": "18",
        "Version": "1",
        "Level": "4",
        "Task": "18",
        "Opcode": "0",
        "Keywords": "0x8000000000000000",
        "TimeCreated": {
          "@SystemTime": "2025-11-21T15:38:57.9688508Z"
        },
        "EventRecordID": "1090",
        "Correlation": null,
        "Execution": {
          "@ProcessID": "5700",
          "@ThreadID": "4876"
        },
        "Channel": "Microsoft-Windows-Sysmon/Operational",
        "Computer": "DESKTOP-LG3F6GA",
        "Security": {
          "@UserID": "S-1-5-18"
        }
      },
      "EventData": {
        "Data": [
          {
            "@Name": "RuleName",
            "#text": "-"
          },
          {
            "@Name": "EventType",
            "#text": "ConnectPipe"
          },
          {
            "@Name": "UtcTime",
            "#text": "2025-11-21 15:38:57.965"
          },
          {
            "@Name": "ProcessGuid",
            "#text": "{a570a8c2-8791-6920-0b03-000000006000}"
          },
          {
            "@Name": "ProcessId",
            "#text": "1248"
          },
          {
            "@Name": "PipeName",
            "#text": "\\clfYLfYPiF"
          },
          {
            "@Name": "Image",
            "#text": "C:\\WINDOWS\\SysWOW64\\cmd.exe"
          }
        ]
      }
    },
    {
      "@xmlns": "http://schemas.microsoft.com/win/2004/08/events/event",
      "System": {
        "Provider": {
          "@Name": "Microsoft-Windows-Sysmon",
          "@Guid": "{5770385f-c22a-43e0-bf4c-06f5698ffbd9}"
        },
        "EventID": "18",
        "Version": "1",
        "Level": "4",
        "Task": "18",
        "Opcode": "0",
        "Keywords": "0x8000000000000000",
        "TimeCreated": {
          "@SystemTime": "2025-11-21T15:38:57.9390141Z"
        },
        "EventRecordID": "1089",
        "Correlation": null,
        "Execution": {
          "@ProcessID": "5700",
          "@ThreadID": "4876"
        },
        "Channel": "Microsoft-Windows-Sysmon/Operational",
        "Computer": "DESKTOP-LG3F6GA",
        "Security": {
          "@UserID": "S-1-5-18"
        }
      },
      "EventData": {
        "Data": [
          {
            "@Name": "RuleName",
            "#text": "-"
          },
          {
            "@Name": "EventType",
            "#text": "ConnectPipe"
          },
          {
            "@Name": "UtcTime",
            "#text": "2025-11-21 15:38:57.934"
          },
          {
            "@Name": "ProcessGuid",
            "#text": "{a570a8c2-8791-6920-0b03-000000006000}"
          },
          {
            "@Name": "ProcessId",
            "#text": "1248"
          },
          {
            "@Name": "PipeName",
            "#text": "\\clfYLfYPiF"
          },
          {
            "@Name": "Image",
            "#text": "C:\\WINDOWS\\SysWOW64\\cmd.exe"
          }
        ]
      }
    },
    {
      "@xmlns": "http://schemas.microsoft.com/win/2004/08/events/event",
      "System": {
        "Provider": {
          "@Name": "Microsoft-Windows-Sysmon",
          "@Guid": "{5770385f-c22a-43e0-bf4c-06f5698ffbd9}"
        },
        "EventID": "5",
        "Version": "3",
        "Level": "4",
        "Task": "5",
        "Opcode": "0",
        "Keywords": "0x8000000000000000",
        "TimeCreated": {
          "@SystemTime": "2025-11-21T15:38:57.9170831Z"
        },
        "EventRecordID": "1088",
        "Correlation": null,
        "Execution": {
          "@ProcessID": "5700",
          "@ThreadID": "4876"
        },
        "Channel": "Microsoft-Windows-Sysmon/Operational",
        "Computer": "DESKTOP-LG3F6GA",
        "Security": {
          "@UserID": "S-1-5-18"
        }
      },
      "EventData": {
        "Data": [
          {
            "@Name": "RuleName",
            "#text": "-"
          },
          {
            "@Name": "UtcTime",
            "#text": "2025-11-21 15:38:57.903"
          },
          {
            "@Name": "ProcessGuid",
            "#text": "{a570a8c2-8778-6920-2602-000000006000}"
          },
          {
            "@Name": "ProcessId",
            "#text": "2560"
          },
          {
            "@Name": "Image",
            "#text": "C:\\Windows\\System32\\AppHostRegistrationVerifier.exe"
          }
        ]
      }
    },
    {
      "@xmlns": "http://schemas.microsoft.com/win/2004/08/events/event",
      "System": {
        "Provider": {
          "@Name": "Microsoft-Windows-Sysmon",
          "@Guid": "{5770385f-c22a-43e0-bf4c-06f5698ffbd9}"
        },
        "EventID": "12",
        "Version": "2",
        "Level": "4",
        "Task": "12",
        "Opcode": "0",
        "Keywords": "0x8000000000000000",
        "TimeCreated": {
          "@SystemTime": "2025-11-21T15:38:57.8914603Z"
        },
        "EventRecordID": "1087",
        "Correlation": null,
        "Execution": {
          "@ProcessID": "5700",
          "@ThreadID": "4876"
        },
        "Channel": "Microsoft-Windows-Sysmon/Operational",
        "Computer": "DESKTOP-LG3F6GA",
        "Security": {
          "@UserID": "S-1-5-18"
        }
      },
      "EventData": {
        "Data": [
          {
            "@Name": "RuleName",
            "#text": "-"
          },
          {
            "@Name": "EventType",
            "#text": "CreateKey"
          },
          {
            "@Name": "UtcTime",
            "#text": "2025-11-21 15:38:57.887"
          },
          {
            "@Name": "ProcessGuid",
            "#text": "{a570a8c2-8778-6920-2602-000000006000}"
          },
          {
            "@Name": "ProcessId",
            "#text": "2560"
          },
          {
            "@Name": "Image",
            "#text": "C:\\WINDOWS\\system32\\AppHostRegistrationVerifier.exe"
          },
          {
            "@Name": "TargetObject",
            "#text": "HKU\\S-1-5-21-3171250481-3681422803-404499418-1001_Classes\\Local Settings\\Software\\Microsoft\\Windows\\CurrentVersion\\AppModel\\SystemAppData\\Microsoft.WindowsMaps_8wekyb3d8bbwe\\AppUriHandlers\\maps.windows.com"
          }
        ]
      }
    },
    {
      "@xmlns": "http://schemas.microsoft.com/win/2004/08/events/event",
      "System": {
        "Provider": {
          "@Name": "Microsoft-Windows-Sysmon",
          "@Guid": "{5770385f-c22a-43e0-bf4c-06f5698ffbd9}"
        },
        "EventID": "12",
        "Version": "2",
        "Level": "4",
        "Task": "12",
        "Opcode": "0",
        "Keywords": "0x8000000000000000",
        "TimeCreated": {
          "@SystemTime": "2025-11-21T15:38:57.8913985Z"
        },
        "EventRecordID": "1086",
        "Correlation": null,
        "Execution": {
          "@ProcessID": "5700",
          "@ThreadID": "4876"
        },
        "Channel": "Microsoft-Windows-Sysmon/Operational",
        "Computer": "DESKTOP-LG3F6GA",
        "Security": {
          "@UserID": "S-1-5-18"
        }
      },
      "EventData": {
        "Data": [
          {
            "@Name": "RuleName",
            "#text": "-"
          },
          {
            "@Name": "EventType",
            "#text": "CreateKey"
          },
          {
            "@Name": "UtcTime",
            "#text": "2025-11-21 15:38:57.887"
          },
          {
            "@Name": "ProcessGuid",
            "#text": "{a570a8c2-8778-6920-2602-000000006000}"
          },
          {
            "@Name": "ProcessId",
            "#text": "2560"
          },
          {
            "@Name": "Image",
            "#text": "C:\\WINDOWS\\system32\\AppHostRegistrationVerifier.exe"
          },
          {
            "@Name": "TargetObject",
            "#text": "HKU\\S-1-5-21-3171250481-3681422803-404499418-1001_Classes\\Local Settings\\Software\\Microsoft\\Windows\\CurrentVersion\\AppModel\\SystemAppData\\Microsoft.WindowsMaps_8wekyb3d8bbwe\\AppUriHandlers"
          }
        ]
      }
    },
    {
      "@xmlns": "http://schemas.microsoft.com/win/2004/08/events/event",
      "System": {
        "Provider": {
          "@Name": "Microsoft-Windows-Sysmon",
          "@Guid": "{5770385f-c22a-43e0-bf4c-06f5698ffbd9}"
        },
        "EventID": "13",
        "Version": "2",
        "Level": "4",
        "Task": "13",
        "Opcode": "0",
        "Keywords": "0x8000000000000000",
        "TimeCreated": {
          "@SystemTime": "2025-11-21T15:38:57.8911824Z"
        },
        "EventRecordID": "1085",
        "Correlation": null,
        "Execution": {
          "@ProcessID": "5700",
          "@ThreadID": "4876"
        },
        "Channel": "Microsoft-Windows-Sysmon/Operational",
        "Computer": "DESKTOP-LG3F6GA",
        "Security": {
          "@UserID": "S-1-5-18"
        }
      },
      "EventData": {
        "Data": [
          {
            "@Name": "RuleName",
            "#text": "-"
          },
          {
            "@Name": "EventType",
            "#text": "SetValue"
          },
          {
            "@Name": "UtcTime",
            "#text": "2025-11-21 15:38:57.887"
          },
          {
            "@Name": "ProcessGuid",
            "#text": "{a570a8c2-8778-6920-2602-000000006000}"
          },
          {
            "@Name": "ProcessId",
            "#text": "2560"
          },
          {
            "@Name": "Image",
            "#text": "C:\\WINDOWS\\system32\\AppHostRegistrationVerifier.exe"
          },
          {
            "@Name": "TargetObject",
            "#text": "HKU\\S-1-5-21-3171250481-3681422803-404499418-1001_Classes\\Local Settings\\Software\\Microsoft\\Windows\\CurrentVersion\\AppModel\\SystemAppData\\Microsoft.WindowsMaps_8wekyb3d8bbwe\\AppUriHandlers\\maps.windows.com\\FailedValiationCount"
          },
          {
            "@Name": "Details",
            "#text": "DWORD (0x00000009)"
          }
        ]
      }
    },
