    {
      "@xmlns": "http://schemas.microsoft.com/win/2004/08/events/event",
      "System": {
        "Provider": {
          "@Name": "Microsoft-Windows-Sysmon",
          "@Guid": "{5770385f-c22a-43e0-bf4c-06f5698ffbd9}"
        },
        "EventID": "7",
        "Version": "3",
        "Level": "4",
        "Task": "7",
        "Opcode": "0",
        "Keywords": "0x8000000000000000",
        "TimeCreated": {
          "@SystemTime": "2025-11-21T15:38:59.5761628Z"
        },
        "EventRecordID": "1137",
        "Correlation": null,
        "Execution": {
          "@ProcessID": "5700",
          "@ThreadID": "5668"
        },
        "Channel": "Microsoft-Windows-Sysmon/Operational",
        "Computer": "DESKTOP-LG3F6GA",
        "Security": {
          "@UserID": "S-1-5-18"
        }
      },
      "EventData": {
        "Data": [
          {
            "@Name": "RuleName",
            "#text": "-"
          },
          {
            "@Name": "UtcTime",
            "#text": "2025-11-21 15:38:45.606"
          },
          {
            "@Name": "ProcessGuid",
            "#text": "{a570a8c2-2ea8-68ca-9c00-000000006000}"
          },
          {
            "@Name": "ProcessId",
            "#text": "4660"
          },
          {
            "@Name": "Image",
            "#text": "C:\\Windows\\System32\\svchost.exe"
          },
          {
            "@Name": "ImageLoaded",
            "#text": "C:\\Windows\\System32\\utcutil.dll"
          },
          {
            "@Name": "FileVersion",
            "#text": "10.0.19041.546 (WinBuild.160101.0800)"
          },
          {
            "@Name": "Description",
            "#text": "Microsoft Windows Telemetry Utils"
          },
          {
            "@Name": "Product",
            "#text": "Microsoft® Windows® Operating System"
          },
          {
            "@Name": "Company",
            "#text": "Microsoft Corporation"
          },
          {
            "@Name": "OriginalFileName",
            "#text": "utcutil.dll"
          },
          {
            "@Name": "Hashes",
            "#text": "SHA256=6C22A5B830BF553DE4A71C057BBBF7E3CBD0B123A96702D96BDA1B127E89FA29"
          },
          {
            "@Name": "Signed",
            "#text": "true"
          },
          {
            "@Name": "Signature",
            "#text": "Microsoft Windows"
          },
          {
            "@Name": "SignatureStatus",
            "#text": "Valid"
          }
        ]
      }
    },
    {
      "@xmlns": "http://schemas.microsoft.com/win/2004/08/events/event",
      "System": {
        "Provider": {
          "@Name": "Microsoft-Windows-Sysmon",
          "@Guid": "{5770385f-c22a-43e0-bf4c-06f5698ffbd9}"
        },
        "EventID": "7",
        "Version": "3",
        "Level": "4",
        "Task": "7",
        "Opcode": "0",
        "Keywords": "0x8000000000000000",
        "TimeCreated": {
          "@SystemTime": "2025-11-21T15:38:59.5759209Z"
        },
        "EventRecordID": "1136",
        "Correlation": null,
        "Execution": {
          "@ProcessID": "5700",
          "@ThreadID": "5668"
        },
        "Channel": "Microsoft-Windows-Sysmon/Operational",
        "Computer": "DESKTOP-LG3F6GA",
        "Security": {
          "@UserID": "S-1-5-18"
        }
      },
      "EventData": {
        "Data": [
          {
            "@Name": "RuleName",
            "#text": "-"
          },
          {
            "@Name": "UtcTime",
            "#text": "2025-11-21 15:38:55.168"
          },
          {
            "@Name": "ProcessGuid",
            "#text": "{a570a8c2-8777-6920-1a02-000000006000}"
          },
          {
            "@Name": "ProcessId",
            "#text": "1156"
          },
          {
            "@Name": "Image",
            "#text": "C:\\Windows\\System32\\svchost.exe"
          },
          {
            "@Name": "ImageLoaded",
            "#text": "C:\\Windows\\System32\\utcutil.dll"
          },
          {
            "@Name": "FileVersion",
            "#text": "10.0.19041.546 (WinBuild.160101.0800)"
          },
          {
            "@Name": "Description",
            "#text": "Microsoft Windows Telemetry Utils"
          },
          {
            "@Name": "Product",
            "#text": "Microsoft® Windows® Operating System"
          },
          {
            "@Name": "Company",
            "#text": "Microsoft Corporation"
          },
          {
            "@Name": "OriginalFileName",
            "#text": "utcutil.dll"
          },
          {
            "@Name": "Hashes",
            "#text": "SHA256=6C22A5B830BF553DE4A71C057BBBF7E3CBD0B123A96702D96BDA1B127E89FA29"
          },
          {
            "@Name": "Signed",
            "#text": "true"
          },
          {
            "@Name": "Signature",
            "#text": "Microsoft Windows"
          },
          {
            "@Name": "SignatureStatus",
            "#text": "Valid"
          }
        ]
      }
    },
    {
      "@xmlns": "http://schemas.microsoft.com/win/2004/08/events/event",
      "System": {
        "Provider": {
          "@Name": "Microsoft-Windows-Sysmon",
          "@Guid": "{5770385f-c22a-43e0-bf4c-06f5698ffbd9}"
        },
        "EventID": "7",
        "Version": "3",
        "Level": "4",
        "Task": "7",
        "Opcode": "0",
        "Keywords": "0x8000000000000000",
        "TimeCreated": {
          "@SystemTime": "2025-11-21T15:38:59.5755123Z"
        },
        "EventRecordID": "1135",
        "Correlation": null,
        "Execution": {
          "@ProcessID": "5700",
          "@ThreadID": "5668"
        },
        "Channel": "Microsoft-Windows-Sysmon/Operational",
        "Computer": "DESKTOP-LG3F6GA",
        "Security": {
          "@UserID": "S-1-5-18"
        }
      },
      "EventData": {
        "Data": [
          {
            "@Name": "RuleName",
            "#text": "-"
          },
          {
            "@Name": "UtcTime",
            "#text": "2025-11-21 15:38:55.325"
          },
          {
            "@Name": "ProcessGuid",
            "#text": "{a570a8c2-8779-6920-3f02-000000006000}"
          },
          {
            "@Name": "ProcessId",
            "#text": "6512"
          },
          {
            "@Name": "Image",
            "#text": "C:\\Windows\\System32\\svchost.exe"
          },
          {
            "@Name": "ImageLoaded",
            "#text": "C:\\Windows\\System32\\utcutil.dll"
          },
          {
            "@Name": "FileVersion",
            "#text": "10.0.19041.546 (WinBuild.160101.0800)"
          },
          {
            "@Name": "Description",
            "#text": "Microsoft Windows Telemetry Utils"
          },
          {
            "@Name": "Product",
            "#text": "Microsoft® Windows® Operating System"
          },
          {
            "@Name": "Company",
            "#text": "Microsoft Corporation"
          },
          {
            "@Name": "OriginalFileName",
            "#text": "utcutil.dll"
          },
          {
            "@Name": "Hashes",
            "#text": "SHA256=6C22A5B830BF553DE4A71C057BBBF7E3CBD0B123A96702D96BDA1B127E89FA29"
          },
          {
            "@Name": "Signed",
            "#text": "true"
          },
          {
            "@Name": "Signature",
            "#text": "Microsoft Windows"
          },
          {
            "@Name": "SignatureStatus",
            "#text": "Valid"
          }
        ]
      }
    },
    {
      "@xmlns": "http://schemas.microsoft.com/win/2004/08/events/event",
      "System": {
        "Provider": {
          "@Name": "Microsoft-Windows-Sysmon",
          "@Guid": "{5770385f-c22a-43e0-bf4c-06f5698ffbd9}"
        },
        "EventID": "7",
        "Version": "3",
        "Level": "4",
        "Task": "7",
        "Opcode": "0",
        "Keywords": "0x8000000000000000",
        "TimeCreated": {
          "@SystemTime": "2025-11-21T15:38:59.5752783Z"
        },
        "EventRecordID": "1134",
        "Correlation": null,
        "Execution": {
          "@ProcessID": "5700",
          "@ThreadID": "5668"
        },
        "Channel": "Microsoft-Windows-Sysmon/Operational",
        "Computer": "DESKTOP-LG3F6GA",
        "Security": {
          "@UserID": "S-1-5-18"
        }
      },
      "EventData": {
        "Data": [
          {
            "@Name": "RuleName",
            "#text": "-"
          },
          {
            "@Name": "UtcTime",
            "#text": "2025-11-21 15:38:55.356"
          },
          {
            "@Name": "ProcessGuid",
            "#text": "{a570a8c2-8779-6920-3f02-000000006000}"
          },
          {
            "@Name": "ProcessId",
            "#text": "6512"
          },
          {
            "@Name": "Image",
            "#text": "C:\\Windows\\System32\\svchost.exe"
          },
          {
            "@Name": "ImageLoaded",
            "#text": "C:\\Windows\\System32\\utcutil.dll"
          },
          {
            "@Name": "FileVersion",
            "#text": "10.0.19041.546 (WinBuild.160101.0800)"
          },
          {
            "@Name": "Description",
            "#text": "Microsoft Windows Telemetry Utils"
          },
          {
            "@Name": "Product",
            "#text": "Microsoft® Windows® Operating System"
          },
          {
            "@Name": "Company",
            "#text": "Microsoft Corporation"
          },
          {
            "@Name": "OriginalFileName",
            "#text": "utcutil.dll"
          },
          {
            "@Name": "Hashes",
            "#text": "SHA256=6C22A5B830BF553DE4A71C057BBBF7E3CBD0B123A96702D96BDA1B127E89FA29"
          },
          {
            "@Name": "Signed",
            "#text": "true"
          },
          {
            "@Name": "Signature",
            "#text": "Microsoft Windows"
          },
          {
            "@Name": "SignatureStatus",
            "#text": "Valid"
          }
        ]
      }
    },
    {
      "@xmlns": "http://schemas.microsoft.com/win/2004/08/events/event",
      "System": {
        "Provider": {
          "@Name": "Microsoft-Windows-Sysmon",
          "@Guid": "{5770385f-c22a-43e0-bf4c-06f5698ffbd9}"
        },
        "EventID": "7",
        "Version": "3",
        "Level": "4",
        "Task": "7",
        "Opcode": "0",
        "Keywords": "0x8000000000000000",
        "TimeCreated": {
          "@SystemTime": "2025-11-21T15:38:59.5685002Z"
        },
        "EventRecordID": "1133",
        "Correlation": null,
        "Execution": {
          "@ProcessID": "5700",
          "@ThreadID": "5668"
        },
        "Channel": "Microsoft-Windows-Sysmon/Operational",
        "Computer": "DESKTOP-LG3F6GA",
        "Security": {
          "@UserID": "S-1-5-18"
        }
      },
      "EventData": {
        "Data": [
          {
            "@Name": "RuleName",
            "#text": "-"
          },
          {
            "@Name": "UtcTime",
            "#text": "2025-11-21 15:38:43.168"
          },
          {
            "@Name": "ProcessGuid",
            "#text": "{a570a8c2-8777-6920-1a02-000000006000}"
          },
          {
            "@Name": "ProcessId",
            "#text": "1156"
          },
          {
            "@Name": "Image",
            "#text": "C:\\Windows\\System32\\svchost.exe"
          },
          {
            "@Name": "ImageLoaded",
            "#text": "C:\\Windows\\System32\\dusmapi.dll"
          },
          {
            "@Name": "FileVersion",
            "#text": "10.0.19041.546 (WinBuild.160101.0800)"
          },
          {
            "@Name": "Description",
            "#text": "Data Usage API"
          },
          {
            "@Name": "Product",
            "#text": "Microsoft® Windows® Operating System"
          },
          {
            "@Name": "Company",
            "#text": "Microsoft Corporation"
          },
          {
            "@Name": "OriginalFileName",
            "#text": "dusmapi.dll"
          },
          {
            "@Name": "Hashes",
            "#text": "SHA256=EC96AF4FC4B1302B75519FDC6DCBA023BC04883E5DE6F3A408F23D4D820847F1"
          },
          {
            "@Name": "Signed",
            "#text": "true"
          },
          {
            "@Name": "Signature",
            "#text": "Microsoft Windows"
          },
          {
            "@Name": "SignatureStatus",
            "#text": "Valid"
          }
        ]
      }
    },
    {
      "@xmlns": "http://schemas.microsoft.com/win/2004/08/events/event",
      "System": {
        "Provider": {
          "@Name": "Microsoft-Windows-Sysmon",
          "@Guid": "{5770385f-c22a-43e0-bf4c-06f5698ffbd9}"
        },
        "EventID": "7",
        "Version": "3",
        "Level": "4",
        "Task": "7",
        "Opcode": "0",
        "Keywords": "0x8000000000000000",
        "TimeCreated": {
          "@SystemTime": "2025-11-21T15:38:59.5628285Z"
        },
        "EventRecordID": "1132",
        "Correlation": null,
        "Execution": {
          "@ProcessID": "5700",
          "@ThreadID": "5668"
        },
        "Channel": "Microsoft-Windows-Sysmon/Operational",
        "Computer": "DESKTOP-LG3F6GA",
        "Security": {
          "@UserID": "S-1-5-18"
        }
      },
      "EventData": {
        "Data": [
          {
            "@Name": "RuleName",
            "#text": "-"
          },
          {
            "@Name": "UtcTime",
            "#text": "2025-11-21 15:38:43.168"
          },
          {
            "@Name": "ProcessGuid",
            "#text": "{a570a8c2-8777-6920-1a02-000000006000}"
          },
          {
            "@Name": "ProcessId",
            "#text": "1156"
          },
          {
            "@Name": "Image",
            "#text": "C:\\Windows\\System32\\svchost.exe"
          },
          {
            "@Name": "ImageLoaded",
            "#text": "C:\\Windows\\System32\\WinTypes.dll"
          },
          {
            "@Name": "FileVersion",
            "#text": "10.0.19041.572 (WinBuild.160101.0800)"
          },
          {
            "@Name": "Description",
            "#text": "Windows Base Types DLL"
          },
          {
            "@Name": "Product",
            "#text": "Microsoft® Windows® Operating System"
          },
          {
            "@Name": "Company",
            "#text": "Microsoft Corporation"
          },
          {
            "@Name": "OriginalFileName",
            "#text": "WinTypes.dll"
          },
          {
            "@Name": "Hashes",
            "#text": "SHA256=F5FEA220994F3856A44E0BDE5FD5786203A13EAD34BEC50AE704CB2C5B65F6B9"
          },
          {
            "@Name": "Signed",
            "#text": "true"
          },
          {
            "@Name": "Signature",
            "#text": "Microsoft Windows"
          },
          {
            "@Name": "SignatureStatus",
            "#text": "Valid"
          }
        ]
      }
    },
    {
      "@xmlns": "http://schemas.microsoft.com/win/2004/08/events/event",
      "System": {
        "Provider": {
          "@Name": "Microsoft-Windows-Sysmon",
          "@Guid": "{5770385f-c22a-43e0-bf4c-06f5698ffbd9}"
        },
        "EventID": "7",
        "Version": "3",
        "Level": "4",
        "Task": "7",
        "Opcode": "0",
        "Keywords": "0x8000000000000000",
        "TimeCreated": {
          "@SystemTime": "2025-11-21T15:38:59.5560840Z"
        },
        "EventRecordID": "1131",
        "Correlation": null,
        "Execution": {
          "@ProcessID": "5700",
          "@ThreadID": "5668"
        },
        "Channel": "Microsoft-Windows-Sysmon/Operational",
        "Computer": "DESKTOP-LG3F6GA",
        "Security": {
          "@UserID": "S-1-5-18"
        }
      },
      "EventData": {
        "Data": [
          {
            "@Name": "RuleName",
            "#text": "-"
          },
          {
            "@Name": "UtcTime",
            "#text": "2025-11-21 15:38:43.168"
          },
          {
            "@Name": "ProcessGuid",
            "#text": "{a570a8c2-8777-6920-1a02-000000006000}"
          },
          {
            "@Name": "ProcessId",
            "#text": "1156"
          },
          {
            "@Name": "Image",
            "#text": "C:\\Windows\\System32\\svchost.exe"
          },
          {
            "@Name": "ImageLoaded",
            "#text": "C:\\Windows\\System32\\npmproxy.dll"
          },
          {
            "@Name": "FileVersion",
            "#text": "10.0.19041.630 (WinBuild.160101.0800)"
          },
          {
            "@Name": "Description",
            "#text": "Network List Manager Proxy"
          },
          {
            "@Name": "Product",
            "#text": "Microsoft® Windows® Operating System"
          },
          {
            "@Name": "Company",
            "#text": "Microsoft Corporation"
          },
          {
            "@Name": "OriginalFileName",
            "#text": "npfproxy.dll"
          },
          {
            "@Name": "Hashes",
            "#text": "SHA256=4E7626075FF8127F1A8781B4435310DFA668E1A28B6C55EAB0C16EE1CEF79766"
          },
          {
            "@Name": "Signed",
            "#text": "true"
          },
          {
            "@Name": "Signature",
            "#text": "Microsoft Windows"
          },
          {
            "@Name": "SignatureStatus",
            "#text": "Valid"
          }
        ]
      }
    },
    {
      "@xmlns": "http://schemas.microsoft.com/win/2004/08/events/event",
      "System": {
        "Provider": {
          "@Name": "Microsoft-Windows-Sysmon",
          "@Guid": "{5770385f-c22a-43e0-bf4c-06f5698ffbd9}"
        },
        "EventID": "7",
        "Version": "3",
        "Level": "4",
        "Task": "7",
        "Opcode": "0",
        "Keywords": "0x8000000000000000",
        "TimeCreated": {
          "@SystemTime": "2025-11-21T15:38:59.5500116Z"
        },
        "EventRecordID": "1130",
        "Correlation": null,
        "Execution": {
          "@ProcessID": "5700",
          "@ThreadID": "5668"
        },
        "Channel": "Microsoft-Windows-Sysmon/Operational",
        "Computer": "DESKTOP-LG3F6GA",
        "Security": {
          "@UserID": "S-1-5-18"
        }
      },
      "EventData": {
        "Data": [
          {
            "@Name": "RuleName",
            "#text": "-"
          },
          {
            "@Name": "UtcTime",
            "#text": "2025-11-21 15:38:43.153"
          },
          {
            "@Name": "ProcessGuid",
            "#text": "{a570a8c2-8777-6920-1a02-000000006000}"
          },
          {
            "@Name": "ProcessId",
            "#text": "1156"
          },
          {
            "@Name": "Image",
            "#text": "C:\\Windows\\System32\\svchost.exe"
          },
          {
            "@Name": "ImageLoaded",
            "#text": "C:\\Windows\\System32\\Windows.Networking.Connectivity.dll"
          },
          {
            "@Name": "FileVersion",
            "#text": "10.0.19041.546 (WinBuild.160101.0800)"
          },
          {
            "@Name": "Description",
            "#text": "Windows Networking Connectivity Runtime DLL"
          },
          {
            "@Name": "Product",
            "#text": "Microsoft® Windows® Operating System"
          },
          {
            "@Name": "Company",
            "#text": "Microsoft Corporation"
          },
          {
            "@Name": "OriginalFileName",
            "#text": "Windows.Networking.Connectivity.dll"
          },
          {
            "@Name": "Hashes",
            "#text": "SHA256=817A10999A569C962CD17AFAD428E9AF5EE8BDA2B8E290F0C8CF19273F8437EF"
          },
          {
            "@Name": "Signed",
            "#text": "true"
          },
          {
            "@Name": "Signature",
            "#text": "Microsoft Windows"
          },
          {
            "@Name": "SignatureStatus",
            "#text": "Valid"
          }
        ]
      }
    },
    {
      "@xmlns": "http://schemas.microsoft.com/win/2004/08/events/event",
      "System": {
        "Provider": {
          "@Name": "Microsoft-Windows-Sysmon",
          "@Guid": "{5770385f-c22a-43e0-bf4c-06f5698ffbd9}"
        },
        "EventID": "7",
        "Version": "3",
        "Level": "4",
        "Task": "7",
        "Opcode": "0",
        "Keywords": "0x8000000000000000",
        "TimeCreated": {
          "@SystemTime": "2025-11-21T15:38:59.5395028Z"
        },
        "EventRecordID": "1129",
        "Correlation": null,
        "Execution": {
          "@ProcessID": "5700",
          "@ThreadID": "5668"
        },
        "Channel": "Microsoft-Windows-Sysmon/Operational",
        "Computer": "DESKTOP-LG3F6GA",
        "Security": {
          "@UserID": "S-1-5-18"
        }
      },
      "EventData": {
        "Data": [
          {
            "@Name": "RuleName",
            "#text": "-"
          },
          {
            "@Name": "UtcTime",
            "#text": "2025-11-21 15:38:43.153"
          },
          {
            "@Name": "ProcessGuid",
            "#text": "{a570a8c2-8777-6920-1a02-000000006000}"
          },
          {
            "@Name": "ProcessId",
            "#text": "1156"
          },
          {
            "@Name": "Image",
            "#text": "C:\\Windows\\System32\\svchost.exe"
          },
          {
            "@Name": "ImageLoaded",
            "#text": "C:\\Windows\\System32\\cryptsp.dll"
          },
          {
            "@Name": "FileVersion",
            "#text": "10.0.19041.546 (WinBuild.160101.0800)"
          },
          {
            "@Name": "Description",
            "#text": "Cryptographic Service Provider API"
          },
          {
            "@Name": "Product",
            "#text": "Microsoft® Windows® Operating System"
          },
          {
            "@Name": "Company",
            "#text": "Microsoft Corporation"
          },
          {
            "@Name": "OriginalFileName",
            "#text": "cryptsp.dll"
          },
          {
            "@Name": "Hashes",
            "#text": "SHA256=82027B8C6CE412F9C9731AF5E904291DAE944C3845EBFEF2AF86C8543C8AD5A7"
          },
          {
            "@Name": "Signed",
            "#text": "true"
          },
          {
            "@Name": "Signature",
            "#text": "Microsoft Windows"
          },
          {
            "@Name": "SignatureStatus",
            "#text": "Valid"
          }
        ]
      }
    },
    {
      "@xmlns": "http://schemas.microsoft.com/win/2004/08/events/event",
      "System": {
        "Provider": {
          "@Name": "Microsoft-Windows-Sysmon",
          "@Guid": "{5770385f-c22a-43e0-bf4c-06f5698ffbd9}"
        },
        "EventID": "7",
        "Version": "3",
        "Level": "4",
        "Task": "7",
        "Opcode": "0",
        "Keywords": "0x8000000000000000",
        "TimeCreated": {
          "@SystemTime": "2025-11-21T15:38:59.5361622Z"
        },
        "EventRecordID": "1128",
        "Correlation": null,
        "Execution": {
          "@ProcessID": "5700",
          "@ThreadID": "5668"
        },
        "Channel": "Microsoft-Windows-Sysmon/Operational",
        "Computer": "DESKTOP-LG3F6GA",
        "Security": {
          "@UserID": "S-1-5-18"
        }
      },
      "EventData": {
        "Data": [
          {
            "@Name": "RuleName",
            "#text": "-"
          },
          {
            "@Name": "UtcTime",
            "#text": "2025-11-21 15:38:43.153"
          },
          {
            "@Name": "ProcessGuid",
            "#text": "{a570a8c2-8777-6920-1a02-000000006000}"
          },
          {
            "@Name": "ProcessId",
            "#text": "1156"
          },
          {
            "@Name": "Image",
            "#text": "C:\\Windows\\System32\\svchost.exe"
          },
          {
            "@Name": "ImageLoaded",
            "#text": "C:\\Windows\\System32\\wosc.dll"
          },
          {
            "@Name": "FileVersion",
            "#text": "10.0.19041.546 (WinBuild.160101.0800)"
          },
          {
            "@Name": "Description",
            "#text": "Windows OneSettings Client"
          },
          {
            "@Name": "Product",
            "#text": "Microsoft® Windows® Operating System"
          },
          {
            "@Name": "Company",
            "#text": "Microsoft Corporation"
          },
          {
            "@Name": "OriginalFileName",
            "#text": "wosc.dll"
          },
          {
            "@Name": "Hashes",
            "#text": "SHA256=9DDE95F6D72F8C66092B505ECE4F7B476896C0CF3D849EBF82BC4B36473F5E9A"
          },
          {
            "@Name": "Signed",
            "#text": "true"
          },
          {
            "@Name": "Signature",
            "#text": "Microsoft Windows"
          },
          {
            "@Name": "SignatureStatus",
            "#text": "Valid"
          }
        ]
      }
    },
    {
      "@xmlns": "http://schemas.microsoft.com/win/2004/08/events/event",
      "System": {
        "Provider": {
          "@Name": "Microsoft-Windows-Sysmon",
          "@Guid": "{5770385f-c22a-43e0-bf4c-06f5698ffbd9}"
        },
        "EventID": "7",
        "Version": "3",
        "Level": "4",
        "Task": "7",
        "Opcode": "0",
        "Keywords": "0x8000000000000000",
        "TimeCreated": {
          "@SystemTime": "2025-11-21T15:38:59.5286549Z"
        },
        "EventRecordID": "1127",
        "Correlation": null,
        "Execution": {
          "@ProcessID": "5700",
          "@ThreadID": "5668"
        },
        "Channel": "Microsoft-Windows-Sysmon/Operational",
        "Computer": "DESKTOP-LG3F6GA",
        "Security": {
          "@UserID": "S-1-5-18"
        }
      },
      "EventData": {
        "Data": [
          {
            "@Name": "RuleName",
            "#text": "-"
          },
          {
            "@Name": "UtcTime",
            "#text": "2025-11-21 15:38:43.153"
          },
          {
            "@Name": "ProcessGuid",
            "#text": "{a570a8c2-8777-6920-1a02-000000006000}"
          },
          {
            "@Name": "ProcessId",
            "#text": "1156"
          },
          {
            "@Name": "Image",
            "#text": "C:\\Windows\\System32\\svchost.exe"
          },
          {
            "@Name": "ImageLoaded",
            "#text": "C:\\Windows\\System32\\WaaSAssessment.dll"
          },
          {
            "@Name": "FileVersion",
            "#text": "10.0.19041.610 (WinBuild.160101.0800)"
          },
          {
            "@Name": "Description",
            "#text": "WaaS Assessment"
          },
          {
            "@Name": "Product",
            "#text": "Microsoft® Windows® Operating System"
          },
          {
            "@Name": "Company",
            "#text": "Microsoft Corporation"
          },
          {
            "@Name": "OriginalFileName",
            "#text": "WaaSAssessment.dll"
          },
          {
            "@Name": "Hashes",
            "#text": "SHA256=570A98F98CBC40EB965BECB060E2ED0EBF38FB61AFEC54096B322768FC4EDCD3"
          },
          {
            "@Name": "Signed",
            "#text": "true"
          },
          {
            "@Name": "Signature",
            "#text": "Microsoft Windows"
          },
          {
            "@Name": "SignatureStatus",
            "#text": "Valid"
          }
        ]
      }
    },
    {
      "@xmlns": "http://schemas.microsoft.com/win/2004/08/events/event",
      "System": {
        "Provider": {
          "@Name": "Microsoft-Windows-Sysmon",
          "@Guid": "{5770385f-c22a-43e0-bf4c-06f5698ffbd9}"
        },
        "EventID": "13",
        "Version": "2",
        "Level": "4",
        "Task": "13",
        "Opcode": "0",
        "Keywords": "0x8000000000000000",
        "TimeCreated": {
          "@SystemTime": "2025-11-21T15:38:58.9573560Z"
        },
        "EventRecordID": "1126",
        "Correlation": null,
        "Execution": {
          "@ProcessID": "5700",
          "@ThreadID": "4876"
        },
        "Channel": "Microsoft-Windows-Sysmon/Operational",
        "Computer": "DESKTOP-LG3F6GA",
        "Security": {
          "@UserID": "S-1-5-18"
        }
      },
      "EventData": {
        "Data": [
          {
            "@Name": "RuleName",
            "#text": "-"
          },
          {
            "@Name": "EventType",
            "#text": "SetValue"
          },
          {
            "@Name": "UtcTime",
            "#text": "2025-11-21 15:38:58.953"
          },
          {
            "@Name": "ProcessGuid",
            "#text": "{a570a8c2-2e34-68ca-7600-000000006000}"
          },
          {
            "@Name": "ProcessId",
            "#text": "5372"
          },
          {
            "@Name": "Image",
            "#text": "C:\\WINDOWS\\Explorer.EXE"
          },
          {
            "@Name": "TargetObject",
            "#text": "HKU\\S-1-5-21-3171250481-3681422803-404499418-1001\\SOFTWARE\\Microsoft\\Windows\\CurrentVersion\\Security and Maintenance\\Checks\\{DE7B24EA-73C8-4A09-985D-5BDADCFA9017}.check.800\\CheckSetting"
          },
          {
            "@Name": "Details",
            "#text": "Binary Data"
          }
        ]
      }
    },
    {
      "@xmlns": "http://schemas.microsoft.com/win/2004/08/events/event",
      "System": {
        "Provider": {
          "@Name": "Microsoft-Windows-Sysmon",
          "@Guid": "{5770385f-c22a-43e0-bf4c-06f5698ffbd9}"
        },
        "EventID": "12",
        "Version": "2",
        "Level": "4",
        "Task": "12",
        "Opcode": "0",
        "Keywords": "0x8000000000000000",
        "TimeCreated": {
          "@SystemTime": "2025-11-21T15:38:58.9570360Z"
        },
        "EventRecordID": "1125",
        "Correlation": null,
        "Execution": {
          "@ProcessID": "5700",
          "@ThreadID": "4876"
        },
        "Channel": "Microsoft-Windows-Sysmon/Operational",
        "Computer": "DESKTOP-LG3F6GA",
        "Security": {
          "@UserID": "S-1-5-18"
        }
      },
      "EventData": {
        "Data": [
          {
            "@Name": "RuleName",
            "#text": "-"
          },
          {
            "@Name": "EventType",
            "#text": "CreateKey"
          },
          {
            "@Name": "UtcTime",
            "#text": "2025-11-21 15:38:58.953"
          },
          {
            "@Name": "ProcessGuid",
            "#text": "{a570a8c2-2e34-68ca-7600-000000006000}"
          },
          {
            "@Name": "ProcessId",
            "#text": "5372"
          },
          {
            "@Name": "Image",
            "#text": "C:\\WINDOWS\\Explorer.EXE"
          },
          {
            "@Name": "TargetObject",
            "#text": "HKU\\S-1-5-21-3171250481-3681422803-404499418-1001\\SOFTWARE\\Microsoft\\Windows\\CurrentVersion\\Security and Maintenance\\Checks\\{DE7B24EA-73C8-4A09-985D-5BDADCFA9017}.check.800"
          }
        ]
      }
    },
    {
      "@xmlns": "http://schemas.microsoft.com/win/2004/08/events/event",
      "System": {
        "Provider": {
          "@Name": "Microsoft-Windows-Sysmon",
          "@Guid": "{5770385f-c22a-43e0-bf4c-06f5698ffbd9}"
        },
        "EventID": "5",
        "Version": "3",
        "Level": "4",
        "Task": "5",
        "Opcode": "0",
        "Keywords": "0x8000000000000000",
        "TimeCreated": {
          "@SystemTime": "2025-11-21T15:38:58.5612179Z"
        },
        "EventRecordID": "1124",
        "Correlation": null,
        "Execution": {
          "@ProcessID": "5700",
          "@ThreadID": "4876"
        },
        "Channel": "Microsoft-Windows-Sysmon/Operational",
        "Computer": "DESKTOP-LG3F6GA",
        "Security": {
          "@UserID": "S-1-5-18"
        }
      },
      "EventData": {
        "Data": [
          {
            "@Name": "RuleName",
            "#text": "-"
          },
          {
            "@Name": "UtcTime",
            "#text": "2025-11-21 15:38:58.559"
          },
          {
            "@Name": "ProcessGuid",
            "#text": "{a570a8c2-8792-6920-1303-000000006000}"
          },
          {
            "@Name": "ProcessId",
            "#text": "1584"
          },
          {
            "@Name": "Image",
            "#text": "C:\\Windows\\SysWOW64\\wevtutil.exe"
          }
        ]
      }
    },
    {
      "@xmlns": "http://schemas.microsoft.com/win/2004/08/events/event",
      "System": {
        "Provider": {
          "@Name": "Microsoft-Windows-Sysmon",
          "@Guid": "{5770385f-c22a-43e0-bf4c-06f5698ffbd9}"
        },
        "EventID": "13",
        "Version": "2",
        "Level": "4",
        "Task": "13",
        "Opcode": "0",
        "Keywords": "0x8000000000000000",
        "TimeCreated": {
          "@SystemTime": "2025-11-21T15:38:58.3886201Z"
        },
        "EventRecordID": "1123",
        "Correlation": null,
        "Execution": {
          "@ProcessID": "5700",
          "@ThreadID": "4876"
        },
        "Channel": "Microsoft-Windows-Sysmon/Operational",
        "Computer": "DESKTOP-LG3F6GA",
        "Security": {
          "@UserID": "S-1-5-18"
        }
      },
      "EventData": {
        "Data": [
          {
            "@Name": "RuleName",
            "#text": "-"
          },
          {
            "@Name": "EventType",
            "#text": "SetValue"
          },
          {
            "@Name": "UtcTime",
            "#text": "2025-11-21 15:38:58.387"
          },
          {
            "@Name": "ProcessGuid",
            "#text": "{a570a8c2-2e34-68ca-7600-000000006000}"
          },
          {
            "@Name": "ProcessId",
            "#text": "5372"
          },
          {
            "@Name": "Image",
            "#text": "C:\\WINDOWS\\Explorer.EXE"
          },
          {
            "@Name": "TargetObject",
            "#text": "HKU\\S-1-5-21-3171250481-3681422803-404499418-1001\\SOFTWARE\\Microsoft\\Windows\\CurrentVersion\\Explorer\\SessionInfo\\1\\ApplicationViewManagement\\W32:0000000000060206\\VirtualDesktop"
          },
          {
            "@Name": "Details",
            "#text": "Binary Data"
          }
        ]
      }
    },
    {
      "@xmlns": "http://schemas.microsoft.com/win/2004/08/events/event",
      "System": {
        "Provider": {
          "@Name": "Microsoft-Windows-Sysmon",
          "@Guid": "{5770385f-c22a-43e0-bf4c-06f5698ffbd9}"
        },
        "EventID": "12",
        "Version": "2",
        "Level": "4",
        "Task": "12",
        "Opcode": "0",
        "Keywords": "0x8000000000000000",
        "TimeCreated": {
          "@SystemTime": "2025-11-21T15:38:58.3885860Z"
        },
        "EventRecordID": "1122",
        "Correlation": null,
        "Execution": {
          "@ProcessID": "5700",
          "@ThreadID": "4876"
        },
        "Channel": "Microsoft-Windows-Sysmon/Operational",
        "Computer": "DESKTOP-LG3F6GA",
        "Security": {
          "@UserID": "S-1-5-18"
        }
      },
      "EventData": {
        "Data": [
          {
            "@Name": "RuleName",
            "#text": "-"
          },
          {
            "@Name": "EventType",
            "#text": "CreateKey"
          },
          {
            "@Name": "UtcTime",
            "#text": "2025-11-21 15:38:58.387"
          },
          {
            "@Name": "ProcessGuid",
            "#text": "{a570a8c2-2e34-68ca-7600-000000006000}"
          },
          {
            "@Name": "ProcessId",
            "#text": "5372"
          },
          {
            "@Name": "Image",
            "#text": "C:\\WINDOWS\\Explorer.EXE"
          },
          {
            "@Name": "TargetObject",
            "#text": "HKU\\S-1-5-21-3171250481-3681422803-404499418-1001\\SOFTWARE\\Microsoft\\Windows\\CurrentVersion\\Explorer\\SessionInfo\\1\\ApplicationViewManagement\\W32:0000000000060206"
          }
        ]
      }
    },
    {
      "@xmlns": "http://schemas.microsoft.com/win/2004/08/events/event",
      "System": {
        "Provider": {
          "@Name": "Microsoft-Windows-Sysmon",
          "@Guid": "{5770385f-c22a-43e0-bf4c-06f5698ffbd9}"
        },
        "EventID": "13",
        "Version": "2",
        "Level": "4",
        "Task": "13",
        "Opcode": "0",
        "Keywords": "0x8000000000000000",
        "TimeCreated": {
          "@SystemTime": "2025-11-21T15:38:58.3460923Z"
        },
        "EventRecordID": "1121",
        "Correlation": null,
        "Execution": {
          "@ProcessID": "5700",
          "@ThreadID": "4876"
        },
        "Channel": "Microsoft-Windows-Sysmon/Operational",
        "Computer": "DESKTOP-LG3F6GA",
        "Security": {
          "@UserID": "S-1-5-18"
        }
      },
      "EventData": {
        "Data": [
          {
            "@Name": "RuleName",
            "#text": "-"
          },
          {
            "@Name": "EventType",
            "#text": "SetValue"
          },
          {
            "@Name": "UtcTime",
            "#text": "2025-11-21 15:38:58.340"
          },
          {
            "@Name": "ProcessGuid",
            "#text": "{a570a8c2-2e34-68ca-7600-000000006000}"
          },
          {
            "@Name": "ProcessId",
            "#text": "5372"
          },
          {
            "@Name": "Image",
            "#text": "C:\\WINDOWS\\Explorer.EXE"
          },
          {
            "@Name": "TargetObject",
            "#text": "HKU\\S-1-5-21-3171250481-3681422803-404499418-1001\\SOFTWARE\\Microsoft\\Windows\\CurrentVersion\\ActivityDataModel\\ReaderRevisionInfo\\BC1D8BC6-8561-D53E-0046-282B5CFAC694"
          },
          {
            "@Name": "Details",
            "#text": "Binary Data"
          }
        ]
      }
    },
    {
      "@xmlns": "http://schemas.microsoft.com/win/2004/08/events/event",
      "System": {
        "Provider": {
          "@Name": "Microsoft-Windows-Sysmon",
          "@Guid": "{5770385f-c22a-43e0-bf4c-06f5698ffbd9}"
        },
        "EventID": "13",
        "Version": "2",
        "Level": "4",
        "Task": "13",
        "Opcode": "0",
        "Keywords": "0x8000000000000000",
        "TimeCreated": {
          "@SystemTime": "2025-11-21T15:38:58.3445923Z"
        },
        "EventRecordID": "1120",
        "Correlation": null,
        "Execution": {
          "@ProcessID": "5700",
          "@ThreadID": "4876"
        },
        "Channel": "Microsoft-Windows-Sysmon/Operational",
        "Computer": "DESKTOP-LG3F6GA",
        "Security": {
          "@UserID": "S-1-5-18"
        }
      },
      "EventData": {
        "Data": [
          {
            "@Name": "RuleName",
            "#text": "-"
          },
          {
            "@Name": "EventType",
            "#text": "SetValue"
          },
          {
            "@Name": "UtcTime",
            "#text": "2025-11-21 15:38:58.340"
          },
          {
            "@Name": "ProcessGuid",
            "#text": "{a570a8c2-2e34-68ca-7600-000000006000}"
          },
          {
            "@Name": "ProcessId",
            "#text": "5372"
          },
          {
            "@Name": "Image",
            "#text": "C:\\WINDOWS\\Explorer.EXE"
          },
          {
            "@Name": "TargetObject",
            "#text": "HKU\\S-1-5-21-3171250481-3681422803-404499418-1001\\SOFTWARE\\Microsoft\\Windows\\CurrentVersion\\ActivityDataModel\\ReaderRevisionInfo\\BC1D8BC6-8561-D53E-0046-282B5CFAC694"
          },
          {
            "@Name": "Details",
            "#text": "Binary Data"
          }
        ]
      }
    },
    {
      "@xmlns": "http://schemas.microsoft.com/win/2004/08/events/event",
      "System": {
        "Provider": {
          "@Name": "Microsoft-Windows-Sysmon",
          "@Guid": "{5770385f-c22a-43e0-bf4c-06f5698ffbd9}"
        },
        "EventID": "12",
        "Version": "2",
        "Level": "4",
        "Task": "12",
        "Opcode": "0",
        "Keywords": "0x8000000000000000",
        "TimeCreated": {
          "@SystemTime": "2025-11-21T15:38:58.3353925Z"
        },
        "EventRecordID": "1119",
        "Correlation": null,
        "Execution": {
          "@ProcessID": "5700",
          "@ThreadID": "4876"
        },
        "Channel": "Microsoft-Windows-Sysmon/Operational",
        "Computer": "DESKTOP-LG3F6GA",
        "Security": {
          "@UserID": "S-1-5-18"
        }
      },
      "EventData": {
        "Data": [
          {
            "@Name": "RuleName",
            "#text": "-"
          },
          {
            "@Name": "EventType",
            "#text": "DeleteKey"
          },
          {
            "@Name": "UtcTime",
            "#text": "2025-11-21 15:38:58.325"
          },
          {
            "@Name": "ProcessGuid",
            "#text": "{a570a8c2-2e34-68ca-7600-000000006000}"
          },
          {
            "@Name": "ProcessId",
            "#text": "5372"
          },
          {
            "@Name": "Image",
            "#text": "C:\\WINDOWS\\Explorer.EXE"
          },
          {
            "@Name": "TargetObject",
            "#text": "HKU\\S-1-5-21-3171250481-3681422803-404499418-1001\\SOFTWARE\\Microsoft\\Windows\\CurrentVersion\\Explorer\\SessionInfo\\1\\ApplicationViewManagement\\W32:0000000000060206"
          }
        ]
      }
    },
    {
      "@xmlns": "http://schemas.microsoft.com/win/2004/08/events/event",
      "System": {
        "Provider": {
          "@Name": "Microsoft-Windows-Sysmon",
          "@Guid": "{5770385f-c22a-43e0-bf4c-06f5698ffbd9}"
        },
        "EventID": "13",
        "Version": "2",
        "Level": "4",
        "Task": "13",
        "Opcode": "0",
        "Keywords": "0x8000000000000000",
        "TimeCreated": {
          "@SystemTime": "2025-11-21T15:38:58.3316386Z"
        },
        "EventRecordID": "1118",
        "Correlation": null,
        "Execution": {
          "@ProcessID": "5700",
          "@ThreadID": "4876"
        },
        "Channel": "Microsoft-Windows-Sysmon/Operational",
        "Computer": "DESKTOP-LG3F6GA",
        "Security": {
          "@UserID": "S-1-5-18"
        }
      },
      "EventData": {
        "Data": [
          {
            "@Name": "RuleName",
            "#text": "-"
          },
          {
            "@Name": "EventType",
            "#text": "SetValue"
          },
          {
            "@Name": "UtcTime",
            "#text": "2025-11-21 15:38:58.325"
          },
          {
            "@Name": "ProcessGuid",
            "#text": "{a570a8c2-2e34-68ca-7600-000000006000}"
          },
          {
            "@Name": "ProcessId",
            "#text": "5372"
          },
          {
            "@Name": "Image",
            "#text": "C:\\WINDOWS\\Explorer.EXE"
          },
          {
            "@Name": "TargetObject",
            "#text": "HKU\\S-1-5-21-3171250481-3681422803-404499418-1001\\SOFTWARE\\Microsoft\\Windows\\CurrentVersion\\Explorer\\UserAssist\\{CEBFF5CD-ACE2-4F4F-9178-9926F41749EA}\\Count\\HRZR_PGYFRFFVBA"
          },
          {
            "@Name": "Details",
            "#text": "Binary Data"
          }
        ]
      }
    },
    {
      "@xmlns": "http://schemas.microsoft.com/win/2004/08/events/event",
      "System": {
        "Provider": {
          "@Name": "Microsoft-Windows-Sysmon",
          "@Guid": "{5770385f-c22a-43e0-bf4c-06f5698ffbd9}"
        },
        "EventID": "13",
        "Version": "2",
        "Level": "4",
        "Task": "13",
        "Opcode": "0",
        "Keywords": "0x8000000000000000",
        "TimeCreated": {
          "@SystemTime": "2025-11-21T15:38:58.3316174Z"
        },
        "EventRecordID": "1117",
        "Correlation": null,
        "Execution": {
          "@ProcessID": "5700",
          "@ThreadID": "4876"
        },
        "Channel": "Microsoft-Windows-Sysmon/Operational",
        "Computer": "DESKTOP-LG3F6GA",
        "Security": {
          "@UserID": "S-1-5-18"
        }
      },
      "EventData": {
        "Data": [
          {
            "@Name": "RuleName",
            "#text": "-"
          },
          {
            "@Name": "EventType",
            "#text": "SetValue"
          },
          {
            "@Name": "UtcTime",
            "#text": "2025-11-21 15:38:58.325"
          },
          {
            "@Name": "ProcessGuid",
            "#text": "{a570a8c2-2e34-68ca-7600-000000006000}"
          },
          {
            "@Name": "ProcessId",
            "#text": "5372"
          },
          {
            "@Name": "Image",
            "#text": "C:\\WINDOWS\\Explorer.EXE"
          },
          {
            "@Name": "TargetObject",
            "#text": "HKU\\S-1-5-21-3171250481-3681422803-404499418-1001\\SOFTWARE\\Microsoft\\Windows\\CurrentVersion\\Explorer\\UserAssist\\{CEBFF5CD-ACE2-4F4F-9178-9926F41749EA}\\Count\\P:\\Hfref\\ohqql\\NccQngn\\Ybpny\\Grzc\\ncvubbxf.rkr"
          },
          {
            "@Name": "Details",
            "#text": "Binary Data"
          }
        ]
      }
    },
    {
      "@xmlns": "http://schemas.microsoft.com/win/2004/08/events/event",
      "System": {
        "Provider": {
          "@Name": "Microsoft-Windows-Sysmon",
          "@Guid": "{5770385f-c22a-43e0-bf4c-06f5698ffbd9}"
        },
        "EventID": "13",
        "Version": "2",
        "Level": "4",
        "Task": "13",
        "Opcode": "0",
        "Keywords": "0x8000000000000000",
        "TimeCreated": {
          "@SystemTime": "2025-11-21T15:38:58.3315704Z"
        },
        "EventRecordID": "1116",
        "Correlation": null,
        "Execution": {
          "@ProcessID": "5700",
          "@ThreadID": "4876"
        },
        "Channel": "Microsoft-Windows-Sysmon/Operational",
        "Computer": "DESKTOP-LG3F6GA",
        "Security": {
          "@UserID": "S-1-5-18"
        }
      },
      "EventData": {
        "Data": [
          {
            "@Name": "RuleName",
            "#text": "-"
          },
          {
            "@Name": "EventType",
            "#text": "SetValue"
          },
          {
            "@Name": "UtcTime",
            "#text": "2025-11-21 15:38:58.325"
          },
          {
            "@Name": "ProcessGuid",
            "#text": "{a570a8c2-878e-6920-e902-000000006000}"
          },
          {
            "@Name": "ProcessId",
            "#text": "4228"
          },
          {
            "@Name": "Image",
            "#text": "C:\\Users\\buddy\\AppData\\Local\\Temp\\apihooks.exe"
          },
          {
            "@Name": "TargetObject",
            "#text": "HKLM\\System\\CurrentControlSet\\Services\\bam\\State\\UserSettings\\S-1-5-21-3171250481-3681422803-404499418-1001\\\\Device\\HarddiskVolume2\\Users\\buddy\\AppData\\Local\\Temp\\apihooks.exe"
          },
          {
            "@Name": "Details",
            "#text": "Binary Data"
          }
        ]
      }
    },
    {
      "@xmlns": "http://schemas.microsoft.com/win/2004/08/events/event",
      "System": {
        "Provider": {
          "@Name": "Microsoft-Windows-Sysmon",
          "@Guid": "{5770385f-c22a-43e0-bf4c-06f5698ffbd9}"
        },
        "EventID": "5",
        "Version": "3",
        "Level": "4",
        "Task": "5",
        "Opcode": "0",
        "Keywords": "0x8000000000000000",
        "TimeCreated": {
          "@SystemTime": "2025-11-21T15:38:58.3315265Z"
        },
        "EventRecordID": "1115",
        "Correlation": null,
        "Execution": {
          "@ProcessID": "5700",
          "@ThreadID": "4876"
        },
        "Channel": "Microsoft-Windows-Sysmon/Operational",
        "Computer": "DESKTOP-LG3F6GA",
        "Security": {
          "@UserID": "S-1-5-18"
        }
      },
      "EventData": {
        "Data": [
          {
            "@Name": "RuleName",
            "#text": "-"
          },
          {
            "@Name": "UtcTime",
            "#text": "2025-11-21 15:38:58.325"
          },
          {
            "@Name": "ProcessGuid",
            "#text": "{a570a8c2-878e-6920-e902-000000006000}"
          },
          {
            "@Name": "ProcessId",
            "#text": "4228"
          },
          {
            "@Name": "Image",
            "#text": "C:\\Users\\buddy\\AppData\\Local\\Temp\\apihooks.exe"
          }
        ]
      }
    },
    {
      "@xmlns": "http://schemas.microsoft.com/win/2004/08/events/event",
      "System": {
        "Provider": {
          "@Name": "Microsoft-Windows-Sysmon",
          "@Guid": "{5770385f-c22a-43e0-bf4c-06f5698ffbd9}"
        },
        "EventID": "18",
        "Version": "1",
        "Level": "4",
        "Task": "18",
        "Opcode": "0",
        "Keywords": "0x8000000000000000",
        "TimeCreated": {
          "@SystemTime": "2025-11-21T15:38:58.3123689Z"
        },
        "EventRecordID": "1114",
        "Correlation": null,
        "Execution": {
          "@ProcessID": "5700",
          "@ThreadID": "4876"
        },
        "Channel": "Microsoft-Windows-Sysmon/Operational",
        "Computer": "DESKTOP-LG3F6GA",
        "Security": {
          "@UserID": "S-1-5-18"
        }
      },
      "EventData": {
        "Data": [
          {
            "@Name": "RuleName",
            "#text": "-"
          },
          {
            "@Name": "EventType",
            "#text": "ConnectPipe"
          },
          {
            "@Name": "UtcTime",
            "#text": "2025-11-21 15:38:58.309"
          },
          {
            "@Name": "ProcessGuid",
            "#text": "{a570a8c2-878e-6920-e902-000000006000}"
          },
          {
            "@Name": "ProcessId",
            "#text": "4228"
          },
          {
            "@Name": "PipeName",
            "#text": "\\clfYLfYPiF"
          },
          {
            "@Name": "Image",
            "#text": "C:\\Users\\buddy\\AppData\\Local\\Temp\\apihooks.exe"
          }
        ]
      }
    },
