    {
      "@xmlns": "http://schemas.microsoft.com/win/2004/08/events/event",
      "System": {
        "Provider": {
          "@Name": "Microsoft-Windows-Sysmon",
          "@Guid": "{5770385f-c22a-43e0-bf4c-06f5698ffbd9}"
        },
        "EventID": "7",
        "Version": "3",
        "Level": "4",
        "Task": "7",
        "Opcode": "0",
        "Keywords": "0x8000000000000000",
        "TimeCreated": {
          "@SystemTime": "2025-11-21T15:38:59.5995756Z"
        },
        "EventRecordID": "1157",
        "Correlation": null,
        "Execution": {
          "@ProcessID": "5700",
          "@ThreadID": "5668"
        },
        "Channel": "Microsoft-Windows-Sysmon/Operational",
        "Computer": "DESKTOP-LG3F6GA",
        "Security": {
          "@UserID": "S-1-5-18"
        }
      },
      "EventData": {
        "Data": [
          {
            "@Name": "RuleName",
            "#text": "-"
          },
          {
            "@Name": "UtcTime",
            "#text": "2025-11-21 15:38:55.325"
          },
          {
            "@Name": "ProcessGuid",
            "#text": "{a570a8c2-8779-6920-3f02-000000006000}"
          },
          {
            "@Name": "ProcessId",
            "#text": "6512"
          },
          {
            "@Name": "Image",
            "#text": "C:\\Windows\\System32\\svchost.exe"
          },
          {
            "@Name": "ImageLoaded",
            "#text": "C:\\Windows\\System32\\netutils.dll"
          },
          {
            "@Name": "FileVersion",
            "#text": "10.0.19041.546 (WinBuild.160101.0800)"
          },
          {
            "@Name": "Description",
            "#text": "Net Win32 API Helpers DLL"
          },
          {
            "@Name": "Product",
            "#text": "Microsoft® Windows® Operating System"
          },
          {
            "@Name": "Company",
            "#text": "Microsoft Corporation"
          },
          {
            "@Name": "OriginalFileName",
            "#text": "NETUTILS.DLL"
          },
          {
            "@Name": "Hashes",
            "#text": "SHA256=4B02305203AB1AC0E795B6467C1E17A00C17447941AEFBF91378186E2FC580D8"
          },
          {
            "@Name": "Signed",
            "#text": "true"
          },
          {
            "@Name": "Signature",
            "#text": "Microsoft Windows"
          },
          {
            "@Name": "SignatureStatus",
            "#text": "Valid"
          }
        ]
      }
    },
    {
      "@xmlns": "http://schemas.microsoft.com/win/2004/08/events/event",
      "System": {
        "Provider": {
          "@Name": "Microsoft-Windows-Sysmon",
          "@Guid": "{5770385f-c22a-43e0-bf4c-06f5698ffbd9}"
        },
        "EventID": "7",
        "Version": "3",
        "Level": "4",
        "Task": "7",
        "Opcode": "0",
        "Keywords": "0x8000000000000000",
        "TimeCreated": {
          "@SystemTime": "2025-11-21T15:38:59.5995118Z"
        },
        "EventRecordID": "1156",
        "Correlation": null,
        "Execution": {
          "@ProcessID": "5700",
          "@ThreadID": "5668"
        },
        "Channel": "Microsoft-Windows-Sysmon/Operational",
        "Computer": "DESKTOP-LG3F6GA",
        "Security": {
          "@UserID": "S-1-5-18"
        }
      },
      "EventData": {
        "Data": [
          {
            "@Name": "RuleName",
            "#text": "-"
          },
          {
            "@Name": "UtcTime",
            "#text": "2025-11-21 15:38:55.371"
          },
          {
            "@Name": "ProcessGuid",
            "#text": "{a570a8c2-8779-6920-3f02-000000006000}"
          },
          {
            "@Name": "ProcessId",
            "#text": "6512"
          },
          {
            "@Name": "Image",
            "#text": "C:\\Windows\\System32\\svchost.exe"
          },
          {
            "@Name": "ImageLoaded",
            "#text": "C:\\Windows\\System32\\netutils.dll"
          },
          {
            "@Name": "FileVersion",
            "#text": "10.0.19041.546 (WinBuild.160101.0800)"
          },
          {
            "@Name": "Description",
            "#text": "Net Win32 API Helpers DLL"
          },
          {
            "@Name": "Product",
            "#text": "Microsoft® Windows® Operating System"
          },
          {
            "@Name": "Company",
            "#text": "Microsoft Corporation"
          },
          {
            "@Name": "OriginalFileName",
            "#text": "NETUTILS.DLL"
          },
          {
            "@Name": "Hashes",
            "#text": "SHA256=4B02305203AB1AC0E795B6467C1E17A00C17447941AEFBF91378186E2FC580D8"
          },
          {
            "@Name": "Signed",
            "#text": "true"
          },
          {
            "@Name": "Signature",
            "#text": "Microsoft Windows"
          },
          {
            "@Name": "SignatureStatus",
            "#text": "Valid"
          }
        ]
      }
    },
    {
      "@xmlns": "http://schemas.microsoft.com/win/2004/08/events/event",
      "System": {
        "Provider": {
          "@Name": "Microsoft-Windows-Sysmon",
          "@Guid": "{5770385f-c22a-43e0-bf4c-06f5698ffbd9}"
        },
        "EventID": "7",
        "Version": "3",
        "Level": "4",
        "Task": "7",
        "Opcode": "0",
        "Keywords": "0x8000000000000000",
        "TimeCreated": {
          "@SystemTime": "2025-11-21T15:38:59.5960092Z"
        },
        "EventRecordID": "1155",
        "Correlation": null,
        "Execution": {
          "@ProcessID": "5700",
          "@ThreadID": "5668"
        },
        "Channel": "Microsoft-Windows-Sysmon/Operational",
        "Computer": "DESKTOP-LG3F6GA",
        "Security": {
          "@UserID": "S-1-5-18"
        }
      },
      "EventData": {
        "Data": [
          {
            "@Name": "RuleName",
            "#text": "-"
          },
          {
            "@Name": "UtcTime",
            "#text": "2025-11-21 15:38:43.184"
          },
          {
            "@Name": "ProcessGuid",
            "#text": "{a570a8c2-8777-6920-1a02-000000006000}"
          },
          {
            "@Name": "ProcessId",
            "#text": "1156"
          },
          {
            "@Name": "Image",
            "#text": "C:\\Windows\\System32\\svchost.exe"
          },
          {
            "@Name": "ImageLoaded",
            "#text": "C:\\Windows\\System32\\dcntel.dll"
          },
          {
            "@Name": "FileVersion",
            "#text": "10.0.19645.1016 (WinBuild.160101.0800)"
          },
          {
            "@Name": "Description",
            "#text": "dcntel"
          },
          {
            "@Name": "Product",
            "#text": "Microsoft® Windows® Operating System"
          },
          {
            "@Name": "Company",
            "#text": "Microsoft Corporation"
          },
          {
            "@Name": "OriginalFileName",
            "#text": "dcntel.dll"
          },
          {
            "@Name": "Hashes",
            "#text": "SHA256=0DBB8F0F97E289CC969C3E9B5E077390CC1DAF89D6672EED73BF44AE6213D072"
          },
          {
            "@Name": "Signed",
            "#text": "true"
          },
          {
            "@Name": "Signature",
            "#text": "Microsoft Windows"
          },
          {
            "@Name": "SignatureStatus",
            "#text": "Valid"
          }
        ]
      }
    },
    {
      "@xmlns": "http://schemas.microsoft.com/win/2004/08/events/event",
      "System": {
        "Provider": {
          "@Name": "Microsoft-Windows-Sysmon",
          "@Guid": "{5770385f-c22a-43e0-bf4c-06f5698ffbd9}"
        },
        "EventID": "7",
        "Version": "3",
        "Level": "4",
        "Task": "7",
        "Opcode": "0",
        "Keywords": "0x8000000000000000",
        "TimeCreated": {
          "@SystemTime": "2025-11-21T15:38:59.5955193Z"
        },
        "EventRecordID": "1154",
        "Correlation": null,
        "Execution": {
          "@ProcessID": "5700",
          "@ThreadID": "5668"
        },
        "Channel": "Microsoft-Windows-Sysmon/Operational",
        "Computer": "DESKTOP-LG3F6GA",
        "Security": {
          "@UserID": "S-1-5-18"
        }
      },
      "EventData": {
        "Data": [
          {
            "@Name": "RuleName",
            "#text": "-"
          },
          {
            "@Name": "UtcTime",
            "#text": "2025-11-21 15:38:43.278"
          },
          {
            "@Name": "ProcessGuid",
            "#text": "{a570a8c2-8779-6920-3f02-000000006000}"
          },
          {
            "@Name": "ProcessId",
            "#text": "6512"
          },
          {
            "@Name": "Image",
            "#text": "C:\\Windows\\System32\\svchost.exe"
          },
          {
            "@Name": "ImageLoaded",
            "#text": "C:\\Windows\\System32\\dcntel.dll"
          },
          {
            "@Name": "FileVersion",
            "#text": "10.0.19645.1016 (WinBuild.160101.0800)"
          },
          {
            "@Name": "Description",
            "#text": "dcntel"
          },
          {
            "@Name": "Product",
            "#text": "Microsoft® Windows® Operating System"
          },
          {
            "@Name": "Company",
            "#text": "Microsoft Corporation"
          },
          {
            "@Name": "OriginalFileName",
            "#text": "dcntel.dll"
          },
          {
            "@Name": "Hashes",
            "#text": "SHA256=0DBB8F0F97E289CC969C3E9B5E077390CC1DAF89D6672EED73BF44AE6213D072"
          },
          {
            "@Name": "Signed",
            "#text": "true"
          },
          {
            "@Name": "Signature",
            "#text": "Microsoft Windows"
          },
          {
            "@Name": "SignatureStatus",
            "#text": "Valid"
          }
        ]
      }
    },
    {
      "@xmlns": "http://schemas.microsoft.com/win/2004/08/events/event",
      "System": {
        "Provider": {
          "@Name": "Microsoft-Windows-Sysmon",
          "@Guid": "{5770385f-c22a-43e0-bf4c-06f5698ffbd9}"
        },
        "EventID": "7",
        "Version": "3",
        "Level": "4",
        "Task": "7",
        "Opcode": "0",
        "Keywords": "0x8000000000000000",
        "TimeCreated": {
          "@SystemTime": "2025-11-21T15:38:59.5948223Z"
        },
        "EventRecordID": "1153",
        "Correlation": null,
        "Execution": {
          "@ProcessID": "5700",
          "@ThreadID": "5668"
        },
        "Channel": "Microsoft-Windows-Sysmon/Operational",
        "Computer": "DESKTOP-LG3F6GA",
        "Security": {
          "@UserID": "S-1-5-18"
        }
      },
      "EventData": {
        "Data": [
          {
            "@Name": "RuleName",
            "#text": "-"
          },
          {
            "@Name": "UtcTime",
            "#text": "2025-11-21 15:38:45.606"
          },
          {
            "@Name": "ProcessGuid",
            "#text": "{a570a8c2-2ea8-68ca-9c00-000000006000}"
          },
          {
            "@Name": "ProcessId",
            "#text": "4660"
          },
          {
            "@Name": "Image",
            "#text": "C:\\Windows\\System32\\svchost.exe"
          },
          {
            "@Name": "ImageLoaded",
            "#text": "C:\\Windows\\System32\\dcntel.dll"
          },
          {
            "@Name": "FileVersion",
            "#text": "10.0.19645.1016 (WinBuild.160101.0800)"
          },
          {
            "@Name": "Description",
            "#text": "dcntel"
          },
          {
            "@Name": "Product",
            "#text": "Microsoft® Windows® Operating System"
          },
          {
            "@Name": "Company",
            "#text": "Microsoft Corporation"
          },
          {
            "@Name": "OriginalFileName",
            "#text": "dcntel.dll"
          },
          {
            "@Name": "Hashes",
            "#text": "SHA256=0DBB8F0F97E289CC969C3E9B5E077390CC1DAF89D6672EED73BF44AE6213D072"
          },
          {
            "@Name": "Signed",
            "#text": "true"
          },
          {
            "@Name": "Signature",
            "#text": "Microsoft Windows"
          },
          {
            "@Name": "SignatureStatus",
            "#text": "Valid"
          }
        ]
      }
    },
    {
      "@xmlns": "http://schemas.microsoft.com/win/2004/08/events/event",
      "System": {
        "Provider": {
          "@Name": "Microsoft-Windows-Sysmon",
          "@Guid": "{5770385f-c22a-43e0-bf4c-06f5698ffbd9}"
        },
        "EventID": "7",
        "Version": "3",
        "Level": "4",
        "Task": "7",
        "Opcode": "0",
        "Keywords": "0x8000000000000000",
        "TimeCreated": {
          "@SystemTime": "2025-11-21T15:38:59.5945853Z"
        },
        "EventRecordID": "1152",
        "Correlation": null,
        "Execution": {
          "@ProcessID": "5700",
          "@ThreadID": "5668"
        },
        "Channel": "Microsoft-Windows-Sysmon/Operational",
        "Computer": "DESKTOP-LG3F6GA",
        "Security": {
          "@UserID": "S-1-5-18"
        }
      },
      "EventData": {
        "Data": [
          {
            "@Name": "RuleName",
            "#text": "-"
          },
          {
            "@Name": "UtcTime",
            "#text": "2025-11-21 15:38:55.168"
          },
          {
            "@Name": "ProcessGuid",
            "#text": "{a570a8c2-8777-6920-1a02-000000006000}"
          },
          {
            "@Name": "ProcessId",
            "#text": "1156"
          },
          {
            "@Name": "Image",
            "#text": "C:\\Windows\\System32\\svchost.exe"
          },
          {
            "@Name": "ImageLoaded",
            "#text": "C:\\Windows\\System32\\dcntel.dll"
          },
          {
            "@Name": "FileVersion",
            "#text": "10.0.19645.1016 (WinBuild.160101.0800)"
          },
          {
            "@Name": "Description",
            "#text": "dcntel"
          },
          {
            "@Name": "Product",
            "#text": "Microsoft® Windows® Operating System"
          },
          {
            "@Name": "Company",
            "#text": "Microsoft Corporation"
          },
          {
            "@Name": "OriginalFileName",
            "#text": "dcntel.dll"
          },
          {
            "@Name": "Hashes",
            "#text": "SHA256=0DBB8F0F97E289CC969C3E9B5E077390CC1DAF89D6672EED73BF44AE6213D072"
          },
          {
            "@Name": "Signed",
            "#text": "true"
          },
          {
            "@Name": "Signature",
            "#text": "Microsoft Windows"
          },
          {
            "@Name": "SignatureStatus",
            "#text": "Valid"
          }
        ]
      }
    },
    {
      "@xmlns": "http://schemas.microsoft.com/win/2004/08/events/event",
      "System": {
        "Provider": {
          "@Name": "Microsoft-Windows-Sysmon",
          "@Guid": "{5770385f-c22a-43e0-bf4c-06f5698ffbd9}"
        },
        "EventID": "7",
        "Version": "3",
        "Level": "4",
        "Task": "7",
        "Opcode": "0",
        "Keywords": "0x8000000000000000",
        "TimeCreated": {
          "@SystemTime": "2025-11-21T15:38:59.5941533Z"
        },
        "EventRecordID": "1151",
        "Correlation": null,
        "Execution": {
          "@ProcessID": "5700",
          "@ThreadID": "5668"
        },
        "Channel": "Microsoft-Windows-Sysmon/Operational",
        "Computer": "DESKTOP-LG3F6GA",
        "Security": {
          "@UserID": "S-1-5-18"
        }
      },
      "EventData": {
        "Data": [
          {
            "@Name": "RuleName",
            "#text": "-"
          },
          {
            "@Name": "UtcTime",
            "#text": "2025-11-21 15:38:55.325"
          },
          {
            "@Name": "ProcessGuid",
            "#text": "{a570a8c2-8779-6920-3f02-000000006000}"
          },
          {
            "@Name": "ProcessId",
            "#text": "6512"
          },
          {
            "@Name": "Image",
            "#text": "C:\\Windows\\System32\\svchost.exe"
          },
          {
            "@Name": "ImageLoaded",
            "#text": "C:\\Windows\\System32\\dcntel.dll"
          },
          {
            "@Name": "FileVersion",
            "#text": "10.0.19645.1016 (WinBuild.160101.0800)"
          },
          {
            "@Name": "Description",
            "#text": "dcntel"
          },
          {
            "@Name": "Product",
            "#text": "Microsoft® Windows® Operating System"
          },
          {
            "@Name": "Company",
            "#text": "Microsoft Corporation"
          },
          {
            "@Name": "OriginalFileName",
            "#text": "dcntel.dll"
          },
          {
            "@Name": "Hashes",
            "#text": "SHA256=0DBB8F0F97E289CC969C3E9B5E077390CC1DAF89D6672EED73BF44AE6213D072"
          },
          {
            "@Name": "Signed",
            "#text": "true"
          },
          {
            "@Name": "Signature",
            "#text": "Microsoft Windows"
          },
          {
            "@Name": "SignatureStatus",
            "#text": "Valid"
          }
        ]
      }
    },
    {
      "@xmlns": "http://schemas.microsoft.com/win/2004/08/events/event",
      "System": {
        "Provider": {
          "@Name": "Microsoft-Windows-Sysmon",
          "@Guid": "{5770385f-c22a-43e0-bf4c-06f5698ffbd9}"
        },
        "EventID": "7",
        "Version": "3",
        "Level": "4",
        "Task": "7",
        "Opcode": "0",
        "Keywords": "0x8000000000000000",
        "TimeCreated": {
          "@SystemTime": "2025-11-21T15:38:59.5938669Z"
        },
        "EventRecordID": "1150",
        "Correlation": null,
        "Execution": {
          "@ProcessID": "5700",
          "@ThreadID": "5668"
        },
        "Channel": "Microsoft-Windows-Sysmon/Operational",
        "Computer": "DESKTOP-LG3F6GA",
        "Security": {
          "@UserID": "S-1-5-18"
        }
      },
      "EventData": {
        "Data": [
          {
            "@Name": "RuleName",
            "#text": "-"
          },
          {
            "@Name": "UtcTime",
            "#text": "2025-11-21 15:38:55.371"
          },
          {
            "@Name": "ProcessGuid",
            "#text": "{a570a8c2-8779-6920-3f02-000000006000}"
          },
          {
            "@Name": "ProcessId",
            "#text": "6512"
          },
          {
            "@Name": "Image",
            "#text": "C:\\Windows\\System32\\svchost.exe"
          },
          {
            "@Name": "ImageLoaded",
            "#text": "C:\\Windows\\System32\\dcntel.dll"
          },
          {
            "@Name": "FileVersion",
            "#text": "10.0.19645.1016 (WinBuild.160101.0800)"
          },
          {
            "@Name": "Description",
            "#text": "dcntel"
          },
          {
            "@Name": "Product",
            "#text": "Microsoft® Windows® Operating System"
          },
          {
            "@Name": "Company",
            "#text": "Microsoft Corporation"
          },
          {
            "@Name": "OriginalFileName",
            "#text": "dcntel.dll"
          },
          {
            "@Name": "Hashes",
            "#text": "SHA256=0DBB8F0F97E289CC969C3E9B5E077390CC1DAF89D6672EED73BF44AE6213D072"
          },
          {
            "@Name": "Signed",
            "#text": "true"
          },
          {
            "@Name": "Signature",
            "#text": "Microsoft Windows"
          },
          {
            "@Name": "SignatureStatus",
            "#text": "Valid"
          }
        ]
      }
    },
    {
      "@xmlns": "http://schemas.microsoft.com/win/2004/08/events/event",
      "System": {
        "Provider": {
          "@Name": "Microsoft-Windows-Sysmon",
          "@Guid": "{5770385f-c22a-43e0-bf4c-06f5698ffbd9}"
        },
        "EventID": "7",
        "Version": "3",
        "Level": "4",
        "Task": "7",
        "Opcode": "0",
        "Keywords": "0x8000000000000000",
        "TimeCreated": {
          "@SystemTime": "2025-11-21T15:38:59.5876524Z"
        },
        "EventRecordID": "1149",
        "Correlation": null,
        "Execution": {
          "@ProcessID": "5700",
          "@ThreadID": "5668"
        },
        "Channel": "Microsoft-Windows-Sysmon/Operational",
        "Computer": "DESKTOP-LG3F6GA",
        "Security": {
          "@UserID": "S-1-5-18"
        }
      },
      "EventData": {
        "Data": [
          {
            "@Name": "RuleName",
            "#text": "-"
          },
          {
            "@Name": "UtcTime",
            "#text": "2025-11-21 15:38:43.184"
          },
          {
            "@Name": "ProcessGuid",
            "#text": "{a570a8c2-8777-6920-1a02-000000006000}"
          },
          {
            "@Name": "ProcessId",
            "#text": "1156"
          },
          {
            "@Name": "Image",
            "#text": "C:\\Windows\\System32\\svchost.exe"
          },
          {
            "@Name": "ImageLoaded",
            "#text": "C:\\Windows\\System32\\logoncli.dll"
          },
          {
            "@Name": "FileVersion",
            "#text": "10.0.19041.610 (WinBuild.160101.0800)"
          },
          {
            "@Name": "Description",
            "#text": "Net Logon Client DLL"
          },
          {
            "@Name": "Product",
            "#text": "Microsoft® Windows® Operating System"
          },
          {
            "@Name": "Company",
            "#text": "Microsoft Corporation"
          },
          {
            "@Name": "OriginalFileName",
            "#text": "LOGONCLI.DLL"
          },
          {
            "@Name": "Hashes",
            "#text": "SHA256=B84469293584B8FF2C0340F48535227D4C383D558BCC30D6E16A292D26F51CB5"
          },
          {
            "@Name": "Signed",
            "#text": "true"
          },
          {
            "@Name": "Signature",
            "#text": "Microsoft Windows"
          },
          {
            "@Name": "SignatureStatus",
            "#text": "Valid"
          }
        ]
      }
    },
    {
      "@xmlns": "http://schemas.microsoft.com/win/2004/08/events/event",
      "System": {
        "Provider": {
          "@Name": "Microsoft-Windows-Sysmon",
          "@Guid": "{5770385f-c22a-43e0-bf4c-06f5698ffbd9}"
        },
        "EventID": "7",
        "Version": "3",
        "Level": "4",
        "Task": "7",
        "Opcode": "0",
        "Keywords": "0x8000000000000000",
        "TimeCreated": {
          "@SystemTime": "2025-11-21T15:38:59.5873629Z"
        },
        "EventRecordID": "1148",
        "Correlation": null,
        "Execution": {
          "@ProcessID": "5700",
          "@ThreadID": "5668"
        },
        "Channel": "Microsoft-Windows-Sysmon/Operational",
        "Computer": "DESKTOP-LG3F6GA",
        "Security": {
          "@UserID": "S-1-5-18"
        }
      },
      "EventData": {
        "Data": [
          {
            "@Name": "RuleName",
            "#text": "-"
          },
          {
            "@Name": "UtcTime",
            "#text": "2025-11-21 15:38:43.278"
          },
          {
            "@Name": "ProcessGuid",
            "#text": "{a570a8c2-8779-6920-3f02-000000006000}"
          },
          {
            "@Name": "ProcessId",
            "#text": "6512"
          },
          {
            "@Name": "Image",
            "#text": "C:\\Windows\\System32\\svchost.exe"
          },
          {
            "@Name": "ImageLoaded",
            "#text": "C:\\Windows\\System32\\logoncli.dll"
          },
          {
            "@Name": "FileVersion",
            "#text": "10.0.19041.610 (WinBuild.160101.0800)"
          },
          {
            "@Name": "Description",
            "#text": "Net Logon Client DLL"
          },
          {
            "@Name": "Product",
            "#text": "Microsoft® Windows® Operating System"
          },
          {
            "@Name": "Company",
            "#text": "Microsoft Corporation"
          },
          {
            "@Name": "OriginalFileName",
            "#text": "LOGONCLI.DLL"
          },
          {
            "@Name": "Hashes",
            "#text": "SHA256=B84469293584B8FF2C0340F48535227D4C383D558BCC30D6E16A292D26F51CB5"
          },
          {
            "@Name": "Signed",
            "#text": "true"
          },
          {
            "@Name": "Signature",
            "#text": "Microsoft Windows"
          },
          {
            "@Name": "SignatureStatus",
            "#text": "Valid"
          }
        ]
      }
    },
    {
      "@xmlns": "http://schemas.microsoft.com/win/2004/08/events/event",
      "System": {
        "Provider": {
          "@Name": "Microsoft-Windows-Sysmon",
          "@Guid": "{5770385f-c22a-43e0-bf4c-06f5698ffbd9}"
        },
        "EventID": "7",
        "Version": "3",
        "Level": "4",
        "Task": "7",
        "Opcode": "0",
        "Keywords": "0x8000000000000000",
        "TimeCreated": {
          "@SystemTime": "2025-11-21T15:38:59.5868760Z"
        },
        "EventRecordID": "1147",
        "Correlation": null,
        "Execution": {
          "@ProcessID": "5700",
          "@ThreadID": "5668"
        },
        "Channel": "Microsoft-Windows-Sysmon/Operational",
        "Computer": "DESKTOP-LG3F6GA",
        "Security": {
          "@UserID": "S-1-5-18"
        }
      },
      "EventData": {
        "Data": [
          {
            "@Name": "RuleName",
            "#text": "-"
          },
          {
            "@Name": "UtcTime",
            "#text": "2025-11-21 15:38:45.606"
          },
          {
            "@Name": "ProcessGuid",
            "#text": "{a570a8c2-2ea8-68ca-9c00-000000006000}"
          },
          {
            "@Name": "ProcessId",
            "#text": "4660"
          },
          {
            "@Name": "Image",
            "#text": "C:\\Windows\\System32\\svchost.exe"
          },
          {
            "@Name": "ImageLoaded",
            "#text": "C:\\Windows\\System32\\logoncli.dll"
          },
          {
            "@Name": "FileVersion",
            "#text": "10.0.19041.610 (WinBuild.160101.0800)"
          },
          {
            "@Name": "Description",
            "#text": "Net Logon Client DLL"
          },
          {
            "@Name": "Product",
            "#text": "Microsoft® Windows® Operating System"
          },
          {
            "@Name": "Company",
            "#text": "Microsoft Corporation"
          },
          {
            "@Name": "OriginalFileName",
            "#text": "LOGONCLI.DLL"
          },
          {
            "@Name": "Hashes",
            "#text": "SHA256=B84469293584B8FF2C0340F48535227D4C383D558BCC30D6E16A292D26F51CB5"
          },
          {
            "@Name": "Signed",
            "#text": "true"
          },
          {
            "@Name": "Signature",
            "#text": "Microsoft Windows"
          },
          {
            "@Name": "SignatureStatus",
            "#text": "Valid"
          }
        ]
      }
    },
    {
      "@xmlns": "http://schemas.microsoft.com/win/2004/08/events/event",
      "System": {
        "Provider": {
          "@Name": "Microsoft-Windows-Sysmon",
          "@Guid": "{5770385f-c22a-43e0-bf4c-06f5698ffbd9}"
        },
        "EventID": "7",
        "Version": "3",
        "Level": "4",
        "Task": "7",
        "Opcode": "0",
        "Keywords": "0x8000000000000000",
        "TimeCreated": {
          "@SystemTime": "2025-11-21T15:38:59.5867040Z"
        },
        "EventRecordID": "1146",
        "Correlation": null,
        "Execution": {
          "@ProcessID": "5700",
          "@ThreadID": "5668"
        },
        "Channel": "Microsoft-Windows-Sysmon/Operational",
        "Computer": "DESKTOP-LG3F6GA",
        "Security": {
          "@UserID": "S-1-5-18"
        }
      },
      "EventData": {
        "Data": [
          {
            "@Name": "RuleName",
            "#text": "-"
          },
          {
            "@Name": "UtcTime",
            "#text": "2025-11-21 15:38:55.168"
          },
          {
            "@Name": "ProcessGuid",
            "#text": "{a570a8c2-8777-6920-1a02-000000006000}"
          },
          {
            "@Name": "ProcessId",
            "#text": "1156"
          },
          {
            "@Name": "Image",
            "#text": "C:\\Windows\\System32\\svchost.exe"
          },
          {
            "@Name": "ImageLoaded",
            "#text": "C:\\Windows\\System32\\logoncli.dll"
          },
          {
            "@Name": "FileVersion",
            "#text": "10.0.19041.610 (WinBuild.160101.0800)"
          },
          {
            "@Name": "Description",
            "#text": "Net Logon Client DLL"
          },
          {
            "@Name": "Product",
            "#text": "Microsoft® Windows® Operating System"
          },
          {
            "@Name": "Company",
            "#text": "Microsoft Corporation"
          },
          {
            "@Name": "OriginalFileName",
            "#text": "LOGONCLI.DLL"
          },
          {
            "@Name": "Hashes",
            "#text": "SHA256=B84469293584B8FF2C0340F48535227D4C383D558BCC30D6E16A292D26F51CB5"
          },
          {
            "@Name": "Signed",
            "#text": "true"
          },
          {
            "@Name": "Signature",
            "#text": "Microsoft Windows"
          },
          {
            "@Name": "SignatureStatus",
            "#text": "Valid"
          }
        ]
      }
    },
    {
      "@xmlns": "http://schemas.microsoft.com/win/2004/08/events/event",
      "System": {
        "Provider": {
          "@Name": "Microsoft-Windows-Sysmon",
          "@Guid": "{5770385f-c22a-43e0-bf4c-06f5698ffbd9}"
        },
        "EventID": "7",
        "Version": "3",
        "Level": "4",
        "Task": "7",
        "Opcode": "0",
        "Keywords": "0x8000000000000000",
        "TimeCreated": {
          "@SystemTime": "2025-11-21T15:38:59.5863970Z"
        },
        "EventRecordID": "1145",
        "Correlation": null,
        "Execution": {
          "@ProcessID": "5700",
          "@ThreadID": "5668"
        },
        "Channel": "Microsoft-Windows-Sysmon/Operational",
        "Computer": "DESKTOP-LG3F6GA",
        "Security": {
          "@UserID": "S-1-5-18"
        }
      },
      "EventData": {
        "Data": [
          {
            "@Name": "RuleName",
            "#text": "-"
          },
          {
            "@Name": "UtcTime",
            "#text": "2025-11-21 15:38:55.325"
          },
          {
            "@Name": "ProcessGuid",
            "#text": "{a570a8c2-8779-6920-3f02-000000006000}"
          },
          {
            "@Name": "ProcessId",
            "#text": "6512"
          },
          {
            "@Name": "Image",
            "#text": "C:\\Windows\\System32\\svchost.exe"
          },
          {
            "@Name": "ImageLoaded",
            "#text": "C:\\Windows\\System32\\logoncli.dll"
          },
          {
            "@Name": "FileVersion",
            "#text": "10.0.19041.610 (WinBuild.160101.0800)"
          },
          {
            "@Name": "Description",
            "#text": "Net Logon Client DLL"
          },
          {
            "@Name": "Product",
            "#text": "Microsoft® Windows® Operating System"
          },
          {
            "@Name": "Company",
            "#text": "Microsoft Corporation"
          },
          {
            "@Name": "OriginalFileName",
            "#text": "LOGONCLI.DLL"
          },
          {
            "@Name": "Hashes",
            "#text": "SHA256=B84469293584B8FF2C0340F48535227D4C383D558BCC30D6E16A292D26F51CB5"
          },
          {
            "@Name": "Signed",
            "#text": "true"
          },
          {
            "@Name": "Signature",
            "#text": "Microsoft Windows"
          },
          {
            "@Name": "SignatureStatus",
            "#text": "Valid"
          }
        ]
      }
    },
    {
      "@xmlns": "http://schemas.microsoft.com/win/2004/08/events/event",
      "System": {
        "Provider": {
          "@Name": "Microsoft-Windows-Sysmon",
          "@Guid": "{5770385f-c22a-43e0-bf4c-06f5698ffbd9}"
        },
        "EventID": "7",
        "Version": "3",
        "Level": "4",
        "Task": "7",
        "Opcode": "0",
        "Keywords": "0x8000000000000000",
        "TimeCreated": {
          "@SystemTime": "2025-11-21T15:38:59.5862410Z"
        },
        "EventRecordID": "1144",
        "Correlation": null,
        "Execution": {
          "@ProcessID": "5700",
          "@ThreadID": "5668"
        },
        "Channel": "Microsoft-Windows-Sysmon/Operational",
        "Computer": "DESKTOP-LG3F6GA",
        "Security": {
          "@UserID": "S-1-5-18"
        }
      },
      "EventData": {
        "Data": [
          {
            "@Name": "RuleName",
            "#text": "-"
          },
          {
            "@Name": "UtcTime",
            "#text": "2025-11-21 15:38:55.371"
          },
          {
            "@Name": "ProcessGuid",
            "#text": "{a570a8c2-8779-6920-3f02-000000006000}"
          },
          {
            "@Name": "ProcessId",
            "#text": "6512"
          },
          {
            "@Name": "Image",
            "#text": "C:\\Windows\\System32\\svchost.exe"
          },
          {
            "@Name": "ImageLoaded",
            "#text": "C:\\Windows\\System32\\logoncli.dll"
          },
          {
            "@Name": "FileVersion",
            "#text": "10.0.19041.610 (WinBuild.160101.0800)"
          },
          {
            "@Name": "Description",
            "#text": "Net Logon Client DLL"
          },
          {
            "@Name": "Product",
            "#text": "Microsoft® Windows® Operating System"
          },
          {
            "@Name": "Company",
            "#text": "Microsoft Corporation"
          },
          {
            "@Name": "OriginalFileName",
            "#text": "LOGONCLI.DLL"
          },
          {
            "@Name": "Hashes",
            "#text": "SHA256=B84469293584B8FF2C0340F48535227D4C383D558BCC30D6E16A292D26F51CB5"
          },
          {
            "@Name": "Signed",
            "#text": "true"
          },
          {
            "@Name": "Signature",
            "#text": "Microsoft Windows"
          },
          {
            "@Name": "SignatureStatus",
            "#text": "Valid"
          }
        ]
      }
    },
    {
      "@xmlns": "http://schemas.microsoft.com/win/2004/08/events/event",
      "System": {
        "Provider": {
          "@Name": "Microsoft-Windows-Sysmon",
          "@Guid": "{5770385f-c22a-43e0-bf4c-06f5698ffbd9}"
        },
        "EventID": "7",
        "Version": "3",
        "Level": "4",
        "Task": "7",
        "Opcode": "0",
        "Keywords": "0x8000000000000000",
        "TimeCreated": {
          "@SystemTime": "2025-11-21T15:38:59.5816642Z"
        },
        "EventRecordID": "1143",
        "Correlation": null,
        "Execution": {
          "@ProcessID": "5700",
          "@ThreadID": "5668"
        },
        "Channel": "Microsoft-Windows-Sysmon/Operational",
        "Computer": "DESKTOP-LG3F6GA",
        "Security": {
          "@UserID": "S-1-5-18"
        }
      },
      "EventData": {
        "Data": [
          {
            "@Name": "RuleName",
            "#text": "-"
          },
          {
            "@Name": "UtcTime",
            "#text": "2025-11-21 15:38:43.184"
          },
          {
            "@Name": "ProcessGuid",
            "#text": "{a570a8c2-8777-6920-1a02-000000006000}"
          },
          {
            "@Name": "ProcessId",
            "#text": "1156"
          },
          {
            "@Name": "Image",
            "#text": "C:\\Windows\\System32\\svchost.exe"
          },
          {
            "@Name": "ImageLoaded",
            "#text": "C:\\Windows\\System32\\userenv.dll"
          },
          {
            "@Name": "FileVersion",
            "#text": "10.0.19041.572 (WinBuild.160101.0800)"
          },
          {
            "@Name": "Description",
            "#text": "Userenv"
          },
          {
            "@Name": "Product",
            "#text": "Microsoft® Windows® Operating System"
          },
          {
            "@Name": "Company",
            "#text": "Microsoft Corporation"
          },
          {
            "@Name": "OriginalFileName",
            "#text": "userenv.dll"
          },
          {
            "@Name": "Hashes",
            "#text": "SHA256=DE6F6CD7D703DCA17C147B358FB0DED9B763C5642C56DCA0280204A8D3E2CDC3"
          },
          {
            "@Name": "Signed",
            "#text": "true"
          },
          {
            "@Name": "Signature",
            "#text": "Microsoft Windows"
          },
          {
            "@Name": "SignatureStatus",
            "#text": "Valid"
          }
        ]
      }
    },
    {
      "@xmlns": "http://schemas.microsoft.com/win/2004/08/events/event",
      "System": {
        "Provider": {
          "@Name": "Microsoft-Windows-Sysmon",
          "@Guid": "{5770385f-c22a-43e0-bf4c-06f5698ffbd9}"
        },
        "EventID": "7",
        "Version": "3",
        "Level": "4",
        "Task": "7",
        "Opcode": "0",
        "Keywords": "0x8000000000000000",
        "TimeCreated": {
          "@SystemTime": "2025-11-21T15:38:59.5815451Z"
        },
        "EventRecordID": "1142",
        "Correlation": null,
        "Execution": {
          "@ProcessID": "5700",
          "@ThreadID": "5668"
        },
        "Channel": "Microsoft-Windows-Sysmon/Operational",
        "Computer": "DESKTOP-LG3F6GA",
        "Security": {
          "@UserID": "S-1-5-18"
        }
      },
      "EventData": {
        "Data": [
          {
            "@Name": "RuleName",
            "#text": "-"
          },
          {
            "@Name": "UtcTime",
            "#text": "2025-11-21 15:38:43.278"
          },
          {
            "@Name": "ProcessGuid",
            "#text": "{a570a8c2-8779-6920-3f02-000000006000}"
          },
          {
            "@Name": "ProcessId",
            "#text": "6512"
          },
          {
            "@Name": "Image",
            "#text": "C:\\Windows\\System32\\svchost.exe"
          },
          {
            "@Name": "ImageLoaded",
            "#text": "C:\\Windows\\System32\\userenv.dll"
          },
          {
            "@Name": "FileVersion",
            "#text": "10.0.19041.572 (WinBuild.160101.0800)"
          },
          {
            "@Name": "Description",
            "#text": "Userenv"
          },
          {
            "@Name": "Product",
            "#text": "Microsoft® Windows® Operating System"
          },
          {
            "@Name": "Company",
            "#text": "Microsoft Corporation"
          },
          {
            "@Name": "OriginalFileName",
            "#text": "userenv.dll"
          },
          {
            "@Name": "Hashes",
            "#text": "SHA256=DE6F6CD7D703DCA17C147B358FB0DED9B763C5642C56DCA0280204A8D3E2CDC3"
          },
          {
            "@Name": "Signed",
            "#text": "true"
          },
          {
            "@Name": "Signature",
            "#text": "Microsoft Windows"
          },
          {
            "@Name": "SignatureStatus",
            "#text": "Valid"
          }
        ]
      }
    },
    {
      "@xmlns": "http://schemas.microsoft.com/win/2004/08/events/event",
      "System": {
        "Provider": {
          "@Name": "Microsoft-Windows-Sysmon",
          "@Guid": "{5770385f-c22a-43e0-bf4c-06f5698ffbd9}"
        },
        "EventID": "7",
        "Version": "3",
        "Level": "4",
        "Task": "7",
        "Opcode": "0",
        "Keywords": "0x8000000000000000",
        "TimeCreated": {
          "@SystemTime": "2025-11-21T15:38:59.5812992Z"
        },
        "EventRecordID": "1141",
        "Correlation": null,
        "Execution": {
          "@ProcessID": "5700",
          "@ThreadID": "5668"
        },
        "Channel": "Microsoft-Windows-Sysmon/Operational",
        "Computer": "DESKTOP-LG3F6GA",
        "Security": {
          "@UserID": "S-1-5-18"
        }
      },
      "EventData": {
        "Data": [
          {
            "@Name": "RuleName",
            "#text": "-"
          },
          {
            "@Name": "UtcTime",
            "#text": "2025-11-21 15:38:55.325"
          },
          {
            "@Name": "ProcessGuid",
            "#text": "{a570a8c2-8779-6920-3f02-000000006000}"
          },
          {
            "@Name": "ProcessId",
            "#text": "6512"
          },
          {
            "@Name": "Image",
            "#text": "C:\\Windows\\System32\\svchost.exe"
          },
          {
            "@Name": "ImageLoaded",
            "#text": "C:\\Windows\\System32\\userenv.dll"
          },
          {
            "@Name": "FileVersion",
            "#text": "10.0.19041.572 (WinBuild.160101.0800)"
          },
          {
            "@Name": "Description",
            "#text": "Userenv"
          },
          {
            "@Name": "Product",
            "#text": "Microsoft® Windows® Operating System"
          },
          {
            "@Name": "Company",
            "#text": "Microsoft Corporation"
          },
          {
            "@Name": "OriginalFileName",
            "#text": "userenv.dll"
          },
          {
            "@Name": "Hashes",
            "#text": "SHA256=DE6F6CD7D703DCA17C147B358FB0DED9B763C5642C56DCA0280204A8D3E2CDC3"
          },
          {
            "@Name": "Signed",
            "#text": "true"
          },
          {
            "@Name": "Signature",
            "#text": "Microsoft Windows"
          },
          {
            "@Name": "SignatureStatus",
            "#text": "Valid"
          }
        ]
      }
    },
    {
      "@xmlns": "http://schemas.microsoft.com/win/2004/08/events/event",
      "System": {
        "Provider": {
          "@Name": "Microsoft-Windows-Sysmon",
          "@Guid": "{5770385f-c22a-43e0-bf4c-06f5698ffbd9}"
        },
        "EventID": "7",
        "Version": "3",
        "Level": "4",
        "Task": "7",
        "Opcode": "0",
        "Keywords": "0x8000000000000000",
        "TimeCreated": {
          "@SystemTime": "2025-11-21T15:38:59.5812379Z"
        },
        "EventRecordID": "1140",
        "Correlation": null,
        "Execution": {
          "@ProcessID": "5700",
          "@ThreadID": "5668"
        },
        "Channel": "Microsoft-Windows-Sysmon/Operational",
        "Computer": "DESKTOP-LG3F6GA",
        "Security": {
          "@UserID": "S-1-5-18"
        }
      },
      "EventData": {
        "Data": [
          {
            "@Name": "RuleName",
            "#text": "-"
          },
          {
            "@Name": "UtcTime",
            "#text": "2025-11-21 15:38:55.356"
          },
          {
            "@Name": "ProcessGuid",
            "#text": "{a570a8c2-8779-6920-3f02-000000006000}"
          },
          {
            "@Name": "ProcessId",
            "#text": "6512"
          },
          {
            "@Name": "Image",
            "#text": "C:\\Windows\\System32\\svchost.exe"
          },
          {
            "@Name": "ImageLoaded",
            "#text": "C:\\Windows\\System32\\userenv.dll"
          },
          {
            "@Name": "FileVersion",
            "#text": "10.0.19041.572 (WinBuild.160101.0800)"
          },
          {
            "@Name": "Description",
            "#text": "Userenv"
          },
          {
            "@Name": "Product",
            "#text": "Microsoft® Windows® Operating System"
          },
          {
            "@Name": "Company",
            "#text": "Microsoft Corporation"
          },
          {
            "@Name": "OriginalFileName",
            "#text": "userenv.dll"
          },
          {
            "@Name": "Hashes",
            "#text": "SHA256=DE6F6CD7D703DCA17C147B358FB0DED9B763C5642C56DCA0280204A8D3E2CDC3"
          },
          {
            "@Name": "Signed",
            "#text": "true"
          },
          {
            "@Name": "Signature",
            "#text": "Microsoft Windows"
          },
          {
            "@Name": "SignatureStatus",
            "#text": "Valid"
          }
        ]
      }
    },
    {
      "@xmlns": "http://schemas.microsoft.com/win/2004/08/events/event",
      "System": {
        "Provider": {
          "@Name": "Microsoft-Windows-Sysmon",
          "@Guid": "{5770385f-c22a-43e0-bf4c-06f5698ffbd9}"
        },
        "EventID": "7",
        "Version": "3",
        "Level": "4",
        "Task": "7",
        "Opcode": "0",
        "Keywords": "0x8000000000000000",
        "TimeCreated": {
          "@SystemTime": "2025-11-21T15:38:59.5772353Z"
        },
        "EventRecordID": "1139",
        "Correlation": null,
        "Execution": {
          "@ProcessID": "5700",
          "@ThreadID": "5668"
        },
        "Channel": "Microsoft-Windows-Sysmon/Operational",
        "Computer": "DESKTOP-LG3F6GA",
        "Security": {
          "@UserID": "S-1-5-18"
        }
      },
      "EventData": {
        "Data": [
          {
            "@Name": "RuleName",
            "#text": "-"
          },
          {
            "@Name": "UtcTime",
            "#text": "2025-11-21 15:38:43.184"
          },
          {
            "@Name": "ProcessGuid",
            "#text": "{a570a8c2-8777-6920-1a02-000000006000}"
          },
          {
            "@Name": "ProcessId",
            "#text": "1156"
          },
          {
            "@Name": "Image",
            "#text": "C:\\Windows\\System32\\svchost.exe"
          },
          {
            "@Name": "ImageLoaded",
            "#text": "C:\\Windows\\System32\\utcutil.dll"
          },
          {
            "@Name": "FileVersion",
            "#text": "10.0.19041.546 (WinBuild.160101.0800)"
          },
          {
            "@Name": "Description",
            "#text": "Microsoft Windows Telemetry Utils"
          },
          {
            "@Name": "Product",
            "#text": "Microsoft® Windows® Operating System"
          },
          {
            "@Name": "Company",
            "#text": "Microsoft Corporation"
          },
          {
            "@Name": "OriginalFileName",
            "#text": "utcutil.dll"
          },
          {
            "@Name": "Hashes",
            "#text": "SHA256=6C22A5B830BF553DE4A71C057BBBF7E3CBD0B123A96702D96BDA1B127E89FA29"
          },
          {
            "@Name": "Signed",
            "#text": "true"
          },
          {
            "@Name": "Signature",
            "#text": "Microsoft Windows"
          },
          {
            "@Name": "SignatureStatus",
            "#text": "Valid"
          }
        ]
      }
    },
    {
      "@xmlns": "http://schemas.microsoft.com/win/2004/08/events/event",
      "System": {
        "Provider": {
          "@Name": "Microsoft-Windows-Sysmon",
          "@Guid": "{5770385f-c22a-43e0-bf4c-06f5698ffbd9}"
        },
        "EventID": "7",
        "Version": "3",
        "Level": "4",
        "Task": "7",
        "Opcode": "0",
        "Keywords": "0x8000000000000000",
        "TimeCreated": {
          "@SystemTime": "2025-11-21T15:38:59.5768158Z"
        },
        "EventRecordID": "1138",
        "Correlation": null,
        "Execution": {
          "@ProcessID": "5700",
          "@ThreadID": "5668"
        },
        "Channel": "Microsoft-Windows-Sysmon/Operational",
        "Computer": "DESKTOP-LG3F6GA",
        "Security": {
          "@UserID": "S-1-5-18"
        }
      },
      "EventData": {
        "Data": [
          {
            "@Name": "RuleName",
            "#text": "-"
          },
          {
            "@Name": "UtcTime",
            "#text": "2025-11-21 15:38:43.278"
          },
          {
            "@Name": "ProcessGuid",
            "#text": "{a570a8c2-8779-6920-3f02-000000006000}"
          },
          {
            "@Name": "ProcessId",
            "#text": "6512"
          },
          {
            "@Name": "Image",
            "#text": "C:\\Windows\\System32\\svchost.exe"
          },
          {
            "@Name": "ImageLoaded",
            "#text": "C:\\Windows\\System32\\utcutil.dll"
          },
          {
            "@Name": "FileVersion",
            "#text": "10.0.19041.546 (WinBuild.160101.0800)"
          },
          {
            "@Name": "Description",
            "#text": "Microsoft Windows Telemetry Utils"
          },
          {
            "@Name": "Product",
            "#text": "Microsoft® Windows® Operating System"
          },
          {
            "@Name": "Company",
            "#text": "Microsoft Corporation"
          },
          {
            "@Name": "OriginalFileName",
            "#text": "utcutil.dll"
          },
          {
            "@Name": "Hashes",
            "#text": "SHA256=6C22A5B830BF553DE4A71C057BBBF7E3CBD0B123A96702D96BDA1B127E89FA29"
          },
          {
            "@Name": "Signed",
            "#text": "true"
          },
          {
            "@Name": "Signature",
            "#text": "Microsoft Windows"
          },
          {
            "@Name": "SignatureStatus",
            "#text": "Valid"
          }
        ]
      }
    },
