    {
      "@xmlns": "http://schemas.microsoft.com/win/2004/08/events/event",
      "System": {
        "Provider": {
          "@Name": "Microsoft-Windows-Sysmon",
          "@Guid": "{5770385f-c22a-43e0-bf4c-06f5698ffbd9}"
        },
        "EventID": "18",
        "Version": "1",
        "Level": "4",
        "Task": "18",
        "Opcode": "0",
        "Keywords": "0x8000000000000000",
        "TimeCreated": {
          "@SystemTime": "2025-11-21T15:39:58.9049515Z"
        },
        "EventRecordID": "1058",
        "Correlation": null,
        "Execution": {
          "@ProcessID": "1884",
          "@ThreadID": "6212"
        },
        "Channel": "Microsoft-Windows-Sysmon/Operational",
        "Computer": "DESKTOP-LG3F6GA",
        "Security": {
          "@UserID": "S-1-5-18"
        }
      },
      "EventData": {
        "Data": [
          {
            "@Name": "RuleName",
            "#text": "-"
          },
          {
            "@Name": "EventType",
            "#text": "ConnectPipe"
          },
          {
            "@Name": "UtcTime",
            "#text": "2025-11-21 15:39:58.903"
          },
          {
            "@Name": "ProcessGuid",
            "#text": "{03ac98ec-87c9-6920-4103-000000006000}"
          },
          {
            "@Name": "ProcessId",
            "#text": "2348"
          },
          {
            "@Name": "PipeName",
            "#text": "\\hwLAteWXHD"
          },
          {
            "@Name": "Image",
            "#text": "C:\\WINDOWS\\System32\\svchost.exe"
          }
        ]
      }
    },
    {
      "@xmlns": "http://schemas.microsoft.com/win/2004/08/events/event",
      "System": {
        "Provider": {
          "@Name": "Microsoft-Windows-Sysmon",
          "@Guid": "{5770385f-c22a-43e0-bf4c-06f5698ffbd9}"
        },
        "EventID": "7",
        "Version": "3",
        "Level": "4",
        "Task": "7",
        "Opcode": "0",
        "Keywords": "0x8000000000000000",
        "TimeCreated": {
          "@SystemTime": "2025-11-21T15:39:58.9049327Z"
        },
        "EventRecordID": "1057",
        "Correlation": null,
        "Execution": {
          "@ProcessID": "1884",
          "@ThreadID": "6212"
        },
        "Channel": "Microsoft-Windows-Sysmon/Operational",
        "Computer": "DESKTOP-LG3F6GA",
        "Security": {
          "@UserID": "S-1-5-18"
        }
      },
      "EventData": {
        "Data": [
          {
            "@Name": "RuleName",
            "#text": "-"
          },
          {
            "@Name": "UtcTime",
            "#text": "2025-11-21 15:39:58.903"
          },
          {
            "@Name": "ProcessGuid",
            "#text": "{03ac98ec-87c9-6920-4103-000000006000}"
          },
          {
            "@Name": "ProcessId",
            "#text": "2348"
          },
          {
            "@Name": "Image",
            "#text": "C:\\Windows\\System32\\svchost.exe"
          },
          {
            "@Name": "ImageLoaded",
            "#text": "C:\\Windows\\System32\\samcli.dll"
          },
          {
            "@Name": "FileVersion",
            "#text": "10.0.19041.546 (WinBuild.160101.0800)"
          },
          {
            "@Name": "Description",
            "#text": "Security Accounts Manager Client DLL"
          },
          {
            "@Name": "Product",
            "#text": "Microsoft Windows Operating System"
          },
          {
            "@Name": "Company",
            "#text": "Microsoft Corporation"
          },
          {
            "@Name": "OriginalFileName",
            "#text": "SAMCLI.DLL"
          },
          {
            "@Name": "Hashes",
            "#text": "SHA256=FB00E9A54C96E34317B9A1F1099EFAFA49ECF8F8776294BBD9A59A396904F94F"
          },
          {
            "@Name": "Signed",
            "#text": "true"
          },
          {
            "@Name": "Signature",
            "#text": "Microsoft Windows"
          },
          {
            "@Name": "SignatureStatus",
            "#text": "Valid"
          }
        ]
      }
    },
    {
      "@xmlns": "http://schemas.microsoft.com/win/2004/08/events/event",
      "System": {
        "Provider": {
          "@Name": "Microsoft-Windows-Sysmon",
          "@Guid": "{5770385f-c22a-43e0-bf4c-06f5698ffbd9}"
        },
        "EventID": "18",
        "Version": "1",
        "Level": "4",
        "Task": "18",
        "Opcode": "0",
        "Keywords": "0x8000000000000000",
        "TimeCreated": {
          "@SystemTime": "2025-11-21T15:39:58.9020643Z"
        },
        "EventRecordID": "1056",
        "Correlation": null,
        "Execution": {
          "@ProcessID": "1884",
          "@ThreadID": "6212"
        },
        "Channel": "Microsoft-Windows-Sysmon/Operational",
        "Computer": "DESKTOP-LG3F6GA",
        "Security": {
          "@UserID": "S-1-5-18"
        }
      },
      "EventData": {
        "Data": [
          {
            "@Name": "RuleName",
            "#text": "-"
          },
          {
            "@Name": "EventType",
            "#text": "ConnectPipe"
          },
          {
            "@Name": "UtcTime",
            "#text": "2025-11-21 15:39:58.887"
          },
          {
            "@Name": "ProcessGuid",
            "#text": "{03ac98ec-87c9-6920-4103-000000006000}"
          },
          {
            "@Name": "ProcessId",
            "#text": "2348"
          },
          {
            "@Name": "PipeName",
            "#text": "\\hwLAteWXHD"
          },
          {
            "@Name": "Image",
            "#text": "C:\\WINDOWS\\System32\\svchost.exe"
          }
        ]
      }
    },
    {
      "@xmlns": "http://schemas.microsoft.com/win/2004/08/events/event",
      "System": {
        "Provider": {
          "@Name": "Microsoft-Windows-Sysmon",
          "@Guid": "{5770385f-c22a-43e0-bf4c-06f5698ffbd9}"
        },
        "EventID": "18",
        "Version": "1",
        "Level": "4",
        "Task": "18",
        "Opcode": "0",
        "Keywords": "0x8000000000000000",
        "TimeCreated": {
          "@SystemTime": "2025-11-21T15:39:58.9013917Z"
        },
        "EventRecordID": "1055",
        "Correlation": null,
        "Execution": {
          "@ProcessID": "1884",
          "@ThreadID": "6212"
        },
        "Channel": "Microsoft-Windows-Sysmon/Operational",
        "Computer": "DESKTOP-LG3F6GA",
        "Security": {
          "@UserID": "S-1-5-18"
        }
      },
      "EventData": {
        "Data": [
          {
            "@Name": "RuleName",
            "#text": "-"
          },
          {
            "@Name": "EventType",
            "#text": "ConnectPipe"
          },
          {
            "@Name": "UtcTime",
            "#text": "2025-11-21 15:39:58.887"
          },
          {
            "@Name": "ProcessGuid",
            "#text": "{03ac98ec-87c9-6920-4103-000000006000}"
          },
          {
            "@Name": "ProcessId",
            "#text": "2348"
          },
          {
            "@Name": "PipeName",
            "#text": "\\hwLAteWXHD"
          },
          {
            "@Name": "Image",
            "#text": "C:\\WINDOWS\\System32\\svchost.exe"
          }
        ]
      }
    },
    {
      "@xmlns": "http://schemas.microsoft.com/win/2004/08/events/event",
      "System": {
        "Provider": {
          "@Name": "Microsoft-Windows-Sysmon",
          "@Guid": "{5770385f-c22a-43e0-bf4c-06f5698ffbd9}"
        },
        "EventID": "18",
        "Version": "1",
        "Level": "4",
        "Task": "18",
        "Opcode": "0",
        "Keywords": "0x8000000000000000",
        "TimeCreated": {
          "@SystemTime": "2025-11-21T15:39:58.8898600Z"
        },
        "EventRecordID": "1054",
        "Correlation": null,
        "Execution": {
          "@ProcessID": "1884",
          "@ThreadID": "6212"
        },
        "Channel": "Microsoft-Windows-Sysmon/Operational",
        "Computer": "DESKTOP-LG3F6GA",
        "Security": {
          "@UserID": "S-1-5-18"
        }
      },
      "EventData": {
        "Data": [
          {
            "@Name": "RuleName",
            "#text": "-"
          },
          {
            "@Name": "EventType",
            "#text": "ConnectPipe"
          },
          {
            "@Name": "UtcTime",
            "#text": "2025-11-21 15:39:58.887"
          },
          {
            "@Name": "ProcessGuid",
            "#text": "{03ac98ec-87c9-6920-4103-000000006000}"
          },
          {
            "@Name": "ProcessId",
            "#text": "2348"
          },
          {
            "@Name": "PipeName",
            "#text": "\\hwLAteWXHD"
          },
          {
            "@Name": "Image",
            "#text": "C:\\WINDOWS\\System32\\svchost.exe"
          }
        ]
      }
    },
    {
      "@xmlns": "http://schemas.microsoft.com/win/2004/08/events/event",
      "System": {
        "Provider": {
          "@Name": "Microsoft-Windows-Sysmon",
          "@Guid": "{5770385f-c22a-43e0-bf4c-06f5698ffbd9}"
        },
        "EventID": "18",
        "Version": "1",
        "Level": "4",
        "Task": "18",
        "Opcode": "0",
        "Keywords": "0x8000000000000000",
        "TimeCreated": {
          "@SystemTime": "2025-11-21T15:39:58.8849614Z"
        },
        "EventRecordID": "1053",
        "Correlation": null,
        "Execution": {
          "@ProcessID": "1884",
          "@ThreadID": "6212"
        },
        "Channel": "Microsoft-Windows-Sysmon/Operational",
        "Computer": "DESKTOP-LG3F6GA",
        "Security": {
          "@UserID": "S-1-5-18"
        }
      },
      "EventData": {
        "Data": [
          {
            "@Name": "RuleName",
            "#text": "-"
          },
          {
            "@Name": "EventType",
            "#text": "ConnectPipe"
          },
          {
            "@Name": "UtcTime",
            "#text": "2025-11-21 15:39:58.871"
          },
          {
            "@Name": "ProcessGuid",
            "#text": "{03ac98ec-87c9-6920-4103-000000006000}"
          },
          {
            "@Name": "ProcessId",
            "#text": "2348"
          },
          {
            "@Name": "PipeName",
            "#text": "\\hwLAteWXHD"
          },
          {
            "@Name": "Image",
            "#text": "C:\\WINDOWS\\System32\\svchost.exe"
          }
        ]
      }
    },
    {
      "@xmlns": "http://schemas.microsoft.com/win/2004/08/events/event",
      "System": {
        "Provider": {
          "@Name": "Microsoft-Windows-Sysmon",
          "@Guid": "{5770385f-c22a-43e0-bf4c-06f5698ffbd9}"
        },
        "EventID": "18",
        "Version": "1",
        "Level": "4",
        "Task": "18",
        "Opcode": "0",
        "Keywords": "0x8000000000000000",
        "TimeCreated": {
          "@SystemTime": "2025-11-21T15:39:58.8822271Z"
        },
        "EventRecordID": "1052",
        "Correlation": null,
        "Execution": {
          "@ProcessID": "1884",
          "@ThreadID": "6212"
        },
        "Channel": "Microsoft-Windows-Sysmon/Operational",
        "Computer": "DESKTOP-LG3F6GA",
        "Security": {
          "@UserID": "S-1-5-18"
        }
      },
      "EventData": {
        "Data": [
          {
            "@Name": "RuleName",
            "#text": "-"
          },
          {
            "@Name": "EventType",
            "#text": "ConnectPipe"
          },
          {
            "@Name": "UtcTime",
            "#text": "2025-11-21 15:39:58.871"
          },
          {
            "@Name": "ProcessGuid",
            "#text": "{03ac98ec-87c9-6920-4103-000000006000}"
          },
          {
            "@Name": "ProcessId",
            "#text": "2348"
          },
          {
            "@Name": "PipeName",
            "#text": "\\hwLAteWXHD"
          },
          {
            "@Name": "Image",
            "#text": "C:\\WINDOWS\\System32\\svchost.exe"
          }
        ]
      }
    },
    {
      "@xmlns": "http://schemas.microsoft.com/win/2004/08/events/event",
      "System": {
        "Provider": {
          "@Name": "Microsoft-Windows-Sysmon",
          "@Guid": "{5770385f-c22a-43e0-bf4c-06f5698ffbd9}"
        },
        "EventID": "18",
        "Version": "1",
        "Level": "4",
        "Task": "18",
        "Opcode": "0",
        "Keywords": "0x8000000000000000",
        "TimeCreated": {
          "@SystemTime": "2025-11-21T15:39:58.8755738Z"
        },
        "EventRecordID": "1051",
        "Correlation": null,
        "Execution": {
          "@ProcessID": "1884",
          "@ThreadID": "6212"
        },
        "Channel": "Microsoft-Windows-Sysmon/Operational",
        "Computer": "DESKTOP-LG3F6GA",
        "Security": {
          "@UserID": "S-1-5-18"
        }
      },
      "EventData": {
        "Data": [
          {
            "@Name": "RuleName",
            "#text": "-"
          },
          {
            "@Name": "EventType",
            "#text": "ConnectPipe"
          },
          {
            "@Name": "UtcTime",
            "#text": "2025-11-21 15:39:58.871"
          },
          {
            "@Name": "ProcessGuid",
            "#text": "{03ac98ec-87c9-6920-4103-000000006000}"
          },
          {
            "@Name": "ProcessId",
            "#text": "2348"
          },
          {
            "@Name": "PipeName",
            "#text": "\\hwLAteWXHD"
          },
          {
            "@Name": "Image",
            "#text": "C:\\WINDOWS\\System32\\svchost.exe"
          }
        ]
      }
    },
    {
      "@xmlns": "http://schemas.microsoft.com/win/2004/08/events/event",
      "System": {
        "Provider": {
          "@Name": "Microsoft-Windows-Sysmon",
          "@Guid": "{5770385f-c22a-43e0-bf4c-06f5698ffbd9}"
        },
        "EventID": "5",
        "Version": "3",
        "Level": "4",
        "Task": "5",
        "Opcode": "0",
        "Keywords": "0x8000000000000000",
        "TimeCreated": {
          "@SystemTime": "2025-11-21T15:39:58.2953579Z"
        },
        "EventRecordID": "1050",
        "Correlation": null,
        "Execution": {
          "@ProcessID": "1884",
          "@ThreadID": "6212"
        },
        "Channel": "Microsoft-Windows-Sysmon/Operational",
        "Computer": "DESKTOP-LG3F6GA",
        "Security": {
          "@UserID": "S-1-5-18"
        }
      },
      "EventData": {
        "Data": [
          {
            "@Name": "RuleName",
            "#text": "-"
          },
          {
            "@Name": "UtcTime",
            "#text": "2025-11-21 15:39:58.293"
          },
          {
            "@Name": "ProcessGuid",
            "#text": "{03ac98ec-87cd-6920-4603-000000006000}"
          },
          {
            "@Name": "ProcessId",
            "#text": "7612"
          },
          {
            "@Name": "Image",
            "#text": "C:\\65n4hwlw\\bin\\PPLinject64.exe"
          }
        ]
      }
    },
    {
      "@xmlns": "http://schemas.microsoft.com/win/2004/08/events/event",
      "System": {
        "Provider": {
          "@Name": "Microsoft-Windows-Sysmon",
          "@Guid": "{5770385f-c22a-43e0-bf4c-06f5698ffbd9}"
        },
        "EventID": "5",
        "Version": "3",
        "Level": "4",
        "Task": "5",
        "Opcode": "0",
        "Keywords": "0x8000000000000000",
        "TimeCreated": {
          "@SystemTime": "2025-11-21T15:39:58.2923477Z"
        },
        "EventRecordID": "1049",
        "Correlation": null,
        "Execution": {
          "@ProcessID": "1884",
          "@ThreadID": "6212"
        },
        "Channel": "Microsoft-Windows-Sysmon/Operational",
        "Computer": "DESKTOP-LG3F6GA",
        "Security": {
          "@UserID": "S-1-5-18"
        }
      },
      "EventData": {
        "Data": [
          {
            "@Name": "RuleName",
            "#text": "-"
          },
          {
            "@Name": "UtcTime",
            "#text": "2025-11-21 15:39:58.278"
          },
          {
            "@Name": "ProcessGuid",
            "#text": "{03ac98ec-87ce-6920-4803-000000006000}"
          },
          {
            "@Name": "ProcessId",
            "#text": "7720"
          },
          {
            "@Name": "Image",
            "#text": "C:\\Windows\\System32\\services.exe"
          }
        ]
      }
    },
    {
      "@xmlns": "http://schemas.microsoft.com/win/2004/08/events/event",
      "System": {
        "Provider": {
          "@Name": "Microsoft-Windows-Sysmon",
          "@Guid": "{5770385f-c22a-43e0-bf4c-06f5698ffbd9}"
        },
        "EventID": "18",
        "Version": "1",
        "Level": "4",
        "Task": "18",
        "Opcode": "0",
        "Keywords": "0x8000000000000000",
        "TimeCreated": {
          "@SystemTime": "2025-11-21T15:39:58.2890429Z"
        },
        "EventRecordID": "1048",
        "Correlation": null,
        "Execution": {
          "@ProcessID": "1884",
          "@ThreadID": "6212"
        },
        "Channel": "Microsoft-Windows-Sysmon/Operational",
        "Computer": "DESKTOP-LG3F6GA",
        "Security": {
          "@UserID": "S-1-5-18"
        }
      },
      "EventData": {
        "Data": [
          {
            "@Name": "RuleName",
            "#text": "-"
          },
          {
            "@Name": "EventType",
            "#text": "ConnectPipe"
          },
          {
            "@Name": "UtcTime",
            "#text": "2025-11-21 15:39:58.278"
          },
          {
            "@Name": "ProcessGuid",
            "#text": "{03ac98ec-32b1-68ca-0b00-000000006000}"
          },
          {
            "@Name": "ProcessId",
            "#text": "600"
          },
          {
            "@Name": "PipeName",
            "#text": "\\hwLAteWXHD"
          },
          {
            "@Name": "Image",
            "#text": "C:\\WINDOWS\\system32\\services.exe"
          }
        ]
      }
    },
    {
      "@xmlns": "http://schemas.microsoft.com/win/2004/08/events/event",
      "System": {
        "Provider": {
          "@Name": "Microsoft-Windows-Sysmon",
          "@Guid": "{5770385f-c22a-43e0-bf4c-06f5698ffbd9}"
        },
        "EventID": "18",
        "Version": "1",
        "Level": "4",
        "Task": "18",
        "Opcode": "0",
        "Keywords": "0x8000000000000000",
        "TimeCreated": {
          "@SystemTime": "2025-11-21T15:39:58.2854256Z"
        },
        "EventRecordID": "1047",
        "Correlation": null,
        "Execution": {
          "@ProcessID": "1884",
          "@ThreadID": "6212"
        },
        "Channel": "Microsoft-Windows-Sysmon/Operational",
        "Computer": "DESKTOP-LG3F6GA",
        "Security": {
          "@UserID": "S-1-5-18"
        }
      },
      "EventData": {
        "Data": [
          {
            "@Name": "RuleName",
            "#text": "-"
          },
          {
            "@Name": "EventType",
            "#text": "ConnectPipe"
          },
          {
            "@Name": "UtcTime",
            "#text": "2025-11-21 15:39:58.278"
          },
          {
            "@Name": "ProcessGuid",
            "#text": "{03ac98ec-32b1-68ca-0b00-000000006000}"
          },
          {
            "@Name": "ProcessId",
            "#text": "600"
          },
          {
            "@Name": "PipeName",
            "#text": "\\hwLAteWXHD"
          },
          {
            "@Name": "Image",
            "#text": "C:\\WINDOWS\\system32\\services.exe"
          }
        ]
      }
    },
    {
      "@xmlns": "http://schemas.microsoft.com/win/2004/08/events/event",
      "System": {
        "Provider": {
          "@Name": "Microsoft-Windows-Sysmon",
          "@Guid": "{5770385f-c22a-43e0-bf4c-06f5698ffbd9}"
        },
        "EventID": "18",
        "Version": "1",
        "Level": "4",
        "Task": "18",
        "Opcode": "0",
        "Keywords": "0x8000000000000000",
        "TimeCreated": {
          "@SystemTime": "2025-11-21T15:39:58.2715255Z"
        },
        "EventRecordID": "1046",
        "Correlation": null,
        "Execution": {
          "@ProcessID": "1884",
          "@ThreadID": "6212"
        },
        "Channel": "Microsoft-Windows-Sysmon/Operational",
        "Computer": "DESKTOP-LG3F6GA",
        "Security": {
          "@UserID": "S-1-5-18"
        }
      },
      "EventData": {
        "Data": [
          {
            "@Name": "RuleName",
            "#text": "-"
          },
          {
            "@Name": "EventType",
            "#text": "ConnectPipe"
          },
          {
            "@Name": "UtcTime",
            "#text": "2025-11-21 15:39:58.262"
          },
          {
            "@Name": "ProcessGuid",
            "#text": "{03ac98ec-32b1-68ca-0b00-000000006000}"
          },
          {
            "@Name": "ProcessId",
            "#text": "600"
          },
          {
            "@Name": "PipeName",
            "#text": "\\hwLAteWXHD"
          },
          {
            "@Name": "Image",
            "#text": "C:\\WINDOWS\\system32\\services.exe"
          }
        ]
      }
    },
    {
      "@xmlns": "http://schemas.microsoft.com/win/2004/08/events/event",
      "System": {
        "Provider": {
          "@Name": "Microsoft-Windows-Sysmon",
          "@Guid": "{5770385f-c22a-43e0-bf4c-06f5698ffbd9}"
        },
        "EventID": "18",
        "Version": "1",
        "Level": "4",
        "Task": "18",
        "Opcode": "0",
        "Keywords": "0x8000000000000000",
        "TimeCreated": {
          "@SystemTime": "2025-11-21T15:39:58.2710233Z"
        },
        "EventRecordID": "1045",
        "Correlation": null,
        "Execution": {
          "@ProcessID": "1884",
          "@ThreadID": "6212"
        },
        "Channel": "Microsoft-Windows-Sysmon/Operational",
        "Computer": "DESKTOP-LG3F6GA",
        "Security": {
          "@UserID": "S-1-5-18"
        }
      },
      "EventData": {
        "Data": [
          {
            "@Name": "RuleName",
            "#text": "-"
          },
          {
            "@Name": "EventType",
            "#text": "ConnectPipe"
          },
          {
            "@Name": "UtcTime",
            "#text": "2025-11-21 15:39:58.262"
          },
          {
            "@Name": "ProcessGuid",
            "#text": "{03ac98ec-32b1-68ca-0b00-000000006000}"
          },
          {
            "@Name": "ProcessId",
            "#text": "600"
          },
          {
            "@Name": "PipeName",
            "#text": "\\hwLAteWXHD"
          },
          {
            "@Name": "Image",
            "#text": "C:\\WINDOWS\\system32\\services.exe"
          }
        ]
      }
    },
    {
      "@xmlns": "http://schemas.microsoft.com/win/2004/08/events/event",
      "System": {
        "Provider": {
          "@Name": "Microsoft-Windows-Sysmon",
          "@Guid": "{5770385f-c22a-43e0-bf4c-06f5698ffbd9}"
        },
        "EventID": "18",
        "Version": "1",
        "Level": "4",
        "Task": "18",
        "Opcode": "0",
        "Keywords": "0x8000000000000000",
        "TimeCreated": {
          "@SystemTime": "2025-11-21T15:39:58.2703427Z"
        },
        "EventRecordID": "1044",
        "Correlation": null,
        "Execution": {
          "@ProcessID": "1884",
          "@ThreadID": "6212"
        },
        "Channel": "Microsoft-Windows-Sysmon/Operational",
        "Computer": "DESKTOP-LG3F6GA",
        "Security": {
          "@UserID": "S-1-5-18"
        }
      },
      "EventData": {
        "Data": [
          {
            "@Name": "RuleName",
            "#text": "-"
          },
          {
            "@Name": "EventType",
            "#text": "ConnectPipe"
          },
          {
            "@Name": "UtcTime",
            "#text": "2025-11-21 15:39:58.262"
          },
          {
            "@Name": "ProcessGuid",
            "#text": "{03ac98ec-32b1-68ca-0b00-000000006000}"
          },
          {
            "@Name": "ProcessId",
            "#text": "600"
          },
          {
            "@Name": "PipeName",
            "#text": "\\hwLAteWXHD"
          },
          {
            "@Name": "Image",
            "#text": "C:\\WINDOWS\\system32\\services.exe"
          }
        ]
      }
    },
    {
      "@xmlns": "http://schemas.microsoft.com/win/2004/08/events/event",
      "System": {
        "Provider": {
          "@Name": "Microsoft-Windows-Sysmon",
          "@Guid": "{5770385f-c22a-43e0-bf4c-06f5698ffbd9}"
        },
        "EventID": "18",
        "Version": "1",
        "Level": "4",
        "Task": "18",
        "Opcode": "0",
        "Keywords": "0x8000000000000000",
        "TimeCreated": {
          "@SystemTime": "2025-11-21T15:39:58.2601801Z"
        },
        "EventRecordID": "1043",
        "Correlation": null,
        "Execution": {
          "@ProcessID": "1884",
          "@ThreadID": "6212"
        },
        "Channel": "Microsoft-Windows-Sysmon/Operational",
        "Computer": "DESKTOP-LG3F6GA",
        "Security": {
          "@UserID": "S-1-5-18"
        }
      },
      "EventData": {
        "Data": [
          {
            "@Name": "RuleName",
            "#text": "-"
          },
          {
            "@Name": "EventType",
            "#text": "ConnectPipe"
          },
          {
            "@Name": "UtcTime",
            "#text": "2025-11-21 15:39:58.246"
          },
          {
            "@Name": "ProcessGuid",
            "#text": "{03ac98ec-32b1-68ca-0b00-000000006000}"
          },
          {
            "@Name": "ProcessId",
            "#text": "600"
          },
          {
            "@Name": "PipeName",
            "#text": "\\GEBFZjLqtOd600"
          },
          {
            "@Name": "Image",
            "#text": "C:\\WINDOWS\\system32\\services.exe"
          }
        ]
      }
    },
    {
      "@xmlns": "http://schemas.microsoft.com/win/2004/08/events/event",
      "System": {
        "Provider": {
          "@Name": "Microsoft-Windows-Sysmon",
          "@Guid": "{5770385f-c22a-43e0-bf4c-06f5698ffbd9}"
        },
        "EventID": "18",
        "Version": "1",
        "Level": "4",
        "Task": "18",
        "Opcode": "0",
        "Keywords": "0x8000000000000000",
        "TimeCreated": {
          "@SystemTime": "2025-11-21T15:39:58.2529108Z"
        },
        "EventRecordID": "1042",
        "Correlation": null,
        "Execution": {
          "@ProcessID": "1884",
          "@ThreadID": "6212"
        },
        "Channel": "Microsoft-Windows-Sysmon/Operational",
        "Computer": "DESKTOP-LG3F6GA",
        "Security": {
          "@UserID": "S-1-5-18"
        }
      },
      "EventData": {
        "Data": [
          {
            "@Name": "RuleName",
            "#text": "-"
          },
          {
            "@Name": "EventType",
            "#text": "ConnectPipe"
          },
          {
            "@Name": "UtcTime",
            "#text": "2025-11-21 15:39:58.246"
          },
          {
            "@Name": "ProcessGuid",
            "#text": "{03ac98ec-32b1-68ca-0b00-000000006000}"
          },
          {
            "@Name": "ProcessId",
            "#text": "600"
          },
          {
            "@Name": "PipeName",
            "#text": "\\hwLAteWXHD"
          },
          {
            "@Name": "Image",
            "#text": "C:\\WINDOWS\\system32\\services.exe"
          }
        ]
      }
    },
    {
      "@xmlns": "http://schemas.microsoft.com/win/2004/08/events/event",
      "System": {
        "Provider": {
          "@Name": "Microsoft-Windows-Sysmon",
          "@Guid": "{5770385f-c22a-43e0-bf4c-06f5698ffbd9}"
        },
        "EventID": "18",
        "Version": "1",
        "Level": "4",
        "Task": "18",
        "Opcode": "0",
        "Keywords": "0x8000000000000000",
        "TimeCreated": {
          "@SystemTime": "2025-11-21T15:39:58.2508131Z"
        },
        "EventRecordID": "1041",
        "Correlation": null,
        "Execution": {
          "@ProcessID": "1884",
          "@ThreadID": "6212"
        },
        "Channel": "Microsoft-Windows-Sysmon/Operational",
        "Computer": "DESKTOP-LG3F6GA",
        "Security": {
          "@UserID": "S-1-5-18"
        }
      },
      "EventData": {
        "Data": [
          {
            "@Name": "RuleName",
            "#text": "-"
          },
          {
            "@Name": "EventType",
            "#text": "ConnectPipe"
          },
          {
            "@Name": "UtcTime",
            "#text": "2025-11-21 15:39:58.246"
          },
          {
            "@Name": "ProcessGuid",
            "#text": "{03ac98ec-32b1-68ca-0b00-000000006000}"
          },
          {
            "@Name": "ProcessId",
            "#text": "600"
          },
          {
            "@Name": "PipeName",
            "#text": "\\hwLAteWXHD"
          },
          {
            "@Name": "Image",
            "#text": "C:\\WINDOWS\\system32\\services.exe"
          }
        ]
      }
    },
    {
      "@xmlns": "http://schemas.microsoft.com/win/2004/08/events/event",
      "System": {
        "Provider": {
          "@Name": "Microsoft-Windows-Sysmon",
          "@Guid": "{5770385f-c22a-43e0-bf4c-06f5698ffbd9}"
        },
        "EventID": "13",
        "Version": "2",
        "Level": "4",
        "Task": "13",
        "Opcode": "0",
        "Keywords": "0x8000000000000000",
        "TimeCreated": {
          "@SystemTime": "2025-11-21T15:39:58.2489418Z"
        },
        "EventRecordID": "1040",
        "Correlation": null,
        "Execution": {
          "@ProcessID": "1884",
          "@ThreadID": "6212"
        },
        "Channel": "Microsoft-Windows-Sysmon/Operational",
        "Computer": "DESKTOP-LG3F6GA",
        "Security": {
          "@UserID": "S-1-5-18"
        }
      },
      "EventData": {
        "Data": [
          {
            "@Name": "RuleName",
            "#text": "-"
          },
          {
            "@Name": "EventType",
            "#text": "SetValue"
          },
          {
            "@Name": "UtcTime",
            "#text": "2025-11-21 15:39:58.246"
          },
          {
            "@Name": "ProcessGuid",
            "#text": "{03ac98ec-32b9-68ca-7600-000000006000}"
          },
          {
            "@Name": "ProcessId",
            "#text": "5312"
          },
          {
            "@Name": "Image",
            "#text": "C:\\WINDOWS\\Explorer.EXE"
          },
          {
            "@Name": "TargetObject",
            "#text": "HKU\\S-1-5-21-3171250481-3681422803-404499418-1001\\SOFTWARE\\Microsoft\\Windows\\CurrentVersion\\ActivityDataModel\\ReaderRevisionInfo\\BC1D8BC6-8561-D53E-0046-282B5CFAC694"
          },
          {
            "@Name": "Details",
            "#text": "Binary Data"
          }
        ]
      }
    },
    {
      "@xmlns": "http://schemas.microsoft.com/win/2004/08/events/event",
      "System": {
        "Provider": {
          "@Name": "Microsoft-Windows-Sysmon",
          "@Guid": "{5770385f-c22a-43e0-bf4c-06f5698ffbd9}"
        },
        "EventID": "13",
        "Version": "2",
        "Level": "4",
        "Task": "13",
        "Opcode": "0",
        "Keywords": "0x8000000000000000",
        "TimeCreated": {
          "@SystemTime": "2025-11-21T15:39:58.2476721Z"
        },
        "EventRecordID": "1039",
        "Correlation": null,
        "Execution": {
          "@ProcessID": "1884",
          "@ThreadID": "6212"
        },
        "Channel": "Microsoft-Windows-Sysmon/Operational",
        "Computer": "DESKTOP-LG3F6GA",
        "Security": {
          "@UserID": "S-1-5-18"
        }
      },
      "EventData": {
        "Data": [
          {
            "@Name": "RuleName",
            "#text": "-"
          },
          {
            "@Name": "EventType",
            "#text": "SetValue"
          },
          {
            "@Name": "UtcTime",
            "#text": "2025-11-21 15:39:58.246"
          },
          {
            "@Name": "ProcessGuid",
            "#text": "{03ac98ec-32b9-68ca-7600-000000006000}"
          },
          {
            "@Name": "ProcessId",
            "#text": "5312"
          },
          {
            "@Name": "Image",
            "#text": "C:\\WINDOWS\\Explorer.EXE"
          },
          {
            "@Name": "TargetObject",
            "#text": "HKU\\S-1-5-21-3171250481-3681422803-404499418-1001\\SOFTWARE\\Microsoft\\Windows\\CurrentVersion\\ActivityDataModel\\ReaderRevisionInfo\\BC1D8BC6-8561-D53E-0046-282B5CFAC694"
          },
          {
            "@Name": "Details",
            "#text": "Binary Data"
          }
        ]
      }
    },
    {
      "@xmlns": "http://schemas.microsoft.com/win/2004/08/events/event",
      "System": {
        "Provider": {
          "@Name": "Microsoft-Windows-Sysmon",
          "@Guid": "{5770385f-c22a-43e0-bf4c-06f5698ffbd9}"
        },
        "EventID": "13",
        "Version": "2",
        "Level": "4",
        "Task": "13",
        "Opcode": "0",
        "Keywords": "0x8000000000000000",
        "TimeCreated": {
          "@SystemTime": "2025-11-21T15:39:58.2460513Z"
        },
        "EventRecordID": "1038",
        "Correlation": null,
        "Execution": {
          "@ProcessID": "1884",
          "@ThreadID": "6212"
        },
        "Channel": "Microsoft-Windows-Sysmon/Operational",
        "Computer": "DESKTOP-LG3F6GA",
        "Security": {
          "@UserID": "S-1-5-18"
        }
      },
      "EventData": {
        "Data": [
          {
            "@Name": "RuleName",
            "#text": "-"
          },
          {
            "@Name": "EventType",
            "#text": "SetValue"
          },
          {
            "@Name": "UtcTime",
            "#text": "2025-11-21 15:39:58.231"
          },
          {
            "@Name": "ProcessGuid",
            "#text": "{03ac98ec-32b9-68ca-7600-000000006000}"
          },
          {
            "@Name": "ProcessId",
            "#text": "5312"
          },
          {
            "@Name": "Image",
            "#text": "C:\\WINDOWS\\Explorer.EXE"
          },
          {
            "@Name": "TargetObject",
            "#text": "HKU\\S-1-5-21-3171250481-3681422803-404499418-1001\\SOFTWARE\\Microsoft\\Windows\\CurrentVersion\\Explorer\\UserAssist\\{CEBFF5CD-ACE2-4F4F-9178-9926F41749EA}\\Count\\HRZR_PGYFRFFVBA"
          },
          {
            "@Name": "Details",
            "#text": "Binary Data"
          }
        ]
      }
    },
    {
      "@xmlns": "http://schemas.microsoft.com/win/2004/08/events/event",
      "System": {
        "Provider": {
          "@Name": "Microsoft-Windows-Sysmon",
          "@Guid": "{5770385f-c22a-43e0-bf4c-06f5698ffbd9}"
        },
        "EventID": "13",
        "Version": "2",
        "Level": "4",
        "Task": "13",
        "Opcode": "0",
        "Keywords": "0x8000000000000000",
        "TimeCreated": {
          "@SystemTime": "2025-11-21T15:39:58.2460330Z"
        },
        "EventRecordID": "1037",
        "Correlation": null,
        "Execution": {
          "@ProcessID": "1884",
          "@ThreadID": "6212"
        },
        "Channel": "Microsoft-Windows-Sysmon/Operational",
        "Computer": "DESKTOP-LG3F6GA",
        "Security": {
          "@UserID": "S-1-5-18"
        }
      },
      "EventData": {
        "Data": [
          {
            "@Name": "RuleName",
            "#text": "-"
          },
          {
            "@Name": "EventType",
            "#text": "SetValue"
          },
          {
            "@Name": "UtcTime",
            "#text": "2025-11-21 15:39:58.231"
          },
          {
            "@Name": "ProcessGuid",
            "#text": "{03ac98ec-32b9-68ca-7600-000000006000}"
          },
          {
            "@Name": "ProcessId",
            "#text": "5312"
          },
          {
            "@Name": "Image",
            "#text": "C:\\WINDOWS\\Explorer.EXE"
          },
          {
            "@Name": "TargetObject",
            "#text": "HKU\\S-1-5-21-3171250481-3681422803-404499418-1001\\SOFTWARE\\Microsoft\\Windows\\CurrentVersion\\Explorer\\UserAssist\\{CEBFF5CD-ACE2-4F4F-9178-9926F41749EA}\\Count\\{Q65231O0-O2S1-4857-N4PR-N8R7P6RN7Q27}\\pzq.rkr"
          },
          {
            "@Name": "Details",
            "#text": "Binary Data"
          }
        ]
      }
    },
    {
      "@xmlns": "http://schemas.microsoft.com/win/2004/08/events/event",
      "System": {
        "Provider": {
          "@Name": "Microsoft-Windows-Sysmon",
          "@Guid": "{5770385f-c22a-43e0-bf4c-06f5698ffbd9}"
        },
        "EventID": "18",
        "Version": "1",
        "Level": "4",
        "Task": "18",
        "Opcode": "0",
        "Keywords": "0x8000000000000000",
        "TimeCreated": {
          "@SystemTime": "2025-11-21T15:39:58.2456919Z"
        },
        "EventRecordID": "1036",
        "Correlation": null,
        "Execution": {
          "@ProcessID": "1884",
          "@ThreadID": "6212"
        },
        "Channel": "Microsoft-Windows-Sysmon/Operational",
        "Computer": "DESKTOP-LG3F6GA",
        "Security": {
          "@UserID": "S-1-5-18"
        }
      },
      "EventData": {
        "Data": [
          {
            "@Name": "RuleName",
            "#text": "-"
          },
          {
            "@Name": "EventType",
            "#text": "ConnectPipe"
          },
          {
            "@Name": "UtcTime",
            "#text": "2025-11-21 15:39:58.231"
          },
          {
            "@Name": "ProcessGuid",
            "#text": "{03ac98ec-32b1-68ca-0b00-000000006000}"
          },
          {
            "@Name": "ProcessId",
            "#text": "600"
          },
          {
            "@Name": "PipeName",
            "#text": "\\hwLAteWXHD"
          },
          {
            "@Name": "Image",
            "#text": "C:\\WINDOWS\\system32\\services.exe"
          }
        ]
      }
    },
    {
      "@xmlns": "http://schemas.microsoft.com/win/2004/08/events/event",
      "System": {
        "Provider": {
          "@Name": "Microsoft-Windows-Sysmon",
          "@Guid": "{5770385f-c22a-43e0-bf4c-06f5698ffbd9}"
        },
        "EventID": "18",
        "Version": "1",
        "Level": "4",
        "Task": "18",
        "Opcode": "0",
        "Keywords": "0x8000000000000000",
        "TimeCreated": {
          "@SystemTime": "2025-11-21T15:39:58.2444949Z"
        },
        "EventRecordID": "1035",
        "Correlation": null,
        "Execution": {
          "@ProcessID": "1884",
          "@ThreadID": "6212"
        },
        "Channel": "Microsoft-Windows-Sysmon/Operational",
        "Computer": "DESKTOP-LG3F6GA",
        "Security": {
          "@UserID": "S-1-5-18"
        }
      },
      "EventData": {
        "Data": [
          {
            "@Name": "RuleName",
            "#text": "-"
          },
          {
            "@Name": "EventType",
            "#text": "ConnectPipe"
          },
          {
            "@Name": "UtcTime",
            "#text": "2025-11-21 15:39:58.215"
          },
          {
            "@Name": "ProcessGuid",
            "#text": "{03ac98ec-32b1-68ca-0b00-000000006000}"
          },
          {
            "@Name": "ProcessId",
            "#text": "600"
          },
          {
            "@Name": "PipeName",
            "#text": "\\hwLAteWXHD"
          },
          {
            "@Name": "Image",
            "#text": "C:\\WINDOWS\\system32\\services.exe"
          }
        ]
      }
    },
    {
      "@xmlns": "http://schemas.microsoft.com/win/2004/08/events/event",
      "System": {
        "Provider": {
          "@Name": "Microsoft-Windows-Sysmon",
          "@Guid": "{5770385f-c22a-43e0-bf4c-06f5698ffbd9}"
        },
        "EventID": "18",
        "Version": "1",
        "Level": "4",
        "Task": "18",
        "Opcode": "0",
        "Keywords": "0x8000000000000000",
        "TimeCreated": {
          "@SystemTime": "2025-11-21T15:39:58.2444821Z"
        },
        "EventRecordID": "1034",
        "Correlation": null,
        "Execution": {
          "@ProcessID": "1884",
          "@ThreadID": "6212"
        },
        "Channel": "Microsoft-Windows-Sysmon/Operational",
        "Computer": "DESKTOP-LG3F6GA",
        "Security": {
          "@UserID": "S-1-5-18"
        }
      },
      "EventData": {
        "Data": [
          {
            "@Name": "RuleName",
            "#text": "-"
          },
          {
            "@Name": "EventType",
            "#text": "ConnectPipe"
          },
          {
            "@Name": "UtcTime",
            "#text": "2025-11-21 15:39:58.215"
          },
          {
            "@Name": "ProcessGuid",
            "#text": "{03ac98ec-32b1-68ca-0b00-000000006000}"
          },
          {
            "@Name": "ProcessId",
            "#text": "600"
          },
          {
            "@Name": "PipeName",
            "#text": "\\hwLAteWXHD"
          },
          {
            "@Name": "Image",
            "#text": "C:\\WINDOWS\\system32\\services.exe"
          }
        ]
      }
    },
    {
      "@xmlns": "http://schemas.microsoft.com/win/2004/08/events/event",
      "System": {
        "Provider": {
          "@Name": "Microsoft-Windows-Sysmon",
          "@Guid": "{5770385f-c22a-43e0-bf4c-06f5698ffbd9}"
        },
        "EventID": "18",
        "Version": "1",
        "Level": "4",
        "Task": "18",
        "Opcode": "0",
        "Keywords": "0x8000000000000000",
        "TimeCreated": {
          "@SystemTime": "2025-11-21T15:39:58.2423066Z"
        },
        "EventRecordID": "1033",
        "Correlation": null,
        "Execution": {
          "@ProcessID": "1884",
          "@ThreadID": "6212"
        },
        "Channel": "Microsoft-Windows-Sysmon/Operational",
        "Computer": "DESKTOP-LG3F6GA",
        "Security": {
          "@UserID": "S-1-5-18"
        }
      },
      "EventData": {
        "Data": [
          {
            "@Name": "RuleName",
            "#text": "-"
          },
          {
            "@Name": "EventType",
            "#text": "ConnectPipe"
          },
          {
            "@Name": "UtcTime",
            "#text": "2025-11-21 15:39:58.199"
          },
          {
            "@Name": "ProcessGuid",
            "#text": "{03ac98ec-32b1-68ca-0b00-000000006000}"
          },
          {
            "@Name": "ProcessId",
            "#text": "600"
          },
          {
            "@Name": "PipeName",
            "#text": "\\hwLAteWXHD"
          },
          {
            "@Name": "Image",
            "#text": "C:\\WINDOWS\\system32\\services.exe"
          }
        ]
      }
    },
    {
      "@xmlns": "http://schemas.microsoft.com/win/2004/08/events/event",
      "System": {
        "Provider": {
          "@Name": "Microsoft-Windows-Sysmon",
          "@Guid": "{5770385f-c22a-43e0-bf4c-06f5698ffbd9}"
        },
        "EventID": "8",
        "Version": "2",
        "Level": "4",
        "Task": "8",
        "Opcode": "0",
        "Keywords": "0x8000000000000000",
        "TimeCreated": {
          "@SystemTime": "2025-11-21T15:39:58.2063946Z"
        },
        "EventRecordID": "1032",
        "Correlation": null,
        "Execution": {
          "@ProcessID": "1884",
          "@ThreadID": "6212"
        },
        "Channel": "Microsoft-Windows-Sysmon/Operational",
        "Computer": "DESKTOP-LG3F6GA",
        "Security": {
          "@UserID": "S-1-5-18"
        }
      },
      "EventData": {
        "Data": [
          {
            "@Name": "RuleName",
            "#text": "-"
          },
          {
            "@Name": "UtcTime",
            "#text": "2025-11-21 15:39:58.199"
          },
          {
            "@Name": "SourceProcessGuid",
            "#text": "{03ac98ec-87ce-6920-4803-000000006000}"
          },
          {
            "@Name": "SourceProcessId",
            "#text": "7720"
          },
          {
            "@Name": "SourceImage",
            "#text": "C:\\Windows\\System32\\services.exe"
          },
          {
            "@Name": "TargetProcessGuid",
            "#text": "{03ac98ec-32b1-68ca-0b00-000000006000}"
          },
          {
            "@Name": "TargetProcessId",
            "#text": "600"
          },
          {
            "@Name": "TargetImage",
            "#text": "C:\\Windows\\System32\\services.exe"
          },
          {
            "@Name": "NewThreadId",
            "#text": "7780"
          },
          {
            "@Name": "StartAddress",
            "#text": "0x0000018B45340032"
          },
          {
            "@Name": "StartModule",
            "#text": "-"
          },
          {
            "@Name": "StartFunction",
            "#text": "-"
          }
        ]
      }
    },
    {
      "@xmlns": "http://schemas.microsoft.com/win/2004/08/events/event",
      "System": {
        "Provider": {
          "@Name": "Microsoft-Windows-Sysmon",
          "@Guid": "{5770385f-c22a-43e0-bf4c-06f5698ffbd9}"
        },
        "EventID": "1",
        "Version": "5",
        "Level": "4",
        "Task": "1",
        "Opcode": "0",
        "Keywords": "0x8000000000000000",
        "TimeCreated": {
          "@SystemTime": "2025-11-21T15:39:58.1867726Z"
        },
        "EventRecordID": "1031",
        "Correlation": null,
        "Execution": {
          "@ProcessID": "1884",
          "@ThreadID": "6212"
        },
        "Channel": "Microsoft-Windows-Sysmon/Operational",
        "Computer": "DESKTOP-LG3F6GA",
        "Security": {
          "@UserID": "S-1-5-18"
        }
      },
      "EventData": {
        "Data": [
          {
            "@Name": "RuleName",
            "#text": "-"
          },
          {
            "@Name": "UtcTime",
            "#text": "2025-11-21 15:39:58.182"
          },
          {
            "@Name": "ProcessGuid",
            "#text": "{03ac98ec-87ce-6920-4803-000000006000}"
          },
          {
            "@Name": "ProcessId",
            "#text": "7720"
          },
          {
            "@Name": "Image",
            "#text": "C:\\Windows\\System32\\services.exe"
          },
          {
            "@Name": "FileVersion",
            "#text": "10.0.19041.610 (WinBuild.160101.0800)"
          },
          {
            "@Name": "Description",
            "#text": "Services and Controller app"
          },
          {
            "@Name": "Product",
            "#text": "Microsoft Windows Operating System"
          },
          {
            "@Name": "Company",
            "#text": "Microsoft Corporation"
          },
          {
            "@Name": "OriginalFileName",
            "#text": "services.exe"
          },
          {
            "@Name": "CommandLine",
            "#text": "C:\\WINDOWS\\system32\\services.exe 600 \"batmeter.dll\" 8e116b48-40e4-4f21-a17f-71a165377fc"
          },
          {
            "@Name": "CurrentDirectory",
            "#text": "C:\\65n4hwlw\\"
          },
          {
            "@Name": "User",
            "#text": "NT AUTHORITY\\SYSTEM"
          },
          {
            "@Name": "LogonGuid",
            "#text": "{03ac98ec-32b1-68ca-e703-000000000000}"
          },
          {
            "@Name": "LogonId",
            "#text": "0x3e7"
          },
          {
            "@Name": "TerminalSessionId",
            "#text": "1"
          },
          {
            "@Name": "IntegrityLevel",
            "#text": "System"
          },
          {
            "@Name": "Hashes",
            "#text": "SHA256=2E18DC3466566DF55792D6AFAD818D1E28FFA2C32017770A959419736DB577EE"
          },
          {
            "@Name": "ParentProcessGuid",
            "#text": "{03ac98ec-87cd-6920-4603-000000006000}"
          },
          {
            "@Name": "ParentProcessId",
            "#text": "7612"
          },
          {
            "@Name": "ParentImage",
            "#text": "C:\\65n4hwlw\\bin\\PPLinject64.exe"
          },
          {
            "@Name": "ParentCommandLine",
            "#text": "PPLinject64.exe 600 C:\\65n4hwlw\\dll\\ASuChc.dll"
          }
        ]
      }
    },
    {
      "@xmlns": "http://schemas.microsoft.com/win/2004/08/events/event",
      "System": {
        "Provider": {
          "@Name": "Microsoft-Windows-Sysmon",
          "@Guid": "{5770385f-c22a-43e0-bf4c-06f5698ffbd9}"
        },
        "EventID": "5",
        "Version": "3",
        "Level": "4",
        "Task": "5",
        "Opcode": "0",
        "Keywords": "0x8000000000000000",
        "TimeCreated": {
          "@SystemTime": "2025-11-21T15:39:57.9156306Z"
        },
        "EventRecordID": "1030",
        "Correlation": null,
        "Execution": {
          "@ProcessID": "1884",
          "@ThreadID": "6212"
        },
        "Channel": "Microsoft-Windows-Sysmon/Operational",
        "Computer": "DESKTOP-LG3F6GA",
        "Security": {
          "@UserID": "S-1-5-18"
        }
      },
      "EventData": {
        "Data": [
          {
            "@Name": "RuleName",
            "#text": "-"
          },
          {
            "@Name": "UtcTime",
            "#text": "2025-11-21 15:39:57.903"
          },
          {
            "@Name": "ProcessGuid",
            "#text": "{03ac98ec-87cd-6920-4503-000000006000}"
          },
          {
            "@Name": "ProcessId",
            "#text": "7564"
          },
          {
            "@Name": "Image",
            "#text": "C:\\65n4hwlw\\bin\\BLxTMNGr.exe"
          }
        ]
      }
    },
