    {
      "@xmlns": "http://schemas.microsoft.com/win/2004/08/events/event",
      "System": {
        "Provider": {
          "@Name": "Microsoft-Windows-Sysmon",
          "@Guid": "{5770385f-c22a-43e0-bf4c-06f5698ffbd9}"
        },
        "EventID": "18",
        "Version": "1",
        "Level": "4",
        "Task": "18",
        "Opcode": "0",
        "Keywords": "0x8000000000000000",
        "TimeCreated": {
          "@SystemTime": "2025-11-21T15:39:48.2914260Z"
        },
        "EventRecordID": "877",
        "Correlation": null,
        "Execution": {
          "@ProcessID": "1884",
          "@ThreadID": "6212"
        },
        "Channel": "Microsoft-Windows-Sysmon/Operational",
        "Computer": "DESKTOP-LG3F6GA",
        "Security": {
          "@UserID": "S-1-5-18"
        }
      },
      "EventData": {
        "Data": [
          {
            "@Name": "RuleName",
            "#text": "-"
          },
          {
            "@Name": "EventType",
            "#text": "ConnectPipe"
          },
          {
            "@Name": "UtcTime",
            "#text": "2025-11-21 15:39:48.278"
          },
          {
            "@Name": "ProcessGuid",
            "#text": "{03ac98ec-87c3-6920-3303-000000006000}"
          },
          {
            "@Name": "ProcessId",
            "#text": "7560"
          },
          {
            "@Name": "PipeName",
            "#text": "\\hwLAteWXHD"
          },
          {
            "@Name": "Image",
            "#text": "C:\\WINDOWS\\SysWOW64\\cmd.exe"
          }
        ]
      }
    },
    {
      "@xmlns": "http://schemas.microsoft.com/win/2004/08/events/event",
      "System": {
        "Provider": {
          "@Name": "Microsoft-Windows-Sysmon",
          "@Guid": "{5770385f-c22a-43e0-bf4c-06f5698ffbd9}"
        },
        "EventID": "5",
        "Version": "3",
        "Level": "4",
        "Task": "5",
        "Opcode": "0",
        "Keywords": "0x8000000000000000",
        "TimeCreated": {
          "@SystemTime": "2025-11-21T15:39:48.2789059Z"
        },
        "EventRecordID": "876",
        "Correlation": null,
        "Execution": {
          "@ProcessID": "1884",
          "@ThreadID": "6212"
        },
        "Channel": "Microsoft-Windows-Sysmon/Operational",
        "Computer": "DESKTOP-LG3F6GA",
        "Security": {
          "@UserID": "S-1-5-18"
        }
      },
      "EventData": {
        "Data": [
          {
            "@Name": "RuleName",
            "#text": "-"
          },
          {
            "@Name": "UtcTime",
            "#text": "2025-11-21 15:39:48.278"
          },
          {
            "@Name": "ProcessGuid",
            "#text": "{03ac98ec-87c4-6920-3703-000000006000}"
          },
          {
            "@Name": "ProcessId",
            "#text": "7864"
          },
          {
            "@Name": "Image",
            "#text": "C:\\65n4hwlw\\bin\\ANMSBwD.exe"
          }
        ]
      }
    },
    {
      "@xmlns": "http://schemas.microsoft.com/win/2004/08/events/event",
      "System": {
        "Provider": {
          "@Name": "Microsoft-Windows-Sysmon",
          "@Guid": "{5770385f-c22a-43e0-bf4c-06f5698ffbd9}"
        },
        "EventID": "18",
        "Version": "1",
        "Level": "4",
        "Task": "18",
        "Opcode": "0",
        "Keywords": "0x8000000000000000",
        "TimeCreated": {
          "@SystemTime": "2025-11-21T15:39:48.2663025Z"
        },
        "EventRecordID": "875",
        "Correlation": null,
        "Execution": {
          "@ProcessID": "1884",
          "@ThreadID": "6212"
        },
        "Channel": "Microsoft-Windows-Sysmon/Operational",
        "Computer": "DESKTOP-LG3F6GA",
        "Security": {
          "@UserID": "S-1-5-18"
        }
      },
      "EventData": {
        "Data": [
          {
            "@Name": "RuleName",
            "#text": "-"
          },
          {
            "@Name": "EventType",
            "#text": "ConnectPipe"
          },
          {
            "@Name": "UtcTime",
            "#text": "2025-11-21 15:39:48.262"
          },
          {
            "@Name": "ProcessGuid",
            "#text": "{03ac98ec-87c4-6920-3703-000000006000}"
          },
          {
            "@Name": "ProcessId",
            "#text": "7864"
          },
          {
            "@Name": "PipeName",
            "#text": "\\hwLAteWXHD"
          },
          {
            "@Name": "Image",
            "#text": "C:\\65n4hwlw\\bin\\ANMSBwD.exe"
          }
        ]
      }
    },
    {
      "@xmlns": "http://schemas.microsoft.com/win/2004/08/events/event",
      "System": {
        "Provider": {
          "@Name": "Microsoft-Windows-Sysmon",
          "@Guid": "{5770385f-c22a-43e0-bf4c-06f5698ffbd9}"
        },
        "EventID": "18",
        "Version": "1",
        "Level": "4",
        "Task": "18",
        "Opcode": "0",
        "Keywords": "0x8000000000000000",
        "TimeCreated": {
          "@SystemTime": "2025-11-21T15:39:48.2650485Z"
        },
        "EventRecordID": "874",
        "Correlation": null,
        "Execution": {
          "@ProcessID": "1884",
          "@ThreadID": "6212"
        },
        "Channel": "Microsoft-Windows-Sysmon/Operational",
        "Computer": "DESKTOP-LG3F6GA",
        "Security": {
          "@UserID": "S-1-5-18"
        }
      },
      "EventData": {
        "Data": [
          {
            "@Name": "RuleName",
            "#text": "-"
          },
          {
            "@Name": "EventType",
            "#text": "ConnectPipe"
          },
          {
            "@Name": "UtcTime",
            "#text": "2025-11-21 15:39:48.262"
          },
          {
            "@Name": "ProcessGuid",
            "#text": "{03ac98ec-87c4-6920-3703-000000006000}"
          },
          {
            "@Name": "ProcessId",
            "#text": "7864"
          },
          {
            "@Name": "PipeName",
            "#text": "\\hwLAteWXHD"
          },
          {
            "@Name": "Image",
            "#text": "C:\\65n4hwlw\\bin\\ANMSBwD.exe"
          }
        ]
      }
    },
    {
      "@xmlns": "http://schemas.microsoft.com/win/2004/08/events/event",
      "System": {
        "Provider": {
          "@Name": "Microsoft-Windows-Sysmon",
          "@Guid": "{5770385f-c22a-43e0-bf4c-06f5698ffbd9}"
        },
        "EventID": "18",
        "Version": "1",
        "Level": "4",
        "Task": "18",
        "Opcode": "0",
        "Keywords": "0x8000000000000000",
        "TimeCreated": {
          "@SystemTime": "2025-11-21T15:39:48.2611346Z"
        },
        "EventRecordID": "873",
        "Correlation": null,
        "Execution": {
          "@ProcessID": "1884",
          "@ThreadID": "6212"
        },
        "Channel": "Microsoft-Windows-Sysmon/Operational",
        "Computer": "DESKTOP-LG3F6GA",
        "Security": {
          "@UserID": "S-1-5-18"
        }
      },
      "EventData": {
        "Data": [
          {
            "@Name": "RuleName",
            "#text": "-"
          },
          {
            "@Name": "EventType",
            "#text": "ConnectPipe"
          },
          {
            "@Name": "UtcTime",
            "#text": "2025-11-21 15:39:48.246"
          },
          {
            "@Name": "ProcessGuid",
            "#text": "{03ac98ec-87c4-6920-3703-000000006000}"
          },
          {
            "@Name": "ProcessId",
            "#text": "7864"
          },
          {
            "@Name": "PipeName",
            "#text": "\\hwLAteWXHD"
          },
          {
            "@Name": "Image",
            "#text": "C:\\65n4hwlw\\bin\\ANMSBwD.exe"
          }
        ]
      }
    },
    {
      "@xmlns": "http://schemas.microsoft.com/win/2004/08/events/event",
      "System": {
        "Provider": {
          "@Name": "Microsoft-Windows-Sysmon",
          "@Guid": "{5770385f-c22a-43e0-bf4c-06f5698ffbd9}"
        },
        "EventID": "17",
        "Version": "1",
        "Level": "4",
        "Task": "17",
        "Opcode": "0",
        "Keywords": "0x8000000000000000",
        "TimeCreated": {
          "@SystemTime": "2025-11-21T15:39:48.2442788Z"
        },
        "EventRecordID": "872",
        "Correlation": null,
        "Execution": {
          "@ProcessID": "1884",
          "@ThreadID": "6212"
        },
        "Channel": "Microsoft-Windows-Sysmon/Operational",
        "Computer": "DESKTOP-LG3F6GA",
        "Security": {
          "@UserID": "S-1-5-18"
        }
      },
      "EventData": {
        "Data": [
          {
            "@Name": "RuleName",
            "#text": "-"
          },
          {
            "@Name": "EventType",
            "#text": "CreatePipe"
          },
          {
            "@Name": "UtcTime",
            "#text": "2025-11-21 15:39:48.231"
          },
          {
            "@Name": "ProcessGuid",
            "#text": "{03ac98ec-36aa-68ca-1202-000000006000}"
          },
          {
            "@Name": "ProcessId",
            "#text": "3932"
          },
          {
            "@Name": "PipeName",
            "#text": "\\GEBFZjLqtOd7888"
          },
          {
            "@Name": "Image",
            "#text": "C:\\Users\\buddy\\AppData\\Local\\Programs\\Python\\Python310-32\\pythonw.exe"
          }
        ]
      }
    },
    {
      "@xmlns": "http://schemas.microsoft.com/win/2004/08/events/event",
      "System": {
        "Provider": {
          "@Name": "Microsoft-Windows-Sysmon",
          "@Guid": "{5770385f-c22a-43e0-bf4c-06f5698ffbd9}"
        },
        "EventID": "18",
        "Version": "1",
        "Level": "4",
        "Task": "18",
        "Opcode": "0",
        "Keywords": "0x8000000000000000",
        "TimeCreated": {
          "@SystemTime": "2025-11-21T15:39:48.2427492Z"
        },
        "EventRecordID": "871",
        "Correlation": null,
        "Execution": {
          "@ProcessID": "1884",
          "@ThreadID": "6212"
        },
        "Channel": "Microsoft-Windows-Sysmon/Operational",
        "Computer": "DESKTOP-LG3F6GA",
        "Security": {
          "@UserID": "S-1-5-18"
        }
      },
      "EventData": {
        "Data": [
          {
            "@Name": "RuleName",
            "#text": "-"
          },
          {
            "@Name": "EventType",
            "#text": "ConnectPipe"
          },
          {
            "@Name": "UtcTime",
            "#text": "2025-11-21 15:39:48.231"
          },
          {
            "@Name": "ProcessGuid",
            "#text": "{03ac98ec-87c3-6920-3303-000000006000}"
          },
          {
            "@Name": "ProcessId",
            "#text": "7560"
          },
          {
            "@Name": "PipeName",
            "#text": "\\hwLAteWXHD"
          },
          {
            "@Name": "Image",
            "#text": "C:\\WINDOWS\\SysWOW64\\cmd.exe"
          }
        ]
      }
    },
    {
      "@xmlns": "http://schemas.microsoft.com/win/2004/08/events/event",
      "System": {
        "Provider": {
          "@Name": "Microsoft-Windows-Sysmon",
          "@Guid": "{5770385f-c22a-43e0-bf4c-06f5698ffbd9}"
        },
        "EventID": "18",
        "Version": "1",
        "Level": "4",
        "Task": "18",
        "Opcode": "0",
        "Keywords": "0x8000000000000000",
        "TimeCreated": {
          "@SystemTime": "2025-11-21T15:39:48.2418212Z"
        },
        "EventRecordID": "870",
        "Correlation": null,
        "Execution": {
          "@ProcessID": "1884",
          "@ThreadID": "6212"
        },
        "Channel": "Microsoft-Windows-Sysmon/Operational",
        "Computer": "DESKTOP-LG3F6GA",
        "Security": {
          "@UserID": "S-1-5-18"
        }
      },
      "EventData": {
        "Data": [
          {
            "@Name": "RuleName",
            "#text": "-"
          },
          {
            "@Name": "EventType",
            "#text": "ConnectPipe"
          },
          {
            "@Name": "UtcTime",
            "#text": "2025-11-21 15:39:48.231"
          },
          {
            "@Name": "ProcessGuid",
            "#text": "{03ac98ec-87c3-6920-3303-000000006000}"
          },
          {
            "@Name": "ProcessId",
            "#text": "7560"
          },
          {
            "@Name": "PipeName",
            "#text": "\\hwLAteWXHD"
          },
          {
            "@Name": "Image",
            "#text": "C:\\WINDOWS\\SysWOW64\\cmd.exe"
          }
        ]
      }
    },
    {
      "@xmlns": "http://schemas.microsoft.com/win/2004/08/events/event",
      "System": {
        "Provider": {
          "@Name": "Microsoft-Windows-Sysmon",
          "@Guid": "{5770385f-c22a-43e0-bf4c-06f5698ffbd9}"
        },
        "EventID": "1",
        "Version": "5",
        "Level": "4",
        "Task": "1",
        "Opcode": "0",
        "Keywords": "0x8000000000000000",
        "TimeCreated": {
          "@SystemTime": "2025-11-21T15:39:48.2415579Z"
        },
        "EventRecordID": "869",
        "Correlation": null,
        "Execution": {
          "@ProcessID": "1884",
          "@ThreadID": "6212"
        },
        "Channel": "Microsoft-Windows-Sysmon/Operational",
        "Computer": "DESKTOP-LG3F6GA",
        "Security": {
          "@UserID": "S-1-5-18"
        }
      },
      "EventData": {
        "Data": [
          {
            "@Name": "RuleName",
            "#text": "-"
          },
          {
            "@Name": "UtcTime",
            "#text": "2025-11-21 15:39:48.239"
          },
          {
            "@Name": "ProcessGuid",
            "#text": "{03ac98ec-87c4-6920-3603-000000006000}"
          },
          {
            "@Name": "ProcessId",
            "#text": "7888"
          },
          {
            "@Name": "Image",
            "#text": "C:\\Windows\\SysWOW64\\bitsadmin.exe"
          },
          {
            "@Name": "FileVersion",
            "#text": "7.8.19041.1 (WinBuild.160101.0800)"
          },
          {
            "@Name": "Description",
            "#text": "BITS administration utility"
          },
          {
            "@Name": "Product",
            "#text": "Microsoft Windows Operating System"
          },
          {
            "@Name": "Company",
            "#text": "Microsoft Corporation"
          },
          {
            "@Name": "OriginalFileName",
            "#text": "bitsadmin.exe"
          },
          {
            "@Name": "CommandLine",
            "#text": "bitsadmin  /transfer myDownloadJob /download /priority normal http://www.example.com/package.zip C:\\\\Users\\\\buddy\\\\testfile2.txt"
          },
          {
            "@Name": "CurrentDirectory",
            "#text": "C:\\Users\\buddy\\AppData\\Local\\Temp\\"
          },
          {
            "@Name": "User",
            "#text": "DESKTOP-LG3F6GA\\buddy"
          },
          {
            "@Name": "LogonGuid",
            "#text": "{03ac98ec-32b8-68ca-75e4-030000000000}"
          },
          {
            "@Name": "LogonId",
            "#text": "0x3e475"
          },
          {
            "@Name": "TerminalSessionId",
            "#text": "1"
          },
          {
            "@Name": "IntegrityLevel",
            "#text": "High"
          },
          {
            "@Name": "Hashes",
            "#text": "SHA256=C93B7734470CF96C5170F7B21F361CDF3F74CA819626C83C4B8A68210DEEB35C"
          },
          {
            "@Name": "ParentProcessGuid",
            "#text": "{03ac98ec-87c3-6920-3303-000000006000}"
          },
          {
            "@Name": "ParentProcessId",
            "#text": "7560"
          },
          {
            "@Name": "ParentImage",
            "#text": "C:\\Windows\\SysWOW64\\cmd.exe"
          },
          {
            "@Name": "ParentCommandLine",
            "#text": "C:\\WINDOWS\\system32\\cmd.exe  /K \"C:\\Users\\buddy\\AppData\\Local\\Temp\\bits.bat\""
          }
        ]
      }
    },
    {
      "@xmlns": "http://schemas.microsoft.com/win/2004/08/events/event",
      "System": {
        "Provider": {
          "@Name": "Microsoft-Windows-Sysmon",
          "@Guid": "{5770385f-c22a-43e0-bf4c-06f5698ffbd9}"
        },
        "EventID": "18",
        "Version": "1",
        "Level": "4",
        "Task": "18",
        "Opcode": "0",
        "Keywords": "0x8000000000000000",
        "TimeCreated": {
          "@SystemTime": "2025-11-21T15:39:48.0834532Z"
        },
        "EventRecordID": "868",
        "Correlation": null,
        "Execution": {
          "@ProcessID": "1884",
          "@ThreadID": "6212"
        },
        "Channel": "Microsoft-Windows-Sysmon/Operational",
        "Computer": "DESKTOP-LG3F6GA",
        "Security": {
          "@UserID": "S-1-5-18"
        }
      },
      "EventData": {
        "Data": [
          {
            "@Name": "RuleName",
            "#text": "-"
          },
          {
            "@Name": "EventType",
            "#text": "ConnectPipe"
          },
          {
            "@Name": "UtcTime",
            "#text": "2025-11-21 15:39:48.074"
          },
          {
            "@Name": "ProcessGuid",
            "#text": "{03ac98ec-87c3-6920-3303-000000006000}"
          },
          {
            "@Name": "ProcessId",
            "#text": "7560"
          },
          {
            "@Name": "PipeName",
            "#text": "\\hwLAteWXHD"
          },
          {
            "@Name": "Image",
            "#text": "C:\\WINDOWS\\SysWOW64\\cmd.exe"
          }
        ]
      }
    },
    {
      "@xmlns": "http://schemas.microsoft.com/win/2004/08/events/event",
      "System": {
        "Provider": {
          "@Name": "Microsoft-Windows-Sysmon",
          "@Guid": "{5770385f-c22a-43e0-bf4c-06f5698ffbd9}"
        },
        "EventID": "18",
        "Version": "1",
        "Level": "4",
        "Task": "18",
        "Opcode": "0",
        "Keywords": "0x8000000000000000",
        "TimeCreated": {
          "@SystemTime": "2025-11-21T15:39:48.0651182Z"
        },
        "EventRecordID": "867",
        "Correlation": null,
        "Execution": {
          "@ProcessID": "1884",
          "@ThreadID": "6212"
        },
        "Channel": "Microsoft-Windows-Sysmon/Operational",
        "Computer": "DESKTOP-LG3F6GA",
        "Security": {
          "@UserID": "S-1-5-18"
        }
      },
      "EventData": {
        "Data": [
          {
            "@Name": "RuleName",
            "#text": "-"
          },
          {
            "@Name": "EventType",
            "#text": "ConnectPipe"
          },
          {
            "@Name": "UtcTime",
            "#text": "2025-11-21 15:39:48.059"
          },
          {
            "@Name": "ProcessGuid",
            "#text": "{03ac98ec-87c3-6920-3303-000000006000}"
          },
          {
            "@Name": "ProcessId",
            "#text": "7560"
          },
          {
            "@Name": "PipeName",
            "#text": "\\hwLAteWXHD"
          },
          {
            "@Name": "Image",
            "#text": "C:\\WINDOWS\\SysWOW64\\cmd.exe"
          }
        ]
      }
    },
    {
      "@xmlns": "http://schemas.microsoft.com/win/2004/08/events/event",
      "System": {
        "Provider": {
          "@Name": "Microsoft-Windows-Sysmon",
          "@Guid": "{5770385f-c22a-43e0-bf4c-06f5698ffbd9}"
        },
        "EventID": "18",
        "Version": "1",
        "Level": "4",
        "Task": "18",
        "Opcode": "0",
        "Keywords": "0x8000000000000000",
        "TimeCreated": {
          "@SystemTime": "2025-11-21T15:39:48.0337078Z"
        },
        "EventRecordID": "866",
        "Correlation": null,
        "Execution": {
          "@ProcessID": "1884",
          "@ThreadID": "6212"
        },
        "Channel": "Microsoft-Windows-Sysmon/Operational",
        "Computer": "DESKTOP-LG3F6GA",
        "Security": {
          "@UserID": "S-1-5-18"
        }
      },
      "EventData": {
        "Data": [
          {
            "@Name": "RuleName",
            "#text": "-"
          },
          {
            "@Name": "EventType",
            "#text": "ConnectPipe"
          },
          {
            "@Name": "UtcTime",
            "#text": "2025-11-21 15:39:48.028"
          },
          {
            "@Name": "ProcessGuid",
            "#text": "{03ac98ec-87c3-6920-3303-000000006000}"
          },
          {
            "@Name": "ProcessId",
            "#text": "7560"
          },
          {
            "@Name": "PipeName",
            "#text": "\\hwLAteWXHD"
          },
          {
            "@Name": "Image",
            "#text": "C:\\WINDOWS\\SysWOW64\\cmd.exe"
          }
        ]
      }
    },
    {
      "@xmlns": "http://schemas.microsoft.com/win/2004/08/events/event",
      "System": {
        "Provider": {
          "@Name": "Microsoft-Windows-Sysmon",
          "@Guid": "{5770385f-c22a-43e0-bf4c-06f5698ffbd9}"
        },
        "EventID": "18",
        "Version": "1",
        "Level": "4",
        "Task": "18",
        "Opcode": "0",
        "Keywords": "0x8000000000000000",
        "TimeCreated": {
          "@SystemTime": "2025-11-21T15:39:48.0157498Z"
        },
        "EventRecordID": "865",
        "Correlation": null,
        "Execution": {
          "@ProcessID": "1884",
          "@ThreadID": "6212"
        },
        "Channel": "Microsoft-Windows-Sysmon/Operational",
        "Computer": "DESKTOP-LG3F6GA",
        "Security": {
          "@UserID": "S-1-5-18"
        }
      },
      "EventData": {
        "Data": [
          {
            "@Name": "RuleName",
            "#text": "-"
          },
          {
            "@Name": "EventType",
            "#text": "ConnectPipe"
          },
          {
            "@Name": "UtcTime",
            "#text": "2025-11-21 15:39:48.012"
          },
          {
            "@Name": "ProcessGuid",
            "#text": "{03ac98ec-87c3-6920-3303-000000006000}"
          },
          {
            "@Name": "ProcessId",
            "#text": "7560"
          },
          {
            "@Name": "PipeName",
            "#text": "\\hwLAteWXHD"
          },
          {
            "@Name": "Image",
            "#text": "C:\\WINDOWS\\SysWOW64\\cmd.exe"
          }
        ]
      }
    },
    {
      "@xmlns": "http://schemas.microsoft.com/win/2004/08/events/event",
      "System": {
        "Provider": {
          "@Name": "Microsoft-Windows-Sysmon",
          "@Guid": "{5770385f-c22a-43e0-bf4c-06f5698ffbd9}"
        },
        "EventID": "18",
        "Version": "1",
        "Level": "4",
        "Task": "18",
        "Opcode": "0",
        "Keywords": "0x8000000000000000",
        "TimeCreated": {
          "@SystemTime": "2025-11-21T15:39:48.0105805Z"
        },
        "EventRecordID": "864",
        "Correlation": null,
        "Execution": {
          "@ProcessID": "1884",
          "@ThreadID": "6212"
        },
        "Channel": "Microsoft-Windows-Sysmon/Operational",
        "Computer": "DESKTOP-LG3F6GA",
        "Security": {
          "@UserID": "S-1-5-18"
        }
      },
      "EventData": {
        "Data": [
          {
            "@Name": "RuleName",
            "#text": "-"
          },
          {
            "@Name": "EventType",
            "#text": "ConnectPipe"
          },
          {
            "@Name": "UtcTime",
            "#text": "2025-11-21 15:39:47.996"
          },
          {
            "@Name": "ProcessGuid",
            "#text": "{03ac98ec-87c3-6920-3303-000000006000}"
          },
          {
            "@Name": "ProcessId",
            "#text": "7560"
          },
          {
            "@Name": "PipeName",
            "#text": "\\hwLAteWXHD"
          },
          {
            "@Name": "Image",
            "#text": "C:\\WINDOWS\\SysWOW64\\cmd.exe"
          }
        ]
      }
    },
    {
      "@xmlns": "http://schemas.microsoft.com/win/2004/08/events/event",
      "System": {
        "Provider": {
          "@Name": "Microsoft-Windows-Sysmon",
          "@Guid": "{5770385f-c22a-43e0-bf4c-06f5698ffbd9}"
        },
        "EventID": "18",
        "Version": "1",
        "Level": "4",
        "Task": "18",
        "Opcode": "0",
        "Keywords": "0x8000000000000000",
        "TimeCreated": {
          "@SystemTime": "2025-11-21T15:39:48.0091991Z"
        },
        "EventRecordID": "863",
        "Correlation": null,
        "Execution": {
          "@ProcessID": "1884",
          "@ThreadID": "6212"
        },
        "Channel": "Microsoft-Windows-Sysmon/Operational",
        "Computer": "DESKTOP-LG3F6GA",
        "Security": {
          "@UserID": "S-1-5-18"
        }
      },
      "EventData": {
        "Data": [
          {
            "@Name": "RuleName",
            "#text": "-"
          },
          {
            "@Name": "EventType",
            "#text": "ConnectPipe"
          },
          {
            "@Name": "UtcTime",
            "#text": "2025-11-21 15:39:47.996"
          },
          {
            "@Name": "ProcessGuid",
            "#text": "{03ac98ec-87c3-6920-3303-000000006000}"
          },
          {
            "@Name": "ProcessId",
            "#text": "7560"
          },
          {
            "@Name": "PipeName",
            "#text": "\\hwLAteWXHD"
          },
          {
            "@Name": "Image",
            "#text": "C:\\WINDOWS\\SysWOW64\\cmd.exe"
          }
        ]
      }
    },
    {
      "@xmlns": "http://schemas.microsoft.com/win/2004/08/events/event",
      "System": {
        "Provider": {
          "@Name": "Microsoft-Windows-Sysmon",
          "@Guid": "{5770385f-c22a-43e0-bf4c-06f5698ffbd9}"
        },
        "EventID": "18",
        "Version": "1",
        "Level": "4",
        "Task": "18",
        "Opcode": "0",
        "Keywords": "0x8000000000000000",
        "TimeCreated": {
          "@SystemTime": "2025-11-21T15:39:48.0077654Z"
        },
        "EventRecordID": "862",
        "Correlation": null,
        "Execution": {
          "@ProcessID": "1884",
          "@ThreadID": "6212"
        },
        "Channel": "Microsoft-Windows-Sysmon/Operational",
        "Computer": "DESKTOP-LG3F6GA",
        "Security": {
          "@UserID": "S-1-5-18"
        }
      },
      "EventData": {
        "Data": [
          {
            "@Name": "RuleName",
            "#text": "-"
          },
          {
            "@Name": "EventType",
            "#text": "ConnectPipe"
          },
          {
            "@Name": "UtcTime",
            "#text": "2025-11-21 15:39:47.996"
          },
          {
            "@Name": "ProcessGuid",
            "#text": "{03ac98ec-87c3-6920-3303-000000006000}"
          },
          {
            "@Name": "ProcessId",
            "#text": "7560"
          },
          {
            "@Name": "PipeName",
            "#text": "\\hwLAteWXHD"
          },
          {
            "@Name": "Image",
            "#text": "C:\\WINDOWS\\SysWOW64\\cmd.exe"
          }
        ]
      }
    },
    {
      "@xmlns": "http://schemas.microsoft.com/win/2004/08/events/event",
      "System": {
        "Provider": {
          "@Name": "Microsoft-Windows-Sysmon",
          "@Guid": "{5770385f-c22a-43e0-bf4c-06f5698ffbd9}"
        },
        "EventID": "18",
        "Version": "1",
        "Level": "4",
        "Task": "18",
        "Opcode": "0",
        "Keywords": "0x8000000000000000",
        "TimeCreated": {
          "@SystemTime": "2025-11-21T15:39:48.0042920Z"
        },
        "EventRecordID": "861",
        "Correlation": null,
        "Execution": {
          "@ProcessID": "1884",
          "@ThreadID": "6212"
        },
        "Channel": "Microsoft-Windows-Sysmon/Operational",
        "Computer": "DESKTOP-LG3F6GA",
        "Security": {
          "@UserID": "S-1-5-18"
        }
      },
      "EventData": {
        "Data": [
          {
            "@Name": "RuleName",
            "#text": "-"
          },
          {
            "@Name": "EventType",
            "#text": "ConnectPipe"
          },
          {
            "@Name": "UtcTime",
            "#text": "2025-11-21 15:39:47.996"
          },
          {
            "@Name": "ProcessGuid",
            "#text": "{03ac98ec-87c3-6920-3303-000000006000}"
          },
          {
            "@Name": "ProcessId",
            "#text": "7560"
          },
          {
            "@Name": "PipeName",
            "#text": "\\hwLAteWXHD"
          },
          {
            "@Name": "Image",
            "#text": "C:\\WINDOWS\\SysWOW64\\cmd.exe"
          }
        ]
      }
    },
    {
      "@xmlns": "http://schemas.microsoft.com/win/2004/08/events/event",
      "System": {
        "Provider": {
          "@Name": "Microsoft-Windows-Sysmon",
          "@Guid": "{5770385f-c22a-43e0-bf4c-06f5698ffbd9}"
        },
        "EventID": "18",
        "Version": "1",
        "Level": "4",
        "Task": "18",
        "Opcode": "0",
        "Keywords": "0x8000000000000000",
        "TimeCreated": {
          "@SystemTime": "2025-11-21T15:39:48.0036391Z"
        },
        "EventRecordID": "860",
        "Correlation": null,
        "Execution": {
          "@ProcessID": "1884",
          "@ThreadID": "6212"
        },
        "Channel": "Microsoft-Windows-Sysmon/Operational",
        "Computer": "DESKTOP-LG3F6GA",
        "Security": {
          "@UserID": "S-1-5-18"
        }
      },
      "EventData": {
        "Data": [
          {
            "@Name": "RuleName",
            "#text": "-"
          },
          {
            "@Name": "EventType",
            "#text": "ConnectPipe"
          },
          {
            "@Name": "UtcTime",
            "#text": "2025-11-21 15:39:47.996"
          },
          {
            "@Name": "ProcessGuid",
            "#text": "{03ac98ec-87c3-6920-3303-000000006000}"
          },
          {
            "@Name": "ProcessId",
            "#text": "7560"
          },
          {
            "@Name": "PipeName",
            "#text": "\\hwLAteWXHD"
          },
          {
            "@Name": "Image",
            "#text": "C:\\WINDOWS\\SysWOW64\\cmd.exe"
          }
        ]
      }
    },
    {
      "@xmlns": "http://schemas.microsoft.com/win/2004/08/events/event",
      "System": {
        "Provider": {
          "@Name": "Microsoft-Windows-Sysmon",
          "@Guid": "{5770385f-c22a-43e0-bf4c-06f5698ffbd9}"
        },
        "EventID": "18",
        "Version": "1",
        "Level": "4",
        "Task": "18",
        "Opcode": "0",
        "Keywords": "0x8000000000000000",
        "TimeCreated": {
          "@SystemTime": "2025-11-21T15:39:47.9990648Z"
        },
        "EventRecordID": "859",
        "Correlation": null,
        "Execution": {
          "@ProcessID": "1884",
          "@ThreadID": "6212"
        },
        "Channel": "Microsoft-Windows-Sysmon/Operational",
        "Computer": "DESKTOP-LG3F6GA",
        "Security": {
          "@UserID": "S-1-5-18"
        }
      },
      "EventData": {
        "Data": [
          {
            "@Name": "RuleName",
            "#text": "-"
          },
          {
            "@Name": "EventType",
            "#text": "ConnectPipe"
          },
          {
            "@Name": "UtcTime",
            "#text": "2025-11-21 15:39:47.996"
          },
          {
            "@Name": "ProcessGuid",
            "#text": "{03ac98ec-87c3-6920-3303-000000006000}"
          },
          {
            "@Name": "ProcessId",
            "#text": "7560"
          },
          {
            "@Name": "PipeName",
            "#text": "\\hwLAteWXHD"
          },
          {
            "@Name": "Image",
            "#text": "C:\\WINDOWS\\SysWOW64\\cmd.exe"
          }
        ]
      }
    },
    {
      "@xmlns": "http://schemas.microsoft.com/win/2004/08/events/event",
      "System": {
        "Provider": {
          "@Name": "Microsoft-Windows-Sysmon",
          "@Guid": "{5770385f-c22a-43e0-bf4c-06f5698ffbd9}"
        },
        "EventID": "18",
        "Version": "1",
        "Level": "4",
        "Task": "18",
        "Opcode": "0",
        "Keywords": "0x8000000000000000",
        "TimeCreated": {
          "@SystemTime": "2025-11-21T15:39:47.9951008Z"
        },
        "EventRecordID": "858",
        "Correlation": null,
        "Execution": {
          "@ProcessID": "1884",
          "@ThreadID": "6212"
        },
        "Channel": "Microsoft-Windows-Sysmon/Operational",
        "Computer": "DESKTOP-LG3F6GA",
        "Security": {
          "@UserID": "S-1-5-18"
        }
      },
      "EventData": {
        "Data": [
          {
            "@Name": "RuleName",
            "#text": "-"
          },
          {
            "@Name": "EventType",
            "#text": "ConnectPipe"
          },
          {
            "@Name": "UtcTime",
            "#text": "2025-11-21 15:39:47.981"
          },
          {
            "@Name": "ProcessGuid",
            "#text": "{03ac98ec-87c3-6920-3303-000000006000}"
          },
          {
            "@Name": "ProcessId",
            "#text": "7560"
          },
          {
            "@Name": "PipeName",
            "#text": "\\hwLAteWXHD"
          },
          {
            "@Name": "Image",
            "#text": "C:\\WINDOWS\\SysWOW64\\cmd.exe"
          }
        ]
      }
    },
    {
      "@xmlns": "http://schemas.microsoft.com/win/2004/08/events/event",
      "System": {
        "Provider": {
          "@Name": "Microsoft-Windows-Sysmon",
          "@Guid": "{5770385f-c22a-43e0-bf4c-06f5698ffbd9}"
        },
        "EventID": "18",
        "Version": "1",
        "Level": "4",
        "Task": "18",
        "Opcode": "0",
        "Keywords": "0x8000000000000000",
        "TimeCreated": {
          "@SystemTime": "2025-11-21T15:39:47.9901067Z"
        },
        "EventRecordID": "857",
        "Correlation": null,
        "Execution": {
          "@ProcessID": "1884",
          "@ThreadID": "6212"
        },
        "Channel": "Microsoft-Windows-Sysmon/Operational",
        "Computer": "DESKTOP-LG3F6GA",
        "Security": {
          "@UserID": "S-1-5-18"
        }
      },
      "EventData": {
        "Data": [
          {
            "@Name": "RuleName",
            "#text": "-"
          },
          {
            "@Name": "EventType",
            "#text": "ConnectPipe"
          },
          {
            "@Name": "UtcTime",
            "#text": "2025-11-21 15:39:47.981"
          },
          {
            "@Name": "ProcessGuid",
            "#text": "{03ac98ec-87c3-6920-3303-000000006000}"
          },
          {
            "@Name": "ProcessId",
            "#text": "7560"
          },
          {
            "@Name": "PipeName",
            "#text": "\\hwLAteWXHD"
          },
          {
            "@Name": "Image",
            "#text": "C:\\WINDOWS\\SysWOW64\\cmd.exe"
          }
        ]
      }
    },
    {
      "@xmlns": "http://schemas.microsoft.com/win/2004/08/events/event",
      "System": {
        "Provider": {
          "@Name": "Microsoft-Windows-Sysmon",
          "@Guid": "{5770385f-c22a-43e0-bf4c-06f5698ffbd9}"
        },
        "EventID": "18",
        "Version": "1",
        "Level": "4",
        "Task": "18",
        "Opcode": "0",
        "Keywords": "0x8000000000000000",
        "TimeCreated": {
          "@SystemTime": "2025-11-21T15:39:47.9896486Z"
        },
        "EventRecordID": "856",
        "Correlation": null,
        "Execution": {
          "@ProcessID": "1884",
          "@ThreadID": "6212"
        },
        "Channel": "Microsoft-Windows-Sysmon/Operational",
        "Computer": "DESKTOP-LG3F6GA",
        "Security": {
          "@UserID": "S-1-5-18"
        }
      },
      "EventData": {
        "Data": [
          {
            "@Name": "RuleName",
            "#text": "-"
          },
          {
            "@Name": "EventType",
            "#text": "ConnectPipe"
          },
          {
            "@Name": "UtcTime",
            "#text": "2025-11-21 15:39:47.981"
          },
          {
            "@Name": "ProcessGuid",
            "#text": "{03ac98ec-87c3-6920-3303-000000006000}"
          },
          {
            "@Name": "ProcessId",
            "#text": "7560"
          },
          {
            "@Name": "PipeName",
            "#text": "\\hwLAteWXHD"
          },
          {
            "@Name": "Image",
            "#text": "C:\\WINDOWS\\SysWOW64\\cmd.exe"
          }
        ]
      }
    },
    {
      "@xmlns": "http://schemas.microsoft.com/win/2004/08/events/event",
      "System": {
        "Provider": {
          "@Name": "Microsoft-Windows-Sysmon",
          "@Guid": "{5770385f-c22a-43e0-bf4c-06f5698ffbd9}"
        },
        "EventID": "18",
        "Version": "1",
        "Level": "4",
        "Task": "18",
        "Opcode": "0",
        "Keywords": "0x8000000000000000",
        "TimeCreated": {
          "@SystemTime": "2025-11-21T15:39:47.9737861Z"
        },
        "EventRecordID": "855",
        "Correlation": null,
        "Execution": {
          "@ProcessID": "1884",
          "@ThreadID": "6212"
        },
        "Channel": "Microsoft-Windows-Sysmon/Operational",
        "Computer": "DESKTOP-LG3F6GA",
        "Security": {
          "@UserID": "S-1-5-18"
        }
      },
      "EventData": {
        "Data": [
          {
            "@Name": "RuleName",
            "#text": "-"
          },
          {
            "@Name": "EventType",
            "#text": "ConnectPipe"
          },
          {
            "@Name": "UtcTime",
            "#text": "2025-11-21 15:39:47.965"
          },
          {
            "@Name": "ProcessGuid",
            "#text": "{03ac98ec-87c3-6920-3303-000000006000}"
          },
          {
            "@Name": "ProcessId",
            "#text": "7560"
          },
          {
            "@Name": "PipeName",
            "#text": "\\hwLAteWXHD"
          },
          {
            "@Name": "Image",
            "#text": "C:\\WINDOWS\\SysWOW64\\cmd.exe"
          }
        ]
      }
    },
    {
      "@xmlns": "http://schemas.microsoft.com/win/2004/08/events/event",
      "System": {
        "Provider": {
          "@Name": "Microsoft-Windows-Sysmon",
          "@Guid": "{5770385f-c22a-43e0-bf4c-06f5698ffbd9}"
        },
        "EventID": "13",
        "Version": "2",
        "Level": "4",
        "Task": "13",
        "Opcode": "0",
        "Keywords": "0x8000000000000000",
        "TimeCreated": {
          "@SystemTime": "2025-11-21T15:39:47.9701848Z"
        },
        "EventRecordID": "854",
        "Correlation": null,
        "Execution": {
          "@ProcessID": "1884",
          "@ThreadID": "6212"
        },
        "Channel": "Microsoft-Windows-Sysmon/Operational",
        "Computer": "DESKTOP-LG3F6GA",
        "Security": {
          "@UserID": "S-1-5-18"
        }
      },
      "EventData": {
        "Data": [
          {
            "@Name": "RuleName",
            "#text": "-"
          },
          {
            "@Name": "EventType",
            "#text": "SetValue"
          },
          {
            "@Name": "UtcTime",
            "#text": "2025-11-21 15:39:47.949"
          },
          {
            "@Name": "ProcessGuid",
            "#text": "{03ac98ec-32b9-68ca-7600-000000006000}"
          },
          {
            "@Name": "ProcessId",
            "#text": "5312"
          },
          {
            "@Name": "Image",
            "#text": "C:\\WINDOWS\\Explorer.EXE"
          },
          {
            "@Name": "TargetObject",
            "#text": "HKU\\S-1-5-21-3171250481-3681422803-404499418-1001\\SOFTWARE\\Microsoft\\Windows\\CurrentVersion\\Explorer\\UserAssist\\{CEBFF5CD-ACE2-4F4F-9178-9926F41749EA}\\Count\\HRZR_PGYFRFFVBA"
          },
          {
            "@Name": "Details",
            "#text": "Binary Data"
          }
        ]
      }
    },
    {
      "@xmlns": "http://schemas.microsoft.com/win/2004/08/events/event",
      "System": {
        "Provider": {
          "@Name": "Microsoft-Windows-Sysmon",
          "@Guid": "{5770385f-c22a-43e0-bf4c-06f5698ffbd9}"
        },
        "EventID": "13",
        "Version": "2",
        "Level": "4",
        "Task": "13",
        "Opcode": "0",
        "Keywords": "0x8000000000000000",
        "TimeCreated": {
          "@SystemTime": "2025-11-21T15:39:47.9697471Z"
        },
        "EventRecordID": "853",
        "Correlation": null,
        "Execution": {
          "@ProcessID": "1884",
          "@ThreadID": "6212"
        },
        "Channel": "Microsoft-Windows-Sysmon/Operational",
        "Computer": "DESKTOP-LG3F6GA",
        "Security": {
          "@UserID": "S-1-5-18"
        }
      },
      "EventData": {
        "Data": [
          {
            "@Name": "RuleName",
            "#text": "-"
          },
          {
            "@Name": "EventType",
            "#text": "SetValue"
          },
          {
            "@Name": "UtcTime",
            "#text": "2025-11-21 15:39:47.949"
          },
          {
            "@Name": "ProcessGuid",
            "#text": "{03ac98ec-32b9-68ca-7600-000000006000}"
          },
          {
            "@Name": "ProcessId",
            "#text": "5312"
          },
          {
            "@Name": "Image",
            "#text": "C:\\WINDOWS\\Explorer.EXE"
          },
          {
            "@Name": "TargetObject",
            "#text": "HKU\\S-1-5-21-3171250481-3681422803-404499418-1001\\SOFTWARE\\Microsoft\\Windows\\CurrentVersion\\Explorer\\UserAssist\\{CEBFF5CD-ACE2-4F4F-9178-9926F41749EA}\\Count\\{Q65231O0-O2S1-4857-N4PR-N8R7P6RN7Q27}\\pzq.rkr"
          },
          {
            "@Name": "Details",
            "#text": "Binary Data"
          }
        ]
      }
    },
    {
      "@xmlns": "http://schemas.microsoft.com/win/2004/08/events/event",
      "System": {
        "Provider": {
          "@Name": "Microsoft-Windows-Sysmon",
          "@Guid": "{5770385f-c22a-43e0-bf4c-06f5698ffbd9}"
        },
        "EventID": "18",
        "Version": "1",
        "Level": "4",
        "Task": "18",
        "Opcode": "0",
        "Keywords": "0x8000000000000000",
        "TimeCreated": {
          "@SystemTime": "2025-11-21T15:39:47.9000699Z"
        },
        "EventRecordID": "852",
        "Correlation": null,
        "Execution": {
          "@ProcessID": "1884",
          "@ThreadID": "6212"
        },
        "Channel": "Microsoft-Windows-Sysmon/Operational",
        "Computer": "DESKTOP-LG3F6GA",
        "Security": {
          "@UserID": "S-1-5-18"
        }
      },
      "EventData": {
        "Data": [
          {
            "@Name": "RuleName",
            "#text": "-"
          },
          {
            "@Name": "EventType",
            "#text": "ConnectPipe"
          },
          {
            "@Name": "UtcTime",
            "#text": "2025-11-21 15:39:47.887"
          },
          {
            "@Name": "ProcessGuid",
            "#text": "{03ac98ec-87c3-6920-3303-000000006000}"
          },
          {
            "@Name": "ProcessId",
            "#text": "7560"
          },
          {
            "@Name": "PipeName",
            "#text": "\\hwLAteWXHD"
          },
          {
            "@Name": "Image",
            "#text": "C:\\WINDOWS\\SysWOW64\\cmd.exe"
          }
        ]
      }
    },
    {
      "@xmlns": "http://schemas.microsoft.com/win/2004/08/events/event",
      "System": {
        "Provider": {
          "@Name": "Microsoft-Windows-Sysmon",
          "@Guid": "{5770385f-c22a-43e0-bf4c-06f5698ffbd9}"
        },
        "EventID": "18",
        "Version": "1",
        "Level": "4",
        "Task": "18",
        "Opcode": "0",
        "Keywords": "0x8000000000000000",
        "TimeCreated": {
          "@SystemTime": "2025-11-21T15:39:47.8646977Z"
        },
        "EventRecordID": "851",
        "Correlation": null,
        "Execution": {
          "@ProcessID": "1884",
          "@ThreadID": "6212"
        },
        "Channel": "Microsoft-Windows-Sysmon/Operational",
        "Computer": "DESKTOP-LG3F6GA",
        "Security": {
          "@UserID": "S-1-5-18"
        }
      },
      "EventData": {
        "Data": [
          {
            "@Name": "RuleName",
            "#text": "-"
          },
          {
            "@Name": "EventType",
            "#text": "ConnectPipe"
          },
          {
            "@Name": "UtcTime",
            "#text": "2025-11-21 15:39:47.856"
          },
          {
            "@Name": "ProcessGuid",
            "#text": "{03ac98ec-87c3-6920-3303-000000006000}"
          },
          {
            "@Name": "ProcessId",
            "#text": "7560"
          },
          {
            "@Name": "PipeName",
            "#text": "\\hwLAteWXHD"
          },
          {
            "@Name": "Image",
            "#text": "C:\\WINDOWS\\SysWOW64\\cmd.exe"
          }
        ]
      }
    },
    {
      "@xmlns": "http://schemas.microsoft.com/win/2004/08/events/event",
      "System": {
        "Provider": {
          "@Name": "Microsoft-Windows-Sysmon",
          "@Guid": "{5770385f-c22a-43e0-bf4c-06f5698ffbd9}"
        },
        "EventID": "18",
        "Version": "1",
        "Level": "4",
        "Task": "18",
        "Opcode": "0",
        "Keywords": "0x8000000000000000",
        "TimeCreated": {
          "@SystemTime": "2025-11-21T15:39:47.8369917Z"
        },
        "EventRecordID": "850",
        "Correlation": null,
        "Execution": {
          "@ProcessID": "1884",
          "@ThreadID": "6212"
        },
        "Channel": "Microsoft-Windows-Sysmon/Operational",
        "Computer": "DESKTOP-LG3F6GA",
        "Security": {
          "@UserID": "S-1-5-18"
        }
      },
      "EventData": {
        "Data": [
          {
            "@Name": "RuleName",
            "#text": "-"
          },
          {
            "@Name": "EventType",
            "#text": "ConnectPipe"
          },
          {
            "@Name": "UtcTime",
            "#text": "2025-11-21 15:39:47.824"
          },
          {
            "@Name": "ProcessGuid",
            "#text": "{03ac98ec-87c3-6920-3303-000000006000}"
          },
          {
            "@Name": "ProcessId",
            "#text": "7560"
          },
          {
            "@Name": "PipeName",
            "#text": "\\hwLAteWXHD"
          },
          {
            "@Name": "Image",
            "#text": "C:\\WINDOWS\\SysWOW64\\cmd.exe"
          }
        ]
      }
    },
    {
      "@xmlns": "http://schemas.microsoft.com/win/2004/08/events/event",
      "System": {
        "Provider": {
          "@Name": "Microsoft-Windows-Sysmon",
          "@Guid": "{5770385f-c22a-43e0-bf4c-06f5698ffbd9}"
        },
        "EventID": "18",
        "Version": "1",
        "Level": "4",
        "Task": "18",
        "Opcode": "0",
        "Keywords": "0x8000000000000000",
        "TimeCreated": {
          "@SystemTime": "2025-11-21T15:39:47.8361584Z"
        },
        "EventRecordID": "849",
        "Correlation": null,
        "Execution": {
          "@ProcessID": "1884",
          "@ThreadID": "6212"
        },
        "Channel": "Microsoft-Windows-Sysmon/Operational",
        "Computer": "DESKTOP-LG3F6GA",
        "Security": {
          "@UserID": "S-1-5-18"
        }
      },
      "EventData": {
        "Data": [
          {
            "@Name": "RuleName",
            "#text": "-"
          },
          {
            "@Name": "EventType",
            "#text": "ConnectPipe"
          },
          {
            "@Name": "UtcTime",
            "#text": "2025-11-21 15:39:47.824"
          },
          {
            "@Name": "ProcessGuid",
            "#text": "{03ac98ec-87c3-6920-3303-000000006000}"
          },
          {
            "@Name": "ProcessId",
            "#text": "7560"
          },
          {
            "@Name": "PipeName",
            "#text": "\\hwLAteWXHD"
          },
          {
            "@Name": "Image",
            "#text": "C:\\WINDOWS\\SysWOW64\\cmd.exe"
          }
        ]
      }
    },
    {
      "@xmlns": "http://schemas.microsoft.com/win/2004/08/events/event",
      "System": {
        "Provider": {
          "@Name": "Microsoft-Windows-Sysmon",
          "@Guid": "{5770385f-c22a-43e0-bf4c-06f5698ffbd9}"
        },
        "EventID": "18",
        "Version": "1",
        "Level": "4",
        "Task": "18",
        "Opcode": "0",
        "Keywords": "0x8000000000000000",
        "TimeCreated": {
          "@SystemTime": "2025-11-21T15:39:47.8353407Z"
        },
        "EventRecordID": "848",
        "Correlation": null,
        "Execution": {
          "@ProcessID": "1884",
          "@ThreadID": "6212"
        },
        "Channel": "Microsoft-Windows-Sysmon/Operational",
        "Computer": "DESKTOP-LG3F6GA",
        "Security": {
          "@UserID": "S-1-5-18"
        }
      },
      "EventData": {
        "Data": [
          {
            "@Name": "RuleName",
            "#text": "-"
          },
          {
            "@Name": "EventType",
            "#text": "ConnectPipe"
          },
          {
            "@Name": "UtcTime",
            "#text": "2025-11-21 15:39:47.824"
          },
          {
            "@Name": "ProcessGuid",
            "#text": "{03ac98ec-87c3-6920-3303-000000006000}"
          },
          {
            "@Name": "ProcessId",
            "#text": "7560"
          },
          {
            "@Name": "PipeName",
            "#text": "\\hwLAteWXHD"
          },
          {
            "@Name": "Image",
            "#text": "C:\\WINDOWS\\SysWOW64\\cmd.exe"
          }
        ]
      }
    },
