{
  "target": {
    "category": "file",
    "file": {
      "name": "bits.bat",
      "path": "/opt/CAPEv2/storage/binaries/9088f800b991f31f3e66cebf61514dd64d605eedbccc5c206bc3f05fb56bd788",
      "guest_paths": "",
      "size": 232,
      "crc32": "EF3975DD",
      "md5": "fab2cd20377123b5daf1368024098e5a",
      "sha1": "037e2351423de3224d1463b93c2d81ff0f393fdf",
      "sha256": "9088f800b991f31f3e66cebf61514dd64d605eedbccc5c206bc3f05fb56bd788",
      "sha512": "60b9cf5c2ad070f66defc9489bb812e00488d004e923f3d83643c0c57b0e90b707b4b48a86536952e5001812d9986c6dc05de9b60c8baf116719e06d344448bc",
      "rh_hash": null,
      "ssdeep": "6:jYtSRD4CPZS95OP52VdIMCinZtJNXp4CPZS355PzhlTn:jtLS95OSxdftSJB",
      "type": "ASCII text, with CRLF line terminators",
      "yara": [],
      "cape_yara": [],
      "clamav": [],
      "tlsh": "T1A2D0A7CC1DC5D6450000F50DB3BCD20D7895D315B1C0E7D452E04DD270108EA22C3323",
      "sha3_384": "a18d496dfbe77bbb35a741236f13b0e8a586f29c4e69b3302f58ce6054ce378f8ae87a4914004c32a930abaa02c3e7c7",
      "data": "Start-BitsTransfer -Source http://www.example.com/package.zip -Destination C:\\Users\\buddy\\testfile1.txt\r\nbitsadmin /transfer myDownloadJob /download /priority normal http://www.example.com/package.zip C:\\\\Users\\\\buddy\\\\testfile2.txt",
      "strings": [],
      "cape_type_code": 0,
      "cape_type": ""
    }
  },
  "info": {
    "version": "2.4-CAPE",
    "started": "2025-11-21 15:39:20",
    "ended": "2025-11-21 15:41:23",
    "duration": 123,
    "id": 279602,
    "category": "file",
    "custom": "",
    "machine": {
      "id": 279590,
      "status": "stopping",
      "name": "cape_u-12_win10x64-90",
      "label": "cape_u-12_win10x64-90",
      "platform": "windows",
      "manager": "KVM",
      "started_on": "2025-11-21 15:39:20",
      "shutdown_on": "2025-11-21 15:41:22"
    },
    "package": "",
    "timeout": true,
    "shrike_url": null,
    "shrike_refer": null,
    "shrike_msg": null,
    "shrike_sid": null,
    "parent_id": null,
    "tlp": null,
    "parent_sample": {},
    "options": {
      "force-sleepskip": "1",
      "api-cap": "1000"
    },
    "source_url": null,
    "route": "inetsim",
    "user_id": 1,
    "CAPE_current_commit": "eaaacb40aa2281b36851d3c02d8396391a466a78"
  },
  "signatures": [
    {
      "name": "stealth_network",
      "description": "Network activity detected but not expressed in monitor API logs",
      "categories": [
        "stealth"
      ],
      "severity": 1,
      "weight": 1,
      "confidence": 100,
      "references": [],
      "data": [
        {
          "ip": "20.165.94.63"
        },
        {
          "domain": "settings-win.data.microsoft.com"
        },
        {
          "domain": "slscr.update.microsoft.com"
        },
        {
          "domain": "online_nat.online_nat"
        },
        {
          "domain": "crl.microsoft.com"
        },
        {
          "domain": "www.microsoft.com"
        }
      ],
      "new_data": [],
      "alert": false,
      "families": []
    },
    {
      "name": "queries_locale_api",
      "description": "Queries the computer locale (possible geofencing)",
      "categories": [
        "location_discovery",
        "geofence"
      ],
      "severity": 1,
      "weight": 1,
      "confidence": 100,
      "references": [],
      "data": [
        {
          "type": "call",
          "pid": 6264,
          "cid": 77
        },
        {
          "type": "call",
          "pid": 7560,
          "cid": 81
        }
      ],
      "new_data": [],
      "alert": false,
      "families": []
    },
    {
      "name": "language_check_registry",
      "description": "Checks system language via registry key (possible geofencing)",
      "categories": [
        "location_discovery",
        "geofence"
      ],
      "severity": 1,
      "weight": 1,
      "confidence": 100,
      "references": [],
      "data": [
        {
          "regkey": "HKEY_LOCAL_MACHINE\\SYSTEM\\ControlSet001\\Control\\Nls\\CustomLocale\\en-US"
        },
        {
          "regkey": "HKEY_LOCAL_MACHINE\\SYSTEM\\ControlSet001\\Control\\Nls\\ExtendedLocale\\en-US"
        }
      ],
      "new_data": [],
      "alert": false,
      "families": []
    },
    {
      "name": "uses_windows_utilities",
      "description": "Uses Windows utilities for basic functionality",
      "categories": [
        "command",
        "lateral"
      ],
      "severity": 2,
      "weight": 1,
      "confidence": 80,
      "references": [],
      "data": [
        {
          "command": "C:\\WINDOWS\\system32\\cmd.exe  /K \"C:\\Users\\buddy\\AppData\\Local\\Temp\\bits.bat\""
        }
      ],
      "new_data": [],
      "alert": false,
      "families": []
    },
    {
      "name": "stealth_file",
      "description": "Creates a hidden or system file",
      "categories": [
        "stealth"
      ],
      "severity": 3,
      "weight": 1,
      "confidence": 50,
      "references": [],
      "data": [
        {
          "type": "call",
          "pid": 2348,
          "cid": 87
        },
        {
          "file": "C:\\Users\\buddy\\BIT3E53.tmp"
        }
      ],
      "new_data": [],
      "alert": false,
      "families": []
    },
    {
      "name": "suspicious_command_tools",
      "description": "Uses suspicious command line tools or Windows utilities",
      "categories": [
        "command",
        "lateral"
      ],
      "severity": 3,
      "weight": 1,
      "confidence": 80,
      "references": [],
      "data": [
        {
          "command": "bitsadmin  /transfer myDownloadJob /download /priority normal http://www.example.com/package.zip C:\\\\Users\\\\buddy\\\\testfile2.txt"
        }
      ],
      "new_data": [],
      "alert": false,
      "families": []
    }
  ],
  "CAPE": {
    "payloads": [],
    "configs": []
  },
  "curtain": null,
  "sysmon": [
    {
      "@xmlns": "http://schemas.microsoft.com/win/2004/08/events/event",
      "System": {
        "Provider": {
          "@Name": "Microsoft-Windows-Sysmon",
          "@Guid": "{5770385f-c22a-43e0-bf4c-06f5698ffbd9}"
        },
        "EventID": "18",
        "Version": "1",
        "Level": "4",
        "Task": "18",
        "Opcode": "0",
        "Keywords": "0x8000000000000000",
        "TimeCreated": {
          "@SystemTime": "2025-11-21T15:41:08.4714923Z"
        },
        "EventRecordID": "1225",
        "Correlation": null,
        "Execution": {
          "@ProcessID": "1884",
          "@ThreadID": "6212"
        },
        "Channel": "Microsoft-Windows-Sysmon/Operational",
        "Computer": "DESKTOP-LG3F6GA",
        "Security": {
          "@UserID": "S-1-5-18"
        }
      },
      "EventData": {
        "Data": [
          {
            "@Name": "RuleName",
            "#text": "-"
          },
          {
            "@Name": "EventType",
            "#text": "ConnectPipe"
          },
          {
            "@Name": "UtcTime",
            "#text": "2025-11-21 15:41:08.465"
          },
          {
            "@Name": "ProcessGuid",
            "#text": "{03ac98ec-32b1-68ca-0b00-000000006000}"
          },
          {
            "@Name": "ProcessId",
            "#text": "600"
          },
          {
            "@Name": "PipeName",
            "#text": "\\hwLAteWXHD"
          },
          {
            "@Name": "Image",
            "#text": "C:\\WINDOWS\\system32\\services.exe"
          }
        ]
      }
    },
    {
      "@xmlns": "http://schemas.microsoft.com/win/2004/08/events/event",
      "System": {
        "Provider": {
          "@Name": "Microsoft-Windows-Sysmon",
          "@Guid": "{5770385f-c22a-43e0-bf4c-06f5698ffbd9}"
        },
        "EventID": "18",
        "Version": "1",
        "Level": "4",
        "Task": "18",
        "Opcode": "0",
        "Keywords": "0x8000000000000000",
        "TimeCreated": {
          "@SystemTime": "2025-11-21T15:41:08.4679967Z"
        },
        "EventRecordID": "1224",
        "Correlation": null,
        "Execution": {
          "@ProcessID": "1884",
          "@ThreadID": "6212"
        },
        "Channel": "Microsoft-Windows-Sysmon/Operational",
        "Computer": "DESKTOP-LG3F6GA",
        "Security": {
          "@UserID": "S-1-5-18"
        }
      },
      "EventData": {
        "Data": [
          {
            "@Name": "RuleName",
            "#text": "-"
          },
          {
            "@Name": "EventType",
            "#text": "ConnectPipe"
          },
          {
            "@Name": "UtcTime",
            "#text": "2025-11-21 15:41:08.465"
          },
          {
            "@Name": "ProcessGuid",
            "#text": "{03ac98ec-32b1-68ca-0b00-000000006000}"
          },
          {
            "@Name": "ProcessId",
            "#text": "600"
          },
          {
            "@Name": "PipeName",
            "#text": "\\hwLAteWXHD"
          },
          {
            "@Name": "Image",
            "#text": "C:\\WINDOWS\\system32\\services.exe"
          }
        ]
      }
    },
    {
      "@xmlns": "http://schemas.microsoft.com/win/2004/08/events/event",
      "System": {
        "Provider": {
          "@Name": "Microsoft-Windows-Sysmon",
          "@Guid": "{5770385f-c22a-43e0-bf4c-06f5698ffbd9}"
        },
        "EventID": "18",
        "Version": "1",
        "Level": "4",
        "Task": "18",
        "Opcode": "0",
        "Keywords": "0x8000000000000000",
        "TimeCreated": {
          "@SystemTime": "2025-11-21T15:41:08.4666821Z"
        },
        "EventRecordID": "1223",
        "Correlation": null,
        "Execution": {
          "@ProcessID": "1884",
          "@ThreadID": "6212"
        },
        "Channel": "Microsoft-Windows-Sysmon/Operational",
        "Computer": "DESKTOP-LG3F6GA",
        "Security": {
          "@UserID": "S-1-5-18"
        }
      },
      "EventData": {
        "Data": [
          {
            "@Name": "RuleName",
            "#text": "-"
          },
          {
            "@Name": "EventType",
            "#text": "ConnectPipe"
          },
          {
            "@Name": "UtcTime",
            "#text": "2025-11-21 15:41:08.465"
          },
          {
            "@Name": "ProcessGuid",
            "#text": "{03ac98ec-32b1-68ca-0b00-000000006000}"
          },
          {
            "@Name": "ProcessId",
            "#text": "600"
          },
          {
            "@Name": "PipeName",
            "#text": "\\hwLAteWXHD"
          },
          {
            "@Name": "Image",
            "#text": "C:\\WINDOWS\\system32\\services.exe"
          }
        ]
      }
    },
    {
      "@xmlns": "http://schemas.microsoft.com/win/2004/08/events/event",
      "System": {
        "Provider": {
          "@Name": "Microsoft-Windows-Sysmon",
          "@Guid": "{5770385f-c22a-43e0-bf4c-06f5698ffbd9}"
        },
        "EventID": "18",
        "Version": "1",
        "Level": "4",
        "Task": "18",
        "Opcode": "0",
        "Keywords": "0x8000000000000000",
        "TimeCreated": {
          "@SystemTime": "2025-11-21T15:41:08.4644559Z"
        },
        "EventRecordID": "1222",
        "Correlation": null,
        "Execution": {
          "@ProcessID": "1884",
          "@ThreadID": "6212"
        },
        "Channel": "Microsoft-Windows-Sysmon/Operational",
        "Computer": "DESKTOP-LG3F6GA",
        "Security": {
          "@UserID": "S-1-5-18"
        }
      },
      "EventData": {
        "Data": [
          {
            "@Name": "RuleName",
            "#text": "-"
          },
          {
            "@Name": "EventType",
            "#text": "ConnectPipe"
          },
          {
            "@Name": "UtcTime",
            "#text": "2025-11-21 15:41:08.449"
          },
          {
            "@Name": "ProcessGuid",
            "#text": "{03ac98ec-87c9-6920-4103-000000006000}"
          },
          {
            "@Name": "ProcessId",
            "#text": "2348"
          },
          {
            "@Name": "PipeName",
            "#text": "\\hwLAteWXHD"
          },
          {
            "@Name": "Image",
            "#text": "C:\\WINDOWS\\System32\\svchost.exe"
          }
        ]
      }
    },
    {
      "@xmlns": "http://schemas.microsoft.com/win/2004/08/events/event",
      "System": {
        "Provider": {
          "@Name": "Microsoft-Windows-Sysmon",
          "@Guid": "{5770385f-c22a-43e0-bf4c-06f5698ffbd9}"
        },
        "EventID": "18",
        "Version": "1",
        "Level": "4",
        "Task": "18",
        "Opcode": "0",
        "Keywords": "0x8000000000000000",
        "TimeCreated": {
          "@SystemTime": "2025-11-21T15:41:08.4632913Z"
        },
        "EventRecordID": "1221",
        "Correlation": null,
        "Execution": {
          "@ProcessID": "1884",
          "@ThreadID": "6212"
        },
        "Channel": "Microsoft-Windows-Sysmon/Operational",
        "Computer": "DESKTOP-LG3F6GA",
        "Security": {
          "@UserID": "S-1-5-18"
        }
      },
      "EventData": {
        "Data": [
          {
            "@Name": "RuleName",
            "#text": "-"
          },
          {
            "@Name": "EventType",
            "#text": "ConnectPipe"
          },
          {
            "@Name": "UtcTime",
            "#text": "2025-11-21 15:41:08.449"
          },
          {
            "@Name": "ProcessGuid",
            "#text": "{03ac98ec-87c9-6920-4103-000000006000}"
          },
          {
            "@Name": "ProcessId",
            "#text": "2348"
          },
          {
            "@Name": "PipeName",
            "#text": "\\hwLAteWXHD"
          },
          {
            "@Name": "Image",
            "#text": "C:\\WINDOWS\\System32\\svchost.exe"
          }
        ]
      }
    },
    {
      "@xmlns": "http://schemas.microsoft.com/win/2004/08/events/event",
      "System": {
        "Provider": {
          "@Name": "Microsoft-Windows-Sysmon",
          "@Guid": "{5770385f-c22a-43e0-bf4c-06f5698ffbd9}"
        },
        "EventID": "18",
        "Version": "1",
        "Level": "4",
        "Task": "18",
        "Opcode": "0",
        "Keywords": "0x8000000000000000",
        "TimeCreated": {
          "@SystemTime": "2025-11-21T15:41:08.4593568Z"
        },
        "EventRecordID": "1220",
        "Correlation": null,
        "Execution": {
          "@ProcessID": "1884",
          "@ThreadID": "6212"
        },
        "Channel": "Microsoft-Windows-Sysmon/Operational",
        "Computer": "DESKTOP-LG3F6GA",
        "Security": {
          "@UserID": "S-1-5-18"
        }
      },
      "EventData": {
        "Data": [
          {
            "@Name": "RuleName",
            "#text": "-"
          },
          {
            "@Name": "EventType",
            "#text": "ConnectPipe"
          },
          {
            "@Name": "UtcTime",
            "#text": "2025-11-21 15:41:08.449"
          },
          {
            "@Name": "ProcessGuid",
            "#text": "{03ac98ec-87c9-6920-4103-000000006000}"
          },
          {
            "@Name": "ProcessId",
            "#text": "2348"
          },
          {
            "@Name": "PipeName",
            "#text": "\\hwLAteWXHD"
          },
          {
            "@Name": "Image",
            "#text": "C:\\WINDOWS\\System32\\svchost.exe"
          }
        ]
      }
    },
    {
      "@xmlns": "http://schemas.microsoft.com/win/2004/08/events/event",
      "System": {
        "Provider": {
          "@Name": "Microsoft-Windows-Sysmon",
          "@Guid": "{5770385f-c22a-43e0-bf4c-06f5698ffbd9}"
        },
        "EventID": "18",
        "Version": "1",
        "Level": "4",
        "Task": "18",
        "Opcode": "0",
        "Keywords": "0x8000000000000000",
        "TimeCreated": {
          "@SystemTime": "2025-11-21T15:41:08.4576032Z"
        },
        "EventRecordID": "1219",
        "Correlation": null,
        "Execution": {
          "@ProcessID": "1884",
          "@ThreadID": "6212"
        },
        "Channel": "Microsoft-Windows-Sysmon/Operational",
        "Computer": "DESKTOP-LG3F6GA",
        "Security": {
          "@UserID": "S-1-5-18"
        }
      },
      "EventData": {
        "Data": [
          {
            "@Name": "RuleName",
            "#text": "-"
          },
          {
            "@Name": "EventType",
            "#text": "ConnectPipe"
          },
          {
            "@Name": "UtcTime",
            "#text": "2025-11-21 15:41:08.449"
          },
          {
            "@Name": "ProcessGuid",
            "#text": "{03ac98ec-87c9-6920-4103-000000006000}"
          },
          {
            "@Name": "ProcessId",
            "#text": "2348"
          },
          {
            "@Name": "PipeName",
            "#text": "\\hwLAteWXHD"
          },
          {
            "@Name": "Image",
            "#text": "C:\\WINDOWS\\System32\\svchost.exe"
          }
        ]
      }
    },
    {
      "@xmlns": "http://schemas.microsoft.com/win/2004/08/events/event",
      "System": {
        "Provider": {
          "@Name": "Microsoft-Windows-Sysmon",
          "@Guid": "{5770385f-c22a-43e0-bf4c-06f5698ffbd9}"
        },
        "EventID": "18",
        "Version": "1",
        "Level": "4",
        "Task": "18",
        "Opcode": "0",
        "Keywords": "0x8000000000000000",
        "TimeCreated": {
          "@SystemTime": "2025-11-21T15:41:08.4561955Z"
        },
        "EventRecordID": "1218",
        "Correlation": null,
        "Execution": {
          "@ProcessID": "1884",
          "@ThreadID": "6212"
        },
        "Channel": "Microsoft-Windows-Sysmon/Operational",
        "Computer": "DESKTOP-LG3F6GA",
        "Security": {
          "@UserID": "S-1-5-18"
        }
      },
      "EventData": {
        "Data": [
          {
            "@Name": "RuleName",
            "#text": "-"
          },
          {
            "@Name": "EventType",
            "#text": "ConnectPipe"
          },
          {
            "@Name": "UtcTime",
            "#text": "2025-11-21 15:41:08.449"
          },
          {
            "@Name": "ProcessGuid",
            "#text": "{03ac98ec-32b1-68ca-1000-000000006000}"
          },
          {
            "@Name": "ProcessId",
            "#text": "832"
          },
          {
            "@Name": "PipeName",
            "#text": "\\hwLAteWXHD"
          },
          {
            "@Name": "Image",
            "#text": "C:\\WINDOWS\\system32\\svchost.exe"
          }
        ]
      }
    },
    {
      "@xmlns": "http://schemas.microsoft.com/win/2004/08/events/event",
      "System": {
        "Provider": {
          "@Name": "Microsoft-Windows-Sysmon",
          "@Guid": "{5770385f-c22a-43e0-bf4c-06f5698ffbd9}"
        },
        "EventID": "18",
        "Version": "1",
        "Level": "4",
        "Task": "18",
        "Opcode": "0",
        "Keywords": "0x8000000000000000",
        "TimeCreated": {
          "@SystemTime": "2025-11-21T15:41:08.4526745Z"
        },
        "EventRecordID": "1217",
        "Correlation": null,
        "Execution": {
          "@ProcessID": "1884",
          "@ThreadID": "6212"
        },
        "Channel": "Microsoft-Windows-Sysmon/Operational",
        "Computer": "DESKTOP-LG3F6GA",
        "Security": {
          "@UserID": "S-1-5-18"
        }
      },
      "EventData": {
        "Data": [
          {
            "@Name": "RuleName",
            "#text": "-"
          },
          {
            "@Name": "EventType",
            "#text": "ConnectPipe"
          },
          {
            "@Name": "UtcTime",
            "#text": "2025-11-21 15:41:08.449"
          },
          {
            "@Name": "ProcessGuid",
            "#text": "{03ac98ec-32b1-68ca-1000-000000006000}"
          },
          {
            "@Name": "ProcessId",
            "#text": "832"
          },
          {
            "@Name": "PipeName",
            "#text": "\\hwLAteWXHD"
          },
          {
            "@Name": "Image",
            "#text": "C:\\WINDOWS\\system32\\svchost.exe"
          }
        ]
      }
    },
    {
      "@xmlns": "http://schemas.microsoft.com/win/2004/08/events/event",
      "System": {
        "Provider": {
          "@Name": "Microsoft-Windows-Sysmon",
          "@Guid": "{5770385f-c22a-43e0-bf4c-06f5698ffbd9}"
        },
        "EventID": "18",
        "Version": "1",
        "Level": "4",
        "Task": "18",
        "Opcode": "0",
        "Keywords": "0x8000000000000000",
        "TimeCreated": {
          "@SystemTime": "2025-11-21T15:41:08.4508026Z"
        },
        "EventRecordID": "1216",
        "Correlation": null,
        "Execution": {
          "@ProcessID": "1884",
          "@ThreadID": "6212"
        },
        "Channel": "Microsoft-Windows-Sysmon/Operational",
        "Computer": "DESKTOP-LG3F6GA",
        "Security": {
          "@UserID": "S-1-5-18"
        }
      },
      "EventData": {
        "Data": [
          {
            "@Name": "RuleName",
            "#text": "-"
          },
          {
            "@Name": "EventType",
            "#text": "ConnectPipe"
          },
          {
            "@Name": "UtcTime",
            "#text": "2025-11-21 15:41:08.449"
          },
          {
            "@Name": "ProcessGuid",
            "#text": "{03ac98ec-32b1-68ca-1000-000000006000}"
          },
          {
            "@Name": "ProcessId",
            "#text": "832"
          },
          {
            "@Name": "PipeName",
            "#text": "\\hwLAteWXHD"
          },
          {
            "@Name": "Image",
            "#text": "C:\\WINDOWS\\system32\\svchost.exe"
          }
        ]
      }
    },
    {
      "@xmlns": "http://schemas.microsoft.com/win/2004/08/events/event",
      "System": {
        "Provider": {
          "@Name": "Microsoft-Windows-Sysmon",
          "@Guid": "{5770385f-c22a-43e0-bf4c-06f5698ffbd9}"
        },
        "EventID": "13",
        "Version": "2",
        "Level": "4",
        "Task": "13",
        "Opcode": "0",
        "Keywords": "0x8000000000000000",
        "TimeCreated": {
          "@SystemTime": "2025-11-21T15:41:07.4976048Z"
        },
        "EventRecordID": "1215",
        "Correlation": null,
        "Execution": {
          "@ProcessID": "1884",
          "@ThreadID": "6212"
        },
        "Channel": "Microsoft-Windows-Sysmon/Operational",
        "Computer": "DESKTOP-LG3F6GA",
        "Security": {
          "@UserID": "S-1-5-18"
        }
      },
      "EventData": {
        "Data": [
          {
            "@Name": "RuleName",
            "#text": "-"
          },
          {
            "@Name": "EventType",
            "#text": "SetValue"
          },
          {
            "@Name": "UtcTime",
            "#text": "2025-11-21 15:41:07.496"
          },
          {
            "@Name": "ProcessGuid",
            "#text": "{03ac98ec-32b9-68ca-7600-000000006000}"
          },
          {
            "@Name": "ProcessId",
            "#text": "5312"
          },
          {
            "@Name": "Image",
            "#text": "C:\\WINDOWS\\Explorer.EXE"
          },
          {
            "@Name": "TargetObject",
            "#text": "HKU\\S-1-5-21-3171250481-3681422803-404499418-1001\\SOFTWARE\\Microsoft\\Windows\\CurrentVersion\\Explorer\\SessionInfo\\1\\ApplicationViewManagement\\W32:00000000001801CE\\VirtualDesktop"
          },
          {
            "@Name": "Details",
            "#text": "Binary Data"
          }
        ]
      }
    },
    {
      "@xmlns": "http://schemas.microsoft.com/win/2004/08/events/event",
      "System": {
        "Provider": {
          "@Name": "Microsoft-Windows-Sysmon",
          "@Guid": "{5770385f-c22a-43e0-bf4c-06f5698ffbd9}"
        },
        "EventID": "12",
        "Version": "2",
        "Level": "4",
        "Task": "12",
        "Opcode": "0",
        "Keywords": "0x8000000000000000",
        "TimeCreated": {
          "@SystemTime": "2025-11-21T15:41:07.4975818Z"
        },
        "EventRecordID": "1214",
        "Correlation": null,
        "Execution": {
          "@ProcessID": "1884",
          "@ThreadID": "6212"
        },
        "Channel": "Microsoft-Windows-Sysmon/Operational",
        "Computer": "DESKTOP-LG3F6GA",
        "Security": {
          "@UserID": "S-1-5-18"
        }
      },
      "EventData": {
        "Data": [
          {
            "@Name": "RuleName",
            "#text": "-"
          },
          {
            "@Name": "EventType",
            "#text": "CreateKey"
          },
          {
            "@Name": "UtcTime",
            "#text": "2025-11-21 15:41:07.496"
          },
          {
            "@Name": "ProcessGuid",
            "#text": "{03ac98ec-32b9-68ca-7600-000000006000}"
          },
          {
            "@Name": "ProcessId",
            "#text": "5312"
          },
          {
            "@Name": "Image",
            "#text": "C:\\WINDOWS\\Explorer.EXE"
          },
          {
            "@Name": "TargetObject",
            "#text": "HKU\\S-1-5-21-3171250481-3681422803-404499418-1001\\SOFTWARE\\Microsoft\\Windows\\CurrentVersion\\Explorer\\SessionInfo\\1\\ApplicationViewManagement\\W32:00000000001801CE"
          }
        ]
      }
    },
    {
      "@xmlns": "http://schemas.microsoft.com/win/2004/08/events/event",
      "System": {
        "Provider": {
          "@Name": "Microsoft-Windows-Sysmon",
          "@Guid": "{5770385f-c22a-43e0-bf4c-06f5698ffbd9}"
        },
        "EventID": "13",
        "Version": "2",
        "Level": "4",
        "Task": "13",
        "Opcode": "0",
        "Keywords": "0x8000000000000000",
        "TimeCreated": {
          "@SystemTime": "2025-11-21T15:41:07.4532468Z"
        },
        "EventRecordID": "1213",
        "Correlation": null,
        "Execution": {
          "@ProcessID": "1884",
          "@ThreadID": "6212"
        },
        "Channel": "Microsoft-Windows-Sysmon/Operational",
        "Computer": "DESKTOP-LG3F6GA",
        "Security": {
          "@UserID": "S-1-5-18"
        }
      },
      "EventData": {
        "Data": [
          {
            "@Name": "RuleName",
            "#text": "-"
          },
          {
            "@Name": "EventType",
            "#text": "SetValue"
          },
          {
            "@Name": "UtcTime",
            "#text": "2025-11-21 15:41:07.449"
          },
          {
            "@Name": "ProcessGuid",
            "#text": "{03ac98ec-32b9-68ca-7600-000000006000}"
          },
          {
            "@Name": "ProcessId",
            "#text": "5312"
          },
          {
            "@Name": "Image",
            "#text": "C:\\WINDOWS\\Explorer.EXE"
          },
          {
            "@Name": "TargetObject",
            "#text": "HKU\\S-1-5-21-3171250481-3681422803-404499418-1001\\SOFTWARE\\Microsoft\\Windows\\CurrentVersion\\ActivityDataModel\\ReaderRevisionInfo\\BC1D8BC6-8561-D53E-0046-282B5CFAC694"
          },
          {
            "@Name": "Details",
            "#text": "Binary Data"
          }
        ]
      }
    },
    {
      "@xmlns": "http://schemas.microsoft.com/win/2004/08/events/event",
      "System": {
        "Provider": {
          "@Name": "Microsoft-Windows-Sysmon",
          "@Guid": "{5770385f-c22a-43e0-bf4c-06f5698ffbd9}"
        },
        "EventID": "13",
        "Version": "2",
        "Level": "4",
        "Task": "13",
        "Opcode": "0",
        "Keywords": "0x8000000000000000",
        "TimeCreated": {
          "@SystemTime": "2025-11-21T15:41:07.4517937Z"
        },
        "EventRecordID": "1212",
        "Correlation": null,
        "Execution": {
          "@ProcessID": "1884",
          "@ThreadID": "6212"
        },
        "Channel": "Microsoft-Windows-Sysmon/Operational",
        "Computer": "DESKTOP-LG3F6GA",
        "Security": {
          "@UserID": "S-1-5-18"
        }
      },
      "EventData": {
        "Data": [
          {
            "@Name": "RuleName",
            "#text": "-"
          },
          {
            "@Name": "EventType",
            "#text": "SetValue"
          },
          {
            "@Name": "UtcTime",
            "#text": "2025-11-21 15:41:07.449"
          },
          {
            "@Name": "ProcessGuid",
            "#text": "{03ac98ec-32b9-68ca-7600-000000006000}"
          },
          {
            "@Name": "ProcessId",
            "#text": "5312"
          },
          {
            "@Name": "Image",
            "#text": "C:\\WINDOWS\\Explorer.EXE"
          },
          {
            "@Name": "TargetObject",
            "#text": "HKU\\S-1-5-21-3171250481-3681422803-404499418-1001\\SOFTWARE\\Microsoft\\Windows\\CurrentVersion\\ActivityDataModel\\ReaderRevisionInfo\\BC1D8BC6-8561-D53E-0046-282B5CFAC694"
          },
          {
            "@Name": "Details",
            "#text": "Binary Data"
          }
        ]
      }
    },
    {
      "@xmlns": "http://schemas.microsoft.com/win/2004/08/events/event",
      "System": {
        "Provider": {
          "@Name": "Microsoft-Windows-Sysmon",
          "@Guid": "{5770385f-c22a-43e0-bf4c-06f5698ffbd9}"
        },
        "EventID": "12",
        "Version": "2",
        "Level": "4",
        "Task": "12",
        "Opcode": "0",
        "Keywords": "0x8000000000000000",
        "TimeCreated": {
          "@SystemTime": "2025-11-21T15:41:07.4468618Z"
        },
        "EventRecordID": "1211",
        "Correlation": null,
        "Execution": {
          "@ProcessID": "1884",
          "@ThreadID": "6212"
        },
        "Channel": "Microsoft-Windows-Sysmon/Operational",
        "Computer": "DESKTOP-LG3F6GA",
        "Security": {
          "@UserID": "S-1-5-18"
        }
      },
      "EventData": {
        "Data": [
          {
            "@Name": "RuleName",
            "#text": "-"
          },
          {
            "@Name": "EventType",
            "#text": "DeleteKey"
          },
          {
            "@Name": "UtcTime",
            "#text": "2025-11-21 15:41:07.434"
          },
          {
            "@Name": "ProcessGuid",
            "#text": "{03ac98ec-32b9-68ca-7600-000000006000}"
          },
          {
            "@Name": "ProcessId",
            "#text": "5312"
          },
          {
            "@Name": "Image",
            "#text": "C:\\WINDOWS\\Explorer.EXE"
          },
          {
            "@Name": "TargetObject",
            "#text": "HKU\\S-1-5-21-3171250481-3681422803-404499418-1001\\SOFTWARE\\Microsoft\\Windows\\CurrentVersion\\Explorer\\SessionInfo\\1\\ApplicationViewManagement\\W32:00000000001801CE"
          }
        ]
      }
    },
    {
      "@xmlns": "http://schemas.microsoft.com/win/2004/08/events/event",
      "System": {
        "Provider": {
          "@Name": "Microsoft-Windows-Sysmon",
          "@Guid": "{5770385f-c22a-43e0-bf4c-06f5698ffbd9}"
        },
        "EventID": "13",
        "Version": "2",
        "Level": "4",
        "Task": "13",
        "Opcode": "0",
        "Keywords": "0x8000000000000000",
        "TimeCreated": {
          "@SystemTime": "2025-11-21T15:41:07.4465157Z"
        },
        "EventRecordID": "1210",
        "Correlation": null,
        "Execution": {
          "@ProcessID": "1884",
          "@ThreadID": "6212"
        },
        "Channel": "Microsoft-Windows-Sysmon/Operational",
        "Computer": "DESKTOP-LG3F6GA",
        "Security": {
          "@UserID": "S-1-5-18"
        }
      },
      "EventData": {
        "Data": [
          {
            "@Name": "RuleName",
            "#text": "-"
          },
          {
            "@Name": "EventType",
            "#text": "SetValue"
          },
          {
            "@Name": "UtcTime",
            "#text": "2025-11-21 15:41:07.434"
          },
          {
            "@Name": "ProcessGuid",
            "#text": "{03ac98ec-32b9-68ca-7600-000000006000}"
          },
          {
            "@Name": "ProcessId",
            "#text": "5312"
          },
          {
            "@Name": "Image",
            "#text": "C:\\WINDOWS\\Explorer.EXE"
          },
          {
            "@Name": "TargetObject",
            "#text": "HKU\\S-1-5-21-3171250481-3681422803-404499418-1001\\SOFTWARE\\Microsoft\\Windows\\CurrentVersion\\Explorer\\UserAssist\\{CEBFF5CD-ACE2-4F4F-9178-9926F41749EA}\\Count\\HRZR_PGYFRFFVBA"
          },
          {
            "@Name": "Details",
            "#text": "Binary Data"
          }
        ]
      }
    },
    {
      "@xmlns": "http://schemas.microsoft.com/win/2004/08/events/event",
      "System": {
        "Provider": {
          "@Name": "Microsoft-Windows-Sysmon",
          "@Guid": "{5770385f-c22a-43e0-bf4c-06f5698ffbd9}"
        },
        "EventID": "13",
        "Version": "2",
        "Level": "4",
        "Task": "13",
        "Opcode": "0",
        "Keywords": "0x8000000000000000",
        "TimeCreated": {
          "@SystemTime": "2025-11-21T15:41:07.4464926Z"
        },
        "EventRecordID": "1209",
        "Correlation": null,
        "Execution": {
          "@ProcessID": "1884",
          "@ThreadID": "6212"
        },
        "Channel": "Microsoft-Windows-Sysmon/Operational",
        "Computer": "DESKTOP-LG3F6GA",
        "Security": {
          "@UserID": "S-1-5-18"
        }
      },
      "EventData": {
        "Data": [
          {
            "@Name": "RuleName",
            "#text": "-"
          },
          {
            "@Name": "EventType",
            "#text": "SetValue"
          },
          {
            "@Name": "UtcTime",
            "#text": "2025-11-21 15:41:07.434"
          },
          {
            "@Name": "ProcessGuid",
            "#text": "{03ac98ec-32b9-68ca-7600-000000006000}"
          },
          {
            "@Name": "ProcessId",
            "#text": "5312"
          },
          {
            "@Name": "Image",
            "#text": "C:\\WINDOWS\\Explorer.EXE"
          },
          {
            "@Name": "TargetObject",
            "#text": "HKU\\S-1-5-21-3171250481-3681422803-404499418-1001\\SOFTWARE\\Microsoft\\Windows\\CurrentVersion\\Explorer\\UserAssist\\{CEBFF5CD-ACE2-4F4F-9178-9926F41749EA}\\Count\\{Q65231O0-O2S1-4857-N4PR-N8R7P6RN7Q27}\\ovgfnqzva.rkr"
          },
          {
            "@Name": "Details",
            "#text": "Binary Data"
          }
        ]
      }
    },
    {
      "@xmlns": "http://schemas.microsoft.com/win/2004/08/events/event",
      "System": {
        "Provider": {
          "@Name": "Microsoft-Windows-Sysmon",
          "@Guid": "{5770385f-c22a-43e0-bf4c-06f5698ffbd9}"
        },
        "EventID": "13",
        "Version": "2",
        "Level": "4",
        "Task": "13",
        "Opcode": "0",
        "Keywords": "0x8000000000000000",
        "TimeCreated": {
          "@SystemTime": "2025-11-21T15:41:07.4380563Z"
        },
        "EventRecordID": "1208",
        "Correlation": null,
        "Execution": {
          "@ProcessID": "1884",
          "@ThreadID": "6212"
        },
        "Channel": "Microsoft-Windows-Sysmon/Operational",
        "Computer": "DESKTOP-LG3F6GA",
        "Security": {
          "@UserID": "S-1-5-18"
        }
      },
      "EventData": {
        "Data": [
          {
            "@Name": "RuleName",
            "#text": "-"
          },
          {
            "@Name": "EventType",
            "#text": "SetValue"
          },
          {
            "@Name": "UtcTime",
            "#text": "2025-11-21 15:41:07.434"
          },
          {
            "@Name": "ProcessGuid",
            "#text": "{03ac98ec-87c4-6920-3603-000000006000}"
          },
          {
            "@Name": "ProcessId",
            "#text": "7888"
          },
          {
            "@Name": "Image",
            "#text": "C:\\WINDOWS\\SysWOW64\\bitsadmin.exe"
          },
          {
            "@Name": "TargetObject",
            "#text": "HKLM\\System\\CurrentControlSet\\Services\\bam\\State\\UserSettings\\S-1-5-21-3171250481-3681422803-404499418-1001\\\\Device\\HarddiskVolume2\\Windows\\SysWOW64\\bitsadmin.exe"
          },
          {
            "@Name": "Details",
            "#text": "Binary Data"
          }
        ]
      }
    },
    {
      "@xmlns": "http://schemas.microsoft.com/win/2004/08/events/event",
      "System": {
        "Provider": {
          "@Name": "Microsoft-Windows-Sysmon",
          "@Guid": "{5770385f-c22a-43e0-bf4c-06f5698ffbd9}"
        },
        "EventID": "5",
        "Version": "3",
        "Level": "4",
        "Task": "5",
        "Opcode": "0",
        "Keywords": "0x8000000000000000",
        "TimeCreated": {
          "@SystemTime": "2025-11-21T15:41:07.4377287Z"
        },
        "EventRecordID": "1207",
        "Correlation": null,
        "Execution": {
          "@ProcessID": "1884",
          "@ThreadID": "6212"
        },
        "Channel": "Microsoft-Windows-Sysmon/Operational",
        "Computer": "DESKTOP-LG3F6GA",
        "Security": {
          "@UserID": "S-1-5-18"
        }
      },
      "EventData": {
        "Data": [
          {
            "@Name": "RuleName",
            "#text": "-"
          },
          {
            "@Name": "UtcTime",
            "#text": "2025-11-21 15:41:07.434"
          },
          {
            "@Name": "ProcessGuid",
            "#text": "{03ac98ec-87c4-6920-3603-000000006000}"
          },
          {
            "@Name": "ProcessId",
            "#text": "7888"
          },
          {
            "@Name": "Image",
            "#text": "C:\\Windows\\SysWOW64\\bitsadmin.exe"
          }
        ]
      }
    },
    {
      "@xmlns": "http://schemas.microsoft.com/win/2004/08/events/event",
      "System": {
        "Provider": {
          "@Name": "Microsoft-Windows-Sysmon",
          "@Guid": "{5770385f-c22a-43e0-bf4c-06f5698ffbd9}"
        },
        "EventID": "13",
        "Version": "2",
        "Level": "4",
        "Task": "13",
        "Opcode": "0",
        "Keywords": "0x8000000000000000",
        "TimeCreated": {
          "@SystemTime": "2025-11-21T15:41:04.7254392Z"
        },
        "EventRecordID": "1206",
        "Correlation": null,
        "Execution": {
          "@ProcessID": "1884",
          "@ThreadID": "6212"
        },
        "Channel": "Microsoft-Windows-Sysmon/Operational",
        "Computer": "DESKTOP-LG3F6GA",
        "Security": {
          "@UserID": "S-1-5-18"
        }
      },
      "EventData": {
        "Data": [
          {
            "@Name": "RuleName",
            "#text": "-"
          },
          {
            "@Name": "EventType",
            "#text": "SetValue"
          },
          {
            "@Name": "UtcTime",
            "#text": "2025-11-21 15:41:04.715"
          },
          {
            "@Name": "ProcessGuid",
            "#text": "{03ac98ec-32ad-68ca-eb03-000000000000}"
          },
          {
            "@Name": "ProcessId",
            "#text": "4"
          },
          {
            "@Name": "Image",
            "#text": "System"
          },
          {
            "@Name": "TargetObject",
            "#text": "HKLM\\System\\CurrentControlSet\\Services\\bam\\State\\UserSettings\\S-1-5-21-3171250481-3681422803-404499418-1001\\SequenceNumber"
          },
          {
            "@Name": "Details",
            "#text": "DWORD (0x00000011)"
          }
        ]
      }
    },
    {
      "@xmlns": "http://schemas.microsoft.com/win/2004/08/events/event",
      "System": {
        "Provider": {
          "@Name": "Microsoft-Windows-Sysmon",
          "@Guid": "{5770385f-c22a-43e0-bf4c-06f5698ffbd9}"
        },
        "EventID": "13",
        "Version": "2",
        "Level": "4",
        "Task": "13",
        "Opcode": "0",
        "Keywords": "0x8000000000000000",
        "TimeCreated": {
          "@SystemTime": "2025-11-21T15:41:04.7254222Z"
        },
        "EventRecordID": "1205",
        "Correlation": null,
        "Execution": {
          "@ProcessID": "1884",
          "@ThreadID": "6212"
        },
        "Channel": "Microsoft-Windows-Sysmon/Operational",
        "Computer": "DESKTOP-LG3F6GA",
        "Security": {
          "@UserID": "S-1-5-18"
        }
      },
      "EventData": {
        "Data": [
          {
            "@Name": "RuleName",
            "#text": "-"
          },
          {
            "@Name": "EventType",
            "#text": "SetValue"
          },
          {
            "@Name": "UtcTime",
            "#text": "2025-11-21 15:41:04.715"
          },
          {
            "@Name": "ProcessGuid",
            "#text": "{03ac98ec-32ad-68ca-eb03-000000000000}"
          },
          {
            "@Name": "ProcessId",
            "#text": "4"
          },
          {
            "@Name": "Image",
            "#text": "System"
          },
          {
            "@Name": "TargetObject",
            "#text": "HKLM\\System\\CurrentControlSet\\Services\\bam\\State\\UserSettings\\S-1-5-21-3171250481-3681422803-404499418-1001\\\\Device\\HarddiskVolume2\\Windows\\SysWOW64\\bitsadmin.exe"
          },
          {
            "@Name": "Details",
            "#text": "Binary Data"
          }
        ]
      }
    },
    {
      "@xmlns": "http://schemas.microsoft.com/win/2004/08/events/event",
      "System": {
        "Provider": {
          "@Name": "Microsoft-Windows-Sysmon",
          "@Guid": "{5770385f-c22a-43e0-bf4c-06f5698ffbd9}"
        },
        "EventID": "12",
        "Version": "2",
        "Level": "4",
        "Task": "12",
        "Opcode": "0",
        "Keywords": "0x8000000000000000",
        "TimeCreated": {
          "@SystemTime": "2025-11-21T15:41:04.7252332Z"
        },
        "EventRecordID": "1204",
        "Correlation": null,
        "Execution": {
          "@ProcessID": "1884",
          "@ThreadID": "6212"
        },
        "Channel": "Microsoft-Windows-Sysmon/Operational",
        "Computer": "DESKTOP-LG3F6GA",
        "Security": {
          "@UserID": "S-1-5-18"
        }
      },
      "EventData": {
        "Data": [
          {
            "@Name": "RuleName",
            "#text": "-"
          },
          {
            "@Name": "EventType",
            "#text": "CreateKey"
          },
          {
            "@Name": "UtcTime",
            "#text": "2025-11-21 15:41:04.715"
          },
          {
            "@Name": "ProcessGuid",
            "#text": "{03ac98ec-32ad-68ca-eb03-000000000000}"
          },
          {
            "@Name": "ProcessId",
            "#text": "4"
          },
          {
            "@Name": "Image",
            "#text": "System"
          },
          {
            "@Name": "TargetObject",
            "#text": "HKLM\\System\\CurrentControlSet\\Services\\bam\\State\\UserSettings\\S-1-5-21-3171250481-3681422803-404499418-1001"
          }
        ]
      }
    },
    {
      "@xmlns": "http://schemas.microsoft.com/win/2004/08/events/event",
      "System": {
        "Provider": {
          "@Name": "Microsoft-Windows-Sysmon",
          "@Guid": "{5770385f-c22a-43e0-bf4c-06f5698ffbd9}"
        },
        "EventID": "9",
        "Version": "2",
        "Level": "4",
        "Task": "9",
        "Opcode": "0",
        "Keywords": "0x8000000000000000",
        "TimeCreated": {
          "@SystemTime": "2025-11-21T15:41:03.2008906Z"
        },
        "EventRecordID": "1203",
        "Correlation": null,
        "Execution": {
          "@ProcessID": "1884",
          "@ThreadID": "6212"
        },
        "Channel": "Microsoft-Windows-Sysmon/Operational",
        "Computer": "DESKTOP-LG3F6GA",
        "Security": {
          "@UserID": "S-1-5-18"
        }
      },
      "EventData": {
        "Data": [
          {
            "@Name": "RuleName",
            "#text": "-"
          },
          {
            "@Name": "UtcTime",
            "#text": "2025-11-21 15:41:03.199"
          },
          {
            "@Name": "ProcessGuid",
            "#text": "{03ac98ec-32b1-68ca-1000-000000006000}"
          },
          {
            "@Name": "ProcessId",
            "#text": "832"
          },
          {
            "@Name": "Image",
            "#text": "C:\\Windows\\System32\\svchost.exe"
          },
          {
            "@Name": "Device",
            "#text": "\\Device\\Harddisk0\\DR0"
          }
        ]
      }
    },
    {
      "@xmlns": "http://schemas.microsoft.com/win/2004/08/events/event",
      "System": {
        "Provider": {
          "@Name": "Microsoft-Windows-Sysmon",
          "@Guid": "{5770385f-c22a-43e0-bf4c-06f5698ffbd9}"
        },
        "EventID": "18",
        "Version": "1",
        "Level": "4",
        "Task": "18",
        "Opcode": "0",
        "Keywords": "0x8000000000000000",
        "TimeCreated": {
          "@SystemTime": "2025-11-21T15:41:01.3468011Z"
        },
        "EventRecordID": "1202",
        "Correlation": null,
        "Execution": {
          "@ProcessID": "1884",
          "@ThreadID": "6212"
        },
        "Channel": "Microsoft-Windows-Sysmon/Operational",
        "Computer": "DESKTOP-LG3F6GA",
        "Security": {
          "@UserID": "S-1-5-18"
        }
      },
      "EventData": {
        "Data": [
          {
            "@Name": "RuleName",
            "#text": "-"
          },
          {
            "@Name": "EventType",
            "#text": "ConnectPipe"
          },
          {
            "@Name": "UtcTime",
            "#text": "2025-11-21 15:41:01.340"
          },
          {
            "@Name": "ProcessGuid",
            "#text": "{03ac98ec-87c4-6920-3603-000000006000}"
          },
          {
            "@Name": "ProcessId",
            "#text": "7888"
          },
          {
            "@Name": "PipeName",
            "#text": "\\hwLAteWXHD"
          },
          {
            "@Name": "Image",
            "#text": "C:\\WINDOWS\\SysWOW64\\bitsadmin.exe"
          }
        ]
      }
    },
    {
      "@xmlns": "http://schemas.microsoft.com/win/2004/08/events/event",
      "System": {
        "Provider": {
          "@Name": "Microsoft-Windows-Sysmon",
          "@Guid": "{5770385f-c22a-43e0-bf4c-06f5698ffbd9}"
        },
        "EventID": "18",
        "Version": "1",
        "Level": "4",
        "Task": "18",
        "Opcode": "0",
        "Keywords": "0x8000000000000000",
        "TimeCreated": {
          "@SystemTime": "2025-11-21T15:41:01.3434455Z"
        },
        "EventRecordID": "1201",
        "Correlation": null,
        "Execution": {
          "@ProcessID": "1884",
          "@ThreadID": "6212"
        },
        "Channel": "Microsoft-Windows-Sysmon/Operational",
        "Computer": "DESKTOP-LG3F6GA",
        "Security": {
          "@UserID": "S-1-5-18"
        }
      },
      "EventData": {
        "Data": [
          {
            "@Name": "RuleName",
            "#text": "-"
          },
          {
            "@Name": "EventType",
            "#text": "ConnectPipe"
          },
          {
            "@Name": "UtcTime",
            "#text": "2025-11-21 15:41:01.340"
          },
          {
            "@Name": "ProcessGuid",
            "#text": "{03ac98ec-87c4-6920-3603-000000006000}"
          },
          {
            "@Name": "ProcessId",
            "#text": "7888"
          },
          {
            "@Name": "PipeName",
            "#text": "\\hwLAteWXHD"
          },
          {
            "@Name": "Image",
            "#text": "C:\\WINDOWS\\SysWOW64\\bitsadmin.exe"
          }
        ]
      }
    },
    {
      "@xmlns": "http://schemas.microsoft.com/win/2004/08/events/event",
      "System": {
        "Provider": {
          "@Name": "Microsoft-Windows-Sysmon",
          "@Guid": "{5770385f-c22a-43e0-bf4c-06f5698ffbd9}"
        },
        "EventID": "18",
        "Version": "1",
        "Level": "4",
        "Task": "18",
        "Opcode": "0",
        "Keywords": "0x8000000000000000",
        "TimeCreated": {
          "@SystemTime": "2025-11-21T15:41:01.3419585Z"
        },
        "EventRecordID": "1200",
        "Correlation": null,
        "Execution": {
          "@ProcessID": "1884",
          "@ThreadID": "6212"
        },
        "Channel": "Microsoft-Windows-Sysmon/Operational",
        "Computer": "DESKTOP-LG3F6GA",
        "Security": {
          "@UserID": "S-1-5-18"
        }
      },
      "EventData": {
        "Data": [
          {
            "@Name": "RuleName",
            "#text": "-"
          },
          {
            "@Name": "EventType",
            "#text": "ConnectPipe"
          },
          {
            "@Name": "UtcTime",
            "#text": "2025-11-21 15:41:01.340"
          },
          {
            "@Name": "ProcessGuid",
            "#text": "{03ac98ec-87c4-6920-3603-000000006000}"
          },
          {
            "@Name": "ProcessId",
            "#text": "7888"
          },
          {
            "@Name": "PipeName",
            "#text": "\\hwLAteWXHD"
          },
          {
            "@Name": "Image",
            "#text": "C:\\WINDOWS\\SysWOW64\\bitsadmin.exe"
          }
        ]
      }
    },
