    {
      "@xmlns": "http://schemas.microsoft.com/win/2004/08/events/event",
      "System": {
        "Provider": {
          "@Name": "Microsoft-Windows-Sysmon",
          "@Guid": "{5770385f-c22a-43e0-bf4c-06f5698ffbd9}"
        },
        "EventID": "7",
        "Version": "3",
        "Level": "4",
        "Task": "7",
        "Opcode": "0",
        "Keywords": "0x8000000000000000",
        "TimeCreated": {
          "@SystemTime": "2025-11-21T15:40:05.4233270Z"
        },
        "EventRecordID": "1102",
        "Correlation": null,
        "Execution": {
          "@ProcessID": "1884",
          "@ThreadID": "4100"
        },
        "Channel": "Microsoft-Windows-Sysmon/Operational",
        "Computer": "DESKTOP-LG3F6GA",
        "Security": {
          "@UserID": "S-1-5-18"
        }
      },
      "EventData": {
        "Data": [
          {
            "@Name": "RuleName",
            "#text": "-"
          },
          {
            "@Name": "UtcTime",
            "#text": "2025-11-21 15:39:53.621"
          },
          {
            "@Name": "ProcessGuid",
            "#text": "{03ac98ec-87c9-6920-4103-000000006000}"
          },
          {
            "@Name": "ProcessId",
            "#text": "2348"
          },
          {
            "@Name": "Image",
            "#text": "C:\\Windows\\System32\\svchost.exe"
          },
          {
            "@Name": "ImageLoaded",
            "#text": "C:\\Windows\\System32\\FWPUCLNT.DLL"
          },
          {
            "@Name": "FileVersion",
            "#text": "10.0.19041.546 (WinBuild.160101.0800)"
          },
          {
            "@Name": "Description",
            "#text": "FWP/IPsec User-Mode API"
          },
          {
            "@Name": "Product",
            "#text": "Microsoft Windows Operating System"
          },
          {
            "@Name": "Company",
            "#text": "Microsoft Corporation"
          },
          {
            "@Name": "OriginalFileName",
            "#text": "fwpuclnt.dll"
          },
          {
            "@Name": "Hashes",
            "#text": "SHA256=58EEEC807B4C042E6F1336EC7886BD2ED4F0F315ACE3756F60C95E0C746C7CD4"
          },
          {
            "@Name": "Signed",
            "#text": "true"
          },
          {
            "@Name": "Signature",
            "#text": "Microsoft Windows"
          },
          {
            "@Name": "SignatureStatus",
            "#text": "Valid"
          }
        ]
      }
    },
    {
      "@xmlns": "http://schemas.microsoft.com/win/2004/08/events/event",
      "System": {
        "Provider": {
          "@Name": "Microsoft-Windows-Sysmon",
          "@Guid": "{5770385f-c22a-43e0-bf4c-06f5698ffbd9}"
        },
        "EventID": "7",
        "Version": "3",
        "Level": "4",
        "Task": "7",
        "Opcode": "0",
        "Keywords": "0x8000000000000000",
        "TimeCreated": {
          "@SystemTime": "2025-11-21T15:40:05.4159952Z"
        },
        "EventRecordID": "1101",
        "Correlation": null,
        "Execution": {
          "@ProcessID": "1884",
          "@ThreadID": "4100"
        },
        "Channel": "Microsoft-Windows-Sysmon/Operational",
        "Computer": "DESKTOP-LG3F6GA",
        "Security": {
          "@UserID": "S-1-5-18"
        }
      },
      "EventData": {
        "Data": [
          {
            "@Name": "RuleName",
            "#text": "-"
          },
          {
            "@Name": "UtcTime",
            "#text": "2025-11-21 15:39:53.621"
          },
          {
            "@Name": "ProcessGuid",
            "#text": "{03ac98ec-87c9-6920-4103-000000006000}"
          },
          {
            "@Name": "ProcessId",
            "#text": "2348"
          },
          {
            "@Name": "Image",
            "#text": "C:\\Windows\\System32\\svchost.exe"
          },
          {
            "@Name": "ImageLoaded",
            "#text": "C:\\Windows\\System32\\rasadhlp.dll"
          },
          {
            "@Name": "FileVersion",
            "#text": "10.0.19041.546 (WinBuild.160101.0800)"
          },
          {
            "@Name": "Description",
            "#text": "Remote Access AutoDial Helper"
          },
          {
            "@Name": "Product",
            "#text": "Microsoft Windows Operating System"
          },
          {
            "@Name": "Company",
            "#text": "Microsoft Corporation"
          },
          {
            "@Name": "OriginalFileName",
            "#text": "rasadhlp.dll"
          },
          {
            "@Name": "Hashes",
            "#text": "SHA256=09C0AE0B24ECD58687CF629AE25348EECEEA7347E7D425F0ECCC74B808A5D1F3"
          },
          {
            "@Name": "Signed",
            "#text": "true"
          },
          {
            "@Name": "Signature",
            "#text": "Microsoft Windows"
          },
          {
            "@Name": "SignatureStatus",
            "#text": "Valid"
          }
        ]
      }
    },
    {
      "@xmlns": "http://schemas.microsoft.com/win/2004/08/events/event",
      "System": {
        "Provider": {
          "@Name": "Microsoft-Windows-Sysmon",
          "@Guid": "{5770385f-c22a-43e0-bf4c-06f5698ffbd9}"
        },
        "EventID": "7",
        "Version": "3",
        "Level": "4",
        "Task": "7",
        "Opcode": "0",
        "Keywords": "0x8000000000000000",
        "TimeCreated": {
          "@SystemTime": "2025-11-21T15:40:05.4101771Z"
        },
        "EventRecordID": "1100",
        "Correlation": null,
        "Execution": {
          "@ProcessID": "1884",
          "@ThreadID": "4100"
        },
        "Channel": "Microsoft-Windows-Sysmon/Operational",
        "Computer": "DESKTOP-LG3F6GA",
        "Security": {
          "@UserID": "S-1-5-18"
        }
      },
      "EventData": {
        "Data": [
          {
            "@Name": "RuleName",
            "#text": "-"
          },
          {
            "@Name": "UtcTime",
            "#text": "2025-11-21 15:39:53.606"
          },
          {
            "@Name": "ProcessGuid",
            "#text": "{03ac98ec-87c9-6920-4103-000000006000}"
          },
          {
            "@Name": "ProcessId",
            "#text": "2348"
          },
          {
            "@Name": "Image",
            "#text": "C:\\Windows\\System32\\svchost.exe"
          },
          {
            "@Name": "ImageLoaded",
            "#text": "C:\\Windows\\System32\\winnsi.dll"
          },
          {
            "@Name": "FileVersion",
            "#text": "10.0.19041.546 (WinBuild.160101.0800)"
          },
          {
            "@Name": "Description",
            "#text": "Network Store Information RPC interface"
          },
          {
            "@Name": "Product",
            "#text": "Microsoft Windows Operating System"
          },
          {
            "@Name": "Company",
            "#text": "Microsoft Corporation"
          },
          {
            "@Name": "OriginalFileName",
            "#text": "winnsi.dll"
          },
          {
            "@Name": "Hashes",
            "#text": "SHA256=4824FCE965B9DEC8D78842CDC3EBCDF8D2D2ED15DE05D5007FB18C1B2DE79E11"
          },
          {
            "@Name": "Signed",
            "#text": "true"
          },
          {
            "@Name": "Signature",
            "#text": "Microsoft Windows"
          },
          {
            "@Name": "SignatureStatus",
            "#text": "Valid"
          }
        ]
      }
    },
    {
      "@xmlns": "http://schemas.microsoft.com/win/2004/08/events/event",
      "System": {
        "Provider": {
          "@Name": "Microsoft-Windows-Sysmon",
          "@Guid": "{5770385f-c22a-43e0-bf4c-06f5698ffbd9}"
        },
        "EventID": "7",
        "Version": "3",
        "Level": "4",
        "Task": "7",
        "Opcode": "0",
        "Keywords": "0x8000000000000000",
        "TimeCreated": {
          "@SystemTime": "2025-11-21T15:40:05.4072881Z"
        },
        "EventRecordID": "1099",
        "Correlation": null,
        "Execution": {
          "@ProcessID": "1884",
          "@ThreadID": "4100"
        },
        "Channel": "Microsoft-Windows-Sysmon/Operational",
        "Computer": "DESKTOP-LG3F6GA",
        "Security": {
          "@UserID": "S-1-5-18"
        }
      },
      "EventData": {
        "Data": [
          {
            "@Name": "RuleName",
            "#text": "-"
          },
          {
            "@Name": "UtcTime",
            "#text": "2025-11-21 15:39:53.606"
          },
          {
            "@Name": "ProcessGuid",
            "#text": "{03ac98ec-87c9-6920-4103-000000006000}"
          },
          {
            "@Name": "ProcessId",
            "#text": "2348"
          },
          {
            "@Name": "Image",
            "#text": "C:\\Windows\\System32\\svchost.exe"
          },
          {
            "@Name": "ImageLoaded",
            "#text": "C:\\Windows\\System32\\mswsock.dll"
          },
          {
            "@Name": "FileVersion",
            "#text": "10.0.19041.546 (WinBuild.160101.0800)"
          },
          {
            "@Name": "Description",
            "#text": "Microsoft Windows Sockets 2.0 Service Provider"
          },
          {
            "@Name": "Product",
            "#text": "Microsoft Windows Operating System"
          },
          {
            "@Name": "Company",
            "#text": "Microsoft Corporation"
          },
          {
            "@Name": "OriginalFileName",
            "#text": "mswsock.dll"
          },
          {
            "@Name": "Hashes",
            "#text": "SHA256=055F34466511DBEBA4F082B110216CE9C1C7F056D4F1440D62D5442971A7B1CC"
          },
          {
            "@Name": "Signed",
            "#text": "true"
          },
          {
            "@Name": "Signature",
            "#text": "Microsoft Windows"
          },
          {
            "@Name": "SignatureStatus",
            "#text": "Valid"
          }
        ]
      }
    },
    {
      "@xmlns": "http://schemas.microsoft.com/win/2004/08/events/event",
      "System": {
        "Provider": {
          "@Name": "Microsoft-Windows-Sysmon",
          "@Guid": "{5770385f-c22a-43e0-bf4c-06f5698ffbd9}"
        },
        "EventID": "7",
        "Version": "3",
        "Level": "4",
        "Task": "7",
        "Opcode": "0",
        "Keywords": "0x8000000000000000",
        "TimeCreated": {
          "@SystemTime": "2025-11-21T15:40:05.4036715Z"
        },
        "EventRecordID": "1098",
        "Correlation": null,
        "Execution": {
          "@ProcessID": "1884",
          "@ThreadID": "4100"
        },
        "Channel": "Microsoft-Windows-Sysmon/Operational",
        "Computer": "DESKTOP-LG3F6GA",
        "Security": {
          "@UserID": "S-1-5-18"
        }
      },
      "EventData": {
        "Data": [
          {
            "@Name": "RuleName",
            "#text": "-"
          },
          {
            "@Name": "UtcTime",
            "#text": "2025-11-21 15:39:53.606"
          },
          {
            "@Name": "ProcessGuid",
            "#text": "{03ac98ec-87c9-6920-4103-000000006000}"
          },
          {
            "@Name": "ProcessId",
            "#text": "2348"
          },
          {
            "@Name": "Image",
            "#text": "C:\\Windows\\System32\\svchost.exe"
          },
          {
            "@Name": "ImageLoaded",
            "#text": "C:\\Windows\\System32\\webio.dll"
          },
          {
            "@Name": "FileVersion",
            "#text": "10.0.19041.546 (WinBuild.160101.0800)"
          },
          {
            "@Name": "Description",
            "#text": "Web Transfer Protocols API"
          },
          {
            "@Name": "Product",
            "#text": "Microsoft Windows Operating System"
          },
          {
            "@Name": "Company",
            "#text": "Microsoft Corporation"
          },
          {
            "@Name": "OriginalFileName",
            "#text": "webio.dll"
          },
          {
            "@Name": "Hashes",
            "#text": "SHA256=E2A18218D1A641914284F8FD96740A48CFC89E5D69516E827F173B8F12F29758"
          },
          {
            "@Name": "Signed",
            "#text": "true"
          },
          {
            "@Name": "Signature",
            "#text": "Microsoft Windows"
          },
          {
            "@Name": "SignatureStatus",
            "#text": "Valid"
          }
        ]
      }
    },
    {
      "@xmlns": "http://schemas.microsoft.com/win/2004/08/events/event",
      "System": {
        "Provider": {
          "@Name": "Microsoft-Windows-Sysmon",
          "@Guid": "{5770385f-c22a-43e0-bf4c-06f5698ffbd9}"
        },
        "EventID": "7",
        "Version": "3",
        "Level": "4",
        "Task": "7",
        "Opcode": "0",
        "Keywords": "0x8000000000000000",
        "TimeCreated": {
          "@SystemTime": "2025-11-21T15:40:05.3957930Z"
        },
        "EventRecordID": "1097",
        "Correlation": null,
        "Execution": {
          "@ProcessID": "1884",
          "@ThreadID": "4100"
        },
        "Channel": "Microsoft-Windows-Sysmon/Operational",
        "Computer": "DESKTOP-LG3F6GA",
        "Security": {
          "@UserID": "S-1-5-18"
        }
      },
      "EventData": {
        "Data": [
          {
            "@Name": "RuleName",
            "#text": "-"
          },
          {
            "@Name": "UtcTime",
            "#text": "2025-11-21 15:39:53.606"
          },
          {
            "@Name": "ProcessGuid",
            "#text": "{03ac98ec-87c9-6920-4103-000000006000}"
          },
          {
            "@Name": "ProcessId",
            "#text": "2348"
          },
          {
            "@Name": "Image",
            "#text": "C:\\Windows\\System32\\svchost.exe"
          },
          {
            "@Name": "ImageLoaded",
            "#text": "C:\\Windows\\System32\\wkscli.dll"
          },
          {
            "@Name": "FileVersion",
            "#text": "10.0.19041.546 (WinBuild.160101.0800)"
          },
          {
            "@Name": "Description",
            "#text": "Workstation Service Client DLL"
          },
          {
            "@Name": "Product",
            "#text": "Microsoft Windows Operating System"
          },
          {
            "@Name": "Company",
            "#text": "Microsoft Corporation"
          },
          {
            "@Name": "OriginalFileName",
            "#text": "WKSCLI.DLL"
          },
          {
            "@Name": "Hashes",
            "#text": "SHA256=5769C9CC7D002BB852E92BCCB563BAE3C27E315E7D33E65DABA83D271E153584"
          },
          {
            "@Name": "Signed",
            "#text": "true"
          },
          {
            "@Name": "Signature",
            "#text": "Microsoft Windows"
          },
          {
            "@Name": "SignatureStatus",
            "#text": "Valid"
          }
        ]
      }
    },
    {
      "@xmlns": "http://schemas.microsoft.com/win/2004/08/events/event",
      "System": {
        "Provider": {
          "@Name": "Microsoft-Windows-Sysmon",
          "@Guid": "{5770385f-c22a-43e0-bf4c-06f5698ffbd9}"
        },
        "EventID": "7",
        "Version": "3",
        "Level": "4",
        "Task": "7",
        "Opcode": "0",
        "Keywords": "0x8000000000000000",
        "TimeCreated": {
          "@SystemTime": "2025-11-21T15:40:05.3926937Z"
        },
        "EventRecordID": "1096",
        "Correlation": null,
        "Execution": {
          "@ProcessID": "1884",
          "@ThreadID": "4100"
        },
        "Channel": "Microsoft-Windows-Sysmon/Operational",
        "Computer": "DESKTOP-LG3F6GA",
        "Security": {
          "@UserID": "S-1-5-18"
        }
      },
      "EventData": {
        "Data": [
          {
            "@Name": "RuleName",
            "#text": "-"
          },
          {
            "@Name": "UtcTime",
            "#text": "2025-11-21 15:39:53.590"
          },
          {
            "@Name": "ProcessGuid",
            "#text": "{03ac98ec-87c9-6920-4103-000000006000}"
          },
          {
            "@Name": "ProcessId",
            "#text": "2348"
          },
          {
            "@Name": "Image",
            "#text": "C:\\Windows\\System32\\svchost.exe"
          },
          {
            "@Name": "ImageLoaded",
            "#text": "C:\\Windows\\System32\\mi.dll"
          },
          {
            "@Name": "FileVersion",
            "#text": "10.0.19041.546 (WinBuild.160101.0800)"
          },
          {
            "@Name": "Description",
            "#text": "Management Infrastructure"
          },
          {
            "@Name": "Product",
            "#text": "Microsoft Windows Operating System"
          },
          {
            "@Name": "Company",
            "#text": "Microsoft Corporation"
          },
          {
            "@Name": "OriginalFileName",
            "#text": "mi.dll"
          },
          {
            "@Name": "Hashes",
            "#text": "SHA256=5271E8C2759227B34A2E28C5172798B1D79E86F6EEB325979141D903B8F1F7AB"
          },
          {
            "@Name": "Signed",
            "#text": "true"
          },
          {
            "@Name": "Signature",
            "#text": "Microsoft Windows"
          },
          {
            "@Name": "SignatureStatus",
            "#text": "Valid"
          }
        ]
      }
    },
    {
      "@xmlns": "http://schemas.microsoft.com/win/2004/08/events/event",
      "System": {
        "Provider": {
          "@Name": "Microsoft-Windows-Sysmon",
          "@Guid": "{5770385f-c22a-43e0-bf4c-06f5698ffbd9}"
        },
        "EventID": "7",
        "Version": "3",
        "Level": "4",
        "Task": "7",
        "Opcode": "0",
        "Keywords": "0x8000000000000000",
        "TimeCreated": {
          "@SystemTime": "2025-11-21T15:40:05.3869581Z"
        },
        "EventRecordID": "1095",
        "Correlation": null,
        "Execution": {
          "@ProcessID": "1884",
          "@ThreadID": "4100"
        },
        "Channel": "Microsoft-Windows-Sysmon/Operational",
        "Computer": "DESKTOP-LG3F6GA",
        "Security": {
          "@UserID": "S-1-5-18"
        }
      },
      "EventData": {
        "Data": [
          {
            "@Name": "RuleName",
            "#text": "-"
          },
          {
            "@Name": "UtcTime",
            "#text": "2025-11-21 15:39:53.590"
          },
          {
            "@Name": "ProcessGuid",
            "#text": "{03ac98ec-87c9-6920-4103-000000006000}"
          },
          {
            "@Name": "ProcessId",
            "#text": "2348"
          },
          {
            "@Name": "Image",
            "#text": "C:\\Windows\\System32\\svchost.exe"
          },
          {
            "@Name": "ImageLoaded",
            "#text": "C:\\Windows\\System32\\pcwum.dll"
          },
          {
            "@Name": "FileVersion",
            "#text": "10.0.19041.1 (WinBuild.160101.0800)"
          },
          {
            "@Name": "Description",
            "#text": "Performance Counters for Windows Native DLL"
          },
          {
            "@Name": "Product",
            "#text": "Microsoft Windows Operating System"
          },
          {
            "@Name": "Company",
            "#text": "Microsoft Corporation"
          },
          {
            "@Name": "OriginalFileName",
            "#text": "pcwum.dll"
          },
          {
            "@Name": "Hashes",
            "#text": "SHA256=E72268A93A94B68B749C146D02918635440FF8440C64BD939D9FC5F9A62E0A36"
          },
          {
            "@Name": "Signed",
            "#text": "true"
          },
          {
            "@Name": "Signature",
            "#text": "Microsoft Windows"
          },
          {
            "@Name": "SignatureStatus",
            "#text": "Valid"
          }
        ]
      }
    },
    {
      "@xmlns": "http://schemas.microsoft.com/win/2004/08/events/event",
      "System": {
        "Provider": {
          "@Name": "Microsoft-Windows-Sysmon",
          "@Guid": "{5770385f-c22a-43e0-bf4c-06f5698ffbd9}"
        },
        "EventID": "7",
        "Version": "3",
        "Level": "4",
        "Task": "7",
        "Opcode": "0",
        "Keywords": "0x8000000000000000",
        "TimeCreated": {
          "@SystemTime": "2025-11-21T15:40:05.3868010Z"
        },
        "EventRecordID": "1094",
        "Correlation": null,
        "Execution": {
          "@ProcessID": "1884",
          "@ThreadID": "4100"
        },
        "Channel": "Microsoft-Windows-Sysmon/Operational",
        "Computer": "DESKTOP-LG3F6GA",
        "Security": {
          "@UserID": "S-1-5-18"
        }
      },
      "EventData": {
        "Data": [
          {
            "@Name": "RuleName",
            "#text": "-"
          },
          {
            "@Name": "UtcTime",
            "#text": "2025-11-21 15:39:53.590"
          },
          {
            "@Name": "ProcessGuid",
            "#text": "{03ac98ec-87c9-6920-4103-000000006000}"
          },
          {
            "@Name": "ProcessId",
            "#text": "2348"
          },
          {
            "@Name": "Image",
            "#text": "C:\\Windows\\System32\\svchost.exe"
          },
          {
            "@Name": "ImageLoaded",
            "#text": "C:\\Windows\\System32\\pcwum.dll"
          },
          {
            "@Name": "FileVersion",
            "#text": "10.0.19041.1 (WinBuild.160101.0800)"
          },
          {
            "@Name": "Description",
            "#text": "Performance Counters for Windows Native DLL"
          },
          {
            "@Name": "Product",
            "#text": "Microsoft Windows Operating System"
          },
          {
            "@Name": "Company",
            "#text": "Microsoft Corporation"
          },
          {
            "@Name": "OriginalFileName",
            "#text": "pcwum.dll"
          },
          {
            "@Name": "Hashes",
            "#text": "SHA256=E72268A93A94B68B749C146D02918635440FF8440C64BD939D9FC5F9A62E0A36"
          },
          {
            "@Name": "Signed",
            "#text": "true"
          },
          {
            "@Name": "Signature",
            "#text": "Microsoft Windows"
          },
          {
            "@Name": "SignatureStatus",
            "#text": "Valid"
          }
        ]
      }
    },
    {
      "@xmlns": "http://schemas.microsoft.com/win/2004/08/events/event",
      "System": {
        "Provider": {
          "@Name": "Microsoft-Windows-Sysmon",
          "@Guid": "{5770385f-c22a-43e0-bf4c-06f5698ffbd9}"
        },
        "EventID": "7",
        "Version": "3",
        "Level": "4",
        "Task": "7",
        "Opcode": "0",
        "Keywords": "0x8000000000000000",
        "TimeCreated": {
          "@SystemTime": "2025-11-21T15:40:05.3837706Z"
        },
        "EventRecordID": "1093",
        "Correlation": null,
        "Execution": {
          "@ProcessID": "1884",
          "@ThreadID": "4100"
        },
        "Channel": "Microsoft-Windows-Sysmon/Operational",
        "Computer": "DESKTOP-LG3F6GA",
        "Security": {
          "@UserID": "S-1-5-18"
        }
      },
      "EventData": {
        "Data": [
          {
            "@Name": "RuleName",
            "#text": "-"
          },
          {
            "@Name": "UtcTime",
            "#text": "2025-11-21 15:39:53.590"
          },
          {
            "@Name": "ProcessGuid",
            "#text": "{03ac98ec-87c9-6920-4103-000000006000}"
          },
          {
            "@Name": "ProcessId",
            "#text": "2348"
          },
          {
            "@Name": "Image",
            "#text": "C:\\Windows\\System32\\svchost.exe"
          },
          {
            "@Name": "ImageLoaded",
            "#text": "C:\\Windows\\System32\\dsrole.dll"
          },
          {
            "@Name": "FileVersion",
            "#text": "10.0.19041.546 (WinBuild.160101.0800)"
          },
          {
            "@Name": "Description",
            "#text": "DS Setup Client DLL"
          },
          {
            "@Name": "Product",
            "#text": "Microsoft Windows Operating System"
          },
          {
            "@Name": "Company",
            "#text": "Microsoft Corporation"
          },
          {
            "@Name": "OriginalFileName",
            "#text": "DSROLE.DLL"
          },
          {
            "@Name": "Hashes",
            "#text": "SHA256=FC8C1ADB27B2BDB6C1E3CCC77AB62A47CF36817480026923448F1367934B7732"
          },
          {
            "@Name": "Signed",
            "#text": "true"
          },
          {
            "@Name": "Signature",
            "#text": "Microsoft Windows"
          },
          {
            "@Name": "SignatureStatus",
            "#text": "Valid"
          }
        ]
      }
    },
    {
      "@xmlns": "http://schemas.microsoft.com/win/2004/08/events/event",
      "System": {
        "Provider": {
          "@Name": "Microsoft-Windows-Sysmon",
          "@Guid": "{5770385f-c22a-43e0-bf4c-06f5698ffbd9}"
        },
        "EventID": "7",
        "Version": "3",
        "Level": "4",
        "Task": "7",
        "Opcode": "0",
        "Keywords": "0x8000000000000000",
        "TimeCreated": {
          "@SystemTime": "2025-11-21T15:40:05.3807003Z"
        },
        "EventRecordID": "1092",
        "Correlation": null,
        "Execution": {
          "@ProcessID": "1884",
          "@ThreadID": "4100"
        },
        "Channel": "Microsoft-Windows-Sysmon/Operational",
        "Computer": "DESKTOP-LG3F6GA",
        "Security": {
          "@UserID": "S-1-5-18"
        }
      },
      "EventData": {
        "Data": [
          {
            "@Name": "RuleName",
            "#text": "-"
          },
          {
            "@Name": "UtcTime",
            "#text": "2025-11-21 15:39:53.590"
          },
          {
            "@Name": "ProcessGuid",
            "#text": "{03ac98ec-87c9-6920-4103-000000006000}"
          },
          {
            "@Name": "ProcessId",
            "#text": "2348"
          },
          {
            "@Name": "Image",
            "#text": "C:\\Windows\\System32\\svchost.exe"
          },
          {
            "@Name": "ImageLoaded",
            "#text": "C:\\Windows\\System32\\WsmSvc.dll"
          },
          {
            "@Name": "FileVersion",
            "#text": "10.0.19041.488 (WinBuild.160101.0800)"
          },
          {
            "@Name": "Description",
            "#text": "WSMan Service"
          },
          {
            "@Name": "Product",
            "#text": "Microsoft Windows Operating System"
          },
          {
            "@Name": "Company",
            "#text": "Microsoft Corporation"
          },
          {
            "@Name": "OriginalFileName",
            "#text": "WsmSvc.dll"
          },
          {
            "@Name": "Hashes",
            "#text": "SHA256=68255F3B00FDF44D2B911095A714203B1BE7B05840F66BED883317E55B06C4CA"
          },
          {
            "@Name": "Signed",
            "#text": "true"
          },
          {
            "@Name": "Signature",
            "#text": "Microsoft Windows"
          },
          {
            "@Name": "SignatureStatus",
            "#text": "Valid"
          }
        ]
      }
    },
    {
      "@xmlns": "http://schemas.microsoft.com/win/2004/08/events/event",
      "System": {
        "Provider": {
          "@Name": "Microsoft-Windows-Sysmon",
          "@Guid": "{5770385f-c22a-43e0-bf4c-06f5698ffbd9}"
        },
        "EventID": "7",
        "Version": "3",
        "Level": "4",
        "Task": "7",
        "Opcode": "0",
        "Keywords": "0x8000000000000000",
        "TimeCreated": {
          "@SystemTime": "2025-11-21T15:40:05.3643213Z"
        },
        "EventRecordID": "1091",
        "Correlation": null,
        "Execution": {
          "@ProcessID": "1884",
          "@ThreadID": "4100"
        },
        "Channel": "Microsoft-Windows-Sysmon/Operational",
        "Computer": "DESKTOP-LG3F6GA",
        "Security": {
          "@UserID": "S-1-5-18"
        }
      },
      "EventData": {
        "Data": [
          {
            "@Name": "RuleName",
            "#text": "-"
          },
          {
            "@Name": "UtcTime",
            "#text": "2025-11-21 15:39:53.574"
          },
          {
            "@Name": "ProcessGuid",
            "#text": "{03ac98ec-87c9-6920-4103-000000006000}"
          },
          {
            "@Name": "ProcessId",
            "#text": "2348"
          },
          {
            "@Name": "Image",
            "#text": "C:\\Windows\\System32\\svchost.exe"
          },
          {
            "@Name": "ImageLoaded",
            "#text": "C:\\Windows\\System32\\miutils.dll"
          },
          {
            "@Name": "FileVersion",
            "#text": "10.0.19041.546 (WinBuild.160101.0800)"
          },
          {
            "@Name": "Description",
            "#text": "Management Infrastructure"
          },
          {
            "@Name": "Product",
            "#text": "Microsoft Windows Operating System"
          },
          {
            "@Name": "Company",
            "#text": "Microsoft Corporation"
          },
          {
            "@Name": "OriginalFileName",
            "#text": "miutils.dll"
          },
          {
            "@Name": "Hashes",
            "#text": "SHA256=A9EFE6B87086780D554D0E00167B46F281299B56808F1E31EC96CA56AB8207D8"
          },
          {
            "@Name": "Signed",
            "#text": "true"
          },
          {
            "@Name": "Signature",
            "#text": "Microsoft Windows"
          },
          {
            "@Name": "SignatureStatus",
            "#text": "Valid"
          }
        ]
      }
    },
    {
      "@xmlns": "http://schemas.microsoft.com/win/2004/08/events/event",
      "System": {
        "Provider": {
          "@Name": "Microsoft-Windows-Sysmon",
          "@Guid": "{5770385f-c22a-43e0-bf4c-06f5698ffbd9}"
        },
        "EventID": "7",
        "Version": "3",
        "Level": "4",
        "Task": "7",
        "Opcode": "0",
        "Keywords": "0x8000000000000000",
        "TimeCreated": {
          "@SystemTime": "2025-11-21T15:40:05.3583479Z"
        },
        "EventRecordID": "1090",
        "Correlation": null,
        "Execution": {
          "@ProcessID": "1884",
          "@ThreadID": "4100"
        },
        "Channel": "Microsoft-Windows-Sysmon/Operational",
        "Computer": "DESKTOP-LG3F6GA",
        "Security": {
          "@UserID": "S-1-5-18"
        }
      },
      "EventData": {
        "Data": [
          {
            "@Name": "RuleName",
            "#text": "-"
          },
          {
            "@Name": "UtcTime",
            "#text": "2025-11-21 15:39:53.574"
          },
          {
            "@Name": "ProcessGuid",
            "#text": "{03ac98ec-87c9-6920-4103-000000006000}"
          },
          {
            "@Name": "ProcessId",
            "#text": "2348"
          },
          {
            "@Name": "Image",
            "#text": "C:\\Windows\\System32\\svchost.exe"
          },
          {
            "@Name": "ImageLoaded",
            "#text": "C:\\Windows\\System32\\WsmAuto.dll"
          },
          {
            "@Name": "FileVersion",
            "#text": "10.0.19041.488 (WinBuild.160101.0800)"
          },
          {
            "@Name": "Description",
            "#text": "WSMAN Automation"
          },
          {
            "@Name": "Product",
            "#text": "Microsoft Windows Operating System"
          },
          {
            "@Name": "Company",
            "#text": "Microsoft Corporation"
          },
          {
            "@Name": "OriginalFileName",
            "#text": "WSMANAUTOMATION.DLL"
          },
          {
            "@Name": "Hashes",
            "#text": "SHA256=CF55DB4FD1710B2451F792E176067659977D69B676DA75E31294E723EA1AF077"
          },
          {
            "@Name": "Signed",
            "#text": "true"
          },
          {
            "@Name": "Signature",
            "#text": "Microsoft Windows"
          },
          {
            "@Name": "SignatureStatus",
            "#text": "Valid"
          }
        ]
      }
    },
    {
      "@xmlns": "http://schemas.microsoft.com/win/2004/08/events/event",
      "System": {
        "Provider": {
          "@Name": "Microsoft-Windows-Sysmon",
          "@Guid": "{5770385f-c22a-43e0-bf4c-06f5698ffbd9}"
        },
        "EventID": "7",
        "Version": "3",
        "Level": "4",
        "Task": "7",
        "Opcode": "0",
        "Keywords": "0x8000000000000000",
        "TimeCreated": {
          "@SystemTime": "2025-11-21T15:40:05.3521430Z"
        },
        "EventRecordID": "1089",
        "Correlation": null,
        "Execution": {
          "@ProcessID": "1884",
          "@ThreadID": "4100"
        },
        "Channel": "Microsoft-Windows-Sysmon/Operational",
        "Computer": "DESKTOP-LG3F6GA",
        "Security": {
          "@UserID": "S-1-5-18"
        }
      },
      "EventData": {
        "Data": [
          {
            "@Name": "RuleName",
            "#text": "-"
          },
          {
            "@Name": "UtcTime",
            "#text": "2025-11-21 15:39:53.543"
          },
          {
            "@Name": "ProcessGuid",
            "#text": "{03ac98ec-87c9-6920-4103-000000006000}"
          },
          {
            "@Name": "ProcessId",
            "#text": "2348"
          },
          {
            "@Name": "Image",
            "#text": "C:\\Windows\\System32\\svchost.exe"
          },
          {
            "@Name": "ImageLoaded",
            "#text": "C:\\Windows\\System32\\AppXDeploymentClient.dll"
          },
          {
            "@Name": "FileVersion",
            "#text": "10.0.19041.572 (WinBuild.160101.0800)"
          },
          {
            "@Name": "Description",
            "#text": "AppX Deployment Client DLL"
          },
          {
            "@Name": "Product",
            "#text": "Microsoft Windows Operating System"
          },
          {
            "@Name": "Company",
            "#text": "Microsoft Corporation"
          },
          {
            "@Name": "OriginalFileName",
            "#text": "AppXDeploymentClient.dll"
          },
          {
            "@Name": "Hashes",
            "#text": "SHA256=43FCBA3E9D784F51F4DCD025615BE821D458AC288A705BAB6576E5554356172C"
          },
          {
            "@Name": "Signed",
            "#text": "true"
          },
          {
            "@Name": "Signature",
            "#text": "Microsoft Windows"
          },
          {
            "@Name": "SignatureStatus",
            "#text": "Valid"
          }
        ]
      }
    },
    {
      "@xmlns": "http://schemas.microsoft.com/win/2004/08/events/event",
      "System": {
        "Provider": {
          "@Name": "Microsoft-Windows-Sysmon",
          "@Guid": "{5770385f-c22a-43e0-bf4c-06f5698ffbd9}"
        },
        "EventID": "7",
        "Version": "3",
        "Level": "4",
        "Task": "7",
        "Opcode": "0",
        "Keywords": "0x8000000000000000",
        "TimeCreated": {
          "@SystemTime": "2025-11-21T15:40:05.3477092Z"
        },
        "EventRecordID": "1088",
        "Correlation": null,
        "Execution": {
          "@ProcessID": "1884",
          "@ThreadID": "4100"
        },
        "Channel": "Microsoft-Windows-Sysmon/Operational",
        "Computer": "DESKTOP-LG3F6GA",
        "Security": {
          "@UserID": "S-1-5-18"
        }
      },
      "EventData": {
        "Data": [
          {
            "@Name": "RuleName",
            "#text": "-"
          },
          {
            "@Name": "UtcTime",
            "#text": "2025-11-21 15:39:53.528"
          },
          {
            "@Name": "ProcessGuid",
            "#text": "{03ac98ec-87c9-6920-4103-000000006000}"
          },
          {
            "@Name": "ProcessId",
            "#text": "2348"
          },
          {
            "@Name": "Image",
            "#text": "C:\\Windows\\System32\\svchost.exe"
          },
          {
            "@Name": "ImageLoaded",
            "#text": "C:\\Windows\\System32\\iertutil.dll"
          },
          {
            "@Name": "FileVersion",
            "#text": "11.00.19041.630 (WinBuild.160101.0800)"
          },
          {
            "@Name": "Description",
            "#text": "Run time utility for Internet Explorer"
          },
          {
            "@Name": "Product",
            "#text": "Internet Explorer"
          },
          {
            "@Name": "Company",
            "#text": "Microsoft Corporation"
          },
          {
            "@Name": "OriginalFileName",
            "#text": "IeRtUtil.dll"
          },
          {
            "@Name": "Hashes",
            "#text": "SHA256=7E1BE17586EE580051B7E7BF62C7A22D611855713BF5A12A157106FCD584B6A8"
          },
          {
            "@Name": "Signed",
            "#text": "true"
          },
          {
            "@Name": "Signature",
            "#text": "Microsoft Windows"
          },
          {
            "@Name": "SignatureStatus",
            "#text": "Valid"
          }
        ]
      }
    },
    {
      "@xmlns": "http://schemas.microsoft.com/win/2004/08/events/event",
      "System": {
        "Provider": {
          "@Name": "Microsoft-Windows-Sysmon",
          "@Guid": "{5770385f-c22a-43e0-bf4c-06f5698ffbd9}"
        },
        "EventID": "7",
        "Version": "3",
        "Level": "4",
        "Task": "7",
        "Opcode": "0",
        "Keywords": "0x8000000000000000",
        "TimeCreated": {
          "@SystemTime": "2025-11-21T15:40:05.3404944Z"
        },
        "EventRecordID": "1087",
        "Correlation": null,
        "Execution": {
          "@ProcessID": "1884",
          "@ThreadID": "4100"
        },
        "Channel": "Microsoft-Windows-Sysmon/Operational",
        "Computer": "DESKTOP-LG3F6GA",
        "Security": {
          "@UserID": "S-1-5-18"
        }
      },
      "EventData": {
        "Data": [
          {
            "@Name": "RuleName",
            "#text": "-"
          },
          {
            "@Name": "UtcTime",
            "#text": "2025-11-21 15:39:53.512"
          },
          {
            "@Name": "ProcessGuid",
            "#text": "{03ac98ec-87c9-6920-4103-000000006000}"
          },
          {
            "@Name": "ProcessId",
            "#text": "2348"
          },
          {
            "@Name": "Image",
            "#text": "C:\\Windows\\System32\\svchost.exe"
          },
          {
            "@Name": "ImageLoaded",
            "#text": "C:\\Windows\\System32\\urlmon.dll"
          },
          {
            "@Name": "FileVersion",
            "#text": "11.00.19041.610 (WinBuild.160101.0800)"
          },
          {
            "@Name": "Description",
            "#text": "OLE32 Extensions for Win32"
          },
          {
            "@Name": "Product",
            "#text": "Internet Explorer"
          },
          {
            "@Name": "Company",
            "#text": "Microsoft Corporation"
          },
          {
            "@Name": "OriginalFileName",
            "#text": "UrlMon.dll"
          },
          {
            "@Name": "Hashes",
            "#text": "SHA256=C8A170C1C272665AFAD344EE979DD52CEAB3403D1D09BC7A0DAE3F1D0FB4C647"
          },
          {
            "@Name": "Signed",
            "#text": "true"
          },
          {
            "@Name": "Signature",
            "#text": "Microsoft Windows"
          },
          {
            "@Name": "SignatureStatus",
            "#text": "Valid"
          }
        ]
      }
    },
    {
      "@xmlns": "http://schemas.microsoft.com/win/2004/08/events/event",
      "System": {
        "Provider": {
          "@Name": "Microsoft-Windows-Sysmon",
          "@Guid": "{5770385f-c22a-43e0-bf4c-06f5698ffbd9}"
        },
        "EventID": "7",
        "Version": "3",
        "Level": "4",
        "Task": "7",
        "Opcode": "0",
        "Keywords": "0x8000000000000000",
        "TimeCreated": {
          "@SystemTime": "2025-11-21T15:40:05.3271070Z"
        },
        "EventRecordID": "1086",
        "Correlation": null,
        "Execution": {
          "@ProcessID": "1884",
          "@ThreadID": "4100"
        },
        "Channel": "Microsoft-Windows-Sysmon/Operational",
        "Computer": "DESKTOP-LG3F6GA",
        "Security": {
          "@UserID": "S-1-5-18"
        }
      },
      "EventData": {
        "Data": [
          {
            "@Name": "RuleName",
            "#text": "-"
          },
          {
            "@Name": "UtcTime",
            "#text": "2025-11-21 15:39:53.512"
          },
          {
            "@Name": "ProcessGuid",
            "#text": "{03ac98ec-87c9-6920-4103-000000006000}"
          },
          {
            "@Name": "ProcessId",
            "#text": "2348"
          },
          {
            "@Name": "Image",
            "#text": "C:\\Windows\\System32\\svchost.exe"
          },
          {
            "@Name": "ImageLoaded",
            "#text": "C:\\Windows\\System32\\winhttp.dll"
          },
          {
            "@Name": "FileVersion",
            "#text": "10.0.19041.546 (WinBuild.160101.0800)"
          },
          {
            "@Name": "Description",
            "#text": "Windows HTTP Services"
          },
          {
            "@Name": "Product",
            "#text": "Microsoft Windows Operating System"
          },
          {
            "@Name": "Company",
            "#text": "Microsoft Corporation"
          },
          {
            "@Name": "OriginalFileName",
            "#text": "winhttp.dll"
          },
          {
            "@Name": "Hashes",
            "#text": "SHA256=C7EEB870BFF131493E8DD5B5AA93988E7544D802B8F6F7C8D71424000E708EA4"
          },
          {
            "@Name": "Signed",
            "#text": "true"
          },
          {
            "@Name": "Signature",
            "#text": "Microsoft Windows"
          },
          {
            "@Name": "SignatureStatus",
            "#text": "Valid"
          }
        ]
      }
    },
    {
      "@xmlns": "http://schemas.microsoft.com/win/2004/08/events/event",
      "System": {
        "Provider": {
          "@Name": "Microsoft-Windows-Sysmon",
          "@Guid": "{5770385f-c22a-43e0-bf4c-06f5698ffbd9}"
        },
        "EventID": "7",
        "Version": "3",
        "Level": "4",
        "Task": "7",
        "Opcode": "0",
        "Keywords": "0x8000000000000000",
        "TimeCreated": {
          "@SystemTime": "2025-11-21T15:40:05.3227898Z"
        },
        "EventRecordID": "1085",
        "Correlation": null,
        "Execution": {
          "@ProcessID": "1884",
          "@ThreadID": "4100"
        },
        "Channel": "Microsoft-Windows-Sysmon/Operational",
        "Computer": "DESKTOP-LG3F6GA",
        "Security": {
          "@UserID": "S-1-5-18"
        }
      },
      "EventData": {
        "Data": [
          {
            "@Name": "RuleName",
            "#text": "-"
          },
          {
            "@Name": "UtcTime",
            "#text": "2025-11-21 15:39:53.512"
          },
          {
            "@Name": "ProcessGuid",
            "#text": "{03ac98ec-87c9-6920-4103-000000006000}"
          },
          {
            "@Name": "ProcessId",
            "#text": "2348"
          },
          {
            "@Name": "Image",
            "#text": "C:\\Windows\\System32\\svchost.exe"
          },
          {
            "@Name": "ImageLoaded",
            "#text": "C:\\Windows\\System32\\ssdpapi.dll"
          },
          {
            "@Name": "FileVersion",
            "#text": "10.0.19041.508 (WinBuild.160101.0800)"
          },
          {
            "@Name": "Description",
            "#text": "SSDP Client API DLL"
          },
          {
            "@Name": "Product",
            "#text": "Microsoft Windows Operating System"
          },
          {
            "@Name": "Company",
            "#text": "Microsoft Corporation"
          },
          {
            "@Name": "OriginalFileName",
            "#text": "ssdpapi.dll"
          },
          {
            "@Name": "Hashes",
            "#text": "SHA256=962214E4D859B21B105A2BBC9E89F6BB3E9410C14CBE9725EBB654D46AE18DF3"
          },
          {
            "@Name": "Signed",
            "#text": "true"
          },
          {
            "@Name": "Signature",
            "#text": "Microsoft Windows"
          },
          {
            "@Name": "SignatureStatus",
            "#text": "Valid"
          }
        ]
      }
    },
    {
      "@xmlns": "http://schemas.microsoft.com/win/2004/08/events/event",
      "System": {
        "Provider": {
          "@Name": "Microsoft-Windows-Sysmon",
          "@Guid": "{5770385f-c22a-43e0-bf4c-06f5698ffbd9}"
        },
        "EventID": "7",
        "Version": "3",
        "Level": "4",
        "Task": "7",
        "Opcode": "0",
        "Keywords": "0x8000000000000000",
        "TimeCreated": {
          "@SystemTime": "2025-11-21T15:40:05.3179335Z"
        },
        "EventRecordID": "1084",
        "Correlation": null,
        "Execution": {
          "@ProcessID": "1884",
          "@ThreadID": "4100"
        },
        "Channel": "Microsoft-Windows-Sysmon/Operational",
        "Computer": "DESKTOP-LG3F6GA",
        "Security": {
          "@UserID": "S-1-5-18"
        }
      },
      "EventData": {
        "Data": [
          {
            "@Name": "RuleName",
            "#text": "-"
          },
          {
            "@Name": "UtcTime",
            "#text": "2025-11-21 15:39:53.512"
          },
          {
            "@Name": "ProcessGuid",
            "#text": "{03ac98ec-87c9-6920-4103-000000006000}"
          },
          {
            "@Name": "ProcessId",
            "#text": "2348"
          },
          {
            "@Name": "Image",
            "#text": "C:\\Windows\\System32\\svchost.exe"
          },
          {
            "@Name": "ImageLoaded",
            "#text": "C:\\Windows\\System32\\upnp.dll"
          },
          {
            "@Name": "FileVersion",
            "#text": "10.0.19041.1 (WinBuild.160101.0800)"
          },
          {
            "@Name": "Description",
            "#text": "UPnP Control Point API"
          },
          {
            "@Name": "Product",
            "#text": "Microsoft Windows Operating System"
          },
          {
            "@Name": "Company",
            "#text": "Microsoft Corporation"
          },
          {
            "@Name": "OriginalFileName",
            "#text": "upnp.dll"
          },
          {
            "@Name": "Hashes",
            "#text": "SHA256=FEE04DFA9E3E4BD347249F7FA373E3A59B5C545FE3F4320063558B8963F6DCD7"
          },
          {
            "@Name": "Signed",
            "#text": "true"
          },
          {
            "@Name": "Signature",
            "#text": "Microsoft Windows"
          },
          {
            "@Name": "SignatureStatus",
            "#text": "Valid"
          }
        ]
      }
    },
    {
      "@xmlns": "http://schemas.microsoft.com/win/2004/08/events/event",
      "System": {
        "Provider": {
          "@Name": "Microsoft-Windows-Sysmon",
          "@Guid": "{5770385f-c22a-43e0-bf4c-06f5698ffbd9}"
        },
        "EventID": "7",
        "Version": "3",
        "Level": "4",
        "Task": "7",
        "Opcode": "0",
        "Keywords": "0x8000000000000000",
        "TimeCreated": {
          "@SystemTime": "2025-11-21T15:40:05.3114981Z"
        },
        "EventRecordID": "1083",
        "Correlation": null,
        "Execution": {
          "@ProcessID": "1884",
          "@ThreadID": "4100"
        },
        "Channel": "Microsoft-Windows-Sysmon/Operational",
        "Computer": "DESKTOP-LG3F6GA",
        "Security": {
          "@UserID": "S-1-5-18"
        }
      },
      "EventData": {
        "Data": [
          {
            "@Name": "RuleName",
            "#text": "-"
          },
          {
            "@Name": "UtcTime",
            "#text": "2025-11-21 15:39:53.496"
          },
          {
            "@Name": "ProcessGuid",
            "#text": "{03ac98ec-87c9-6920-4103-000000006000}"
          },
          {
            "@Name": "ProcessId",
            "#text": "2348"
          },
          {
            "@Name": "Image",
            "#text": "C:\\Windows\\System32\\svchost.exe"
          },
          {
            "@Name": "ImageLoaded",
            "#text": "C:\\Windows\\System32\\bitsigd.dll"
          },
          {
            "@Name": "FileVersion",
            "#text": "7.8.19041.1 (WinBuild.160101.0800)"
          },
          {
            "@Name": "Description",
            "#text": "Background Intelligent Transfer Service IGD Support"
          },
          {
            "@Name": "Product",
            "#text": "Microsoft Windows Operating System"
          },
          {
            "@Name": "Company",
            "#text": "Microsoft Corporation"
          },
          {
            "@Name": "OriginalFileName",
            "#text": "bitsigd.dll"
          },
          {
            "@Name": "Hashes",
            "#text": "SHA256=39EEF98B7270EB41979881ECEA1661EE810B03ABC6CEF920EDA3B528FEFEF2D5"
          },
          {
            "@Name": "Signed",
            "#text": "true"
          },
          {
            "@Name": "Signature",
            "#text": "Microsoft Windows"
          },
          {
            "@Name": "SignatureStatus",
            "#text": "Valid"
          }
        ]
      }
    },
