    {
      "@xmlns": "http://schemas.microsoft.com/win/2004/08/events/event",
      "System": {
        "Provider": {
          "@Name": "Microsoft-Windows-Sysmon",
          "@Guid": "{5770385f-c22a-43e0-bf4c-06f5698ffbd9}"
        },
        "EventID": "7",
        "Version": "3",
        "Level": "4",
        "Task": "7",
        "Opcode": "0",
        "Keywords": "0x8000000000000000",
        "TimeCreated": {
          "@SystemTime": "2025-11-21T15:39:44.1916357Z"
        },
        "EventRecordID": "424",
        "Correlation": null,
        "Execution": {
          "@ProcessID": "1884",
          "@ThreadID": "4100"
        },
        "Channel": "Microsoft-Windows-Sysmon/Operational",
        "Computer": "DESKTOP-LG3F6GA",
        "Security": {
          "@UserID": "S-1-5-18"
        }
      },
      "EventData": {
        "Data": [
          {
            "@Name": "RuleName",
            "#text": "-"
          },
          {
            "@Name": "UtcTime",
            "#text": "2025-11-21 15:39:44.184"
          },
          {
            "@Name": "ProcessGuid",
            "#text": "{03ac98ec-87a8-6920-2102-000000006000}"
          },
          {
            "@Name": "ProcessId",
            "#text": "2380"
          },
          {
            "@Name": "Image",
            "#text": "C:\\Windows\\System32\\svchost.exe"
          },
          {
            "@Name": "ImageLoaded",
            "#text": "C:\\Windows\\System32\\wtsapi32.dll"
          },
          {
            "@Name": "FileVersion",
            "#text": "10.0.19041.546 (WinBuild.160101.0800)"
          },
          {
            "@Name": "Description",
            "#text": "Windows Remote Desktop Session Host Server SDK APIs"
          },
          {
            "@Name": "Product",
            "#text": "Microsoft Windows Operating System"
          },
          {
            "@Name": "Company",
            "#text": "Microsoft Corporation"
          },
          {
            "@Name": "OriginalFileName",
            "#text": "wtsapi32.dll"
          },
          {
            "@Name": "Hashes",
            "#text": "SHA256=1033414B92FE745FB7FD75CAB631FE253A55E390E11BAB0093AAD0D55A1734BE"
          },
          {
            "@Name": "Signed",
            "#text": "true"
          },
          {
            "@Name": "Signature",
            "#text": "Microsoft Windows"
          },
          {
            "@Name": "SignatureStatus",
            "#text": "Valid"
          }
        ]
      }
    },
    {
      "@xmlns": "http://schemas.microsoft.com/win/2004/08/events/event",
      "System": {
        "Provider": {
          "@Name": "Microsoft-Windows-Sysmon",
          "@Guid": "{5770385f-c22a-43e0-bf4c-06f5698ffbd9}"
        },
        "EventID": "7",
        "Version": "3",
        "Level": "4",
        "Task": "7",
        "Opcode": "0",
        "Keywords": "0x8000000000000000",
        "TimeCreated": {
          "@SystemTime": "2025-11-21T15:39:44.1887014Z"
        },
        "EventRecordID": "423",
        "Correlation": null,
        "Execution": {
          "@ProcessID": "1884",
          "@ThreadID": "4100"
        },
        "Channel": "Microsoft-Windows-Sysmon/Operational",
        "Computer": "DESKTOP-LG3F6GA",
        "Security": {
          "@UserID": "S-1-5-18"
        }
      },
      "EventData": {
        "Data": [
          {
            "@Name": "RuleName",
            "#text": "-"
          },
          {
            "@Name": "UtcTime",
            "#text": "2025-11-21 15:39:44.168"
          },
          {
            "@Name": "ProcessGuid",
            "#text": "{03ac98ec-87a8-6920-2102-000000006000}"
          },
          {
            "@Name": "ProcessId",
            "#text": "2380"
          },
          {
            "@Name": "Image",
            "#text": "C:\\Windows\\System32\\svchost.exe"
          },
          {
            "@Name": "ImageLoaded",
            "#text": "C:\\Windows\\System32\\wdscore.dll"
          },
          {
            "@Name": "FileVersion",
            "#text": "10.0.19041.546 (WinBuild.160101.0800)"
          },
          {
            "@Name": "Description",
            "#text": "Panther Engine Module"
          },
          {
            "@Name": "Product",
            "#text": "Microsoft Windows Operating System"
          },
          {
            "@Name": "Company",
            "#text": "Microsoft Corporation"
          },
          {
            "@Name": "OriginalFileName",
            "#text": "WDSCORE.DLL"
          },
          {
            "@Name": "Hashes",
            "#text": "SHA256=BDFDDA6DD69A4B9BA510A0E42B84ABCBA9D8720E009805DC6FB7AC7267B66FF4"
          },
          {
            "@Name": "Signed",
            "#text": "true"
          },
          {
            "@Name": "Signature",
            "#text": "Microsoft Windows"
          },
          {
            "@Name": "SignatureStatus",
            "#text": "Valid"
          }
        ]
      }
    },
    {
      "@xmlns": "http://schemas.microsoft.com/win/2004/08/events/event",
      "System": {
        "Provider": {
          "@Name": "Microsoft-Windows-Sysmon",
          "@Guid": "{5770385f-c22a-43e0-bf4c-06f5698ffbd9}"
        },
        "EventID": "7",
        "Version": "3",
        "Level": "4",
        "Task": "7",
        "Opcode": "0",
        "Keywords": "0x8000000000000000",
        "TimeCreated": {
          "@SystemTime": "2025-11-21T15:39:44.1728928Z"
        },
        "EventRecordID": "422",
        "Correlation": null,
        "Execution": {
          "@ProcessID": "1884",
          "@ThreadID": "4100"
        },
        "Channel": "Microsoft-Windows-Sysmon/Operational",
        "Computer": "DESKTOP-LG3F6GA",
        "Security": {
          "@UserID": "S-1-5-18"
        }
      },
      "EventData": {
        "Data": [
          {
            "@Name": "RuleName",
            "#text": "-"
          },
          {
            "@Name": "UtcTime",
            "#text": "2025-11-21 15:39:44.153"
          },
          {
            "@Name": "ProcessGuid",
            "#text": "{03ac98ec-87a8-6920-2102-000000006000}"
          },
          {
            "@Name": "ProcessId",
            "#text": "2380"
          },
          {
            "@Name": "Image",
            "#text": "C:\\Windows\\System32\\svchost.exe"
          },
          {
            "@Name": "ImageLoaded",
            "#text": "C:\\Windows\\System32\\appraiser.dll"
          },
          {
            "@Name": "FileVersion",
            "#text": "10.0.19645.1016 (WinBuild.160101.0800)"
          },
          {
            "@Name": "Description",
            "#text": "Compatibility Appraiser"
          },
          {
            "@Name": "Product",
            "#text": "Microsoft Windows Operating System"
          },
          {
            "@Name": "Company",
            "#text": "Microsoft Corporation"
          },
          {
            "@Name": "OriginalFileName",
            "#text": "Appraiser.dll"
          },
          {
            "@Name": "Hashes",
            "#text": "SHA256=A870C5EBD6E266B0D5207E22E3AA10042F371121F4808FB6AFDB83FBCC71A439"
          },
          {
            "@Name": "Signed",
            "#text": "true"
          },
          {
            "@Name": "Signature",
            "#text": "Microsoft Windows"
          },
          {
            "@Name": "SignatureStatus",
            "#text": "Valid"
          }
        ]
      }
    },
    {
      "@xmlns": "http://schemas.microsoft.com/win/2004/08/events/event",
      "System": {
        "Provider": {
          "@Name": "Microsoft-Windows-Sysmon",
          "@Guid": "{5770385f-c22a-43e0-bf4c-06f5698ffbd9}"
        },
        "EventID": "7",
        "Version": "3",
        "Level": "4",
        "Task": "7",
        "Opcode": "0",
        "Keywords": "0x8000000000000000",
        "TimeCreated": {
          "@SystemTime": "2025-11-21T15:39:44.1485456Z"
        },
        "EventRecordID": "421",
        "Correlation": null,
        "Execution": {
          "@ProcessID": "1884",
          "@ThreadID": "4100"
        },
        "Channel": "Microsoft-Windows-Sysmon/Operational",
        "Computer": "DESKTOP-LG3F6GA",
        "Security": {
          "@UserID": "S-1-5-18"
        }
      },
      "EventData": {
        "Data": [
          {
            "@Name": "RuleName",
            "#text": "-"
          },
          {
            "@Name": "UtcTime",
            "#text": "2025-11-21 15:39:44.137"
          },
          {
            "@Name": "ProcessGuid",
            "#text": "{03ac98ec-87a8-6920-2102-000000006000}"
          },
          {
            "@Name": "ProcessId",
            "#text": "2380"
          },
          {
            "@Name": "Image",
            "#text": "C:\\Windows\\System32\\svchost.exe"
          },
          {
            "@Name": "ImageLoaded",
            "#text": "C:\\Windows\\System32\\netutils.dll"
          },
          {
            "@Name": "FileVersion",
            "#text": "10.0.19041.546 (WinBuild.160101.0800)"
          },
          {
            "@Name": "Description",
            "#text": "Net Win32 API Helpers DLL"
          },
          {
            "@Name": "Product",
            "#text": "Microsoft Windows Operating System"
          },
          {
            "@Name": "Company",
            "#text": "Microsoft Corporation"
          },
          {
            "@Name": "OriginalFileName",
            "#text": "NETUTILS.DLL"
          },
          {
            "@Name": "Hashes",
            "#text": "SHA256=4B02305203AB1AC0E795B6467C1E17A00C17447941AEFBF91378186E2FC580D8"
          },
          {
            "@Name": "Signed",
            "#text": "true"
          },
          {
            "@Name": "Signature",
            "#text": "Microsoft Windows"
          },
          {
            "@Name": "SignatureStatus",
            "#text": "Valid"
          }
        ]
      }
    },
    {
      "@xmlns": "http://schemas.microsoft.com/win/2004/08/events/event",
      "System": {
        "Provider": {
          "@Name": "Microsoft-Windows-Sysmon",
          "@Guid": "{5770385f-c22a-43e0-bf4c-06f5698ffbd9}"
        },
        "EventID": "7",
        "Version": "3",
        "Level": "4",
        "Task": "7",
        "Opcode": "0",
        "Keywords": "0x8000000000000000",
        "TimeCreated": {
          "@SystemTime": "2025-11-21T15:39:44.1451539Z"
        },
        "EventRecordID": "420",
        "Correlation": null,
        "Execution": {
          "@ProcessID": "1884",
          "@ThreadID": "4100"
        },
        "Channel": "Microsoft-Windows-Sysmon/Operational",
        "Computer": "DESKTOP-LG3F6GA",
        "Security": {
          "@UserID": "S-1-5-18"
        }
      },
      "EventData": {
        "Data": [
          {
            "@Name": "RuleName",
            "#text": "-"
          },
          {
            "@Name": "UtcTime",
            "#text": "2025-11-21 15:39:44.121"
          },
          {
            "@Name": "ProcessGuid",
            "#text": "{03ac98ec-87a8-6920-2102-000000006000}"
          },
          {
            "@Name": "ProcessId",
            "#text": "2380"
          },
          {
            "@Name": "Image",
            "#text": "C:\\Windows\\System32\\svchost.exe"
          },
          {
            "@Name": "ImageLoaded",
            "#text": "C:\\Windows\\System32\\dcntel.dll"
          },
          {
            "@Name": "FileVersion",
            "#text": "10.0.19645.1016 (WinBuild.160101.0800)"
          },
          {
            "@Name": "Description",
            "#text": "dcntel"
          },
          {
            "@Name": "Product",
            "#text": "Microsoft Windows Operating System"
          },
          {
            "@Name": "Company",
            "#text": "Microsoft Corporation"
          },
          {
            "@Name": "OriginalFileName",
            "#text": "dcntel.dll"
          },
          {
            "@Name": "Hashes",
            "#text": "SHA256=0DBB8F0F97E289CC969C3E9B5E077390CC1DAF89D6672EED73BF44AE6213D072"
          },
          {
            "@Name": "Signed",
            "#text": "true"
          },
          {
            "@Name": "Signature",
            "#text": "Microsoft Windows"
          },
          {
            "@Name": "SignatureStatus",
            "#text": "Valid"
          }
        ]
      }
    },
    {
      "@xmlns": "http://schemas.microsoft.com/win/2004/08/events/event",
      "System": {
        "Provider": {
          "@Name": "Microsoft-Windows-Sysmon",
          "@Guid": "{5770385f-c22a-43e0-bf4c-06f5698ffbd9}"
        },
        "EventID": "7",
        "Version": "3",
        "Level": "4",
        "Task": "7",
        "Opcode": "0",
        "Keywords": "0x8000000000000000",
        "TimeCreated": {
          "@SystemTime": "2025-11-21T15:39:44.1408025Z"
        },
        "EventRecordID": "419",
        "Correlation": null,
        "Execution": {
          "@ProcessID": "1884",
          "@ThreadID": "4100"
        },
        "Channel": "Microsoft-Windows-Sysmon/Operational",
        "Computer": "DESKTOP-LG3F6GA",
        "Security": {
          "@UserID": "S-1-5-18"
        }
      },
      "EventData": {
        "Data": [
          {
            "@Name": "RuleName",
            "#text": "-"
          },
          {
            "@Name": "UtcTime",
            "#text": "2025-11-21 15:39:44.121"
          },
          {
            "@Name": "ProcessGuid",
            "#text": "{03ac98ec-87a8-6920-2102-000000006000}"
          },
          {
            "@Name": "ProcessId",
            "#text": "2380"
          },
          {
            "@Name": "Image",
            "#text": "C:\\Windows\\System32\\svchost.exe"
          },
          {
            "@Name": "ImageLoaded",
            "#text": "C:\\Windows\\System32\\logoncli.dll"
          },
          {
            "@Name": "FileVersion",
            "#text": "10.0.19041.610 (WinBuild.160101.0800)"
          },
          {
            "@Name": "Description",
            "#text": "Net Logon Client DLL"
          },
          {
            "@Name": "Product",
            "#text": "Microsoft Windows Operating System"
          },
          {
            "@Name": "Company",
            "#text": "Microsoft Corporation"
          },
          {
            "@Name": "OriginalFileName",
            "#text": "LOGONCLI.DLL"
          },
          {
            "@Name": "Hashes",
            "#text": "SHA256=B84469293584B8FF2C0340F48535227D4C383D558BCC30D6E16A292D26F51CB5"
          },
          {
            "@Name": "Signed",
            "#text": "true"
          },
          {
            "@Name": "Signature",
            "#text": "Microsoft Windows"
          },
          {
            "@Name": "SignatureStatus",
            "#text": "Valid"
          }
        ]
      }
    },
    {
      "@xmlns": "http://schemas.microsoft.com/win/2004/08/events/event",
      "System": {
        "Provider": {
          "@Name": "Microsoft-Windows-Sysmon",
          "@Guid": "{5770385f-c22a-43e0-bf4c-06f5698ffbd9}"
        },
        "EventID": "7",
        "Version": "3",
        "Level": "4",
        "Task": "7",
        "Opcode": "0",
        "Keywords": "0x8000000000000000",
        "TimeCreated": {
          "@SystemTime": "2025-11-21T15:39:44.1367468Z"
        },
        "EventRecordID": "418",
        "Correlation": null,
        "Execution": {
          "@ProcessID": "1884",
          "@ThreadID": "4100"
        },
        "Channel": "Microsoft-Windows-Sysmon/Operational",
        "Computer": "DESKTOP-LG3F6GA",
        "Security": {
          "@UserID": "S-1-5-18"
        }
      },
      "EventData": {
        "Data": [
          {
            "@Name": "RuleName",
            "#text": "-"
          },
          {
            "@Name": "UtcTime",
            "#text": "2025-11-21 15:39:44.121"
          },
          {
            "@Name": "ProcessGuid",
            "#text": "{03ac98ec-87a8-6920-2102-000000006000}"
          },
          {
            "@Name": "ProcessId",
            "#text": "2380"
          },
          {
            "@Name": "Image",
            "#text": "C:\\Windows\\System32\\svchost.exe"
          },
          {
            "@Name": "ImageLoaded",
            "#text": "C:\\Windows\\System32\\utcutil.dll"
          },
          {
            "@Name": "FileVersion",
            "#text": "10.0.19041.546 (WinBuild.160101.0800)"
          },
          {
            "@Name": "Description",
            "#text": "Microsoft Windows Telemetry Utils"
          },
          {
            "@Name": "Product",
            "#text": "Microsoft Windows Operating System"
          },
          {
            "@Name": "Company",
            "#text": "Microsoft Corporation"
          },
          {
            "@Name": "OriginalFileName",
            "#text": "utcutil.dll"
          },
          {
            "@Name": "Hashes",
            "#text": "SHA256=6C22A5B830BF553DE4A71C057BBBF7E3CBD0B123A96702D96BDA1B127E89FA29"
          },
          {
            "@Name": "Signed",
            "#text": "true"
          },
          {
            "@Name": "Signature",
            "#text": "Microsoft Windows"
          },
          {
            "@Name": "SignatureStatus",
            "#text": "Valid"
          }
        ]
      }
    },
    {
      "@xmlns": "http://schemas.microsoft.com/win/2004/08/events/event",
      "System": {
        "Provider": {
          "@Name": "Microsoft-Windows-Sysmon",
          "@Guid": "{5770385f-c22a-43e0-bf4c-06f5698ffbd9}"
        },
        "EventID": "17",
        "Version": "1",
        "Level": "4",
        "Task": "17",
        "Opcode": "0",
        "Keywords": "0x8000000000000000",
        "TimeCreated": {
          "@SystemTime": "2025-11-21T15:39:44.1025664Z"
        },
        "EventRecordID": "417",
        "Correlation": null,
        "Execution": {
          "@ProcessID": "1884",
          "@ThreadID": "6212"
        },
        "Channel": "Microsoft-Windows-Sysmon/Operational",
        "Computer": "DESKTOP-LG3F6GA",
        "Security": {
          "@UserID": "S-1-5-18"
        }
      },
      "EventData": {
        "Data": [
          {
            "@Name": "RuleName",
            "#text": "-"
          },
          {
            "@Name": "EventType",
            "#text": "CreatePipe"
          },
          {
            "@Name": "UtcTime",
            "#text": "2025-11-21 15:39:44.090"
          },
          {
            "@Name": "ProcessGuid",
            "#text": "{03ac98ec-36aa-68ca-1202-000000006000}"
          },
          {
            "@Name": "ProcessId",
            "#text": "3932"
          },
          {
            "@Name": "PipeName",
            "#text": "\\GEBFZjLqtOd6264"
          },
          {
            "@Name": "Image",
            "#text": "C:\\Users\\buddy\\AppData\\Local\\Programs\\Python\\Python310-32\\pythonw.exe"
          }
        ]
      }
    },
    {
      "@xmlns": "http://schemas.microsoft.com/win/2004/08/events/event",
      "System": {
        "Provider": {
          "@Name": "Microsoft-Windows-Sysmon",
          "@Guid": "{5770385f-c22a-43e0-bf4c-06f5698ffbd9}"
        },
        "EventID": "5",
        "Version": "3",
        "Level": "4",
        "Task": "5",
        "Opcode": "0",
        "Keywords": "0x8000000000000000",
        "TimeCreated": {
          "@SystemTime": "2025-11-21T15:39:44.0944537Z"
        },
        "EventRecordID": "416",
        "Correlation": null,
        "Execution": {
          "@ProcessID": "1884",
          "@ThreadID": "6212"
        },
        "Channel": "Microsoft-Windows-Sysmon/Operational",
        "Computer": "DESKTOP-LG3F6GA",
        "Security": {
          "@UserID": "S-1-5-18"
        }
      },
      "EventData": {
        "Data": [
          {
            "@Name": "RuleName",
            "#text": "-"
          },
          {
            "@Name": "UtcTime",
            "#text": "2025-11-21 15:39:44.090"
          },
          {
            "@Name": "ProcessGuid",
            "#text": "{03ac98ec-87bd-6920-fc02-000000006000}"
          },
          {
            "@Name": "ProcessId",
            "#text": "4552"
          },
          {
            "@Name": "Image",
            "#text": "C:\\Windows\\SysWOW64\\net.exe"
          }
        ]
      }
    },
    {
      "@xmlns": "http://schemas.microsoft.com/win/2004/08/events/event",
      "System": {
        "Provider": {
          "@Name": "Microsoft-Windows-Sysmon",
          "@Guid": "{5770385f-c22a-43e0-bf4c-06f5698ffbd9}"
        },
        "EventID": "5",
        "Version": "3",
        "Level": "4",
        "Task": "5",
        "Opcode": "0",
        "Keywords": "0x8000000000000000",
        "TimeCreated": {
          "@SystemTime": "2025-11-21T15:39:44.0928464Z"
        },
        "EventRecordID": "415",
        "Correlation": null,
        "Execution": {
          "@ProcessID": "1884",
          "@ThreadID": "6212"
        },
        "Channel": "Microsoft-Windows-Sysmon/Operational",
        "Computer": "DESKTOP-LG3F6GA",
        "Security": {
          "@UserID": "S-1-5-18"
        }
      },
      "EventData": {
        "Data": [
          {
            "@Name": "RuleName",
            "#text": "-"
          },
          {
            "@Name": "UtcTime",
            "#text": "2025-11-21 15:39:44.090"
          },
          {
            "@Name": "ProcessGuid",
            "#text": "{03ac98ec-87be-6920-ff02-000000006000}"
          },
          {
            "@Name": "ProcessId",
            "#text": "4608"
          },
          {
            "@Name": "Image",
            "#text": "C:\\Windows\\SysWOW64\\net1.exe"
          }
        ]
      }
    },
    {
      "@xmlns": "http://schemas.microsoft.com/win/2004/08/events/event",
      "System": {
        "Provider": {
          "@Name": "Microsoft-Windows-Sysmon",
          "@Guid": "{5770385f-c22a-43e0-bf4c-06f5698ffbd9}"
        },
        "EventID": "5",
        "Version": "3",
        "Level": "4",
        "Task": "5",
        "Opcode": "0",
        "Keywords": "0x8000000000000000",
        "TimeCreated": {
          "@SystemTime": "2025-11-21T15:39:44.0280200Z"
        },
        "EventRecordID": "414",
        "Correlation": null,
        "Execution": {
          "@ProcessID": "1884",
          "@ThreadID": "6212"
        },
        "Channel": "Microsoft-Windows-Sysmon/Operational",
        "Computer": "DESKTOP-LG3F6GA",
        "Security": {
          "@UserID": "S-1-5-18"
        }
      },
      "EventData": {
        "Data": [
          {
            "@Name": "RuleName",
            "#text": "-"
          },
          {
            "@Name": "UtcTime",
            "#text": "2025-11-21 15:39:44.012"
          },
          {
            "@Name": "ProcessGuid",
            "#text": "{03ac98ec-87bf-6920-2c03-000000006000}"
          },
          {
            "@Name": "ProcessId",
            "#text": "2532"
          },
          {
            "@Name": "Image",
            "#text": "C:\\Windows\\SysWOW64\\wevtutil.exe"
          }
        ]
      }
    },
    {
      "@xmlns": "http://schemas.microsoft.com/win/2004/08/events/event",
      "System": {
        "Provider": {
          "@Name": "Microsoft-Windows-Sysmon",
          "@Guid": "{5770385f-c22a-43e0-bf4c-06f5698ffbd9}"
        },
        "EventID": "1",
        "Version": "5",
        "Level": "4",
        "Task": "1",
        "Opcode": "0",
        "Keywords": "0x8000000000000000",
        "TimeCreated": {
          "@SystemTime": "2025-11-21T15:39:43.9573882Z"
        },
        "EventRecordID": "413",
        "Correlation": null,
        "Execution": {
          "@ProcessID": "1884",
          "@ThreadID": "6212"
        },
        "Channel": "Microsoft-Windows-Sysmon/Operational",
        "Computer": "DESKTOP-LG3F6GA",
        "Security": {
          "@UserID": "S-1-5-18"
        }
      },
      "EventData": {
        "Data": [
          {
            "@Name": "RuleName",
            "#text": "-"
          },
          {
            "@Name": "UtcTime",
            "#text": "2025-11-21 15:39:43.956"
          },
          {
            "@Name": "ProcessGuid",
            "#text": "{03ac98ec-87bf-6920-2d03-000000006000}"
          },
          {
            "@Name": "ProcessId",
            "#text": "5680"
          },
          {
            "@Name": "Image",
            "#text": "C:\\Windows\\System32\\conhost.exe"
          },
          {
            "@Name": "FileVersion",
            "#text": "10.0.19041.546 (WinBuild.160101.0800)"
          },
          {
            "@Name": "Description",
            "#text": "Console Window Host"
          },
          {
            "@Name": "Product",
            "#text": "Microsoft Windows Operating System"
          },
          {
            "@Name": "Company",
            "#text": "Microsoft Corporation"
          },
          {
            "@Name": "OriginalFileName",
            "#text": "CONHOST.EXE"
          },
          {
            "@Name": "CommandLine",
            "#text": "\\??\\C:\\WINDOWS\\system32\\conhost.exe 0xffffffff -ForceV1"
          },
          {
            "@Name": "CurrentDirectory",
            "#text": "C:\\WINDOWS"
          },
          {
            "@Name": "User",
            "#text": "DESKTOP-LG3F6GA\\buddy"
          },
          {
            "@Name": "LogonGuid",
            "#text": "{03ac98ec-32b8-68ca-75e4-030000000000}"
          },
          {
            "@Name": "LogonId",
            "#text": "0x3e475"
          },
          {
            "@Name": "TerminalSessionId",
            "#text": "1"
          },
          {
            "@Name": "IntegrityLevel",
            "#text": "High"
          },
          {
            "@Name": "Hashes",
            "#text": "SHA256=57B0CCD3AEBC6C7126E7C19F5DAC492DF51D904A505C5F5B0CB02270D53F8684"
          },
          {
            "@Name": "ParentProcessGuid",
            "#text": "{03ac98ec-87bf-6920-2c03-000000006000}"
          },
          {
            "@Name": "ParentProcessId",
            "#text": "2532"
          },
          {
            "@Name": "ParentImage",
            "#text": "C:\\Windows\\SysWOW64\\wevtutil.exe"
          },
          {
            "@Name": "ParentCommandLine",
            "#text": "wevtutil cl Microsoft-Windows-Sysmon/Operational"
          }
        ]
      }
    },
    {
      "@xmlns": "http://schemas.microsoft.com/win/2004/08/events/event",
      "System": {
        "Provider": {
          "@Name": "Microsoft-Windows-Sysmon",
          "@Guid": "{5770385f-c22a-43e0-bf4c-06f5698ffbd9}"
        },
        "EventID": "5",
        "Version": "3",
        "Level": "4",
        "Task": "5",
        "Opcode": "0",
        "Keywords": "0x8000000000000000",
        "TimeCreated": {
          "@SystemTime": "2025-11-21T15:39:43.8989717Z"
        },
        "EventRecordID": "412",
        "Correlation": null,
        "Execution": {
          "@ProcessID": "1884",
          "@ThreadID": "6212"
        },
        "Channel": "Microsoft-Windows-Sysmon/Operational",
        "Computer": "DESKTOP-LG3F6GA",
        "Security": {
          "@UserID": "S-1-5-18"
        }
      },
      "EventData": {
        "Data": [
          {
            "@Name": "RuleName",
            "#text": "-"
          },
          {
            "@Name": "UtcTime",
            "#text": "2025-11-21 15:39:43.887"
          },
          {
            "@Name": "ProcessGuid",
            "#text": "{03ac98ec-87bf-6920-2a03-000000006000}"
          },
          {
            "@Name": "ProcessId",
            "#text": "7184"
          },
          {
            "@Name": "Image",
            "#text": "C:\\Windows\\SysWOW64\\wevtutil.exe"
          }
        ]
      }
    },
    {
      "@xmlns": "http://schemas.microsoft.com/win/2004/08/events/event",
      "System": {
        "Provider": {
          "@Name": "Microsoft-Windows-Sysmon",
          "@Guid": "{5770385f-c22a-43e0-bf4c-06f5698ffbd9}"
        },
        "EventID": "1",
        "Version": "5",
        "Level": "4",
        "Task": "1",
        "Opcode": "0",
        "Keywords": "0x8000000000000000",
        "TimeCreated": {
          "@SystemTime": "2025-11-21T15:39:43.8384064Z"
        },
        "EventRecordID": "411",
        "Correlation": null,
        "Execution": {
          "@ProcessID": "1884",
          "@ThreadID": "6212"
        },
        "Channel": "Microsoft-Windows-Sysmon/Operational",
        "Computer": "DESKTOP-LG3F6GA",
        "Security": {
          "@UserID": "S-1-5-18"
        }
      },
      "EventData": {
        "Data": [
          {
            "@Name": "RuleName",
            "#text": "-"
          },
          {
            "@Name": "UtcTime",
            "#text": "2025-11-21 15:39:43.837"
          },
          {
            "@Name": "ProcessGuid",
            "#text": "{03ac98ec-87bf-6920-2b03-000000006000}"
          },
          {
            "@Name": "ProcessId",
            "#text": "4364"
          },
          {
            "@Name": "Image",
            "#text": "C:\\Windows\\System32\\conhost.exe"
          },
          {
            "@Name": "FileVersion",
            "#text": "10.0.19041.546 (WinBuild.160101.0800)"
          },
          {
            "@Name": "Description",
            "#text": "Console Window Host"
          },
          {
            "@Name": "Product",
            "#text": "Microsoft Windows Operating System"
          },
          {
            "@Name": "Company",
            "#text": "Microsoft Corporation"
          },
          {
            "@Name": "OriginalFileName",
            "#text": "CONHOST.EXE"
          },
          {
            "@Name": "CommandLine",
            "#text": "\\??\\C:\\WINDOWS\\system32\\conhost.exe 0xffffffff -ForceV1"
          },
          {
            "@Name": "CurrentDirectory",
            "#text": "C:\\WINDOWS"
          },
          {
            "@Name": "User",
            "#text": "DESKTOP-LG3F6GA\\buddy"
          },
          {
            "@Name": "LogonGuid",
            "#text": "{03ac98ec-32b8-68ca-75e4-030000000000}"
          },
          {
            "@Name": "LogonId",
            "#text": "0x3e475"
          },
          {
            "@Name": "TerminalSessionId",
            "#text": "1"
          },
          {
            "@Name": "IntegrityLevel",
            "#text": "High"
          },
          {
            "@Name": "Hashes",
            "#text": "SHA256=57B0CCD3AEBC6C7126E7C19F5DAC492DF51D904A505C5F5B0CB02270D53F8684"
          },
          {
            "@Name": "ParentProcessGuid",
            "#text": "{03ac98ec-87bf-6920-2a03-000000006000}"
          },
          {
            "@Name": "ParentProcessId",
            "#text": "7184"
          },
          {
            "@Name": "ParentImage",
            "#text": "C:\\Windows\\SysWOW64\\wevtutil.exe"
          },
          {
            "@Name": "ParentCommandLine",
            "#text": "wevtutil cl Windows PowerShell"
          }
        ]
      }
    },
    {
      "@xmlns": "http://schemas.microsoft.com/win/2004/08/events/event",
      "System": {
        "Provider": {
          "@Name": "Microsoft-Windows-Sysmon",
          "@Guid": "{5770385f-c22a-43e0-bf4c-06f5698ffbd9}"
        },
        "EventID": "5",
        "Version": "3",
        "Level": "4",
        "Task": "5",
        "Opcode": "0",
        "Keywords": "0x8000000000000000",
        "TimeCreated": {
          "@SystemTime": "2025-11-21T15:39:43.8302017Z"
        },
        "EventRecordID": "410",
        "Correlation": null,
        "Execution": {
          "@ProcessID": "1884",
          "@ThreadID": "6212"
        },
        "Channel": "Microsoft-Windows-Sysmon/Operational",
        "Computer": "DESKTOP-LG3F6GA",
        "Security": {
          "@UserID": "S-1-5-18"
        }
      },
      "EventData": {
        "Data": [
          {
            "@Name": "RuleName",
            "#text": "-"
          },
          {
            "@Name": "UtcTime",
            "#text": "2025-11-21 15:39:43.824"
          },
          {
            "@Name": "ProcessGuid",
            "#text": "{03ac98ec-87bf-6920-2803-000000006000}"
          },
          {
            "@Name": "ProcessId",
            "#text": "8168"
          },
          {
            "@Name": "Image",
            "#text": "C:\\Windows\\SysWOW64\\wevtutil.exe"
          }
        ]
      }
    },
    {
      "@xmlns": "http://schemas.microsoft.com/win/2004/08/events/event",
      "System": {
        "Provider": {
          "@Name": "Microsoft-Windows-Sysmon",
          "@Guid": "{5770385f-c22a-43e0-bf4c-06f5698ffbd9}"
        },
        "EventID": "1",
        "Version": "5",
        "Level": "4",
        "Task": "1",
        "Opcode": "0",
        "Keywords": "0x8000000000000000",
        "TimeCreated": {
          "@SystemTime": "2025-11-21T15:39:43.7645817Z"
        },
        "EventRecordID": "409",
        "Correlation": null,
        "Execution": {
          "@ProcessID": "1884",
          "@ThreadID": "6212"
        },
        "Channel": "Microsoft-Windows-Sysmon/Operational",
        "Computer": "DESKTOP-LG3F6GA",
        "Security": {
          "@UserID": "S-1-5-18"
        }
      },
      "EventData": {
        "Data": [
          {
            "@Name": "RuleName",
            "#text": "-"
          },
          {
            "@Name": "UtcTime",
            "#text": "2025-11-21 15:39:43.763"
          },
          {
            "@Name": "ProcessGuid",
            "#text": "{03ac98ec-87bf-6920-2903-000000006000}"
          },
          {
            "@Name": "ProcessId",
            "#text": "8176"
          },
          {
            "@Name": "Image",
            "#text": "C:\\Windows\\System32\\conhost.exe"
          },
          {
            "@Name": "FileVersion",
            "#text": "10.0.19041.546 (WinBuild.160101.0800)"
          },
          {
            "@Name": "Description",
            "#text": "Console Window Host"
          },
          {
            "@Name": "Product",
            "#text": "Microsoft Windows Operating System"
          },
          {
            "@Name": "Company",
            "#text": "Microsoft Corporation"
          },
          {
            "@Name": "OriginalFileName",
            "#text": "CONHOST.EXE"
          },
          {
            "@Name": "CommandLine",
            "#text": "\\??\\C:\\WINDOWS\\system32\\conhost.exe 0xffffffff -ForceV1"
          },
          {
            "@Name": "CurrentDirectory",
            "#text": "C:\\WINDOWS"
          },
          {
            "@Name": "User",
            "#text": "DESKTOP-LG3F6GA\\buddy"
          },
          {
            "@Name": "LogonGuid",
            "#text": "{03ac98ec-32b8-68ca-75e4-030000000000}"
          },
          {
            "@Name": "LogonId",
            "#text": "0x3e475"
          },
          {
            "@Name": "TerminalSessionId",
            "#text": "1"
          },
          {
            "@Name": "IntegrityLevel",
            "#text": "High"
          },
          {
            "@Name": "Hashes",
            "#text": "SHA256=57B0CCD3AEBC6C7126E7C19F5DAC492DF51D904A505C5F5B0CB02270D53F8684"
          },
          {
            "@Name": "ParentProcessGuid",
            "#text": "{03ac98ec-87bf-6920-2803-000000006000}"
          },
          {
            "@Name": "ParentProcessId",
            "#text": "8168"
          },
          {
            "@Name": "ParentImage",
            "#text": "C:\\Windows\\SysWOW64\\wevtutil.exe"
          },
          {
            "@Name": "ParentCommandLine",
            "#text": "wevtutil cl System"
          }
        ]
      }
    },
    {
      "@xmlns": "http://schemas.microsoft.com/win/2004/08/events/event",
      "System": {
        "Provider": {
          "@Name": "Microsoft-Windows-Sysmon",
          "@Guid": "{5770385f-c22a-43e0-bf4c-06f5698ffbd9}"
        },
        "EventID": "5",
        "Version": "3",
        "Level": "4",
        "Task": "5",
        "Opcode": "0",
        "Keywords": "0x8000000000000000",
        "TimeCreated": {
          "@SystemTime": "2025-11-21T15:39:43.7556615Z"
        },
        "EventRecordID": "408",
        "Correlation": null,
        "Execution": {
          "@ProcessID": "1884",
          "@ThreadID": "6212"
        },
        "Channel": "Microsoft-Windows-Sysmon/Operational",
        "Computer": "DESKTOP-LG3F6GA",
        "Security": {
          "@UserID": "S-1-5-18"
        }
      },
      "EventData": {
        "Data": [
          {
            "@Name": "RuleName",
            "#text": "-"
          },
          {
            "@Name": "UtcTime",
            "#text": "2025-11-21 15:39:43.746"
          },
          {
            "@Name": "ProcessGuid",
            "#text": "{03ac98ec-87bf-6920-2603-000000006000}"
          },
          {
            "@Name": "ProcessId",
            "#text": "8116"
          },
          {
            "@Name": "Image",
            "#text": "C:\\Windows\\SysWOW64\\wevtutil.exe"
          }
        ]
      }
    },
    {
      "@xmlns": "http://schemas.microsoft.com/win/2004/08/events/event",
      "System": {
        "Provider": {
          "@Name": "Microsoft-Windows-Sysmon",
          "@Guid": "{5770385f-c22a-43e0-bf4c-06f5698ffbd9}"
        },
        "EventID": "1",
        "Version": "5",
        "Level": "4",
        "Task": "1",
        "Opcode": "0",
        "Keywords": "0x8000000000000000",
        "TimeCreated": {
          "@SystemTime": "2025-11-21T15:39:43.6899437Z"
        },
        "EventRecordID": "407",
        "Correlation": null,
        "Execution": {
          "@ProcessID": "1884",
          "@ThreadID": "6212"
        },
        "Channel": "Microsoft-Windows-Sysmon/Operational",
        "Computer": "DESKTOP-LG3F6GA",
        "Security": {
          "@UserID": "S-1-5-18"
        }
      },
      "EventData": {
        "Data": [
          {
            "@Name": "RuleName",
            "#text": "-"
          },
          {
            "@Name": "UtcTime",
            "#text": "2025-11-21 15:39:43.689"
          },
          {
            "@Name": "ProcessGuid",
            "#text": "{03ac98ec-87bf-6920-2703-000000006000}"
          },
          {
            "@Name": "ProcessId",
            "#text": "8124"
          },
          {
            "@Name": "Image",
            "#text": "C:\\Windows\\System32\\conhost.exe"
          },
          {
            "@Name": "FileVersion",
            "#text": "10.0.19041.546 (WinBuild.160101.0800)"
          },
          {
            "@Name": "Description",
            "#text": "Console Window Host"
          },
          {
            "@Name": "Product",
            "#text": "Microsoft Windows Operating System"
          },
          {
            "@Name": "Company",
            "#text": "Microsoft Corporation"
          },
          {
            "@Name": "OriginalFileName",
            "#text": "CONHOST.EXE"
          },
          {
            "@Name": "CommandLine",
            "#text": "\\??\\C:\\WINDOWS\\system32\\conhost.exe 0xffffffff -ForceV1"
          },
          {
            "@Name": "CurrentDirectory",
            "#text": "C:\\WINDOWS"
          },
          {
            "@Name": "User",
            "#text": "DESKTOP-LG3F6GA\\buddy"
          },
          {
            "@Name": "LogonGuid",
            "#text": "{03ac98ec-32b8-68ca-75e4-030000000000}"
          },
          {
            "@Name": "LogonId",
            "#text": "0x3e475"
          },
          {
            "@Name": "TerminalSessionId",
            "#text": "1"
          },
          {
            "@Name": "IntegrityLevel",
            "#text": "High"
          },
          {
            "@Name": "Hashes",
            "#text": "SHA256=57B0CCD3AEBC6C7126E7C19F5DAC492DF51D904A505C5F5B0CB02270D53F8684"
          },
          {
            "@Name": "ParentProcessGuid",
            "#text": "{03ac98ec-87bf-6920-2603-000000006000}"
          },
          {
            "@Name": "ParentProcessId",
            "#text": "8116"
          },
          {
            "@Name": "ParentImage",
            "#text": "C:\\Windows\\SysWOW64\\wevtutil.exe"
          },
          {
            "@Name": "ParentCommandLine",
            "#text": "wevtutil cl Setup"
          }
        ]
      }
    },
    {
      "@xmlns": "http://schemas.microsoft.com/win/2004/08/events/event",
      "System": {
        "Provider": {
          "@Name": "Microsoft-Windows-Sysmon",
          "@Guid": "{5770385f-c22a-43e0-bf4c-06f5698ffbd9}"
        },
        "EventID": "5",
        "Version": "3",
        "Level": "4",
        "Task": "5",
        "Opcode": "0",
        "Keywords": "0x8000000000000000",
        "TimeCreated": {
          "@SystemTime": "2025-11-21T15:39:43.6810678Z"
        },
        "EventRecordID": "406",
        "Correlation": null,
        "Execution": {
          "@ProcessID": "1884",
          "@ThreadID": "6212"
        },
        "Channel": "Microsoft-Windows-Sysmon/Operational",
        "Computer": "DESKTOP-LG3F6GA",
        "Security": {
          "@UserID": "S-1-5-18"
        }
      },
      "EventData": {
        "Data": [
          {
            "@Name": "RuleName",
            "#text": "-"
          },
          {
            "@Name": "UtcTime",
            "#text": "2025-11-21 15:39:43.668"
          },
          {
            "@Name": "ProcessGuid",
            "#text": "{03ac98ec-87bf-6920-2403-000000006000}"
          },
          {
            "@Name": "ProcessId",
            "#text": "8060"
          },
          {
            "@Name": "Image",
            "#text": "C:\\Windows\\SysWOW64\\wevtutil.exe"
          }
        ]
      }
    },
