    {
      "@xmlns": "http://schemas.microsoft.com/win/2004/08/events/event",
      "System": {
        "Provider": {
          "@Name": "Microsoft-Windows-Sysmon",
          "@Guid": "{5770385f-c22a-43e0-bf4c-06f5698ffbd9}"
        },
        "EventID": "7",
        "Version": "3",
        "Level": "4",
        "Task": "7",
        "Opcode": "0",
        "Keywords": "0x8000000000000000",
        "TimeCreated": {
          "@SystemTime": "2025-11-21T15:39:53.6021708Z"
        },
        "EventRecordID": "976",
        "Correlation": null,
        "Execution": {
          "@ProcessID": "1884",
          "@ThreadID": "6212"
        },
        "Channel": "Microsoft-Windows-Sysmon/Operational",
        "Computer": "DESKTOP-LG3F6GA",
        "Security": {
          "@UserID": "S-1-5-18"
        }
      },
      "EventData": {
        "Data": [
          {
            "@Name": "RuleName",
            "#text": "-"
          },
          {
            "@Name": "UtcTime",
            "#text": "2025-11-21 15:39:53.590"
          },
          {
            "@Name": "ProcessGuid",
            "#text": "{03ac98ec-87c9-6920-4103-000000006000}"
          },
          {
            "@Name": "ProcessId",
            "#text": "2348"
          },
          {
            "@Name": "Image",
            "#text": "C:\\Windows\\System32\\svchost.exe"
          },
          {
            "@Name": "ImageLoaded",
            "#text": "C:\\Windows\\System32\\crypt32.dll"
          },
          {
            "@Name": "FileVersion",
            "#text": "10.0.19041.546 (WinBuild.160101.0800)"
          },
          {
            "@Name": "Description",
            "#text": "Crypto API32"
          },
          {
            "@Name": "Product",
            "#text": "Microsoft Windows Operating System"
          },
          {
            "@Name": "Company",
            "#text": "Microsoft Corporation"
          },
          {
            "@Name": "OriginalFileName",
            "#text": "CRYPT32.DLL"
          },
          {
            "@Name": "Hashes",
            "#text": "SHA256=2C35B64B1179B1FD0612456F37F03BDE7BFA2ECE9B250DA0A119275E9605EC36"
          },
          {
            "@Name": "Signed",
            "#text": "true"
          },
          {
            "@Name": "Signature",
            "#text": "Microsoft Windows"
          },
          {
            "@Name": "SignatureStatus",
            "#text": "Valid"
          }
        ]
      }
    },
    {
      "@xmlns": "http://schemas.microsoft.com/win/2004/08/events/event",
      "System": {
        "Provider": {
          "@Name": "Microsoft-Windows-Sysmon",
          "@Guid": "{5770385f-c22a-43e0-bf4c-06f5698ffbd9}"
        },
        "EventID": "7",
        "Version": "3",
        "Level": "4",
        "Task": "7",
        "Opcode": "0",
        "Keywords": "0x8000000000000000",
        "TimeCreated": {
          "@SystemTime": "2025-11-21T15:39:53.5617613Z"
        },
        "EventRecordID": "975",
        "Correlation": null,
        "Execution": {
          "@ProcessID": "1884",
          "@ThreadID": "6212"
        },
        "Channel": "Microsoft-Windows-Sysmon/Operational",
        "Computer": "DESKTOP-LG3F6GA",
        "Security": {
          "@UserID": "S-1-5-18"
        }
      },
      "EventData": {
        "Data": [
          {
            "@Name": "RuleName",
            "#text": "-"
          },
          {
            "@Name": "UtcTime",
            "#text": "2025-11-21 15:39:53.559"
          },
          {
            "@Name": "ProcessGuid",
            "#text": "{03ac98ec-87c9-6920-4103-000000006000}"
          },
          {
            "@Name": "ProcessId",
            "#text": "2348"
          },
          {
            "@Name": "Image",
            "#text": "C:\\Windows\\System32\\svchost.exe"
          },
          {
            "@Name": "ImageLoaded",
            "#text": "C:\\Windows\\System32\\cryptbase.dll"
          },
          {
            "@Name": "FileVersion",
            "#text": "10.0.19041.546 (WinBuild.160101.0800)"
          },
          {
            "@Name": "Description",
            "#text": "Base cryptographic API DLL"
          },
          {
            "@Name": "Product",
            "#text": "Microsoft Windows Operating System"
          },
          {
            "@Name": "Company",
            "#text": "Microsoft Corporation"
          },
          {
            "@Name": "OriginalFileName",
            "#text": "cryptbase.dll"
          },
          {
            "@Name": "Hashes",
            "#text": "SHA256=B50D007EE8764F7CADA9D9A395DA396201C8B18E6501B50AB809914A7588BAF1"
          },
          {
            "@Name": "Signed",
            "#text": "true"
          },
          {
            "@Name": "Signature",
            "#text": "Microsoft Windows"
          },
          {
            "@Name": "SignatureStatus",
            "#text": "Valid"
          }
        ]
      }
    },
    {
      "@xmlns": "http://schemas.microsoft.com/win/2004/08/events/event",
      "System": {
        "Provider": {
          "@Name": "Microsoft-Windows-Sysmon",
          "@Guid": "{5770385f-c22a-43e0-bf4c-06f5698ffbd9}"
        },
        "EventID": "9",
        "Version": "2",
        "Level": "4",
        "Task": "9",
        "Opcode": "0",
        "Keywords": "0x8000000000000000",
        "TimeCreated": {
          "@SystemTime": "2025-11-21T15:39:53.5590711Z"
        },
        "EventRecordID": "974",
        "Correlation": null,
        "Execution": {
          "@ProcessID": "1884",
          "@ThreadID": "6212"
        },
        "Channel": "Microsoft-Windows-Sysmon/Operational",
        "Computer": "DESKTOP-LG3F6GA",
        "Security": {
          "@UserID": "S-1-5-18"
        }
      },
      "EventData": {
        "Data": [
          {
            "@Name": "RuleName",
            "#text": "-"
          },
          {
            "@Name": "UtcTime",
            "#text": "2025-11-21 15:39:53.543"
          },
          {
            "@Name": "ProcessGuid",
            "#text": "{03ac98ec-87c9-6920-4103-000000006000}"
          },
          {
            "@Name": "ProcessId",
            "#text": "2348"
          },
          {
            "@Name": "Image",
            "#text": "C:\\Windows\\System32\\svchost.exe"
          },
          {
            "@Name": "Device",
            "#text": "\\Device\\Harddisk0\\DR0"
          }
        ]
      }
    },
    {
      "@xmlns": "http://schemas.microsoft.com/win/2004/08/events/event",
      "System": {
        "Provider": {
          "@Name": "Microsoft-Windows-Sysmon",
          "@Guid": "{5770385f-c22a-43e0-bf4c-06f5698ffbd9}"
        },
        "EventID": "9",
        "Version": "2",
        "Level": "4",
        "Task": "9",
        "Opcode": "0",
        "Keywords": "0x8000000000000000",
        "TimeCreated": {
          "@SystemTime": "2025-11-21T15:39:53.5584682Z"
        },
        "EventRecordID": "973",
        "Correlation": null,
        "Execution": {
          "@ProcessID": "1884",
          "@ThreadID": "6212"
        },
        "Channel": "Microsoft-Windows-Sysmon/Operational",
        "Computer": "DESKTOP-LG3F6GA",
        "Security": {
          "@UserID": "S-1-5-18"
        }
      },
      "EventData": {
        "Data": [
          {
            "@Name": "RuleName",
            "#text": "-"
          },
          {
            "@Name": "UtcTime",
            "#text": "2025-11-21 15:39:53.543"
          },
          {
            "@Name": "ProcessGuid",
            "#text": "{03ac98ec-87c9-6920-4103-000000006000}"
          },
          {
            "@Name": "ProcessId",
            "#text": "2348"
          },
          {
            "@Name": "Image",
            "#text": "C:\\Windows\\System32\\svchost.exe"
          },
          {
            "@Name": "Device",
            "#text": "\\Device\\Harddisk0\\DR0"
          }
        ]
      }
    },
    {
      "@xmlns": "http://schemas.microsoft.com/win/2004/08/events/event",
      "System": {
        "Provider": {
          "@Name": "Microsoft-Windows-Sysmon",
          "@Guid": "{5770385f-c22a-43e0-bf4c-06f5698ffbd9}"
        },
        "EventID": "9",
        "Version": "2",
        "Level": "4",
        "Task": "9",
        "Opcode": "0",
        "Keywords": "0x8000000000000000",
        "TimeCreated": {
          "@SystemTime": "2025-11-21T15:39:53.5570110Z"
        },
        "EventRecordID": "972",
        "Correlation": null,
        "Execution": {
          "@ProcessID": "1884",
          "@ThreadID": "6212"
        },
        "Channel": "Microsoft-Windows-Sysmon/Operational",
        "Computer": "DESKTOP-LG3F6GA",
        "Security": {
          "@UserID": "S-1-5-18"
        }
      },
      "EventData": {
        "Data": [
          {
            "@Name": "RuleName",
            "#text": "-"
          },
          {
            "@Name": "UtcTime",
            "#text": "2025-11-21 15:39:53.543"
          },
          {
            "@Name": "ProcessGuid",
            "#text": "{03ac98ec-87c9-6920-4103-000000006000}"
          },
          {
            "@Name": "ProcessId",
            "#text": "2348"
          },
          {
            "@Name": "Image",
            "#text": "C:\\Windows\\System32\\svchost.exe"
          },
          {
            "@Name": "Device",
            "#text": "\\Device\\Harddisk0\\DR0"
          }
        ]
      }
    },
    {
      "@xmlns": "http://schemas.microsoft.com/win/2004/08/events/event",
      "System": {
        "Provider": {
          "@Name": "Microsoft-Windows-Sysmon",
          "@Guid": "{5770385f-c22a-43e0-bf4c-06f5698ffbd9}"
        },
        "EventID": "9",
        "Version": "2",
        "Level": "4",
        "Task": "9",
        "Opcode": "0",
        "Keywords": "0x8000000000000000",
        "TimeCreated": {
          "@SystemTime": "2025-11-21T15:39:53.5561197Z"
        },
        "EventRecordID": "971",
        "Correlation": null,
        "Execution": {
          "@ProcessID": "1884",
          "@ThreadID": "6212"
        },
        "Channel": "Microsoft-Windows-Sysmon/Operational",
        "Computer": "DESKTOP-LG3F6GA",
        "Security": {
          "@UserID": "S-1-5-18"
        }
      },
      "EventData": {
        "Data": [
          {
            "@Name": "RuleName",
            "#text": "-"
          },
          {
            "@Name": "UtcTime",
            "#text": "2025-11-21 15:39:53.543"
          },
          {
            "@Name": "ProcessGuid",
            "#text": "{03ac98ec-87c9-6920-4103-000000006000}"
          },
          {
            "@Name": "ProcessId",
            "#text": "2348"
          },
          {
            "@Name": "Image",
            "#text": "C:\\Windows\\System32\\svchost.exe"
          },
          {
            "@Name": "Device",
            "#text": "\\Device\\Harddisk0\\DR0"
          }
        ]
      }
    },
    {
      "@xmlns": "http://schemas.microsoft.com/win/2004/08/events/event",
      "System": {
        "Provider": {
          "@Name": "Microsoft-Windows-Sysmon",
          "@Guid": "{5770385f-c22a-43e0-bf4c-06f5698ffbd9}"
        },
        "EventID": "9",
        "Version": "2",
        "Level": "4",
        "Task": "9",
        "Opcode": "0",
        "Keywords": "0x8000000000000000",
        "TimeCreated": {
          "@SystemTime": "2025-11-21T15:39:53.5530946Z"
        },
        "EventRecordID": "970",
        "Correlation": null,
        "Execution": {
          "@ProcessID": "1884",
          "@ThreadID": "6212"
        },
        "Channel": "Microsoft-Windows-Sysmon/Operational",
        "Computer": "DESKTOP-LG3F6GA",
        "Security": {
          "@UserID": "S-1-5-18"
        }
      },
      "EventData": {
        "Data": [
          {
            "@Name": "RuleName",
            "#text": "-"
          },
          {
            "@Name": "UtcTime",
            "#text": "2025-11-21 15:39:53.543"
          },
          {
            "@Name": "ProcessGuid",
            "#text": "{03ac98ec-87c9-6920-4103-000000006000}"
          },
          {
            "@Name": "ProcessId",
            "#text": "2348"
          },
          {
            "@Name": "Image",
            "#text": "C:\\Windows\\System32\\svchost.exe"
          },
          {
            "@Name": "Device",
            "#text": "\\Device\\Harddisk0\\DR0"
          }
        ]
      }
    },
    {
      "@xmlns": "http://schemas.microsoft.com/win/2004/08/events/event",
      "System": {
        "Provider": {
          "@Name": "Microsoft-Windows-Sysmon",
          "@Guid": "{5770385f-c22a-43e0-bf4c-06f5698ffbd9}"
        },
        "EventID": "9",
        "Version": "2",
        "Level": "4",
        "Task": "9",
        "Opcode": "0",
        "Keywords": "0x8000000000000000",
        "TimeCreated": {
          "@SystemTime": "2025-11-21T15:39:53.5521699Z"
        },
        "EventRecordID": "969",
        "Correlation": null,
        "Execution": {
          "@ProcessID": "1884",
          "@ThreadID": "6212"
        },
        "Channel": "Microsoft-Windows-Sysmon/Operational",
        "Computer": "DESKTOP-LG3F6GA",
        "Security": {
          "@UserID": "S-1-5-18"
        }
      },
      "EventData": {
        "Data": [
          {
            "@Name": "RuleName",
            "#text": "-"
          },
          {
            "@Name": "UtcTime",
            "#text": "2025-11-21 15:39:53.543"
          },
          {
            "@Name": "ProcessGuid",
            "#text": "{03ac98ec-87c9-6920-4103-000000006000}"
          },
          {
            "@Name": "ProcessId",
            "#text": "2348"
          },
          {
            "@Name": "Image",
            "#text": "C:\\Windows\\System32\\svchost.exe"
          },
          {
            "@Name": "Device",
            "#text": "\\Device\\Harddisk0\\DR0"
          }
        ]
      }
    },
    {
      "@xmlns": "http://schemas.microsoft.com/win/2004/08/events/event",
      "System": {
        "Provider": {
          "@Name": "Microsoft-Windows-Sysmon",
          "@Guid": "{5770385f-c22a-43e0-bf4c-06f5698ffbd9}"
        },
        "EventID": "7",
        "Version": "3",
        "Level": "4",
        "Task": "7",
        "Opcode": "0",
        "Keywords": "0x8000000000000000",
        "TimeCreated": {
          "@SystemTime": "2025-11-21T15:39:53.5412659Z"
        },
        "EventRecordID": "968",
        "Correlation": null,
        "Execution": {
          "@ProcessID": "1884",
          "@ThreadID": "6212"
        },
        "Channel": "Microsoft-Windows-Sysmon/Operational",
        "Computer": "DESKTOP-LG3F6GA",
        "Security": {
          "@UserID": "S-1-5-18"
        }
      },
      "EventData": {
        "Data": [
          {
            "@Name": "RuleName",
            "#text": "-"
          },
          {
            "@Name": "UtcTime",
            "#text": "2025-11-21 15:39:53.528"
          },
          {
            "@Name": "ProcessGuid",
            "#text": "{03ac98ec-87c9-6920-4103-000000006000}"
          },
          {
            "@Name": "ProcessId",
            "#text": "2348"
          },
          {
            "@Name": "Image",
            "#text": "C:\\Windows\\System32\\svchost.exe"
          },
          {
            "@Name": "ImageLoaded",
            "#text": "C:\\Windows\\System32\\SHCore.dll"
          },
          {
            "@Name": "FileVersion",
            "#text": "10.0.19041.610 (WinBuild.160101.0800)"
          },
          {
            "@Name": "Description",
            "#text": "SHCORE"
          },
          {
            "@Name": "Product",
            "#text": "Microsoft Windows Operating System"
          },
          {
            "@Name": "Company",
            "#text": "Microsoft Corporation"
          },
          {
            "@Name": "OriginalFileName",
            "#text": "SHCORE.dll"
          },
          {
            "@Name": "Hashes",
            "#text": "SHA256=98C55E5F0758E8FB42107CA41788B0FDB1F526B0088D1065A1359E40199D739D"
          },
          {
            "@Name": "Signed",
            "#text": "true"
          },
          {
            "@Name": "Signature",
            "#text": "Microsoft Windows"
          },
          {
            "@Name": "SignatureStatus",
            "#text": "Valid"
          }
        ]
      }
    },
    {
      "@xmlns": "http://schemas.microsoft.com/win/2004/08/events/event",
      "System": {
        "Provider": {
          "@Name": "Microsoft-Windows-Sysmon",
          "@Guid": "{5770385f-c22a-43e0-bf4c-06f5698ffbd9}"
        },
        "EventID": "7",
        "Version": "3",
        "Level": "4",
        "Task": "7",
        "Opcode": "0",
        "Keywords": "0x8000000000000000",
        "TimeCreated": {
          "@SystemTime": "2025-11-21T15:39:53.5081822Z"
        },
        "EventRecordID": "967",
        "Correlation": null,
        "Execution": {
          "@ProcessID": "1884",
          "@ThreadID": "6212"
        },
        "Channel": "Microsoft-Windows-Sysmon/Operational",
        "Computer": "DESKTOP-LG3F6GA",
        "Security": {
          "@UserID": "S-1-5-18"
        }
      },
      "EventData": {
        "Data": [
          {
            "@Name": "RuleName",
            "#text": "-"
          },
          {
            "@Name": "UtcTime",
            "#text": "2025-11-21 15:39:53.496"
          },
          {
            "@Name": "ProcessGuid",
            "#text": "{03ac98ec-87c9-6920-4103-000000006000}"
          },
          {
            "@Name": "ProcessId",
            "#text": "2348"
          },
          {
            "@Name": "Image",
            "#text": "C:\\Windows\\System32\\svchost.exe"
          },
          {
            "@Name": "ImageLoaded",
            "#text": "C:\\Windows\\System32\\npmproxy.dll"
          },
          {
            "@Name": "FileVersion",
            "#text": "10.0.19041.630 (WinBuild.160101.0800)"
          },
          {
            "@Name": "Description",
            "#text": "Network List Manager Proxy"
          },
          {
            "@Name": "Product",
            "#text": "Microsoft Windows Operating System"
          },
          {
            "@Name": "Company",
            "#text": "Microsoft Corporation"
          },
          {
            "@Name": "OriginalFileName",
            "#text": "npfproxy.dll"
          },
          {
            "@Name": "Hashes",
            "#text": "SHA256=4E7626075FF8127F1A8781B4435310DFA668E1A28B6C55EAB0C16EE1CEF79766"
          },
          {
            "@Name": "Signed",
            "#text": "true"
          },
          {
            "@Name": "Signature",
            "#text": "Microsoft Windows"
          },
          {
            "@Name": "SignatureStatus",
            "#text": "Valid"
          }
        ]
      }
    },
    {
      "@xmlns": "http://schemas.microsoft.com/win/2004/08/events/event",
      "System": {
        "Provider": {
          "@Name": "Microsoft-Windows-Sysmon",
          "@Guid": "{5770385f-c22a-43e0-bf4c-06f5698ffbd9}"
        },
        "EventID": "7",
        "Version": "3",
        "Level": "4",
        "Task": "7",
        "Opcode": "0",
        "Keywords": "0x8000000000000000",
        "TimeCreated": {
          "@SystemTime": "2025-11-21T15:39:53.5052520Z"
        },
        "EventRecordID": "966",
        "Correlation": null,
        "Execution": {
          "@ProcessID": "1884",
          "@ThreadID": "6212"
        },
        "Channel": "Microsoft-Windows-Sysmon/Operational",
        "Computer": "DESKTOP-LG3F6GA",
        "Security": {
          "@UserID": "S-1-5-18"
        }
      },
      "EventData": {
        "Data": [
          {
            "@Name": "RuleName",
            "#text": "-"
          },
          {
            "@Name": "UtcTime",
            "#text": "2025-11-21 15:39:53.496"
          },
          {
            "@Name": "ProcessGuid",
            "#text": "{03ac98ec-87c9-6920-4103-000000006000}"
          },
          {
            "@Name": "ProcessId",
            "#text": "2348"
          },
          {
            "@Name": "Image",
            "#text": "C:\\Windows\\System32\\svchost.exe"
          },
          {
            "@Name": "ImageLoaded",
            "#text": "C:\\Windows\\System32\\netprofm.dll"
          },
          {
            "@Name": "FileVersion",
            "#text": "10.0.19041.630 (WinBuild.160101.0800)"
          },
          {
            "@Name": "Description",
            "#text": "Network List Manager"
          },
          {
            "@Name": "Product",
            "#text": "Microsoft Windows Operating System"
          },
          {
            "@Name": "Company",
            "#text": "Microsoft Corporation"
          },
          {
            "@Name": "OriginalFileName",
            "#text": "netprofm.dll"
          },
          {
            "@Name": "Hashes",
            "#text": "SHA256=A37AFD5C393E42DDBAAAB176D367B1B2D00070F32FD6BEA6F5F8F2BB1A0285D4"
          },
          {
            "@Name": "Signed",
            "#text": "true"
          },
          {
            "@Name": "Signature",
            "#text": "Microsoft Windows"
          },
          {
            "@Name": "SignatureStatus",
            "#text": "Valid"
          }
        ]
      }
    },
    {
      "@xmlns": "http://schemas.microsoft.com/win/2004/08/events/event",
      "System": {
        "Provider": {
          "@Name": "Microsoft-Windows-Sysmon",
          "@Guid": "{5770385f-c22a-43e0-bf4c-06f5698ffbd9}"
        },
        "EventID": "7",
        "Version": "3",
        "Level": "4",
        "Task": "7",
        "Opcode": "0",
        "Keywords": "0x8000000000000000",
        "TimeCreated": {
          "@SystemTime": "2025-11-21T15:39:53.5028500Z"
        },
        "EventRecordID": "965",
        "Correlation": null,
        "Execution": {
          "@ProcessID": "1884",
          "@ThreadID": "6212"
        },
        "Channel": "Microsoft-Windows-Sysmon/Operational",
        "Computer": "DESKTOP-LG3F6GA",
        "Security": {
          "@UserID": "S-1-5-18"
        }
      },
      "EventData": {
        "Data": [
          {
            "@Name": "RuleName",
            "#text": "-"
          },
          {
            "@Name": "UtcTime",
            "#text": "2025-11-21 15:39:53.496"
          },
          {
            "@Name": "ProcessGuid",
            "#text": "{03ac98ec-87c9-6920-4103-000000006000}"
          },
          {
            "@Name": "ProcessId",
            "#text": "2348"
          },
          {
            "@Name": "Image",
            "#text": "C:\\Windows\\System32\\svchost.exe"
          },
          {
            "@Name": "ImageLoaded",
            "#text": "C:\\Windows\\System32\\ws2_32.dll"
          },
          {
            "@Name": "FileVersion",
            "#text": "10.0.19041.546 (WinBuild.160101.0800)"
          },
          {
            "@Name": "Description",
            "#text": "Windows Socket 2.0 32-Bit DLL"
          },
          {
            "@Name": "Product",
            "#text": "Microsoft Windows Operating System"
          },
          {
            "@Name": "Company",
            "#text": "Microsoft Corporation"
          },
          {
            "@Name": "OriginalFileName",
            "#text": "ws2_32.dll"
          },
          {
            "@Name": "Hashes",
            "#text": "SHA256=1F996574F38219CDD848375F517F8D86E17542BC84D64CCE63AA0C64CC15F22D"
          },
          {
            "@Name": "Signed",
            "#text": "true"
          },
          {
            "@Name": "Signature",
            "#text": "Microsoft Windows"
          },
          {
            "@Name": "SignatureStatus",
            "#text": "Valid"
          }
        ]
      }
    },
    {
      "@xmlns": "http://schemas.microsoft.com/win/2004/08/events/event",
      "System": {
        "Provider": {
          "@Name": "Microsoft-Windows-Sysmon",
          "@Guid": "{5770385f-c22a-43e0-bf4c-06f5698ffbd9}"
        },
        "EventID": "7",
        "Version": "3",
        "Level": "4",
        "Task": "7",
        "Opcode": "0",
        "Keywords": "0x8000000000000000",
        "TimeCreated": {
          "@SystemTime": "2025-11-21T15:39:53.4902718Z"
        },
        "EventRecordID": "964",
        "Correlation": null,
        "Execution": {
          "@ProcessID": "1884",
          "@ThreadID": "6212"
        },
        "Channel": "Microsoft-Windows-Sysmon/Operational",
        "Computer": "DESKTOP-LG3F6GA",
        "Security": {
          "@UserID": "S-1-5-18"
        }
      },
      "EventData": {
        "Data": [
          {
            "@Name": "RuleName",
            "#text": "-"
          },
          {
            "@Name": "UtcTime",
            "#text": "2025-11-21 15:39:53.481"
          },
          {
            "@Name": "ProcessGuid",
            "#text": "{03ac98ec-87c9-6920-4103-000000006000}"
          },
          {
            "@Name": "ProcessId",
            "#text": "2348"
          },
          {
            "@Name": "Image",
            "#text": "C:\\Windows\\System32\\svchost.exe"
          },
          {
            "@Name": "ImageLoaded",
            "#text": "C:\\Windows\\System32\\clbcatq.dll"
          },
          {
            "@Name": "FileVersion",
            "#text": "2001.12.10941.16384 (WinBuild.160101.0800)"
          },
          {
            "@Name": "Description",
            "#text": "COM+ Configuration Catalog"
          },
          {
            "@Name": "Product",
            "#text": "Microsoft Windows Operating System"
          },
          {
            "@Name": "Company",
            "#text": "Microsoft Corporation"
          },
          {
            "@Name": "OriginalFileName",
            "#text": "CLBCATQ.DLL"
          },
          {
            "@Name": "Hashes",
            "#text": "SHA256=EC3D61CB2C5D1511051882F3C0E2B8B6F74B011CFB972112179090F2C3F3F5FC"
          },
          {
            "@Name": "Signed",
            "#text": "true"
          },
          {
            "@Name": "Signature",
            "#text": "Microsoft Windows"
          },
          {
            "@Name": "SignatureStatus",
            "#text": "Valid"
          }
        ]
      }
    },
    {
      "@xmlns": "http://schemas.microsoft.com/win/2004/08/events/event",
      "System": {
        "Provider": {
          "@Name": "Microsoft-Windows-Sysmon",
          "@Guid": "{5770385f-c22a-43e0-bf4c-06f5698ffbd9}"
        },
        "EventID": "7",
        "Version": "3",
        "Level": "4",
        "Task": "7",
        "Opcode": "0",
        "Keywords": "0x8000000000000000",
        "TimeCreated": {
          "@SystemTime": "2025-11-21T15:39:53.4891438Z"
        },
        "EventRecordID": "963",
        "Correlation": null,
        "Execution": {
          "@ProcessID": "1884",
          "@ThreadID": "6212"
        },
        "Channel": "Microsoft-Windows-Sysmon/Operational",
        "Computer": "DESKTOP-LG3F6GA",
        "Security": {
          "@UserID": "S-1-5-18"
        }
      },
      "EventData": {
        "Data": [
          {
            "@Name": "RuleName",
            "#text": "-"
          },
          {
            "@Name": "UtcTime",
            "#text": "2025-11-21 15:39:53.481"
          },
          {
            "@Name": "ProcessGuid",
            "#text": "{03ac98ec-87c9-6920-4103-000000006000}"
          },
          {
            "@Name": "ProcessId",
            "#text": "2348"
          },
          {
            "@Name": "Image",
            "#text": "C:\\Windows\\System32\\svchost.exe"
          },
          {
            "@Name": "ImageLoaded",
            "#text": "C:\\Windows\\System32\\profapi.dll"
          },
          {
            "@Name": "FileVersion",
            "#text": "10.0.19041.546 (WinBuild.160101.0800)"
          },
          {
            "@Name": "Description",
            "#text": "User Profile Basic API"
          },
          {
            "@Name": "Product",
            "#text": "Microsoft Windows Operating System"
          },
          {
            "@Name": "Company",
            "#text": "Microsoft Corporation"
          },
          {
            "@Name": "OriginalFileName",
            "#text": "PROFAPI.DLL"
          },
          {
            "@Name": "Hashes",
            "#text": "SHA256=DAABAEBF1D27C52773D8AC2C871CBED2286419536BC454C3F31A91287B0DA091"
          },
          {
            "@Name": "Signed",
            "#text": "true"
          },
          {
            "@Name": "Signature",
            "#text": "Microsoft Windows"
          },
          {
            "@Name": "SignatureStatus",
            "#text": "Valid"
          }
        ]
      }
    },
    {
      "@xmlns": "http://schemas.microsoft.com/win/2004/08/events/event",
      "System": {
        "Provider": {
          "@Name": "Microsoft-Windows-Sysmon",
          "@Guid": "{5770385f-c22a-43e0-bf4c-06f5698ffbd9}"
        },
        "EventID": "7",
        "Version": "3",
        "Level": "4",
        "Task": "7",
        "Opcode": "0",
        "Keywords": "0x8000000000000000",
        "TimeCreated": {
          "@SystemTime": "2025-11-21T15:39:53.4888175Z"
        },
        "EventRecordID": "962",
        "Correlation": null,
        "Execution": {
          "@ProcessID": "1884",
          "@ThreadID": "6212"
        },
        "Channel": "Microsoft-Windows-Sysmon/Operational",
        "Computer": "DESKTOP-LG3F6GA",
        "Security": {
          "@UserID": "S-1-5-18"
        }
      },
      "EventData": {
        "Data": [
          {
            "@Name": "RuleName",
            "#text": "-"
          },
          {
            "@Name": "UtcTime",
            "#text": "2025-11-21 15:39:53.481"
          },
          {
            "@Name": "ProcessGuid",
            "#text": "{03ac98ec-87c9-6920-4103-000000006000}"
          },
          {
            "@Name": "ProcessId",
            "#text": "2348"
          },
          {
            "@Name": "Image",
            "#text": "C:\\Windows\\System32\\svchost.exe"
          },
          {
            "@Name": "ImageLoaded",
            "#text": "C:\\Windows\\System32\\ntmarta.dll"
          },
          {
            "@Name": "FileVersion",
            "#text": "10.0.19041.546 (WinBuild.160101.0800)"
          },
          {
            "@Name": "Description",
            "#text": "Windows NT MARTA provider"
          },
          {
            "@Name": "Product",
            "#text": "Microsoft Windows Operating System"
          },
          {
            "@Name": "Company",
            "#text": "Microsoft Corporation"
          },
          {
            "@Name": "OriginalFileName",
            "#text": "ntmarta.dll"
          },
          {
            "@Name": "Hashes",
            "#text": "SHA256=B2EB064F3D70F08152E1845FBEEF64BE204FA44FA56D2E58A645E15DB5505011"
          },
          {
            "@Name": "Signed",
            "#text": "true"
          },
          {
            "@Name": "Signature",
            "#text": "Microsoft Windows"
          },
          {
            "@Name": "SignatureStatus",
            "#text": "Valid"
          }
        ]
      }
    },
    {
      "@xmlns": "http://schemas.microsoft.com/win/2004/08/events/event",
      "System": {
        "Provider": {
          "@Name": "Microsoft-Windows-Sysmon",
          "@Guid": "{5770385f-c22a-43e0-bf4c-06f5698ffbd9}"
        },
        "EventID": "7",
        "Version": "3",
        "Level": "4",
        "Task": "7",
        "Opcode": "0",
        "Keywords": "0x8000000000000000",
        "TimeCreated": {
          "@SystemTime": "2025-11-21T15:39:53.4877678Z"
        },
        "EventRecordID": "961",
        "Correlation": null,
        "Execution": {
          "@ProcessID": "1884",
          "@ThreadID": "6212"
        },
        "Channel": "Microsoft-Windows-Sysmon/Operational",
        "Computer": "DESKTOP-LG3F6GA",
        "Security": {
          "@UserID": "S-1-5-18"
        }
      },
      "EventData": {
        "Data": [
          {
            "@Name": "RuleName",
            "#text": "-"
          },
          {
            "@Name": "UtcTime",
            "#text": "2025-11-21 15:39:53.481"
          },
          {
            "@Name": "ProcessGuid",
            "#text": "{03ac98ec-87c9-6920-4103-000000006000}"
          },
          {
            "@Name": "ProcessId",
            "#text": "2348"
          },
          {
            "@Name": "Image",
            "#text": "C:\\Windows\\System32\\svchost.exe"
          },
          {
            "@Name": "ImageLoaded",
            "#text": "C:\\Windows\\System32\\wldp.dll"
          },
          {
            "@Name": "FileVersion",
            "#text": "10.0.19041.546 (WinBuild.160101.0800)"
          },
          {
            "@Name": "Description",
            "#text": "Windows Lockdown Policy"
          },
          {
            "@Name": "Product",
            "#text": "Microsoft Windows Operating System"
          },
          {
            "@Name": "Company",
            "#text": "Microsoft Corporation"
          },
          {
            "@Name": "OriginalFileName",
            "#text": "wldp.dll"
          },
          {
            "@Name": "Hashes",
            "#text": "SHA256=81348070C12AD7E3D0665337E085F3BA40497201356DFE9BFB31F56E972226CF"
          },
          {
            "@Name": "Signed",
            "#text": "true"
          },
          {
            "@Name": "Signature",
            "#text": "Microsoft Windows"
          },
          {
            "@Name": "SignatureStatus",
            "#text": "Valid"
          }
        ]
      }
    },
    {
      "@xmlns": "http://schemas.microsoft.com/win/2004/08/events/event",
      "System": {
        "Provider": {
          "@Name": "Microsoft-Windows-Sysmon",
          "@Guid": "{5770385f-c22a-43e0-bf4c-06f5698ffbd9}"
        },
        "EventID": "7",
        "Version": "3",
        "Level": "4",
        "Task": "7",
        "Opcode": "0",
        "Keywords": "0x8000000000000000",
        "TimeCreated": {
          "@SystemTime": "2025-11-21T15:39:53.4870297Z"
        },
        "EventRecordID": "960",
        "Correlation": null,
        "Execution": {
          "@ProcessID": "1884",
          "@ThreadID": "6212"
        },
        "Channel": "Microsoft-Windows-Sysmon/Operational",
        "Computer": "DESKTOP-LG3F6GA",
        "Security": {
          "@UserID": "S-1-5-18"
        }
      },
      "EventData": {
        "Data": [
          {
            "@Name": "RuleName",
            "#text": "-"
          },
          {
            "@Name": "UtcTime",
            "#text": "2025-11-21 15:39:53.481"
          },
          {
            "@Name": "ProcessGuid",
            "#text": "{03ac98ec-87c9-6920-4103-000000006000}"
          },
          {
            "@Name": "ProcessId",
            "#text": "2348"
          },
          {
            "@Name": "Image",
            "#text": "C:\\Windows\\System32\\svchost.exe"
          },
          {
            "@Name": "ImageLoaded",
            "#text": "C:\\Windows\\System32\\oleaut32.dll"
          },
          {
            "@Name": "FileVersion",
            "#text": "10.0.19041.546 (WinBuild.160101.0800)"
          },
          {
            "@Name": "Description",
            "#text": "OLEAUT32.DLL"
          },
          {
            "@Name": "Product",
            "#text": "Microsoft Windows Operating System"
          },
          {
            "@Name": "Company",
            "#text": "Microsoft Corporation"
          },
          {
            "@Name": "OriginalFileName",
            "#text": "OLEAUT32.DLL"
          },
          {
            "@Name": "Hashes",
            "#text": "SHA256=14F630C884B1A1DA4E629B1D6B05E7C26089B41D7ED26CE02EF8A43422B0106B"
          },
          {
            "@Name": "Signed",
            "#text": "true"
          },
          {
            "@Name": "Signature",
            "#text": "Microsoft Windows"
          },
          {
            "@Name": "SignatureStatus",
            "#text": "Valid"
          }
        ]
      }
    },
    {
      "@xmlns": "http://schemas.microsoft.com/win/2004/08/events/event",
      "System": {
        "Provider": {
          "@Name": "Microsoft-Windows-Sysmon",
          "@Guid": "{5770385f-c22a-43e0-bf4c-06f5698ffbd9}"
        },
        "EventID": "7",
        "Version": "3",
        "Level": "4",
        "Task": "7",
        "Opcode": "0",
        "Keywords": "0x8000000000000000",
        "TimeCreated": {
          "@SystemTime": "2025-11-21T15:39:53.4739701Z"
        },
        "EventRecordID": "959",
        "Correlation": null,
        "Execution": {
          "@ProcessID": "1884",
          "@ThreadID": "6212"
        },
        "Channel": "Microsoft-Windows-Sysmon/Operational",
        "Computer": "DESKTOP-LG3F6GA",
        "Security": {
          "@UserID": "S-1-5-18"
        }
      },
      "EventData": {
        "Data": [
          {
            "@Name": "RuleName",
            "#text": "-"
          },
          {
            "@Name": "UtcTime",
            "#text": "2025-11-21 15:39:53.465"
          },
          {
            "@Name": "ProcessGuid",
            "#text": "{03ac98ec-87c9-6920-4103-000000006000}"
          },
          {
            "@Name": "ProcessId",
            "#text": "2348"
          },
          {
            "@Name": "Image",
            "#text": "C:\\Windows\\System32\\svchost.exe"
          },
          {
            "@Name": "ImageLoaded",
            "#text": "C:\\Windows\\System32\\umpdc.dll"
          },
          {
            "@Name": "FileVersion",
            "#text": "-"
          },
          {
            "@Name": "Description",
            "#text": "-"
          },
          {
            "@Name": "Product",
            "#text": "-"
          },
          {
            "@Name": "Company",
            "#text": "-"
          },
          {
            "@Name": "OriginalFileName",
            "#text": "-"
          },
          {
            "@Name": "Hashes",
            "#text": "SHA256=AB37401F78B29CC26DB5B27B3DC0CEC3C37CE99AD4E9DF6EBB54F4A239F30232"
          },
          {
            "@Name": "Signed",
            "#text": "true"
          },
          {
            "@Name": "Signature",
            "#text": "Microsoft Windows"
          },
          {
            "@Name": "SignatureStatus",
            "#text": "Valid"
          }
        ]
      }
    },
    {
      "@xmlns": "http://schemas.microsoft.com/win/2004/08/events/event",
      "System": {
        "Provider": {
          "@Name": "Microsoft-Windows-Sysmon",
          "@Guid": "{5770385f-c22a-43e0-bf4c-06f5698ffbd9}"
        },
        "EventID": "7",
        "Version": "3",
        "Level": "4",
        "Task": "7",
        "Opcode": "0",
        "Keywords": "0x8000000000000000",
        "TimeCreated": {
          "@SystemTime": "2025-11-21T15:39:53.4653335Z"
        },
        "EventRecordID": "958",
        "Correlation": null,
        "Execution": {
          "@ProcessID": "1884",
          "@ThreadID": "6212"
        },
        "Channel": "Microsoft-Windows-Sysmon/Operational",
        "Computer": "DESKTOP-LG3F6GA",
        "Security": {
          "@UserID": "S-1-5-18"
        }
      },
      "EventData": {
        "Data": [
          {
            "@Name": "RuleName",
            "#text": "-"
          },
          {
            "@Name": "UtcTime",
            "#text": "2025-11-21 15:39:53.449"
          },
          {
            "@Name": "ProcessGuid",
            "#text": "{03ac98ec-87c9-6920-4103-000000006000}"
          },
          {
            "@Name": "ProcessId",
            "#text": "2348"
          },
          {
            "@Name": "Image",
            "#text": "C:\\Windows\\System32\\svchost.exe"
          },
          {
            "@Name": "ImageLoaded",
            "#text": "C:\\Windows\\System32\\xmllite.dll"
          },
          {
            "@Name": "FileVersion",
            "#text": "10.0.19041.546 (WinBuild.160101.0800)"
          },
          {
            "@Name": "Description",
            "#text": "Microsoft XmlLite Library"
          },
          {
            "@Name": "Product",
            "#text": "Microsoft Windows Operating System"
          },
          {
            "@Name": "Company",
            "#text": "Microsoft Corporation"
          },
          {
            "@Name": "OriginalFileName",
            "#text": "XmlLite.dll"
          },
          {
            "@Name": "Hashes",
            "#text": "SHA256=1C504B90689A1D12AB8B571EDC6189B085502D1794FCDC890897DF4729399A5F"
          },
          {
            "@Name": "Signed",
            "#text": "true"
          },
          {
            "@Name": "Signature",
            "#text": "Microsoft Windows"
          },
          {
            "@Name": "SignatureStatus",
            "#text": "Valid"
          }
        ]
      }
    },
    {
      "@xmlns": "http://schemas.microsoft.com/win/2004/08/events/event",
      "System": {
        "Provider": {
          "@Name": "Microsoft-Windows-Sysmon",
          "@Guid": "{5770385f-c22a-43e0-bf4c-06f5698ffbd9}"
        },
        "EventID": "7",
        "Version": "3",
        "Level": "4",
        "Task": "7",
        "Opcode": "0",
        "Keywords": "0x8000000000000000",
        "TimeCreated": {
          "@SystemTime": "2025-11-21T15:39:53.4651071Z"
        },
        "EventRecordID": "957",
        "Correlation": null,
        "Execution": {
          "@ProcessID": "1884",
          "@ThreadID": "6212"
        },
        "Channel": "Microsoft-Windows-Sysmon/Operational",
        "Computer": "DESKTOP-LG3F6GA",
        "Security": {
          "@UserID": "S-1-5-18"
        }
      },
      "EventData": {
        "Data": [
          {
            "@Name": "RuleName",
            "#text": "-"
          },
          {
            "@Name": "UtcTime",
            "#text": "2025-11-21 15:39:53.449"
          },
          {
            "@Name": "ProcessGuid",
            "#text": "{03ac98ec-87c9-6920-4103-000000006000}"
          },
          {
            "@Name": "ProcessId",
            "#text": "2348"
          },
          {
            "@Name": "Image",
            "#text": "C:\\Windows\\System32\\svchost.exe"
          },
          {
            "@Name": "ImageLoaded",
            "#text": "C:\\Windows\\System32\\powrprof.dll"
          },
          {
            "@Name": "FileVersion",
            "#text": "10.0.19041.546 (WinBuild.160101.0800)"
          },
          {
            "@Name": "Description",
            "#text": "Power Profile Helper DLL"
          },
          {
            "@Name": "Product",
            "#text": "Microsoft Windows Operating System"
          },
          {
            "@Name": "Company",
            "#text": "Microsoft Corporation"
          },
          {
            "@Name": "OriginalFileName",
            "#text": "POWRPROF.DLL"
          },
          {
            "@Name": "Hashes",
            "#text": "SHA256=3F9674B385C0CFC4C93961620C6237499C1701CE76094DAB6F6E4E502E7881FC"
          },
          {
            "@Name": "Signed",
            "#text": "true"
          },
          {
            "@Name": "Signature",
            "#text": "Microsoft Windows"
          },
          {
            "@Name": "SignatureStatus",
            "#text": "Valid"
          }
        ]
      }
    },
    {
      "@xmlns": "http://schemas.microsoft.com/win/2004/08/events/event",
      "System": {
        "Provider": {
          "@Name": "Microsoft-Windows-Sysmon",
          "@Guid": "{5770385f-c22a-43e0-bf4c-06f5698ffbd9}"
        },
        "EventID": "7",
        "Version": "3",
        "Level": "4",
        "Task": "7",
        "Opcode": "0",
        "Keywords": "0x8000000000000000",
        "TimeCreated": {
          "@SystemTime": "2025-11-21T15:39:53.4642942Z"
        },
        "EventRecordID": "956",
        "Correlation": null,
        "Execution": {
          "@ProcessID": "1884",
          "@ThreadID": "6212"
        },
        "Channel": "Microsoft-Windows-Sysmon/Operational",
        "Computer": "DESKTOP-LG3F6GA",
        "Security": {
          "@UserID": "S-1-5-18"
        }
      },
      "EventData": {
        "Data": [
          {
            "@Name": "RuleName",
            "#text": "-"
          },
          {
            "@Name": "UtcTime",
            "#text": "2025-11-21 15:39:53.449"
          },
          {
            "@Name": "ProcessGuid",
            "#text": "{03ac98ec-87c9-6920-4103-000000006000}"
          },
          {
            "@Name": "ProcessId",
            "#text": "2348"
          },
          {
            "@Name": "Image",
            "#text": "C:\\Windows\\System32\\svchost.exe"
          },
          {
            "@Name": "ImageLoaded",
            "#text": "C:\\Windows\\System32\\advapi32.dll"
          },
          {
            "@Name": "FileVersion",
            "#text": "10.0.19041.610 (WinBuild.160101.0800)"
          },
          {
            "@Name": "Description",
            "#text": "Advanced Windows 32 Base API"
          },
          {
            "@Name": "Product",
            "#text": "Microsoft Windows Operating System"
          },
          {
            "@Name": "Company",
            "#text": "Microsoft Corporation"
          },
          {
            "@Name": "OriginalFileName",
            "#text": "advapi32.dll"
          },
          {
            "@Name": "Hashes",
            "#text": "SHA256=D5A9DACDDD9EB2D851C180650C3B11974EA68F8B705DCA23F5E88022B687C7C2"
          },
          {
            "@Name": "Signed",
            "#text": "true"
          },
          {
            "@Name": "Signature",
            "#text": "Microsoft Windows"
          },
          {
            "@Name": "SignatureStatus",
            "#text": "Valid"
          }
        ]
      }
    },
    {
      "@xmlns": "http://schemas.microsoft.com/win/2004/08/events/event",
      "System": {
        "Provider": {
          "@Name": "Microsoft-Windows-Sysmon",
          "@Guid": "{5770385f-c22a-43e0-bf4c-06f5698ffbd9}"
        },
        "EventID": "7",
        "Version": "3",
        "Level": "4",
        "Task": "7",
        "Opcode": "0",
        "Keywords": "0x8000000000000000",
        "TimeCreated": {
          "@SystemTime": "2025-11-21T15:39:53.4520019Z"
        },
        "EventRecordID": "955",
        "Correlation": null,
        "Execution": {
          "@ProcessID": "1884",
          "@ThreadID": "6212"
        },
        "Channel": "Microsoft-Windows-Sysmon/Operational",
        "Computer": "DESKTOP-LG3F6GA",
        "Security": {
          "@UserID": "S-1-5-18"
        }
      },
      "EventData": {
        "Data": [
          {
            "@Name": "RuleName",
            "#text": "-"
          },
          {
            "@Name": "UtcTime",
            "#text": "2025-11-21 15:39:53.449"
          },
          {
            "@Name": "ProcessGuid",
            "#text": "{03ac98ec-87c9-6920-4103-000000006000}"
          },
          {
            "@Name": "ProcessId",
            "#text": "2348"
          },
          {
            "@Name": "Image",
            "#text": "C:\\Windows\\System32\\svchost.exe"
          },
          {
            "@Name": "ImageLoaded",
            "#text": "C:\\Windows\\System32\\msvcp_win.dll"
          },
          {
            "@Name": "FileVersion",
            "#text": "10.0.19041.546 (WinBuild.160101.0800)"
          },
          {
            "@Name": "Description",
            "#text": "Microsoft C Runtime Library"
          },
          {
            "@Name": "Product",
            "#text": "Microsoft Windows Operating System"
          },
          {
            "@Name": "Company",
            "#text": "Microsoft Corporation"
          },
          {
            "@Name": "OriginalFileName",
            "#text": "msvcp_win.dll"
          },
          {
            "@Name": "Hashes",
            "#text": "SHA256=FE09AC0A6502AB13DD5DF48045BA92F2C665127F1468E48A50302FA6E445B7A0"
          },
          {
            "@Name": "Signed",
            "#text": "true"
          },
          {
            "@Name": "Signature",
            "#text": "Microsoft Windows"
          },
          {
            "@Name": "SignatureStatus",
            "#text": "Valid"
          }
        ]
      }
    },
