    {
      "@xmlns": "http://schemas.microsoft.com/win/2004/08/events/event",
      "System": {
        "Provider": {
          "@Name": "Microsoft-Windows-Sysmon",
          "@Guid": "{5770385f-c22a-43e0-bf4c-06f5698ffbd9}"
        },
        "EventID": "18",
        "Version": "1",
        "Level": "4",
        "Task": "18",
        "Opcode": "0",
        "Keywords": "0x8000000000000000",
        "TimeCreated": {
          "@SystemTime": "2025-11-21T15:39:47.4876622Z"
        },
        "EventRecordID": "819",
        "Correlation": null,
        "Execution": {
          "@ProcessID": "1884",
          "@ThreadID": "6212"
        },
        "Channel": "Microsoft-Windows-Sysmon/Operational",
        "Computer": "DESKTOP-LG3F6GA",
        "Security": {
          "@UserID": "S-1-5-18"
        }
      },
      "EventData": {
        "Data": [
          {
            "@Name": "RuleName",
            "#text": "-"
          },
          {
            "@Name": "EventType",
            "#text": "ConnectPipe"
          },
          {
            "@Name": "UtcTime",
            "#text": "2025-11-21 15:39:47.481"
          },
          {
            "@Name": "ProcessGuid",
            "#text": "{03ac98ec-87c0-6920-2e03-000000006000}"
          },
          {
            "@Name": "ProcessId",
            "#text": "6264"
          },
          {
            "@Name": "PipeName",
            "#text": "\\hwLAteWXHD"
          },
          {
            "@Name": "Image",
            "#text": "C:\\WINDOWS\\SysWOW64\\cmd.exe"
          }
        ]
      }
    },
    {
      "@xmlns": "http://schemas.microsoft.com/win/2004/08/events/event",
      "System": {
        "Provider": {
          "@Name": "Microsoft-Windows-Sysmon",
          "@Guid": "{5770385f-c22a-43e0-bf4c-06f5698ffbd9}"
        },
        "EventID": "18",
        "Version": "1",
        "Level": "4",
        "Task": "18",
        "Opcode": "0",
        "Keywords": "0x8000000000000000",
        "TimeCreated": {
          "@SystemTime": "2025-11-21T15:39:47.4677650Z"
        },
        "EventRecordID": "818",
        "Correlation": null,
        "Execution": {
          "@ProcessID": "1884",
          "@ThreadID": "6212"
        },
        "Channel": "Microsoft-Windows-Sysmon/Operational",
        "Computer": "DESKTOP-LG3F6GA",
        "Security": {
          "@UserID": "S-1-5-18"
        }
      },
      "EventData": {
        "Data": [
          {
            "@Name": "RuleName",
            "#text": "-"
          },
          {
            "@Name": "EventType",
            "#text": "ConnectPipe"
          },
          {
            "@Name": "UtcTime",
            "#text": "2025-11-21 15:39:47.465"
          },
          {
            "@Name": "ProcessGuid",
            "#text": "{03ac98ec-87c0-6920-2e03-000000006000}"
          },
          {
            "@Name": "ProcessId",
            "#text": "6264"
          },
          {
            "@Name": "PipeName",
            "#text": "\\hwLAteWXHD"
          },
          {
            "@Name": "Image",
            "#text": "C:\\WINDOWS\\SysWOW64\\cmd.exe"
          }
        ]
      }
    },
    {
      "@xmlns": "http://schemas.microsoft.com/win/2004/08/events/event",
      "System": {
        "Provider": {
          "@Name": "Microsoft-Windows-Sysmon",
          "@Guid": "{5770385f-c22a-43e0-bf4c-06f5698ffbd9}"
        },
        "EventID": "18",
        "Version": "1",
        "Level": "4",
        "Task": "18",
        "Opcode": "0",
        "Keywords": "0x8000000000000000",
        "TimeCreated": {
          "@SystemTime": "2025-11-21T15:39:47.4446254Z"
        },
        "EventRecordID": "817",
        "Correlation": null,
        "Execution": {
          "@ProcessID": "1884",
          "@ThreadID": "6212"
        },
        "Channel": "Microsoft-Windows-Sysmon/Operational",
        "Computer": "DESKTOP-LG3F6GA",
        "Security": {
          "@UserID": "S-1-5-18"
        }
      },
      "EventData": {
        "Data": [
          {
            "@Name": "RuleName",
            "#text": "-"
          },
          {
            "@Name": "EventType",
            "#text": "ConnectPipe"
          },
          {
            "@Name": "UtcTime",
            "#text": "2025-11-21 15:39:47.434"
          },
          {
            "@Name": "ProcessGuid",
            "#text": "{03ac98ec-87c0-6920-2e03-000000006000}"
          },
          {
            "@Name": "ProcessId",
            "#text": "6264"
          },
          {
            "@Name": "PipeName",
            "#text": "\\hwLAteWXHD"
          },
          {
            "@Name": "Image",
            "#text": "C:\\WINDOWS\\SysWOW64\\cmd.exe"
          }
        ]
      }
    },
    {
      "@xmlns": "http://schemas.microsoft.com/win/2004/08/events/event",
      "System": {
        "Provider": {
          "@Name": "Microsoft-Windows-Sysmon",
          "@Guid": "{5770385f-c22a-43e0-bf4c-06f5698ffbd9}"
        },
        "EventID": "18",
        "Version": "1",
        "Level": "4",
        "Task": "18",
        "Opcode": "0",
        "Keywords": "0x8000000000000000",
        "TimeCreated": {
          "@SystemTime": "2025-11-21T15:39:47.4375553Z"
        },
        "EventRecordID": "816",
        "Correlation": null,
        "Execution": {
          "@ProcessID": "1884",
          "@ThreadID": "6212"
        },
        "Channel": "Microsoft-Windows-Sysmon/Operational",
        "Computer": "DESKTOP-LG3F6GA",
        "Security": {
          "@UserID": "S-1-5-18"
        }
      },
      "EventData": {
        "Data": [
          {
            "@Name": "RuleName",
            "#text": "-"
          },
          {
            "@Name": "EventType",
            "#text": "ConnectPipe"
          },
          {
            "@Name": "UtcTime",
            "#text": "2025-11-21 15:39:47.434"
          },
          {
            "@Name": "ProcessGuid",
            "#text": "{03ac98ec-87c0-6920-2e03-000000006000}"
          },
          {
            "@Name": "ProcessId",
            "#text": "6264"
          },
          {
            "@Name": "PipeName",
            "#text": "\\hwLAteWXHD"
          },
          {
            "@Name": "Image",
            "#text": "C:\\WINDOWS\\SysWOW64\\cmd.exe"
          }
        ]
      }
    },
    {
      "@xmlns": "http://schemas.microsoft.com/win/2004/08/events/event",
      "System": {
        "Provider": {
          "@Name": "Microsoft-Windows-Sysmon",
          "@Guid": "{5770385f-c22a-43e0-bf4c-06f5698ffbd9}"
        },
        "EventID": "18",
        "Version": "1",
        "Level": "4",
        "Task": "18",
        "Opcode": "0",
        "Keywords": "0x8000000000000000",
        "TimeCreated": {
          "@SystemTime": "2025-11-21T15:39:47.4340356Z"
        },
        "EventRecordID": "815",
        "Correlation": null,
        "Execution": {
          "@ProcessID": "1884",
          "@ThreadID": "6212"
        },
        "Channel": "Microsoft-Windows-Sysmon/Operational",
        "Computer": "DESKTOP-LG3F6GA",
        "Security": {
          "@UserID": "S-1-5-18"
        }
      },
      "EventData": {
        "Data": [
          {
            "@Name": "RuleName",
            "#text": "-"
          },
          {
            "@Name": "EventType",
            "#text": "ConnectPipe"
          },
          {
            "@Name": "UtcTime",
            "#text": "2025-11-21 15:39:47.432"
          },
          {
            "@Name": "ProcessGuid",
            "#text": "{03ac98ec-87c0-6920-2e03-000000006000}"
          },
          {
            "@Name": "ProcessId",
            "#text": "6264"
          },
          {
            "@Name": "PipeName",
            "#text": "\\hwLAteWXHD"
          },
          {
            "@Name": "Image",
            "#text": "C:\\WINDOWS\\SysWOW64\\cmd.exe"
          }
        ]
      }
    },
    {
      "@xmlns": "http://schemas.microsoft.com/win/2004/08/events/event",
      "System": {
        "Provider": {
          "@Name": "Microsoft-Windows-Sysmon",
          "@Guid": "{5770385f-c22a-43e0-bf4c-06f5698ffbd9}"
        },
        "EventID": "18",
        "Version": "1",
        "Level": "4",
        "Task": "18",
        "Opcode": "0",
        "Keywords": "0x8000000000000000",
        "TimeCreated": {
          "@SystemTime": "2025-11-21T15:39:47.4020170Z"
        },
        "EventRecordID": "814",
        "Correlation": null,
        "Execution": {
          "@ProcessID": "1884",
          "@ThreadID": "6212"
        },
        "Channel": "Microsoft-Windows-Sysmon/Operational",
        "Computer": "DESKTOP-LG3F6GA",
        "Security": {
          "@UserID": "S-1-5-18"
        }
      },
      "EventData": {
        "Data": [
          {
            "@Name": "RuleName",
            "#text": "-"
          },
          {
            "@Name": "EventType",
            "#text": "ConnectPipe"
          },
          {
            "@Name": "UtcTime",
            "#text": "2025-11-21 15:39:47.387"
          },
          {
            "@Name": "ProcessGuid",
            "#text": "{03ac98ec-87c0-6920-2e03-000000006000}"
          },
          {
            "@Name": "ProcessId",
            "#text": "6264"
          },
          {
            "@Name": "PipeName",
            "#text": "\\hwLAteWXHD"
          },
          {
            "@Name": "Image",
            "#text": "C:\\WINDOWS\\SysWOW64\\cmd.exe"
          }
        ]
      }
    },
    {
      "@xmlns": "http://schemas.microsoft.com/win/2004/08/events/event",
      "System": {
        "Provider": {
          "@Name": "Microsoft-Windows-Sysmon",
          "@Guid": "{5770385f-c22a-43e0-bf4c-06f5698ffbd9}"
        },
        "EventID": "18",
        "Version": "1",
        "Level": "4",
        "Task": "18",
        "Opcode": "0",
        "Keywords": "0x8000000000000000",
        "TimeCreated": {
          "@SystemTime": "2025-11-21T15:39:47.3897197Z"
        },
        "EventRecordID": "813",
        "Correlation": null,
        "Execution": {
          "@ProcessID": "1884",
          "@ThreadID": "6212"
        },
        "Channel": "Microsoft-Windows-Sysmon/Operational",
        "Computer": "DESKTOP-LG3F6GA",
        "Security": {
          "@UserID": "S-1-5-18"
        }
      },
      "EventData": {
        "Data": [
          {
            "@Name": "RuleName",
            "#text": "-"
          },
          {
            "@Name": "EventType",
            "#text": "ConnectPipe"
          },
          {
            "@Name": "UtcTime",
            "#text": "2025-11-21 15:39:47.387"
          },
          {
            "@Name": "ProcessGuid",
            "#text": "{03ac98ec-87c0-6920-2e03-000000006000}"
          },
          {
            "@Name": "ProcessId",
            "#text": "6264"
          },
          {
            "@Name": "PipeName",
            "#text": "\\hwLAteWXHD"
          },
          {
            "@Name": "Image",
            "#text": "C:\\WINDOWS\\SysWOW64\\cmd.exe"
          }
        ]
      }
    },
    {
      "@xmlns": "http://schemas.microsoft.com/win/2004/08/events/event",
      "System": {
        "Provider": {
          "@Name": "Microsoft-Windows-Sysmon",
          "@Guid": "{5770385f-c22a-43e0-bf4c-06f5698ffbd9}"
        },
        "EventID": "18",
        "Version": "1",
        "Level": "4",
        "Task": "18",
        "Opcode": "0",
        "Keywords": "0x8000000000000000",
        "TimeCreated": {
          "@SystemTime": "2025-11-21T15:39:47.3620691Z"
        },
        "EventRecordID": "812",
        "Correlation": null,
        "Execution": {
          "@ProcessID": "1884",
          "@ThreadID": "6212"
        },
        "Channel": "Microsoft-Windows-Sysmon/Operational",
        "Computer": "DESKTOP-LG3F6GA",
        "Security": {
          "@UserID": "S-1-5-18"
        }
      },
      "EventData": {
        "Data": [
          {
            "@Name": "RuleName",
            "#text": "-"
          },
          {
            "@Name": "EventType",
            "#text": "ConnectPipe"
          },
          {
            "@Name": "UtcTime",
            "#text": "2025-11-21 15:39:47.356"
          },
          {
            "@Name": "ProcessGuid",
            "#text": "{03ac98ec-87c0-6920-2e03-000000006000}"
          },
          {
            "@Name": "ProcessId",
            "#text": "6264"
          },
          {
            "@Name": "PipeName",
            "#text": "\\hwLAteWXHD"
          },
          {
            "@Name": "Image",
            "#text": "C:\\WINDOWS\\SysWOW64\\cmd.exe"
          }
        ]
      }
    },
    {
      "@xmlns": "http://schemas.microsoft.com/win/2004/08/events/event",
      "System": {
        "Provider": {
          "@Name": "Microsoft-Windows-Sysmon",
          "@Guid": "{5770385f-c22a-43e0-bf4c-06f5698ffbd9}"
        },
        "EventID": "18",
        "Version": "1",
        "Level": "4",
        "Task": "18",
        "Opcode": "0",
        "Keywords": "0x8000000000000000",
        "TimeCreated": {
          "@SystemTime": "2025-11-21T15:39:47.3264217Z"
        },
        "EventRecordID": "811",
        "Correlation": null,
        "Execution": {
          "@ProcessID": "1884",
          "@ThreadID": "6212"
        },
        "Channel": "Microsoft-Windows-Sysmon/Operational",
        "Computer": "DESKTOP-LG3F6GA",
        "Security": {
          "@UserID": "S-1-5-18"
        }
      },
      "EventData": {
        "Data": [
          {
            "@Name": "RuleName",
            "#text": "-"
          },
          {
            "@Name": "EventType",
            "#text": "ConnectPipe"
          },
          {
            "@Name": "UtcTime",
            "#text": "2025-11-21 15:39:47.324"
          },
          {
            "@Name": "ProcessGuid",
            "#text": "{03ac98ec-87c0-6920-2e03-000000006000}"
          },
          {
            "@Name": "ProcessId",
            "#text": "6264"
          },
          {
            "@Name": "PipeName",
            "#text": "\\hwLAteWXHD"
          },
          {
            "@Name": "Image",
            "#text": "C:\\WINDOWS\\SysWOW64\\cmd.exe"
          }
        ]
      }
    },
    {
      "@xmlns": "http://schemas.microsoft.com/win/2004/08/events/event",
      "System": {
        "Provider": {
          "@Name": "Microsoft-Windows-Sysmon",
          "@Guid": "{5770385f-c22a-43e0-bf4c-06f5698ffbd9}"
        },
        "EventID": "18",
        "Version": "1",
        "Level": "4",
        "Task": "18",
        "Opcode": "0",
        "Keywords": "0x8000000000000000",
        "TimeCreated": {
          "@SystemTime": "2025-11-21T15:39:47.3225555Z"
        },
        "EventRecordID": "810",
        "Correlation": null,
        "Execution": {
          "@ProcessID": "1884",
          "@ThreadID": "6212"
        },
        "Channel": "Microsoft-Windows-Sysmon/Operational",
        "Computer": "DESKTOP-LG3F6GA",
        "Security": {
          "@UserID": "S-1-5-18"
        }
      },
      "EventData": {
        "Data": [
          {
            "@Name": "RuleName",
            "#text": "-"
          },
          {
            "@Name": "EventType",
            "#text": "ConnectPipe"
          },
          {
            "@Name": "UtcTime",
            "#text": "2025-11-21 15:39:47.309"
          },
          {
            "@Name": "ProcessGuid",
            "#text": "{03ac98ec-87c0-6920-2e03-000000006000}"
          },
          {
            "@Name": "ProcessId",
            "#text": "6264"
          },
          {
            "@Name": "PipeName",
            "#text": "\\hwLAteWXHD"
          },
          {
            "@Name": "Image",
            "#text": "C:\\WINDOWS\\SysWOW64\\cmd.exe"
          }
        ]
      }
    },
    {
      "@xmlns": "http://schemas.microsoft.com/win/2004/08/events/event",
      "System": {
        "Provider": {
          "@Name": "Microsoft-Windows-Sysmon",
          "@Guid": "{5770385f-c22a-43e0-bf4c-06f5698ffbd9}"
        },
        "EventID": "18",
        "Version": "1",
        "Level": "4",
        "Task": "18",
        "Opcode": "0",
        "Keywords": "0x8000000000000000",
        "TimeCreated": {
          "@SystemTime": "2025-11-21T15:39:47.3139655Z"
        },
        "EventRecordID": "809",
        "Correlation": null,
        "Execution": {
          "@ProcessID": "1884",
          "@ThreadID": "6212"
        },
        "Channel": "Microsoft-Windows-Sysmon/Operational",
        "Computer": "DESKTOP-LG3F6GA",
        "Security": {
          "@UserID": "S-1-5-18"
        }
      },
      "EventData": {
        "Data": [
          {
            "@Name": "RuleName",
            "#text": "-"
          },
          {
            "@Name": "EventType",
            "#text": "ConnectPipe"
          },
          {
            "@Name": "UtcTime",
            "#text": "2025-11-21 15:39:47.309"
          },
          {
            "@Name": "ProcessGuid",
            "#text": "{03ac98ec-87c0-6920-2e03-000000006000}"
          },
          {
            "@Name": "ProcessId",
            "#text": "6264"
          },
          {
            "@Name": "PipeName",
            "#text": "\\hwLAteWXHD"
          },
          {
            "@Name": "Image",
            "#text": "C:\\WINDOWS\\SysWOW64\\cmd.exe"
          }
        ]
      }
    },
    {
      "@xmlns": "http://schemas.microsoft.com/win/2004/08/events/event",
      "System": {
        "Provider": {
          "@Name": "Microsoft-Windows-Sysmon",
          "@Guid": "{5770385f-c22a-43e0-bf4c-06f5698ffbd9}"
        },
        "EventID": "18",
        "Version": "1",
        "Level": "4",
        "Task": "18",
        "Opcode": "0",
        "Keywords": "0x8000000000000000",
        "TimeCreated": {
          "@SystemTime": "2025-11-21T15:39:47.2690346Z"
        },
        "EventRecordID": "808",
        "Correlation": null,
        "Execution": {
          "@ProcessID": "1884",
          "@ThreadID": "6212"
        },
        "Channel": "Microsoft-Windows-Sysmon/Operational",
        "Computer": "DESKTOP-LG3F6GA",
        "Security": {
          "@UserID": "S-1-5-18"
        }
      },
      "EventData": {
        "Data": [
          {
            "@Name": "RuleName",
            "#text": "-"
          },
          {
            "@Name": "EventType",
            "#text": "ConnectPipe"
          },
          {
            "@Name": "UtcTime",
            "#text": "2025-11-21 15:39:47.262"
          },
          {
            "@Name": "ProcessGuid",
            "#text": "{03ac98ec-87c0-6920-2e03-000000006000}"
          },
          {
            "@Name": "ProcessId",
            "#text": "6264"
          },
          {
            "@Name": "PipeName",
            "#text": "\\hwLAteWXHD"
          },
          {
            "@Name": "Image",
            "#text": "C:\\WINDOWS\\SysWOW64\\cmd.exe"
          }
        ]
      }
    },
    {
      "@xmlns": "http://schemas.microsoft.com/win/2004/08/events/event",
      "System": {
        "Provider": {
          "@Name": "Microsoft-Windows-Sysmon",
          "@Guid": "{5770385f-c22a-43e0-bf4c-06f5698ffbd9}"
        },
        "EventID": "18",
        "Version": "1",
        "Level": "4",
        "Task": "18",
        "Opcode": "0",
        "Keywords": "0x8000000000000000",
        "TimeCreated": {
          "@SystemTime": "2025-11-21T15:39:47.2673509Z"
        },
        "EventRecordID": "807",
        "Correlation": null,
        "Execution": {
          "@ProcessID": "1884",
          "@ThreadID": "6212"
        },
        "Channel": "Microsoft-Windows-Sysmon/Operational",
        "Computer": "DESKTOP-LG3F6GA",
        "Security": {
          "@UserID": "S-1-5-18"
        }
      },
      "EventData": {
        "Data": [
          {
            "@Name": "RuleName",
            "#text": "-"
          },
          {
            "@Name": "EventType",
            "#text": "ConnectPipe"
          },
          {
            "@Name": "UtcTime",
            "#text": "2025-11-21 15:39:47.262"
          },
          {
            "@Name": "ProcessGuid",
            "#text": "{03ac98ec-87c0-6920-2e03-000000006000}"
          },
          {
            "@Name": "ProcessId",
            "#text": "6264"
          },
          {
            "@Name": "PipeName",
            "#text": "\\hwLAteWXHD"
          },
          {
            "@Name": "Image",
            "#text": "C:\\WINDOWS\\SysWOW64\\cmd.exe"
          }
        ]
      }
    },
    {
      "@xmlns": "http://schemas.microsoft.com/win/2004/08/events/event",
      "System": {
        "Provider": {
          "@Name": "Microsoft-Windows-Sysmon",
          "@Guid": "{5770385f-c22a-43e0-bf4c-06f5698ffbd9}"
        },
        "EventID": "18",
        "Version": "1",
        "Level": "4",
        "Task": "18",
        "Opcode": "0",
        "Keywords": "0x8000000000000000",
        "TimeCreated": {
          "@SystemTime": "2025-11-21T15:39:47.2443823Z"
        },
        "EventRecordID": "806",
        "Correlation": null,
        "Execution": {
          "@ProcessID": "1884",
          "@ThreadID": "6212"
        },
        "Channel": "Microsoft-Windows-Sysmon/Operational",
        "Computer": "DESKTOP-LG3F6GA",
        "Security": {
          "@UserID": "S-1-5-18"
        }
      },
      "EventData": {
        "Data": [
          {
            "@Name": "RuleName",
            "#text": "-"
          },
          {
            "@Name": "EventType",
            "#text": "ConnectPipe"
          },
          {
            "@Name": "UtcTime",
            "#text": "2025-11-21 15:39:47.231"
          },
          {
            "@Name": "ProcessGuid",
            "#text": "{03ac98ec-87c0-6920-2e03-000000006000}"
          },
          {
            "@Name": "ProcessId",
            "#text": "6264"
          },
          {
            "@Name": "PipeName",
            "#text": "\\hwLAteWXHD"
          },
          {
            "@Name": "Image",
            "#text": "C:\\WINDOWS\\SysWOW64\\cmd.exe"
          }
        ]
      }
    },
    {
      "@xmlns": "http://schemas.microsoft.com/win/2004/08/events/event",
      "System": {
        "Provider": {
          "@Name": "Microsoft-Windows-Sysmon",
          "@Guid": "{5770385f-c22a-43e0-bf4c-06f5698ffbd9}"
        },
        "EventID": "18",
        "Version": "1",
        "Level": "4",
        "Task": "18",
        "Opcode": "0",
        "Keywords": "0x8000000000000000",
        "TimeCreated": {
          "@SystemTime": "2025-11-21T15:39:47.2076927Z"
        },
        "EventRecordID": "805",
        "Correlation": null,
        "Execution": {
          "@ProcessID": "1884",
          "@ThreadID": "6212"
        },
        "Channel": "Microsoft-Windows-Sysmon/Operational",
        "Computer": "DESKTOP-LG3F6GA",
        "Security": {
          "@UserID": "S-1-5-18"
        }
      },
      "EventData": {
        "Data": [
          {
            "@Name": "RuleName",
            "#text": "-"
          },
          {
            "@Name": "EventType",
            "#text": "ConnectPipe"
          },
          {
            "@Name": "UtcTime",
            "#text": "2025-11-21 15:39:47.199"
          },
          {
            "@Name": "ProcessGuid",
            "#text": "{03ac98ec-87c0-6920-2e03-000000006000}"
          },
          {
            "@Name": "ProcessId",
            "#text": "6264"
          },
          {
            "@Name": "PipeName",
            "#text": "\\hwLAteWXHD"
          },
          {
            "@Name": "Image",
            "#text": "C:\\WINDOWS\\SysWOW64\\cmd.exe"
          }
        ]
      }
    },
    {
      "@xmlns": "http://schemas.microsoft.com/win/2004/08/events/event",
      "System": {
        "Provider": {
          "@Name": "Microsoft-Windows-Sysmon",
          "@Guid": "{5770385f-c22a-43e0-bf4c-06f5698ffbd9}"
        },
        "EventID": "18",
        "Version": "1",
        "Level": "4",
        "Task": "18",
        "Opcode": "0",
        "Keywords": "0x8000000000000000",
        "TimeCreated": {
          "@SystemTime": "2025-11-21T15:39:47.1714355Z"
        },
        "EventRecordID": "804",
        "Correlation": null,
        "Execution": {
          "@ProcessID": "1884",
          "@ThreadID": "6212"
        },
        "Channel": "Microsoft-Windows-Sysmon/Operational",
        "Computer": "DESKTOP-LG3F6GA",
        "Security": {
          "@UserID": "S-1-5-18"
        }
      },
      "EventData": {
        "Data": [
          {
            "@Name": "RuleName",
            "#text": "-"
          },
          {
            "@Name": "EventType",
            "#text": "ConnectPipe"
          },
          {
            "@Name": "UtcTime",
            "#text": "2025-11-21 15:39:47.168"
          },
          {
            "@Name": "ProcessGuid",
            "#text": "{03ac98ec-87c0-6920-2e03-000000006000}"
          },
          {
            "@Name": "ProcessId",
            "#text": "6264"
          },
          {
            "@Name": "PipeName",
            "#text": "\\hwLAteWXHD"
          },
          {
            "@Name": "Image",
            "#text": "C:\\WINDOWS\\SysWOW64\\cmd.exe"
          }
        ]
      }
    },
    {
      "@xmlns": "http://schemas.microsoft.com/win/2004/08/events/event",
      "System": {
        "Provider": {
          "@Name": "Microsoft-Windows-Sysmon",
          "@Guid": "{5770385f-c22a-43e0-bf4c-06f5698ffbd9}"
        },
        "EventID": "18",
        "Version": "1",
        "Level": "4",
        "Task": "18",
        "Opcode": "0",
        "Keywords": "0x8000000000000000",
        "TimeCreated": {
          "@SystemTime": "2025-11-21T15:39:47.1668151Z"
        },
        "EventRecordID": "803",
        "Correlation": null,
        "Execution": {
          "@ProcessID": "1884",
          "@ThreadID": "6212"
        },
        "Channel": "Microsoft-Windows-Sysmon/Operational",
        "Computer": "DESKTOP-LG3F6GA",
        "Security": {
          "@UserID": "S-1-5-18"
        }
      },
      "EventData": {
        "Data": [
          {
            "@Name": "RuleName",
            "#text": "-"
          },
          {
            "@Name": "EventType",
            "#text": "ConnectPipe"
          },
          {
            "@Name": "UtcTime",
            "#text": "2025-11-21 15:39:47.153"
          },
          {
            "@Name": "ProcessGuid",
            "#text": "{03ac98ec-87c0-6920-2e03-000000006000}"
          },
          {
            "@Name": "ProcessId",
            "#text": "6264"
          },
          {
            "@Name": "PipeName",
            "#text": "\\hwLAteWXHD"
          },
          {
            "@Name": "Image",
            "#text": "C:\\WINDOWS\\SysWOW64\\cmd.exe"
          }
        ]
      }
    },
    {
      "@xmlns": "http://schemas.microsoft.com/win/2004/08/events/event",
      "System": {
        "Provider": {
          "@Name": "Microsoft-Windows-Sysmon",
          "@Guid": "{5770385f-c22a-43e0-bf4c-06f5698ffbd9}"
        },
        "EventID": "18",
        "Version": "1",
        "Level": "4",
        "Task": "18",
        "Opcode": "0",
        "Keywords": "0x8000000000000000",
        "TimeCreated": {
          "@SystemTime": "2025-11-21T15:39:47.1645047Z"
        },
        "EventRecordID": "802",
        "Correlation": null,
        "Execution": {
          "@ProcessID": "1884",
          "@ThreadID": "6212"
        },
        "Channel": "Microsoft-Windows-Sysmon/Operational",
        "Computer": "DESKTOP-LG3F6GA",
        "Security": {
          "@UserID": "S-1-5-18"
        }
      },
      "EventData": {
        "Data": [
          {
            "@Name": "RuleName",
            "#text": "-"
          },
          {
            "@Name": "EventType",
            "#text": "ConnectPipe"
          },
          {
            "@Name": "UtcTime",
            "#text": "2025-11-21 15:39:47.153"
          },
          {
            "@Name": "ProcessGuid",
            "#text": "{03ac98ec-87c0-6920-2e03-000000006000}"
          },
          {
            "@Name": "ProcessId",
            "#text": "6264"
          },
          {
            "@Name": "PipeName",
            "#text": "\\hwLAteWXHD"
          },
          {
            "@Name": "Image",
            "#text": "C:\\WINDOWS\\SysWOW64\\cmd.exe"
          }
        ]
      }
    },
    {
      "@xmlns": "http://schemas.microsoft.com/win/2004/08/events/event",
      "System": {
        "Provider": {
          "@Name": "Microsoft-Windows-Sysmon",
          "@Guid": "{5770385f-c22a-43e0-bf4c-06f5698ffbd9}"
        },
        "EventID": "18",
        "Version": "1",
        "Level": "4",
        "Task": "18",
        "Opcode": "0",
        "Keywords": "0x8000000000000000",
        "TimeCreated": {
          "@SystemTime": "2025-11-21T15:39:47.1455460Z"
        },
        "EventRecordID": "801",
        "Correlation": null,
        "Execution": {
          "@ProcessID": "1884",
          "@ThreadID": "6212"
        },
        "Channel": "Microsoft-Windows-Sysmon/Operational",
        "Computer": "DESKTOP-LG3F6GA",
        "Security": {
          "@UserID": "S-1-5-18"
        }
      },
      "EventData": {
        "Data": [
          {
            "@Name": "RuleName",
            "#text": "-"
          },
          {
            "@Name": "EventType",
            "#text": "ConnectPipe"
          },
          {
            "@Name": "UtcTime",
            "#text": "2025-11-21 15:39:47.137"
          },
          {
            "@Name": "ProcessGuid",
            "#text": "{03ac98ec-87c0-6920-2e03-000000006000}"
          },
          {
            "@Name": "ProcessId",
            "#text": "6264"
          },
          {
            "@Name": "PipeName",
            "#text": "\\hwLAteWXHD"
          },
          {
            "@Name": "Image",
            "#text": "C:\\WINDOWS\\SysWOW64\\cmd.exe"
          }
        ]
      }
    },
    {
      "@xmlns": "http://schemas.microsoft.com/win/2004/08/events/event",
      "System": {
        "Provider": {
          "@Name": "Microsoft-Windows-Sysmon",
          "@Guid": "{5770385f-c22a-43e0-bf4c-06f5698ffbd9}"
        },
        "EventID": "18",
        "Version": "1",
        "Level": "4",
        "Task": "18",
        "Opcode": "0",
        "Keywords": "0x8000000000000000",
        "TimeCreated": {
          "@SystemTime": "2025-11-21T15:39:47.1368879Z"
        },
        "EventRecordID": "800",
        "Correlation": null,
        "Execution": {
          "@ProcessID": "1884",
          "@ThreadID": "6212"
        },
        "Channel": "Microsoft-Windows-Sysmon/Operational",
        "Computer": "DESKTOP-LG3F6GA",
        "Security": {
          "@UserID": "S-1-5-18"
        }
      },
      "EventData": {
        "Data": [
          {
            "@Name": "RuleName",
            "#text": "-"
          },
          {
            "@Name": "EventType",
            "#text": "ConnectPipe"
          },
          {
            "@Name": "UtcTime",
            "#text": "2025-11-21 15:39:47.121"
          },
          {
            "@Name": "ProcessGuid",
            "#text": "{03ac98ec-87c0-6920-2e03-000000006000}"
          },
          {
            "@Name": "ProcessId",
            "#text": "6264"
          },
          {
            "@Name": "PipeName",
            "#text": "\\hwLAteWXHD"
          },
          {
            "@Name": "Image",
            "#text": "C:\\WINDOWS\\SysWOW64\\cmd.exe"
          }
        ]
      }
    },
    {
      "@xmlns": "http://schemas.microsoft.com/win/2004/08/events/event",
      "System": {
        "Provider": {
          "@Name": "Microsoft-Windows-Sysmon",
          "@Guid": "{5770385f-c22a-43e0-bf4c-06f5698ffbd9}"
        },
        "EventID": "11",
        "Version": "2",
        "Level": "4",
        "Task": "11",
        "Opcode": "0",
        "Keywords": "0x8000000000000000",
        "TimeCreated": {
          "@SystemTime": "2025-11-21T15:39:47.1362058Z"
        },
        "EventRecordID": "799",
        "Correlation": null,
        "Execution": {
          "@ProcessID": "1884",
          "@ThreadID": "6212"
        },
        "Channel": "Microsoft-Windows-Sysmon/Operational",
        "Computer": "DESKTOP-LG3F6GA",
        "Security": {
          "@UserID": "S-1-5-18"
        }
      },
      "EventData": {
        "Data": [
          {
            "@Name": "RuleName",
            "#text": "-"
          },
          {
            "@Name": "UtcTime",
            "#text": "2025-11-21 15:39:47.121"
          },
          {
            "@Name": "ProcessGuid",
            "#text": "{03ac98ec-87c0-6920-2e03-000000006000}"
          },
          {
            "@Name": "ProcessId",
            "#text": "6264"
          },
          {
            "@Name": "Image",
            "#text": "C:\\WINDOWS\\SysWOW64\\cmd.exe"
          },
          {
            "@Name": "TargetFilename",
            "#text": "C:\\65n4hwlw\\data\\yara\\capemon.yac"
          },
          {
            "@Name": "CreationUtcTime",
            "#text": "2025-11-21 15:39:47.121"
          }
        ]
      }
    },
    {
      "@xmlns": "http://schemas.microsoft.com/win/2004/08/events/event",
      "System": {
        "Provider": {
          "@Name": "Microsoft-Windows-Sysmon",
          "@Guid": "{5770385f-c22a-43e0-bf4c-06f5698ffbd9}"
        },
        "EventID": "18",
        "Version": "1",
        "Level": "4",
        "Task": "18",
        "Opcode": "0",
        "Keywords": "0x8000000000000000",
        "TimeCreated": {
          "@SystemTime": "2025-11-21T15:39:47.1263690Z"
        },
        "EventRecordID": "798",
        "Correlation": null,
        "Execution": {
          "@ProcessID": "1884",
          "@ThreadID": "6212"
        },
        "Channel": "Microsoft-Windows-Sysmon/Operational",
        "Computer": "DESKTOP-LG3F6GA",
        "Security": {
          "@UserID": "S-1-5-18"
        }
      },
      "EventData": {
        "Data": [
          {
            "@Name": "RuleName",
            "#text": "-"
          },
          {
            "@Name": "EventType",
            "#text": "ConnectPipe"
          },
          {
            "@Name": "UtcTime",
            "#text": "2025-11-21 15:39:47.121"
          },
          {
            "@Name": "ProcessGuid",
            "#text": "{03ac98ec-87c0-6920-2e03-000000006000}"
          },
          {
            "@Name": "ProcessId",
            "#text": "6264"
          },
          {
            "@Name": "PipeName",
            "#text": "\\hwLAteWXHD"
          },
          {
            "@Name": "Image",
            "#text": "C:\\WINDOWS\\SysWOW64\\cmd.exe"
          }
        ]
      }
    },
    {
      "@xmlns": "http://schemas.microsoft.com/win/2004/08/events/event",
      "System": {
        "Provider": {
          "@Name": "Microsoft-Windows-Sysmon",
          "@Guid": "{5770385f-c22a-43e0-bf4c-06f5698ffbd9}"
        },
        "EventID": "18",
        "Version": "1",
        "Level": "4",
        "Task": "18",
        "Opcode": "0",
        "Keywords": "0x8000000000000000",
        "TimeCreated": {
          "@SystemTime": "2025-11-21T15:39:47.1107446Z"
        },
        "EventRecordID": "797",
        "Correlation": null,
        "Execution": {
          "@ProcessID": "1884",
          "@ThreadID": "6212"
        },
        "Channel": "Microsoft-Windows-Sysmon/Operational",
        "Computer": "DESKTOP-LG3F6GA",
        "Security": {
          "@UserID": "S-1-5-18"
        }
      },
      "EventData": {
        "Data": [
          {
            "@Name": "RuleName",
            "#text": "-"
          },
          {
            "@Name": "EventType",
            "#text": "ConnectPipe"
          },
          {
            "@Name": "UtcTime",
            "#text": "2025-11-21 15:39:47.106"
          },
          {
            "@Name": "ProcessGuid",
            "#text": "{03ac98ec-87c0-6920-2e03-000000006000}"
          },
          {
            "@Name": "ProcessId",
            "#text": "6264"
          },
          {
            "@Name": "PipeName",
            "#text": "\\GEBFZjLqtOd6264"
          },
          {
            "@Name": "Image",
            "#text": "C:\\WINDOWS\\SysWOW64\\cmd.exe"
          }
        ]
      }
    },
    {
      "@xmlns": "http://schemas.microsoft.com/win/2004/08/events/event",
      "System": {
        "Provider": {
          "@Name": "Microsoft-Windows-Sysmon",
          "@Guid": "{5770385f-c22a-43e0-bf4c-06f5698ffbd9}"
        },
        "EventID": "18",
        "Version": "1",
        "Level": "4",
        "Task": "18",
        "Opcode": "0",
        "Keywords": "0x8000000000000000",
        "TimeCreated": {
          "@SystemTime": "2025-11-21T15:39:47.1093045Z"
        },
        "EventRecordID": "796",
        "Correlation": null,
        "Execution": {
          "@ProcessID": "1884",
          "@ThreadID": "6212"
        },
        "Channel": "Microsoft-Windows-Sysmon/Operational",
        "Computer": "DESKTOP-LG3F6GA",
        "Security": {
          "@UserID": "S-1-5-18"
        }
      },
      "EventData": {
        "Data": [
          {
            "@Name": "RuleName",
            "#text": "-"
          },
          {
            "@Name": "EventType",
            "#text": "ConnectPipe"
          },
          {
            "@Name": "UtcTime",
            "#text": "2025-11-21 15:39:47.106"
          },
          {
            "@Name": "ProcessGuid",
            "#text": "{03ac98ec-87c0-6920-2e03-000000006000}"
          },
          {
            "@Name": "ProcessId",
            "#text": "6264"
          },
          {
            "@Name": "PipeName",
            "#text": "\\hwLAteWXHD"
          },
          {
            "@Name": "Image",
            "#text": "C:\\WINDOWS\\SysWOW64\\cmd.exe"
          }
        ]
      }
    },
    {
      "@xmlns": "http://schemas.microsoft.com/win/2004/08/events/event",
      "System": {
        "Provider": {
          "@Name": "Microsoft-Windows-Sysmon",
          "@Guid": "{5770385f-c22a-43e0-bf4c-06f5698ffbd9}"
        },
        "EventID": "18",
        "Version": "1",
        "Level": "4",
        "Task": "18",
        "Opcode": "0",
        "Keywords": "0x8000000000000000",
        "TimeCreated": {
          "@SystemTime": "2025-11-21T15:39:47.1053375Z"
        },
        "EventRecordID": "795",
        "Correlation": null,
        "Execution": {
          "@ProcessID": "1884",
          "@ThreadID": "6212"
        },
        "Channel": "Microsoft-Windows-Sysmon/Operational",
        "Computer": "DESKTOP-LG3F6GA",
        "Security": {
          "@UserID": "S-1-5-18"
        }
      },
      "EventData": {
        "Data": [
          {
            "@Name": "RuleName",
            "#text": "-"
          },
          {
            "@Name": "EventType",
            "#text": "ConnectPipe"
          },
          {
            "@Name": "UtcTime",
            "#text": "2025-11-21 15:39:47.090"
          },
          {
            "@Name": "ProcessGuid",
            "#text": "{03ac98ec-87c0-6920-2e03-000000006000}"
          },
          {
            "@Name": "ProcessId",
            "#text": "6264"
          },
          {
            "@Name": "PipeName",
            "#text": "\\hwLAteWXHD"
          },
          {
            "@Name": "Image",
            "#text": "C:\\WINDOWS\\SysWOW64\\cmd.exe"
          }
        ]
      }
    },
    {
      "@xmlns": "http://schemas.microsoft.com/win/2004/08/events/event",
      "System": {
        "Provider": {
          "@Name": "Microsoft-Windows-Sysmon",
          "@Guid": "{5770385f-c22a-43e0-bf4c-06f5698ffbd9}"
        },
        "EventID": "18",
        "Version": "1",
        "Level": "4",
        "Task": "18",
        "Opcode": "0",
        "Keywords": "0x8000000000000000",
        "TimeCreated": {
          "@SystemTime": "2025-11-21T15:39:47.1037671Z"
        },
        "EventRecordID": "794",
        "Correlation": null,
        "Execution": {
          "@ProcessID": "1884",
          "@ThreadID": "6212"
        },
        "Channel": "Microsoft-Windows-Sysmon/Operational",
        "Computer": "DESKTOP-LG3F6GA",
        "Security": {
          "@UserID": "S-1-5-18"
        }
      },
      "EventData": {
        "Data": [
          {
            "@Name": "RuleName",
            "#text": "-"
          },
          {
            "@Name": "EventType",
            "#text": "ConnectPipe"
          },
          {
            "@Name": "UtcTime",
            "#text": "2025-11-21 15:39:47.090"
          },
          {
            "@Name": "ProcessGuid",
            "#text": "{03ac98ec-87c0-6920-2e03-000000006000}"
          },
          {
            "@Name": "ProcessId",
            "#text": "6264"
          },
          {
            "@Name": "PipeName",
            "#text": "\\hwLAteWXHD"
          },
          {
            "@Name": "Image",
            "#text": "C:\\WINDOWS\\SysWOW64\\cmd.exe"
          }
        ]
      }
    },
    {
      "@xmlns": "http://schemas.microsoft.com/win/2004/08/events/event",
      "System": {
        "Provider": {
          "@Name": "Microsoft-Windows-Sysmon",
          "@Guid": "{5770385f-c22a-43e0-bf4c-06f5698ffbd9}"
        },
        "EventID": "18",
        "Version": "1",
        "Level": "4",
        "Task": "18",
        "Opcode": "0",
        "Keywords": "0x8000000000000000",
        "TimeCreated": {
          "@SystemTime": "2025-11-21T15:39:47.0981085Z"
        },
        "EventRecordID": "793",
        "Correlation": null,
        "Execution": {
          "@ProcessID": "1884",
          "@ThreadID": "6212"
        },
        "Channel": "Microsoft-Windows-Sysmon/Operational",
        "Computer": "DESKTOP-LG3F6GA",
        "Security": {
          "@UserID": "S-1-5-18"
        }
      },
      "EventData": {
        "Data": [
          {
            "@Name": "RuleName",
            "#text": "-"
          },
          {
            "@Name": "EventType",
            "#text": "ConnectPipe"
          },
          {
            "@Name": "UtcTime",
            "#text": "2025-11-21 15:39:47.090"
          },
          {
            "@Name": "ProcessGuid",
            "#text": "{03ac98ec-87c0-6920-2e03-000000006000}"
          },
          {
            "@Name": "ProcessId",
            "#text": "6264"
          },
          {
            "@Name": "PipeName",
            "#text": "\\hwLAteWXHD"
          },
          {
            "@Name": "Image",
            "#text": "C:\\WINDOWS\\SysWOW64\\cmd.exe"
          }
        ]
      }
    },
    {
      "@xmlns": "http://schemas.microsoft.com/win/2004/08/events/event",
      "System": {
        "Provider": {
          "@Name": "Microsoft-Windows-Sysmon",
          "@Guid": "{5770385f-c22a-43e0-bf4c-06f5698ffbd9}"
        },
        "EventID": "13",
        "Version": "2",
        "Level": "4",
        "Task": "13",
        "Opcode": "0",
        "Keywords": "0x8000000000000000",
        "TimeCreated": {
          "@SystemTime": "2025-11-21T15:39:47.0496487Z"
        },
        "EventRecordID": "792",
        "Correlation": null,
        "Execution": {
          "@ProcessID": "1884",
          "@ThreadID": "6212"
        },
        "Channel": "Microsoft-Windows-Sysmon/Operational",
        "Computer": "DESKTOP-LG3F6GA",
        "Security": {
          "@UserID": "S-1-5-18"
        }
      },
      "EventData": {
        "Data": [
          {
            "@Name": "RuleName",
            "#text": "-"
          },
          {
            "@Name": "EventType",
            "#text": "SetValue"
          },
          {
            "@Name": "UtcTime",
            "#text": "2025-11-21 15:39:47.043"
          },
          {
            "@Name": "ProcessGuid",
            "#text": "{03ac98ec-32b9-68ca-7600-000000006000}"
          },
          {
            "@Name": "ProcessId",
            "#text": "5312"
          },
          {
            "@Name": "Image",
            "#text": "C:\\WINDOWS\\Explorer.EXE"
          },
          {
            "@Name": "TargetObject",
            "#text": "HKU\\S-1-5-21-3171250481-3681422803-404499418-1001\\SOFTWARE\\Microsoft\\Windows\\CurrentVersion\\ActivityDataModel\\ReaderRevisionInfo\\BC1D8BC6-8561-D53E-0046-282B5CFAC694"
          },
          {
            "@Name": "Details",
            "#text": "Binary Data"
          }
        ]
      }
    },
    {
      "@xmlns": "http://schemas.microsoft.com/win/2004/08/events/event",
      "System": {
        "Provider": {
          "@Name": "Microsoft-Windows-Sysmon",
          "@Guid": "{5770385f-c22a-43e0-bf4c-06f5698ffbd9}"
        },
        "EventID": "13",
        "Version": "2",
        "Level": "4",
        "Task": "13",
        "Opcode": "0",
        "Keywords": "0x8000000000000000",
        "TimeCreated": {
          "@SystemTime": "2025-11-21T15:39:47.0053745Z"
        },
        "EventRecordID": "791",
        "Correlation": null,
        "Execution": {
          "@ProcessID": "1884",
          "@ThreadID": "6212"
        },
        "Channel": "Microsoft-Windows-Sysmon/Operational",
        "Computer": "DESKTOP-LG3F6GA",
        "Security": {
          "@UserID": "S-1-5-18"
        }
      },
      "EventData": {
        "Data": [
          {
            "@Name": "RuleName",
            "#text": "-"
          },
          {
            "@Name": "EventType",
            "#text": "SetValue"
          },
          {
            "@Name": "UtcTime",
            "#text": "2025-11-21 15:39:46.996"
          },
          {
            "@Name": "ProcessGuid",
            "#text": "{03ac98ec-32ad-68ca-eb03-000000000000}"
          },
          {
            "@Name": "ProcessId",
            "#text": "4"
          },
          {
            "@Name": "Image",
            "#text": "System"
          },
          {
            "@Name": "TargetObject",
            "#text": "HKLM\\System\\CurrentControlSet\\Services\\bam\\State\\UserSettings\\S-1-5-21-3171250481-3681422803-404499418-1001\\SequenceNumber"
          },
          {
            "@Name": "Details",
            "#text": "DWORD (0x0000000f)"
          }
        ]
      }
    },
    {
      "@xmlns": "http://schemas.microsoft.com/win/2004/08/events/event",
      "System": {
        "Provider": {
          "@Name": "Microsoft-Windows-Sysmon",
          "@Guid": "{5770385f-c22a-43e0-bf4c-06f5698ffbd9}"
        },
        "EventID": "13",
        "Version": "2",
        "Level": "4",
        "Task": "13",
        "Opcode": "0",
        "Keywords": "0x8000000000000000",
        "TimeCreated": {
          "@SystemTime": "2025-11-21T15:39:47.0052703Z"
        },
        "EventRecordID": "790",
        "Correlation": null,
        "Execution": {
          "@ProcessID": "1884",
          "@ThreadID": "6212"
        },
        "Channel": "Microsoft-Windows-Sysmon/Operational",
        "Computer": "DESKTOP-LG3F6GA",
        "Security": {
          "@UserID": "S-1-5-18"
        }
      },
      "EventData": {
        "Data": [
          {
            "@Name": "RuleName",
            "#text": "-"
          },
          {
            "@Name": "EventType",
            "#text": "SetValue"
          },
          {
            "@Name": "UtcTime",
            "#text": "2025-11-21 15:39:46.996"
          },
          {
            "@Name": "ProcessGuid",
            "#text": "{03ac98ec-32ad-68ca-eb03-000000000000}"
          },
          {
            "@Name": "ProcessId",
            "#text": "4"
          },
          {
            "@Name": "Image",
            "#text": "System"
          },
          {
            "@Name": "TargetObject",
            "#text": "HKLM\\System\\CurrentControlSet\\Services\\bam\\State\\UserSettings\\S-1-5-21-3171250481-3681422803-404499418-1001\\\\Device\\HarddiskVolume2\\Windows\\SysWOW64\\cmd.exe"
          },
          {
            "@Name": "Details",
            "#text": "Binary Data"
          }
        ]
      }
    },
    {
      "@xmlns": "http://schemas.microsoft.com/win/2004/08/events/event",
      "System": {
        "Provider": {
          "@Name": "Microsoft-Windows-Sysmon",
          "@Guid": "{5770385f-c22a-43e0-bf4c-06f5698ffbd9}"
        },
        "EventID": "12",
        "Version": "2",
        "Level": "4",
        "Task": "12",
        "Opcode": "0",
        "Keywords": "0x8000000000000000",
        "TimeCreated": {
          "@SystemTime": "2025-11-21T15:39:47.0047139Z"
        },
        "EventRecordID": "789",
        "Correlation": null,
        "Execution": {
          "@ProcessID": "1884",
          "@ThreadID": "6212"
        },
        "Channel": "Microsoft-Windows-Sysmon/Operational",
        "Computer": "DESKTOP-LG3F6GA",
        "Security": {
          "@UserID": "S-1-5-18"
        }
      },
      "EventData": {
        "Data": [
          {
            "@Name": "RuleName",
            "#text": "-"
          },
          {
            "@Name": "EventType",
            "#text": "CreateKey"
          },
          {
            "@Name": "UtcTime",
            "#text": "2025-11-21 15:39:46.996"
          },
          {
            "@Name": "ProcessGuid",
            "#text": "{03ac98ec-32ad-68ca-eb03-000000000000}"
          },
          {
            "@Name": "ProcessId",
            "#text": "4"
          },
          {
            "@Name": "Image",
            "#text": "System"
          },
          {
            "@Name": "TargetObject",
            "#text": "HKLM\\System\\CurrentControlSet\\Services\\bam\\State\\UserSettings\\S-1-5-21-3171250481-3681422803-404499418-1001"
          }
        ]
      }
    },
