    {
      "@xmlns": "http://schemas.microsoft.com/win/2004/08/events/event",
      "System": {
        "Provider": {
          "@Name": "Microsoft-Windows-Sysmon",
          "@Guid": "{5770385f-c22a-43e0-bf4c-06f5698ffbd9}"
        },
        "EventID": "11",
        "Version": "2",
        "Level": "4",
        "Task": "11",
        "Opcode": "0",
        "Keywords": "0x8000000000000000",
        "TimeCreated": {
          "@SystemTime": "2025-11-18T21:11:28.6521474Z"
        },
        "EventRecordID": "1638",
        "Correlation": null,
        "Execution": {
          "@ProcessID": "6316",
          "@ThreadID": "1704"
        },
        "Channel": "Microsoft-Windows-Sysmon/Operational",
        "Computer": "DESKTOP-LG3F6GA",
        "Security": {
          "@UserID": "S-1-5-18"
        }
      },
      "EventData": {
        "Data": [
          {
            "@Name": "RuleName",
            "#text": "-"
          },
          {
            "@Name": "UtcTime",
            "#text": "2025-11-18 21:11:28.652"
          },
          {
            "@Name": "ProcessGuid",
            "#text": "{26d9e374-e100-691c-5f03-000000006000}"
          },
          {
            "@Name": "ProcessId",
            "#text": "7348"
          },
          {
            "@Name": "Image",
            "#text": "C:\\Windows\\Microsoft.NET\\Framework\\v4.0.30319\\ngen.exe"
          },
          {
            "@Name": "TargetFilename",
            "#text": "C:\\Windows\\Microsoft.NET\\ngennicupdatelock.dat"
          },
          {
            "@Name": "CreationUtcTime",
            "#text": "2025-11-18 21:11:16.902"
          }
        ]
      }
    },
    {
      "@xmlns": "http://schemas.microsoft.com/win/2004/08/events/event",
      "System": {
        "Provider": {
          "@Name": "Microsoft-Windows-Sysmon",
          "@Guid": "{5770385f-c22a-43e0-bf4c-06f5698ffbd9}"
        },
        "EventID": "11",
        "Version": "2",
        "Level": "4",
        "Task": "11",
        "Opcode": "0",
        "Keywords": "0x8000000000000000",
        "TimeCreated": {
          "@SystemTime": "2025-11-18T21:11:28.6414270Z"
        },
        "EventRecordID": "1637",
        "Correlation": null,
        "Execution": {
          "@ProcessID": "6316",
          "@ThreadID": "1704"
        },
        "Channel": "Microsoft-Windows-Sysmon/Operational",
        "Computer": "DESKTOP-LG3F6GA",
        "Security": {
          "@UserID": "S-1-5-18"
        }
      },
      "EventData": {
        "Data": [
          {
            "@Name": "RuleName",
            "#text": "-"
          },
          {
            "@Name": "UtcTime",
            "#text": "2025-11-18 21:11:28.636"
          },
          {
            "@Name": "ProcessGuid",
            "#text": "{26d9e374-e100-691c-5f03-000000006000}"
          },
          {
            "@Name": "ProcessId",
            "#text": "7348"
          },
          {
            "@Name": "Image",
            "#text": "C:\\Windows\\Microsoft.NET\\Framework\\v4.0.30319\\ngen.exe"
          },
          {
            "@Name": "TargetFilename",
            "#text": "C:\\Windows\\Microsoft.NET\\Framework\\v4.0.30319\\ngenrootstorelock.dat"
          },
          {
            "@Name": "CreationUtcTime",
            "#text": "2025-11-18 21:11:17.073"
          }
        ]
      }
    },
    {
      "@xmlns": "http://schemas.microsoft.com/win/2004/08/events/event",
      "System": {
        "Provider": {
          "@Name": "Microsoft-Windows-Sysmon",
          "@Guid": "{5770385f-c22a-43e0-bf4c-06f5698ffbd9}"
        },
        "EventID": "5",
        "Version": "3",
        "Level": "4",
        "Task": "5",
        "Opcode": "0",
        "Keywords": "0x8000000000000000",
        "TimeCreated": {
          "@SystemTime": "2025-11-18T21:11:28.6081002Z"
        },
        "EventRecordID": "1636",
        "Correlation": null,
        "Execution": {
          "@ProcessID": "6316",
          "@ThreadID": "1704"
        },
        "Channel": "Microsoft-Windows-Sysmon/Operational",
        "Computer": "DESKTOP-LG3F6GA",
        "Security": {
          "@UserID": "S-1-5-18"
        }
      },
      "EventData": {
        "Data": [
          {
            "@Name": "RuleName",
            "#text": "-"
          },
          {
            "@Name": "UtcTime",
            "#text": "2025-11-18 21:11:28.605"
          },
          {
            "@Name": "ProcessGuid",
            "#text": "{26d9e374-e100-691c-5e03-000000006000}"
          },
          {
            "@Name": "ProcessId",
            "#text": "7440"
          },
          {
            "@Name": "Image",
            "#text": "C:\\Windows\\Microsoft.NET\\Framework\\v4.0.30319\\ngen.exe"
          }
        ]
      }
    },
    {
      "@xmlns": "http://schemas.microsoft.com/win/2004/08/events/event",
      "System": {
        "Provider": {
          "@Name": "Microsoft-Windows-Sysmon",
          "@Guid": "{5770385f-c22a-43e0-bf4c-06f5698ffbd9}"
        },
        "EventID": "11",
        "Version": "2",
        "Level": "4",
        "Task": "11",
        "Opcode": "0",
        "Keywords": "0x8000000000000000",
        "TimeCreated": {
          "@SystemTime": "2025-11-18T21:11:28.6058298Z"
        },
        "EventRecordID": "1635",
        "Correlation": null,
        "Execution": {
          "@ProcessID": "6316",
          "@ThreadID": "1704"
        },
        "Channel": "Microsoft-Windows-Sysmon/Operational",
        "Computer": "DESKTOP-LG3F6GA",
        "Security": {
          "@UserID": "S-1-5-18"
        }
      },
      "EventData": {
        "Data": [
          {
            "@Name": "RuleName",
            "#text": "-"
          },
          {
            "@Name": "UtcTime",
            "#text": "2025-11-18 21:11:28.605"
          },
          {
            "@Name": "ProcessGuid",
            "#text": "{26d9e374-e100-691c-5e03-000000006000}"
          },
          {
            "@Name": "ProcessId",
            "#text": "7440"
          },
          {
            "@Name": "Image",
            "#text": "C:\\Windows\\Microsoft.NET\\Framework\\v4.0.30319\\ngen.exe"
          },
          {
            "@Name": "TargetFilename",
            "#text": "C:\\Windows\\Microsoft.NET\\ngennicupdatelock.dat"
          },
          {
            "@Name": "CreationUtcTime",
            "#text": "2025-11-18 21:11:16.902"
          }
        ]
      }
    },
    {
      "@xmlns": "http://schemas.microsoft.com/win/2004/08/events/event",
      "System": {
        "Provider": {
          "@Name": "Microsoft-Windows-Sysmon",
          "@Guid": "{5770385f-c22a-43e0-bf4c-06f5698ffbd9}"
        },
        "EventID": "11",
        "Version": "2",
        "Level": "4",
        "Task": "11",
        "Opcode": "0",
        "Keywords": "0x8000000000000000",
        "TimeCreated": {
          "@SystemTime": "2025-11-18T21:11:28.5940955Z"
        },
        "EventRecordID": "1634",
        "Correlation": null,
        "Execution": {
          "@ProcessID": "6316",
          "@ThreadID": "1704"
        },
        "Channel": "Microsoft-Windows-Sysmon/Operational",
        "Computer": "DESKTOP-LG3F6GA",
        "Security": {
          "@UserID": "S-1-5-18"
        }
      },
      "EventData": {
        "Data": [
          {
            "@Name": "RuleName",
            "#text": "-"
          },
          {
            "@Name": "UtcTime",
            "#text": "2025-11-18 21:11:28.589"
          },
          {
            "@Name": "ProcessGuid",
            "#text": "{26d9e374-e100-691c-5e03-000000006000}"
          },
          {
            "@Name": "ProcessId",
            "#text": "7440"
          },
          {
            "@Name": "Image",
            "#text": "C:\\Windows\\Microsoft.NET\\Framework\\v4.0.30319\\ngen.exe"
          },
          {
            "@Name": "TargetFilename",
            "#text": "C:\\Windows\\Microsoft.NET\\Framework\\v4.0.30319\\ngenrootstorelock.dat"
          },
          {
            "@Name": "CreationUtcTime",
            "#text": "2025-11-18 21:11:17.073"
          }
        ]
      }
    },
    {
      "@xmlns": "http://schemas.microsoft.com/win/2004/08/events/event",
      "System": {
        "Provider": {
          "@Name": "Microsoft-Windows-Sysmon",
          "@Guid": "{5770385f-c22a-43e0-bf4c-06f5698ffbd9}"
        },
        "EventID": "5",
        "Version": "3",
        "Level": "4",
        "Task": "5",
        "Opcode": "0",
        "Keywords": "0x8000000000000000",
        "TimeCreated": {
          "@SystemTime": "2025-11-18T21:11:28.5639110Z"
        },
        "EventRecordID": "1633",
        "Correlation": null,
        "Execution": {
          "@ProcessID": "6316",
          "@ThreadID": "1704"
        },
        "Channel": "Microsoft-Windows-Sysmon/Operational",
        "Computer": "DESKTOP-LG3F6GA",
        "Security": {
          "@UserID": "S-1-5-18"
        }
      },
      "EventData": {
        "Data": [
          {
            "@Name": "RuleName",
            "#text": "-"
          },
          {
            "@Name": "UtcTime",
            "#text": "2025-11-18 21:11:28.558"
          },
          {
            "@Name": "ProcessGuid",
            "#text": "{26d9e374-e100-691c-5d03-000000006000}"
          },
          {
            "@Name": "ProcessId",
            "#text": "7352"
          },
          {
            "@Name": "Image",
            "#text": "C:\\Windows\\Microsoft.NET\\Framework\\v4.0.30319\\ngen.exe"
          }
        ]
      }
    },
    {
      "@xmlns": "http://schemas.microsoft.com/win/2004/08/events/event",
      "System": {
        "Provider": {
          "@Name": "Microsoft-Windows-Sysmon",
          "@Guid": "{5770385f-c22a-43e0-bf4c-06f5698ffbd9}"
        },
        "EventID": "11",
        "Version": "2",
        "Level": "4",
        "Task": "11",
        "Opcode": "0",
        "Keywords": "0x8000000000000000",
        "TimeCreated": {
          "@SystemTime": "2025-11-18T21:11:28.5561091Z"
        },
        "EventRecordID": "1632",
        "Correlation": null,
        "Execution": {
          "@ProcessID": "6316",
          "@ThreadID": "1704"
        },
        "Channel": "Microsoft-Windows-Sysmon/Operational",
        "Computer": "DESKTOP-LG3F6GA",
        "Security": {
          "@UserID": "S-1-5-18"
        }
      },
      "EventData": {
        "Data": [
          {
            "@Name": "RuleName",
            "#text": "-"
          },
          {
            "@Name": "UtcTime",
            "#text": "2025-11-18 21:11:28.542"
          },
          {
            "@Name": "ProcessGuid",
            "#text": "{26d9e374-e100-691c-5d03-000000006000}"
          },
          {
            "@Name": "ProcessId",
            "#text": "7352"
          },
          {
            "@Name": "Image",
            "#text": "C:\\Windows\\Microsoft.NET\\Framework\\v4.0.30319\\ngen.exe"
          },
          {
            "@Name": "TargetFilename",
            "#text": "C:\\Windows\\Microsoft.NET\\ngennicupdatelock.dat"
          },
          {
            "@Name": "CreationUtcTime",
            "#text": "2025-11-18 21:11:16.902"
          }
        ]
      }
    },
    {
      "@xmlns": "http://schemas.microsoft.com/win/2004/08/events/event",
      "System": {
        "Provider": {
          "@Name": "Microsoft-Windows-Sysmon",
          "@Guid": "{5770385f-c22a-43e0-bf4c-06f5698ffbd9}"
        },
        "EventID": "11",
        "Version": "2",
        "Level": "4",
        "Task": "11",
        "Opcode": "0",
        "Keywords": "0x8000000000000000",
        "TimeCreated": {
          "@SystemTime": "2025-11-18T21:11:28.5442619Z"
        },
        "EventRecordID": "1631",
        "Correlation": null,
        "Execution": {
          "@ProcessID": "6316",
          "@ThreadID": "1704"
        },
        "Channel": "Microsoft-Windows-Sysmon/Operational",
        "Computer": "DESKTOP-LG3F6GA",
        "Security": {
          "@UserID": "S-1-5-18"
        }
      },
      "EventData": {
        "Data": [
          {
            "@Name": "RuleName",
            "#text": "-"
          },
          {
            "@Name": "UtcTime",
            "#text": "2025-11-18 21:11:28.542"
          },
          {
            "@Name": "ProcessGuid",
            "#text": "{26d9e374-e100-691c-5d03-000000006000}"
          },
          {
            "@Name": "ProcessId",
            "#text": "7352"
          },
          {
            "@Name": "Image",
            "#text": "C:\\Windows\\Microsoft.NET\\Framework\\v4.0.30319\\ngen.exe"
          },
          {
            "@Name": "TargetFilename",
            "#text": "C:\\Windows\\Microsoft.NET\\Framework\\v4.0.30319\\ngenrootstorelock.dat"
          },
          {
            "@Name": "CreationUtcTime",
            "#text": "2025-11-18 21:11:17.073"
          }
        ]
      }
    },
    {
      "@xmlns": "http://schemas.microsoft.com/win/2004/08/events/event",
      "System": {
        "Provider": {
          "@Name": "Microsoft-Windows-Sysmon",
          "@Guid": "{5770385f-c22a-43e0-bf4c-06f5698ffbd9}"
        },
        "EventID": "5",
        "Version": "3",
        "Level": "4",
        "Task": "5",
        "Opcode": "0",
        "Keywords": "0x8000000000000000",
        "TimeCreated": {
          "@SystemTime": "2025-11-18T21:11:28.5091178Z"
        },
        "EventRecordID": "1630",
        "Correlation": null,
        "Execution": {
          "@ProcessID": "6316",
          "@ThreadID": "1704"
        },
        "Channel": "Microsoft-Windows-Sysmon/Operational",
        "Computer": "DESKTOP-LG3F6GA",
        "Security": {
          "@UserID": "S-1-5-18"
        }
      },
      "EventData": {
        "Data": [
          {
            "@Name": "RuleName",
            "#text": "-"
          },
          {
            "@Name": "UtcTime",
            "#text": "2025-11-18 21:11:28.495"
          },
          {
            "@Name": "ProcessGuid",
            "#text": "{26d9e374-e100-691c-5c03-000000006000}"
          },
          {
            "@Name": "ProcessId",
            "#text": "7948"
          },
          {
            "@Name": "Image",
            "#text": "C:\\Windows\\Microsoft.NET\\Framework\\v4.0.30319\\ngen.exe"
          }
        ]
      }
    },
    {
      "@xmlns": "http://schemas.microsoft.com/win/2004/08/events/event",
      "System": {
        "Provider": {
          "@Name": "Microsoft-Windows-Sysmon",
          "@Guid": "{5770385f-c22a-43e0-bf4c-06f5698ffbd9}"
        },
        "EventID": "11",
        "Version": "2",
        "Level": "4",
        "Task": "11",
        "Opcode": "0",
        "Keywords": "0x8000000000000000",
        "TimeCreated": {
          "@SystemTime": "2025-11-18T21:11:28.5005411Z"
        },
        "EventRecordID": "1629",
        "Correlation": null,
        "Execution": {
          "@ProcessID": "6316",
          "@ThreadID": "1704"
        },
        "Channel": "Microsoft-Windows-Sysmon/Operational",
        "Computer": "DESKTOP-LG3F6GA",
        "Security": {
          "@UserID": "S-1-5-18"
        }
      },
      "EventData": {
        "Data": [
          {
            "@Name": "RuleName",
            "#text": "-"
          },
          {
            "@Name": "UtcTime",
            "#text": "2025-11-18 21:11:28.495"
          },
          {
            "@Name": "ProcessGuid",
            "#text": "{26d9e374-e100-691c-5c03-000000006000}"
          },
          {
            "@Name": "ProcessId",
            "#text": "7948"
          },
          {
            "@Name": "Image",
            "#text": "C:\\Windows\\Microsoft.NET\\Framework\\v4.0.30319\\ngen.exe"
          },
          {
            "@Name": "TargetFilename",
            "#text": "C:\\Windows\\Microsoft.NET\\ngennicupdatelock.dat"
          },
          {
            "@Name": "CreationUtcTime",
            "#text": "2025-11-18 21:11:16.902"
          }
        ]
      }
    },
    {
      "@xmlns": "http://schemas.microsoft.com/win/2004/08/events/event",
      "System": {
        "Provider": {
          "@Name": "Microsoft-Windows-Sysmon",
          "@Guid": "{5770385f-c22a-43e0-bf4c-06f5698ffbd9}"
        },
        "EventID": "11",
        "Version": "2",
        "Level": "4",
        "Task": "11",
        "Opcode": "0",
        "Keywords": "0x8000000000000000",
        "TimeCreated": {
          "@SystemTime": "2025-11-18T21:11:28.4851991Z"
        },
        "EventRecordID": "1628",
        "Correlation": null,
        "Execution": {
          "@ProcessID": "6316",
          "@ThreadID": "1704"
        },
        "Channel": "Microsoft-Windows-Sysmon/Operational",
        "Computer": "DESKTOP-LG3F6GA",
        "Security": {
          "@UserID": "S-1-5-18"
        }
      },
      "EventData": {
        "Data": [
          {
            "@Name": "RuleName",
            "#text": "-"
          },
          {
            "@Name": "UtcTime",
            "#text": "2025-11-18 21:11:28.480"
          },
          {
            "@Name": "ProcessGuid",
            "#text": "{26d9e374-e100-691c-5c03-000000006000}"
          },
          {
            "@Name": "ProcessId",
            "#text": "7948"
          },
          {
            "@Name": "Image",
            "#text": "C:\\Windows\\Microsoft.NET\\Framework\\v4.0.30319\\ngen.exe"
          },
          {
            "@Name": "TargetFilename",
            "#text": "C:\\Windows\\Microsoft.NET\\Framework\\v4.0.30319\\ngenrootstorelock.dat"
          },
          {
            "@Name": "CreationUtcTime",
            "#text": "2025-11-18 21:11:17.073"
          }
        ]
      }
    },
    {
      "@xmlns": "http://schemas.microsoft.com/win/2004/08/events/event",
      "System": {
        "Provider": {
          "@Name": "Microsoft-Windows-Sysmon",
          "@Guid": "{5770385f-c22a-43e0-bf4c-06f5698ffbd9}"
        },
        "EventID": "5",
        "Version": "3",
        "Level": "4",
        "Task": "5",
        "Opcode": "0",
        "Keywords": "0x8000000000000000",
        "TimeCreated": {
          "@SystemTime": "2025-11-18T21:11:28.4391013Z"
        },
        "EventRecordID": "1627",
        "Correlation": null,
        "Execution": {
          "@ProcessID": "6316",
          "@ThreadID": "1704"
        },
        "Channel": "Microsoft-Windows-Sysmon/Operational",
        "Computer": "DESKTOP-LG3F6GA",
        "Security": {
          "@UserID": "S-1-5-18"
        }
      },
      "EventData": {
        "Data": [
          {
            "@Name": "RuleName",
            "#text": "-"
          },
          {
            "@Name": "UtcTime",
            "#text": "2025-11-18 21:11:28.433"
          },
          {
            "@Name": "ProcessGuid",
            "#text": "{26d9e374-e100-691c-5b03-000000006000}"
          },
          {
            "@Name": "ProcessId",
            "#text": "7424"
          },
          {
            "@Name": "Image",
            "#text": "C:\\Windows\\Microsoft.NET\\Framework\\v4.0.30319\\ngen.exe"
          }
        ]
      }
    },
    {
      "@xmlns": "http://schemas.microsoft.com/win/2004/08/events/event",
      "System": {
        "Provider": {
          "@Name": "Microsoft-Windows-Sysmon",
          "@Guid": "{5770385f-c22a-43e0-bf4c-06f5698ffbd9}"
        },
        "EventID": "11",
        "Version": "2",
        "Level": "4",
        "Task": "11",
        "Opcode": "0",
        "Keywords": "0x8000000000000000",
        "TimeCreated": {
          "@SystemTime": "2025-11-18T21:11:28.4371546Z"
        },
        "EventRecordID": "1626",
        "Correlation": null,
        "Execution": {
          "@ProcessID": "6316",
          "@ThreadID": "1704"
        },
        "Channel": "Microsoft-Windows-Sysmon/Operational",
        "Computer": "DESKTOP-LG3F6GA",
        "Security": {
          "@UserID": "S-1-5-18"
        }
      },
      "EventData": {
        "Data": [
          {
            "@Name": "RuleName",
            "#text": "-"
          },
          {
            "@Name": "UtcTime",
            "#text": "2025-11-18 21:11:28.433"
          },
          {
            "@Name": "ProcessGuid",
            "#text": "{26d9e374-e100-691c-5b03-000000006000}"
          },
          {
            "@Name": "ProcessId",
            "#text": "7424"
          },
          {
            "@Name": "Image",
            "#text": "C:\\Windows\\Microsoft.NET\\Framework\\v4.0.30319\\ngen.exe"
          },
          {
            "@Name": "TargetFilename",
            "#text": "C:\\Windows\\Microsoft.NET\\ngennicupdatelock.dat"
          },
          {
            "@Name": "CreationUtcTime",
            "#text": "2025-11-18 21:11:16.902"
          }
        ]
      }
    },
    {
      "@xmlns": "http://schemas.microsoft.com/win/2004/08/events/event",
      "System": {
        "Provider": {
          "@Name": "Microsoft-Windows-Sysmon",
          "@Guid": "{5770385f-c22a-43e0-bf4c-06f5698ffbd9}"
        },
        "EventID": "11",
        "Version": "2",
        "Level": "4",
        "Task": "11",
        "Opcode": "0",
        "Keywords": "0x8000000000000000",
        "TimeCreated": {
          "@SystemTime": "2025-11-18T21:11:28.4126780Z"
        },
        "EventRecordID": "1625",
        "Correlation": null,
        "Execution": {
          "@ProcessID": "6316",
          "@ThreadID": "1704"
        },
        "Channel": "Microsoft-Windows-Sysmon/Operational",
        "Computer": "DESKTOP-LG3F6GA",
        "Security": {
          "@UserID": "S-1-5-18"
        }
      },
      "EventData": {
        "Data": [
          {
            "@Name": "RuleName",
            "#text": "-"
          },
          {
            "@Name": "UtcTime",
            "#text": "2025-11-18 21:11:28.402"
          },
          {
            "@Name": "ProcessGuid",
            "#text": "{26d9e374-e100-691c-5b03-000000006000}"
          },
          {
            "@Name": "ProcessId",
            "#text": "7424"
          },
          {
            "@Name": "Image",
            "#text": "C:\\Windows\\Microsoft.NET\\Framework\\v4.0.30319\\ngen.exe"
          },
          {
            "@Name": "TargetFilename",
            "#text": "C:\\Windows\\Microsoft.NET\\Framework\\v4.0.30319\\ngenrootstorelock.dat"
          },
          {
            "@Name": "CreationUtcTime",
            "#text": "2025-11-18 21:11:17.073"
          }
        ]
      }
    },
    {
      "@xmlns": "http://schemas.microsoft.com/win/2004/08/events/event",
      "System": {
        "Provider": {
          "@Name": "Microsoft-Windows-Sysmon",
          "@Guid": "{5770385f-c22a-43e0-bf4c-06f5698ffbd9}"
        },
        "EventID": "5",
        "Version": "3",
        "Level": "4",
        "Task": "5",
        "Opcode": "0",
        "Keywords": "0x8000000000000000",
        "TimeCreated": {
          "@SystemTime": "2025-11-18T21:11:28.3246957Z"
        },
        "EventRecordID": "1624",
        "Correlation": null,
        "Execution": {
          "@ProcessID": "6316",
          "@ThreadID": "1704"
        },
        "Channel": "Microsoft-Windows-Sysmon/Operational",
        "Computer": "DESKTOP-LG3F6GA",
        "Security": {
          "@UserID": "S-1-5-18"
        }
      },
      "EventData": {
        "Data": [
          {
            "@Name": "RuleName",
            "#text": "-"
          },
          {
            "@Name": "UtcTime",
            "#text": "2025-11-18 21:11:28.323"
          },
          {
            "@Name": "ProcessGuid",
            "#text": "{26d9e374-e100-691c-5803-000000006000}"
          },
          {
            "@Name": "ProcessId",
            "#text": "6792"
          },
          {
            "@Name": "Image",
            "#text": "C:\\Windows\\SysWOW64\\wevtutil.exe"
          }
        ]
      }
    },
    {
      "@xmlns": "http://schemas.microsoft.com/win/2004/08/events/event",
      "System": {
        "Provider": {
          "@Name": "Microsoft-Windows-Sysmon",
          "@Guid": "{5770385f-c22a-43e0-bf4c-06f5698ffbd9}"
        },
        "EventID": "5",
        "Version": "3",
        "Level": "4",
        "Task": "5",
        "Opcode": "0",
        "Keywords": "0x8000000000000000",
        "TimeCreated": {
          "@SystemTime": "2025-11-18T21:11:28.2876999Z"
        },
        "EventRecordID": "1623",
        "Correlation": null,
        "Execution": {
          "@ProcessID": "6316",
          "@ThreadID": "1704"
        },
        "Channel": "Microsoft-Windows-Sysmon/Operational",
        "Computer": "DESKTOP-LG3F6GA",
        "Security": {
          "@UserID": "S-1-5-18"
        }
      },
      "EventData": {
        "Data": [
          {
            "@Name": "RuleName",
            "#text": "-"
          },
          {
            "@Name": "UtcTime",
            "#text": "2025-11-18 21:11:28.277"
          },
          {
            "@Name": "ProcessGuid",
            "#text": "{26d9e374-e100-691c-5903-000000006000}"
          },
          {
            "@Name": "ProcessId",
            "#text": "2352"
          },
          {
            "@Name": "Image",
            "#text": "C:\\Windows\\Microsoft.NET\\Framework\\v4.0.30319\\ngen.exe"
          }
        ]
      }
    },
    {
      "@xmlns": "http://schemas.microsoft.com/win/2004/08/events/event",
      "System": {
        "Provider": {
          "@Name": "Microsoft-Windows-Sysmon",
          "@Guid": "{5770385f-c22a-43e0-bf4c-06f5698ffbd9}"
        },
        "EventID": "11",
        "Version": "2",
        "Level": "4",
        "Task": "11",
        "Opcode": "0",
        "Keywords": "0x8000000000000000",
        "TimeCreated": {
          "@SystemTime": "2025-11-18T21:11:28.2837510Z"
        },
        "EventRecordID": "1622",
        "Correlation": null,
        "Execution": {
          "@ProcessID": "6316",
          "@ThreadID": "1704"
        },
        "Channel": "Microsoft-Windows-Sysmon/Operational",
        "Computer": "DESKTOP-LG3F6GA",
        "Security": {
          "@UserID": "S-1-5-18"
        }
      },
      "EventData": {
        "Data": [
          {
            "@Name": "RuleName",
            "#text": "-"
          },
          {
            "@Name": "UtcTime",
            "#text": "2025-11-18 21:11:28.277"
          },
          {
            "@Name": "ProcessGuid",
            "#text": "{26d9e374-e100-691c-5903-000000006000}"
          },
          {
            "@Name": "ProcessId",
            "#text": "2352"
          },
          {
            "@Name": "Image",
            "#text": "C:\\Windows\\Microsoft.NET\\Framework\\v4.0.30319\\ngen.exe"
          },
          {
            "@Name": "TargetFilename",
            "#text": "C:\\Windows\\Microsoft.NET\\ngennicupdatelock.dat"
          },
          {
            "@Name": "CreationUtcTime",
            "#text": "2025-11-18 21:11:16.902"
          }
        ]
      }
    },
