    {
      "@xmlns": "http://schemas.microsoft.com/win/2004/08/events/event",
      "System": {
        "Provider": {
          "@Name": "Microsoft-Windows-Sysmon",
          "@Guid": "{5770385f-c22a-43e0-bf4c-06f5698ffbd9}"
        },
        "EventID": "11",
        "Version": "2",
        "Level": "4",
        "Task": "11",
        "Opcode": "0",
        "Keywords": "0x8000000000000000",
        "TimeCreated": {
          "@SystemTime": "2025-11-18T21:11:29.4742025Z"
        },
        "EventRecordID": "1669",
        "Correlation": null,
        "Execution": {
          "@ProcessID": "6316",
          "@ThreadID": "1704"
        },
        "Channel": "Microsoft-Windows-Sysmon/Operational",
        "Computer": "DESKTOP-LG3F6GA",
        "Security": {
          "@UserID": "S-1-5-18"
        }
      },
      "EventData": {
        "Data": [
          {
            "@Name": "RuleName",
            "#text": "-"
          },
          {
            "@Name": "UtcTime",
            "#text": "2025-11-18 21:11:29.464"
          },
          {
            "@Name": "ProcessGuid",
            "#text": "{26d9e374-e0ee-691c-6602-000000006000}"
          },
          {
            "@Name": "ProcessId",
            "#text": "5920"
          },
          {
            "@Name": "Image",
            "#text": "C:\\WINDOWS\\system32\\taskhostw.exe"
          },
          {
            "@Name": "TargetFilename",
            "#text": "C:\\Windows\\System32\\config\\systemprofile\\AppData\\Local\\Microsoft\\CLR_v4.0\\UsageLogs\\taskhostw.exe.log"
          },
          {
            "@Name": "CreationUtcTime",
            "#text": "2021-05-11 13:23:14.468"
          }
        ]
      }
    },
    {
      "@xmlns": "http://schemas.microsoft.com/win/2004/08/events/event",
      "System": {
        "Provider": {
          "@Name": "Microsoft-Windows-Sysmon",
          "@Guid": "{5770385f-c22a-43e0-bf4c-06f5698ffbd9}"
        },
        "EventID": "5",
        "Version": "3",
        "Level": "4",
        "Task": "5",
        "Opcode": "0",
        "Keywords": "0x8000000000000000",
        "TimeCreated": {
          "@SystemTime": "2025-11-18T21:11:29.4559452Z"
        },
        "EventRecordID": "1668",
        "Correlation": null,
        "Execution": {
          "@ProcessID": "6316",
          "@ThreadID": "1704"
        },
        "Channel": "Microsoft-Windows-Sysmon/Operational",
        "Computer": "DESKTOP-LG3F6GA",
        "Security": {
          "@UserID": "S-1-5-18"
        }
      },
      "EventData": {
        "Data": [
          {
            "@Name": "RuleName",
            "#text": "-"
          },
          {
            "@Name": "UtcTime",
            "#text": "2025-11-18 21:11:29.448"
          },
          {
            "@Name": "ProcessGuid",
            "#text": "{26d9e374-e0f3-691c-8402-000000006000}"
          },
          {
            "@Name": "ProcessId",
            "#text": "6180"
          },
          {
            "@Name": "Image",
            "#text": "C:\\Windows\\Microsoft.NET\\Framework\\v4.0.30319\\ngentask.exe"
          }
        ]
      }
    },
    {
      "@xmlns": "http://schemas.microsoft.com/win/2004/08/events/event",
      "System": {
        "Provider": {
          "@Name": "Microsoft-Windows-Sysmon",
          "@Guid": "{5770385f-c22a-43e0-bf4c-06f5698ffbd9}"
        },
        "EventID": "11",
        "Version": "2",
        "Level": "4",
        "Task": "11",
        "Opcode": "0",
        "Keywords": "0x8000000000000000",
        "TimeCreated": {
          "@SystemTime": "2025-11-18T21:11:29.4497279Z"
        },
        "EventRecordID": "1667",
        "Correlation": null,
        "Execution": {
          "@ProcessID": "6316",
          "@ThreadID": "1704"
        },
        "Channel": "Microsoft-Windows-Sysmon/Operational",
        "Computer": "DESKTOP-LG3F6GA",
        "Security": {
          "@UserID": "S-1-5-18"
        }
      },
      "EventData": {
        "Data": [
          {
            "@Name": "RuleName",
            "#text": "-"
          },
          {
            "@Name": "UtcTime",
            "#text": "2025-11-18 21:11:29.448"
          },
          {
            "@Name": "ProcessGuid",
            "#text": "{26d9e374-e0f3-691c-8402-000000006000}"
          },
          {
            "@Name": "ProcessId",
            "#text": "6180"
          },
          {
            "@Name": "Image",
            "#text": "C:\\Windows\\Microsoft.NET\\Framework\\v4.0.30319\\NGenTask.exe"
          },
          {
            "@Name": "TargetFilename",
            "#text": "C:\\Windows\\SysWOW64\\config\\systemprofile\\AppData\\Local\\Microsoft\\CLR_v4.0_32\\UsageLogs\\NGenTask.exe.log"
          },
          {
            "@Name": "CreationUtcTime",
            "#text": "2021-05-11 13:23:14.302"
          }
        ]
      }
    },
    {
      "@xmlns": "http://schemas.microsoft.com/win/2004/08/events/event",
      "System": {
        "Provider": {
          "@Name": "Microsoft-Windows-Sysmon",
          "@Guid": "{5770385f-c22a-43e0-bf4c-06f5698ffbd9}"
        },
        "EventID": "5",
        "Version": "3",
        "Level": "4",
        "Task": "5",
        "Opcode": "0",
        "Keywords": "0x8000000000000000",
        "TimeCreated": {
          "@SystemTime": "2025-11-18T21:11:29.4486116Z"
        },
        "EventRecordID": "1666",
        "Correlation": null,
        "Execution": {
          "@ProcessID": "6316",
          "@ThreadID": "1704"
        },
        "Channel": "Microsoft-Windows-Sysmon/Operational",
        "Computer": "DESKTOP-LG3F6GA",
        "Security": {
          "@UserID": "S-1-5-18"
        }
      },
      "EventData": {
        "Data": [
          {
            "@Name": "RuleName",
            "#text": "-"
          },
          {
            "@Name": "UtcTime",
            "#text": "2025-11-18 21:11:29.433"
          },
          {
            "@Name": "ProcessGuid",
            "#text": "{26d9e374-e101-691c-6603-000000006000}"
          },
          {
            "@Name": "ProcessId",
            "#text": "1068"
          },
          {
            "@Name": "Image",
            "#text": "C:\\Windows\\Microsoft.NET\\Framework\\v4.0.30319\\mscorsvw.exe"
          }
        ]
      }
    },
    {
      "@xmlns": "http://schemas.microsoft.com/win/2004/08/events/event",
      "System": {
        "Provider": {
          "@Name": "Microsoft-Windows-Sysmon",
          "@Guid": "{5770385f-c22a-43e0-bf4c-06f5698ffbd9}"
        },
        "EventID": "5",
        "Version": "3",
        "Level": "4",
        "Task": "5",
        "Opcode": "0",
        "Keywords": "0x8000000000000000",
        "TimeCreated": {
          "@SystemTime": "2025-11-18T21:11:29.4447264Z"
        },
        "EventRecordID": "1665",
        "Correlation": null,
        "Execution": {
          "@ProcessID": "6316",
          "@ThreadID": "1704"
        },
        "Channel": "Microsoft-Windows-Sysmon/Operational",
        "Computer": "DESKTOP-LG3F6GA",
        "Security": {
          "@UserID": "S-1-5-18"
        }
      },
      "EventData": {
        "Data": [
          {
            "@Name": "RuleName",
            "#text": "-"
          },
          {
            "@Name": "UtcTime",
            "#text": "2025-11-18 21:11:29.433"
          },
          {
            "@Name": "ProcessGuid",
            "#text": "{26d9e374-e101-691c-6503-000000006000}"
          },
          {
            "@Name": "ProcessId",
            "#text": "7768"
          },
          {
            "@Name": "Image",
            "#text": "C:\\Windows\\Microsoft.NET\\Framework\\v4.0.30319\\ngen.exe"
          }
        ]
      }
    },
    {
      "@xmlns": "http://schemas.microsoft.com/win/2004/08/events/event",
      "System": {
        "Provider": {
          "@Name": "Microsoft-Windows-Sysmon",
          "@Guid": "{5770385f-c22a-43e0-bf4c-06f5698ffbd9}"
        },
        "EventID": "9",
        "Version": "2",
        "Level": "4",
        "Task": "9",
        "Opcode": "0",
        "Keywords": "0x8000000000000000",
        "TimeCreated": {
          "@SystemTime": "2025-11-18T21:11:29.3501756Z"
        },
        "EventRecordID": "1664",
        "Correlation": null,
        "Execution": {
          "@ProcessID": "6316",
          "@ThreadID": "1704"
        },
        "Channel": "Microsoft-Windows-Sysmon/Operational",
        "Computer": "DESKTOP-LG3F6GA",
        "Security": {
          "@UserID": "S-1-5-18"
        }
      },
      "EventData": {
        "Data": [
          {
            "@Name": "RuleName",
            "#text": "-"
          },
          {
            "@Name": "UtcTime",
            "#text": "2025-11-18 21:11:29.339"
          },
          {
            "@Name": "ProcessGuid",
            "#text": "{26d9e374-3735-68ca-eb03-000000000000}"
          },
          {
            "@Name": "ProcessId",
            "#text": "4"
          },
          {
            "@Name": "Image",
            "#text": "System"
          },
          {
            "@Name": "Device",
            "#text": "\\Device\\HarddiskVolume1"
          }
        ]
      }
    },
    {
      "@xmlns": "http://schemas.microsoft.com/win/2004/08/events/event",
      "System": {
        "Provider": {
          "@Name": "Microsoft-Windows-Sysmon",
          "@Guid": "{5770385f-c22a-43e0-bf4c-06f5698ffbd9}"
        },
        "EventID": "18",
        "Version": "1",
        "Level": "4",
        "Task": "18",
        "Opcode": "0",
        "Keywords": "0x8000000000000000",
        "TimeCreated": {
          "@SystemTime": "2025-11-18T21:11:29.3206053Z"
        },
        "EventRecordID": "1663",
        "Correlation": null,
        "Execution": {
          "@ProcessID": "6316",
          "@ThreadID": "1704"
        },
        "Channel": "Microsoft-Windows-Sysmon/Operational",
        "Computer": "DESKTOP-LG3F6GA",
        "Security": {
          "@UserID": "S-1-5-18"
        }
      },
      "EventData": {
        "Data": [
          {
            "@Name": "RuleName",
            "#text": "-"
          },
          {
            "@Name": "EventType",
            "#text": "ConnectPipe"
          },
          {
            "@Name": "UtcTime",
            "#text": "2025-11-18 21:11:29.308"
          },
          {
            "@Name": "ProcessGuid",
            "#text": "{26d9e374-e101-691c-6503-000000006000}"
          },
          {
            "@Name": "ProcessId",
            "#text": "7768"
          },
          {
            "@Name": "PipeName",
            "#text": "<Anonymous Pipe>"
          },
          {
            "@Name": "Image",
            "#text": "C:\\Windows\\Microsoft.NET\\Framework\\v4.0.30319\\ngen.exe"
          }
        ]
      }
    },
    {
      "@xmlns": "http://schemas.microsoft.com/win/2004/08/events/event",
      "System": {
        "Provider": {
          "@Name": "Microsoft-Windows-Sysmon",
          "@Guid": "{5770385f-c22a-43e0-bf4c-06f5698ffbd9}"
        },
        "EventID": "17",
        "Version": "1",
        "Level": "4",
        "Task": "17",
        "Opcode": "0",
        "Keywords": "0x8000000000000000",
        "TimeCreated": {
          "@SystemTime": "2025-11-18T21:11:29.3205516Z"
        },
        "EventRecordID": "1662",
        "Correlation": null,
        "Execution": {
          "@ProcessID": "6316",
          "@ThreadID": "1704"
        },
        "Channel": "Microsoft-Windows-Sysmon/Operational",
        "Computer": "DESKTOP-LG3F6GA",
        "Security": {
          "@UserID": "S-1-5-18"
        }
      },
      "EventData": {
        "Data": [
          {
            "@Name": "RuleName",
            "#text": "-"
          },
          {
            "@Name": "EventType",
            "#text": "CreatePipe"
          },
          {
            "@Name": "UtcTime",
            "#text": "2025-11-18 21:11:29.308"
          },
          {
            "@Name": "ProcessGuid",
            "#text": "{26d9e374-e101-691c-6503-000000006000}"
          },
          {
            "@Name": "ProcessId",
            "#text": "7768"
          },
          {
            "@Name": "PipeName",
            "#text": "<Anonymous Pipe>"
          },
          {
            "@Name": "Image",
            "#text": "C:\\Windows\\Microsoft.NET\\Framework\\v4.0.30319\\ngen.exe"
          }
        ]
      }
    },
    {
      "@xmlns": "http://schemas.microsoft.com/win/2004/08/events/event",
      "System": {
        "Provider": {
          "@Name": "Microsoft-Windows-Sysmon",
          "@Guid": "{5770385f-c22a-43e0-bf4c-06f5698ffbd9}"
        },
        "EventID": "11",
        "Version": "2",
        "Level": "4",
        "Task": "11",
        "Opcode": "0",
        "Keywords": "0x8000000000000000",
        "TimeCreated": {
          "@SystemTime": "2025-11-18T21:11:29.3202923Z"
        },
        "EventRecordID": "1661",
        "Correlation": null,
        "Execution": {
          "@ProcessID": "6316",
          "@ThreadID": "1704"
        },
        "Channel": "Microsoft-Windows-Sysmon/Operational",
        "Computer": "DESKTOP-LG3F6GA",
        "Security": {
          "@UserID": "S-1-5-18"
        }
      },
      "EventData": {
        "Data": [
          {
            "@Name": "RuleName",
            "#text": "-"
          },
          {
            "@Name": "UtcTime",
            "#text": "2025-11-18 21:11:29.308"
          },
          {
            "@Name": "ProcessGuid",
            "#text": "{26d9e374-e101-691c-6503-000000006000}"
          },
          {
            "@Name": "ProcessId",
            "#text": "7768"
          },
          {
            "@Name": "Image",
            "#text": "C:\\Windows\\Microsoft.NET\\Framework\\v4.0.30319\\ngen.exe"
          },
          {
            "@Name": "TargetFilename",
            "#text": "C:\\Windows\\Microsoft.NET\\ngennicupdatelock.dat"
          },
          {
            "@Name": "CreationUtcTime",
            "#text": "2025-11-18 21:11:16.902"
          }
        ]
      }
    },
    {
      "@xmlns": "http://schemas.microsoft.com/win/2004/08/events/event",
      "System": {
        "Provider": {
          "@Name": "Microsoft-Windows-Sysmon",
          "@Guid": "{5770385f-c22a-43e0-bf4c-06f5698ffbd9}"
        },
        "EventID": "11",
        "Version": "2",
        "Level": "4",
        "Task": "11",
        "Opcode": "0",
        "Keywords": "0x8000000000000000",
        "TimeCreated": {
          "@SystemTime": "2025-11-18T21:11:29.2785265Z"
        },
        "EventRecordID": "1660",
        "Correlation": null,
        "Execution": {
          "@ProcessID": "6316",
          "@ThreadID": "1704"
        },
        "Channel": "Microsoft-Windows-Sysmon/Operational",
        "Computer": "DESKTOP-LG3F6GA",
        "Security": {
          "@UserID": "S-1-5-18"
        }
      },
      "EventData": {
        "Data": [
          {
            "@Name": "RuleName",
            "#text": "-"
          },
          {
            "@Name": "UtcTime",
            "#text": "2025-11-18 21:11:29.277"
          },
          {
            "@Name": "ProcessGuid",
            "#text": "{26d9e374-e101-691c-6503-000000006000}"
          },
          {
            "@Name": "ProcessId",
            "#text": "7768"
          },
          {
            "@Name": "Image",
            "#text": "C:\\Windows\\Microsoft.NET\\Framework\\v4.0.30319\\ngen.exe"
          },
          {
            "@Name": "TargetFilename",
            "#text": "C:\\Windows\\Microsoft.NET\\Framework\\v4.0.30319\\ngenrootstorelock.dat"
          },
          {
            "@Name": "CreationUtcTime",
            "#text": "2025-11-18 21:11:17.073"
          }
        ]
      }
    },
    {
      "@xmlns": "http://schemas.microsoft.com/win/2004/08/events/event",
      "System": {
        "Provider": {
          "@Name": "Microsoft-Windows-Sysmon",
          "@Guid": "{5770385f-c22a-43e0-bf4c-06f5698ffbd9}"
        },
        "EventID": "5",
        "Version": "3",
        "Level": "4",
        "Task": "5",
        "Opcode": "0",
        "Keywords": "0x8000000000000000",
        "TimeCreated": {
          "@SystemTime": "2025-11-18T21:11:29.2226022Z"
        },
        "EventRecordID": "1659",
        "Correlation": null,
        "Execution": {
          "@ProcessID": "6316",
          "@ThreadID": "1704"
        },
        "Channel": "Microsoft-Windows-Sysmon/Operational",
        "Computer": "DESKTOP-LG3F6GA",
        "Security": {
          "@UserID": "S-1-5-18"
        }
      },
      "EventData": {
        "Data": [
          {
            "@Name": "RuleName",
            "#text": "-"
          },
          {
            "@Name": "UtcTime",
            "#text": "2025-11-18 21:11:29.214"
          },
          {
            "@Name": "ProcessGuid",
            "#text": "{26d9e374-e101-691c-6403-000000006000}"
          },
          {
            "@Name": "ProcessId",
            "#text": "7656"
          },
          {
            "@Name": "Image",
            "#text": "C:\\Windows\\Microsoft.NET\\Framework\\v4.0.30319\\mscorsvw.exe"
          }
        ]
      }
    },
    {
      "@xmlns": "http://schemas.microsoft.com/win/2004/08/events/event",
      "System": {
        "Provider": {
          "@Name": "Microsoft-Windows-Sysmon",
          "@Guid": "{5770385f-c22a-43e0-bf4c-06f5698ffbd9}"
        },
        "EventID": "5",
        "Version": "3",
        "Level": "4",
        "Task": "5",
        "Opcode": "0",
        "Keywords": "0x8000000000000000",
        "TimeCreated": {
          "@SystemTime": "2025-11-18T21:11:29.2218667Z"
        },
        "EventRecordID": "1658",
        "Correlation": null,
        "Execution": {
          "@ProcessID": "6316",
          "@ThreadID": "1704"
        },
        "Channel": "Microsoft-Windows-Sysmon/Operational",
        "Computer": "DESKTOP-LG3F6GA",
        "Security": {
          "@UserID": "S-1-5-18"
        }
      },
      "EventData": {
        "Data": [
          {
            "@Name": "RuleName",
            "#text": "-"
          },
          {
            "@Name": "UtcTime",
            "#text": "2025-11-18 21:11:29.214"
          },
          {
            "@Name": "ProcessGuid",
            "#text": "{26d9e374-e101-691c-6303-000000006000}"
          },
          {
            "@Name": "ProcessId",
            "#text": "6520"
          },
          {
            "@Name": "Image",
            "#text": "C:\\Windows\\Microsoft.NET\\Framework\\v4.0.30319\\ngen.exe"
          }
        ]
      }
    },
    {
      "@xmlns": "http://schemas.microsoft.com/win/2004/08/events/event",
      "System": {
        "Provider": {
          "@Name": "Microsoft-Windows-Sysmon",
          "@Guid": "{5770385f-c22a-43e0-bf4c-06f5698ffbd9}"
        },
        "EventID": "11",
        "Version": "2",
        "Level": "4",
        "Task": "11",
        "Opcode": "0",
        "Keywords": "0x8000000000000000",
        "TimeCreated": {
          "@SystemTime": "2025-11-18T21:11:29.2138176Z"
        },
        "EventRecordID": "1657",
        "Correlation": null,
        "Execution": {
          "@ProcessID": "6316",
          "@ThreadID": "1704"
        },
        "Channel": "Microsoft-Windows-Sysmon/Operational",
        "Computer": "DESKTOP-LG3F6GA",
        "Security": {
          "@UserID": "S-1-5-18"
        }
      },
      "EventData": {
        "Data": [
          {
            "@Name": "RuleName",
            "#text": "-"
          },
          {
            "@Name": "UtcTime",
            "#text": "2025-11-18 21:11:29.198"
          },
          {
            "@Name": "ProcessGuid",
            "#text": "{26d9e374-e101-691c-6403-000000006000}"
          },
          {
            "@Name": "ProcessId",
            "#text": "7656"
          },
          {
            "@Name": "Image",
            "#text": "C:\\Windows\\Microsoft.NET\\Framework\\v4.0.30319\\mscorsvw.exe"
          },
          {
            "@Name": "TargetFilename",
            "#text": "C:\\Windows\\assembly\\NativeImages_v4.0.30319_32\\ngenlock.dat"
          },
          {
            "@Name": "CreationUtcTime",
            "#text": "2025-11-18 21:11:22.464"
          }
        ]
      }
    },
    {
      "@xmlns": "http://schemas.microsoft.com/win/2004/08/events/event",
      "System": {
        "Provider": {
          "@Name": "Microsoft-Windows-Sysmon",
          "@Guid": "{5770385f-c22a-43e0-bf4c-06f5698ffbd9}"
        },
        "EventID": "9",
        "Version": "2",
        "Level": "4",
        "Task": "9",
        "Opcode": "0",
        "Keywords": "0x8000000000000000",
        "TimeCreated": {
          "@SystemTime": "2025-11-18T21:11:29.0952514Z"
        },
        "EventRecordID": "1656",
        "Correlation": null,
        "Execution": {
          "@ProcessID": "6316",
          "@ThreadID": "1704"
        },
        "Channel": "Microsoft-Windows-Sysmon/Operational",
        "Computer": "DESKTOP-LG3F6GA",
        "Security": {
          "@UserID": "S-1-5-18"
        }
      },
      "EventData": {
        "Data": [
          {
            "@Name": "RuleName",
            "#text": "-"
          },
          {
            "@Name": "UtcTime",
            "#text": "2025-11-18 21:11:29.089"
          },
          {
            "@Name": "ProcessGuid",
            "#text": "{26d9e374-3735-68ca-eb03-000000000000}"
          },
          {
            "@Name": "ProcessId",
            "#text": "4"
          },
          {
            "@Name": "Image",
            "#text": "System"
          },
          {
            "@Name": "Device",
            "#text": "\\Device\\HarddiskVolume1"
          }
        ]
      }
    },
    {
      "@xmlns": "http://schemas.microsoft.com/win/2004/08/events/event",
      "System": {
        "Provider": {
          "@Name": "Microsoft-Windows-Sysmon",
          "@Guid": "{5770385f-c22a-43e0-bf4c-06f5698ffbd9}"
        },
        "EventID": "18",
        "Version": "1",
        "Level": "4",
        "Task": "18",
        "Opcode": "0",
        "Keywords": "0x8000000000000000",
        "TimeCreated": {
          "@SystemTime": "2025-11-18T21:11:29.0904392Z"
        },
        "EventRecordID": "1655",
        "Correlation": null,
        "Execution": {
          "@ProcessID": "6316",
          "@ThreadID": "1704"
        },
        "Channel": "Microsoft-Windows-Sysmon/Operational",
        "Computer": "DESKTOP-LG3F6GA",
        "Security": {
          "@UserID": "S-1-5-18"
        }
      },
      "EventData": {
        "Data": [
          {
            "@Name": "RuleName",
            "#text": "-"
          },
          {
            "@Name": "EventType",
            "#text": "ConnectPipe"
          },
          {
            "@Name": "UtcTime",
            "#text": "2025-11-18 21:11:29.089"
          },
          {
            "@Name": "ProcessGuid",
            "#text": "{26d9e374-e101-691c-6303-000000006000}"
          },
          {
            "@Name": "ProcessId",
            "#text": "6520"
          },
          {
            "@Name": "PipeName",
            "#text": "<Anonymous Pipe>"
          },
          {
            "@Name": "Image",
            "#text": "C:\\Windows\\Microsoft.NET\\Framework\\v4.0.30319\\ngen.exe"
          }
        ]
      }
    },
    {
      "@xmlns": "http://schemas.microsoft.com/win/2004/08/events/event",
      "System": {
        "Provider": {
          "@Name": "Microsoft-Windows-Sysmon",
          "@Guid": "{5770385f-c22a-43e0-bf4c-06f5698ffbd9}"
        },
        "EventID": "17",
        "Version": "1",
        "Level": "4",
        "Task": "17",
        "Opcode": "0",
        "Keywords": "0x8000000000000000",
        "TimeCreated": {
          "@SystemTime": "2025-11-18T21:11:29.0904236Z"
        },
        "EventRecordID": "1654",
        "Correlation": null,
        "Execution": {
          "@ProcessID": "6316",
          "@ThreadID": "1704"
        },
        "Channel": "Microsoft-Windows-Sysmon/Operational",
        "Computer": "DESKTOP-LG3F6GA",
        "Security": {
          "@UserID": "S-1-5-18"
        }
      },
      "EventData": {
        "Data": [
          {
            "@Name": "RuleName",
            "#text": "-"
          },
          {
            "@Name": "EventType",
            "#text": "CreatePipe"
          },
          {
            "@Name": "UtcTime",
            "#text": "2025-11-18 21:11:29.089"
          },
          {
            "@Name": "ProcessGuid",
            "#text": "{26d9e374-e101-691c-6303-000000006000}"
          },
          {
            "@Name": "ProcessId",
            "#text": "6520"
          },
          {
            "@Name": "PipeName",
            "#text": "<Anonymous Pipe>"
          },
          {
            "@Name": "Image",
            "#text": "C:\\Windows\\Microsoft.NET\\Framework\\v4.0.30319\\ngen.exe"
          }
        ]
      }
    },
    {
      "@xmlns": "http://schemas.microsoft.com/win/2004/08/events/event",
      "System": {
        "Provider": {
          "@Name": "Microsoft-Windows-Sysmon",
          "@Guid": "{5770385f-c22a-43e0-bf4c-06f5698ffbd9}"
        },
        "EventID": "11",
        "Version": "2",
        "Level": "4",
        "Task": "11",
        "Opcode": "0",
        "Keywords": "0x8000000000000000",
        "TimeCreated": {
          "@SystemTime": "2025-11-18T21:11:29.0903454Z"
        },
        "EventRecordID": "1653",
        "Correlation": null,
        "Execution": {
          "@ProcessID": "6316",
          "@ThreadID": "1704"
        },
        "Channel": "Microsoft-Windows-Sysmon/Operational",
        "Computer": "DESKTOP-LG3F6GA",
        "Security": {
          "@UserID": "S-1-5-18"
        }
      },
      "EventData": {
        "Data": [
          {
            "@Name": "RuleName",
            "#text": "-"
          },
          {
            "@Name": "UtcTime",
            "#text": "2025-11-18 21:11:29.089"
          },
          {
            "@Name": "ProcessGuid",
            "#text": "{26d9e374-e101-691c-6303-000000006000}"
          },
          {
            "@Name": "ProcessId",
            "#text": "6520"
          },
          {
            "@Name": "Image",
            "#text": "C:\\Windows\\Microsoft.NET\\Framework\\v4.0.30319\\ngen.exe"
          },
          {
            "@Name": "TargetFilename",
            "#text": "C:\\Windows\\Microsoft.NET\\ngennicupdatelock.dat"
          },
          {
            "@Name": "CreationUtcTime",
            "#text": "2025-11-18 21:11:16.902"
          }
        ]
      }
    },
    {
      "@xmlns": "http://schemas.microsoft.com/win/2004/08/events/event",
      "System": {
        "Provider": {
          "@Name": "Microsoft-Windows-Sysmon",
          "@Guid": "{5770385f-c22a-43e0-bf4c-06f5698ffbd9}"
        },
        "EventID": "11",
        "Version": "2",
        "Level": "4",
        "Task": "11",
        "Opcode": "0",
        "Keywords": "0x8000000000000000",
        "TimeCreated": {
          "@SystemTime": "2025-11-18T21:11:29.0709269Z"
        },
        "EventRecordID": "1652",
        "Correlation": null,
        "Execution": {
          "@ProcessID": "6316",
          "@ThreadID": "1704"
        },
        "Channel": "Microsoft-Windows-Sysmon/Operational",
        "Computer": "DESKTOP-LG3F6GA",
        "Security": {
          "@UserID": "S-1-5-18"
        }
      },
      "EventData": {
        "Data": [
          {
            "@Name": "RuleName",
            "#text": "-"
          },
          {
            "@Name": "UtcTime",
            "#text": "2025-11-18 21:11:29.058"
          },
          {
            "@Name": "ProcessGuid",
            "#text": "{26d9e374-e101-691c-6303-000000006000}"
          },
          {
            "@Name": "ProcessId",
            "#text": "6520"
          },
          {
            "@Name": "Image",
            "#text": "C:\\Windows\\Microsoft.NET\\Framework\\v4.0.30319\\ngen.exe"
          },
          {
            "@Name": "TargetFilename",
            "#text": "C:\\Windows\\Microsoft.NET\\Framework\\v4.0.30319\\ngenrootstorelock.dat"
          },
          {
            "@Name": "CreationUtcTime",
            "#text": "2025-11-18 21:11:17.073"
          }
        ]
      }
    },
    {
      "@xmlns": "http://schemas.microsoft.com/win/2004/08/events/event",
      "System": {
        "Provider": {
          "@Name": "Microsoft-Windows-Sysmon",
          "@Guid": "{5770385f-c22a-43e0-bf4c-06f5698ffbd9}"
        },
        "EventID": "5",
        "Version": "3",
        "Level": "4",
        "Task": "5",
        "Opcode": "0",
        "Keywords": "0x8000000000000000",
        "TimeCreated": {
          "@SystemTime": "2025-11-18T21:11:29.0231544Z"
        },
        "EventRecordID": "1651",
        "Correlation": null,
        "Execution": {
          "@ProcessID": "6316",
          "@ThreadID": "1704"
        },
        "Channel": "Microsoft-Windows-Sysmon/Operational",
        "Computer": "DESKTOP-LG3F6GA",
        "Security": {
          "@UserID": "S-1-5-18"
        }
      },
      "EventData": {
        "Data": [
          {
            "@Name": "RuleName",
            "#text": "-"
          },
          {
            "@Name": "UtcTime",
            "#text": "2025-11-18 21:11:29.011"
          },
          {
            "@Name": "ProcessGuid",
            "#text": "{26d9e374-e100-691c-6103-000000006000}"
          },
          {
            "@Name": "ProcessId",
            "#text": "7620"
          },
          {
            "@Name": "Image",
            "#text": "C:\\Windows\\Microsoft.NET\\Framework\\v4.0.30319\\ngen.exe"
          }
        ]
      }
    },
    {
      "@xmlns": "http://schemas.microsoft.com/win/2004/08/events/event",
      "System": {
        "Provider": {
          "@Name": "Microsoft-Windows-Sysmon",
          "@Guid": "{5770385f-c22a-43e0-bf4c-06f5698ffbd9}"
        },
        "EventID": "5",
        "Version": "3",
        "Level": "4",
        "Task": "5",
        "Opcode": "0",
        "Keywords": "0x8000000000000000",
        "TimeCreated": {
          "@SystemTime": "2025-11-18T21:11:29.0225927Z"
        },
        "EventRecordID": "1650",
        "Correlation": null,
        "Execution": {
          "@ProcessID": "6316",
          "@ThreadID": "1704"
        },
        "Channel": "Microsoft-Windows-Sysmon/Operational",
        "Computer": "DESKTOP-LG3F6GA",
        "Security": {
          "@UserID": "S-1-5-18"
        }
      },
      "EventData": {
        "Data": [
          {
            "@Name": "RuleName",
            "#text": "-"
          },
          {
            "@Name": "UtcTime",
            "#text": "2025-11-18 21:11:29.011"
          },
          {
            "@Name": "ProcessGuid",
            "#text": "{26d9e374-e100-691c-6203-000000006000}"
          },
          {
            "@Name": "ProcessId",
            "#text": "7552"
          },
          {
            "@Name": "Image",
            "#text": "C:\\Windows\\Microsoft.NET\\Framework\\v4.0.30319\\mscorsvw.exe"
          }
        ]
      }
    },
    {
      "@xmlns": "http://schemas.microsoft.com/win/2004/08/events/event",
      "System": {
        "Provider": {
          "@Name": "Microsoft-Windows-Sysmon",
          "@Guid": "{5770385f-c22a-43e0-bf4c-06f5698ffbd9}"
        },
        "EventID": "11",
        "Version": "2",
        "Level": "4",
        "Task": "11",
        "Opcode": "0",
        "Keywords": "0x8000000000000000",
        "TimeCreated": {
          "@SystemTime": "2025-11-18T21:11:29.0038941Z"
        },
        "EventRecordID": "1649",
        "Correlation": null,
        "Execution": {
          "@ProcessID": "6316",
          "@ThreadID": "1704"
        },
        "Channel": "Microsoft-Windows-Sysmon/Operational",
        "Computer": "DESKTOP-LG3F6GA",
        "Security": {
          "@UserID": "S-1-5-18"
        }
      },
      "EventData": {
        "Data": [
          {
            "@Name": "RuleName",
            "#text": "-"
          },
          {
            "@Name": "UtcTime",
            "#text": "2025-11-18 21:11:28.995"
          },
          {
            "@Name": "ProcessGuid",
            "#text": "{26d9e374-e100-691c-6203-000000006000}"
          },
          {
            "@Name": "ProcessId",
            "#text": "7552"
          },
          {
            "@Name": "Image",
            "#text": "C:\\Windows\\Microsoft.NET\\Framework\\v4.0.30319\\mscorsvw.exe"
          },
          {
            "@Name": "TargetFilename",
            "#text": "C:\\Windows\\assembly\\NativeImages_v4.0.30319_32\\ngenlock.dat"
          },
          {
            "@Name": "CreationUtcTime",
            "#text": "2025-11-18 21:11:22.464"
          }
        ]
      }
    },
    {
      "@xmlns": "http://schemas.microsoft.com/win/2004/08/events/event",
      "System": {
        "Provider": {
          "@Name": "Microsoft-Windows-Sysmon",
          "@Guid": "{5770385f-c22a-43e0-bf4c-06f5698ffbd9}"
        },
        "EventID": "11",
        "Version": "2",
        "Level": "4",
        "Task": "11",
        "Opcode": "0",
        "Keywords": "0x8000000000000000",
        "TimeCreated": {
          "@SystemTime": "2025-11-18T21:11:28.8448778Z"
        },
        "EventRecordID": "1648",
        "Correlation": null,
        "Execution": {
          "@ProcessID": "6316",
          "@ThreadID": "1704"
        },
        "Channel": "Microsoft-Windows-Sysmon/Operational",
        "Computer": "DESKTOP-LG3F6GA",
        "Security": {
          "@UserID": "S-1-5-18"
        }
      },
      "EventData": {
        "Data": [
          {
            "@Name": "RuleName",
            "#text": "-"
          },
          {
            "@Name": "UtcTime",
            "#text": "2025-11-18 21:11:28.839"
          },
          {
            "@Name": "ProcessGuid",
            "#text": "{26d9e374-e0e1-691c-3402-000000006000}"
          },
          {
            "@Name": "ProcessId",
            "#text": "6388"
          },
          {
            "@Name": "Image",
            "#text": "C:\\WINDOWS\\system32\\sppsvc.exe"
          },
          {
            "@Name": "TargetFilename",
            "#text": "C:\\Windows\\System32\\spp\\store\\2.0\\cache\\cache.dat"
          },
          {
            "@Name": "CreationUtcTime",
            "#text": "2020-11-19 07:41:01.926"
          }
        ]
      }
    },
    {
      "@xmlns": "http://schemas.microsoft.com/win/2004/08/events/event",
      "System": {
        "Provider": {
          "@Name": "Microsoft-Windows-Sysmon",
          "@Guid": "{5770385f-c22a-43e0-bf4c-06f5698ffbd9}"
        },
        "EventID": "9",
        "Version": "2",
        "Level": "4",
        "Task": "9",
        "Opcode": "0",
        "Keywords": "0x8000000000000000",
        "TimeCreated": {
          "@SystemTime": "2025-11-18T21:11:28.8131061Z"
        },
        "EventRecordID": "1647",
        "Correlation": null,
        "Execution": {
          "@ProcessID": "6316",
          "@ThreadID": "1704"
        },
        "Channel": "Microsoft-Windows-Sysmon/Operational",
        "Computer": "DESKTOP-LG3F6GA",
        "Security": {
          "@UserID": "S-1-5-18"
        }
      },
      "EventData": {
        "Data": [
          {
            "@Name": "RuleName",
            "#text": "-"
          },
          {
            "@Name": "UtcTime",
            "#text": "2025-11-18 21:11:28.808"
          },
          {
            "@Name": "ProcessGuid",
            "#text": "{26d9e374-3735-68ca-eb03-000000000000}"
          },
          {
            "@Name": "ProcessId",
            "#text": "4"
          },
          {
            "@Name": "Image",
            "#text": "System"
          },
          {
            "@Name": "Device",
            "#text": "\\Device\\HarddiskVolume1"
          }
        ]
      }
    },
    {
      "@xmlns": "http://schemas.microsoft.com/win/2004/08/events/event",
      "System": {
        "Provider": {
          "@Name": "Microsoft-Windows-Sysmon",
          "@Guid": "{5770385f-c22a-43e0-bf4c-06f5698ffbd9}"
        },
        "EventID": "18",
        "Version": "1",
        "Level": "4",
        "Task": "18",
        "Opcode": "0",
        "Keywords": "0x8000000000000000",
        "TimeCreated": {
          "@SystemTime": "2025-11-18T21:11:28.8089870Z"
        },
        "EventRecordID": "1646",
        "Correlation": null,
        "Execution": {
          "@ProcessID": "6316",
          "@ThreadID": "1704"
        },
        "Channel": "Microsoft-Windows-Sysmon/Operational",
        "Computer": "DESKTOP-LG3F6GA",
        "Security": {
          "@UserID": "S-1-5-18"
        }
      },
      "EventData": {
        "Data": [
          {
            "@Name": "RuleName",
            "#text": "-"
          },
          {
            "@Name": "EventType",
            "#text": "ConnectPipe"
          },
          {
            "@Name": "UtcTime",
            "#text": "2025-11-18 21:11:28.808"
          },
          {
            "@Name": "ProcessGuid",
            "#text": "{26d9e374-e100-691c-6103-000000006000}"
          },
          {
            "@Name": "ProcessId",
            "#text": "7620"
          },
          {
            "@Name": "PipeName",
            "#text": "<Anonymous Pipe>"
          },
          {
            "@Name": "Image",
            "#text": "C:\\Windows\\Microsoft.NET\\Framework\\v4.0.30319\\ngen.exe"
          }
        ]
      }
    },
    {
      "@xmlns": "http://schemas.microsoft.com/win/2004/08/events/event",
      "System": {
        "Provider": {
          "@Name": "Microsoft-Windows-Sysmon",
          "@Guid": "{5770385f-c22a-43e0-bf4c-06f5698ffbd9}"
        },
        "EventID": "17",
        "Version": "1",
        "Level": "4",
        "Task": "17",
        "Opcode": "0",
        "Keywords": "0x8000000000000000",
        "TimeCreated": {
          "@SystemTime": "2025-11-18T21:11:28.8089544Z"
        },
        "EventRecordID": "1645",
        "Correlation": null,
        "Execution": {
          "@ProcessID": "6316",
          "@ThreadID": "1704"
        },
        "Channel": "Microsoft-Windows-Sysmon/Operational",
        "Computer": "DESKTOP-LG3F6GA",
        "Security": {
          "@UserID": "S-1-5-18"
        }
      },
      "EventData": {
        "Data": [
          {
            "@Name": "RuleName",
            "#text": "-"
          },
          {
            "@Name": "EventType",
            "#text": "CreatePipe"
          },
          {
            "@Name": "UtcTime",
            "#text": "2025-11-18 21:11:28.808"
          },
          {
            "@Name": "ProcessGuid",
            "#text": "{26d9e374-e100-691c-6103-000000006000}"
          },
          {
            "@Name": "ProcessId",
            "#text": "7620"
          },
          {
            "@Name": "PipeName",
            "#text": "<Anonymous Pipe>"
          },
          {
            "@Name": "Image",
            "#text": "C:\\Windows\\Microsoft.NET\\Framework\\v4.0.30319\\ngen.exe"
          }
        ]
      }
    },
    {
      "@xmlns": "http://schemas.microsoft.com/win/2004/08/events/event",
      "System": {
        "Provider": {
          "@Name": "Microsoft-Windows-Sysmon",
          "@Guid": "{5770385f-c22a-43e0-bf4c-06f5698ffbd9}"
        },
        "EventID": "11",
        "Version": "2",
        "Level": "4",
        "Task": "11",
        "Opcode": "0",
        "Keywords": "0x8000000000000000",
        "TimeCreated": {
          "@SystemTime": "2025-11-18T21:11:28.8089324Z"
        },
        "EventRecordID": "1644",
        "Correlation": null,
        "Execution": {
          "@ProcessID": "6316",
          "@ThreadID": "1704"
        },
        "Channel": "Microsoft-Windows-Sysmon/Operational",
        "Computer": "DESKTOP-LG3F6GA",
        "Security": {
          "@UserID": "S-1-5-18"
        }
      },
      "EventData": {
        "Data": [
          {
            "@Name": "RuleName",
            "#text": "-"
          },
          {
            "@Name": "UtcTime",
            "#text": "2025-11-18 21:11:28.808"
          },
          {
            "@Name": "ProcessGuid",
            "#text": "{26d9e374-e100-691c-6103-000000006000}"
          },
          {
            "@Name": "ProcessId",
            "#text": "7620"
          },
          {
            "@Name": "Image",
            "#text": "C:\\Windows\\Microsoft.NET\\Framework\\v4.0.30319\\ngen.exe"
          },
          {
            "@Name": "TargetFilename",
            "#text": "C:\\Windows\\Microsoft.NET\\ngennicupdatelock.dat"
          },
          {
            "@Name": "CreationUtcTime",
            "#text": "2025-11-18 21:11:16.902"
          }
        ]
      }
    },
    {
      "@xmlns": "http://schemas.microsoft.com/win/2004/08/events/event",
      "System": {
        "Provider": {
          "@Name": "Microsoft-Windows-Sysmon",
          "@Guid": "{5770385f-c22a-43e0-bf4c-06f5698ffbd9}"
        },
        "EventID": "11",
        "Version": "2",
        "Level": "4",
        "Task": "11",
        "Opcode": "0",
        "Keywords": "0x8000000000000000",
        "TimeCreated": {
          "@SystemTime": "2025-11-18T21:11:28.7922423Z"
        },
        "EventRecordID": "1643",
        "Correlation": null,
        "Execution": {
          "@ProcessID": "6316",
          "@ThreadID": "1704"
        },
        "Channel": "Microsoft-Windows-Sysmon/Operational",
        "Computer": "DESKTOP-LG3F6GA",
        "Security": {
          "@UserID": "S-1-5-18"
        }
      },
      "EventData": {
        "Data": [
          {
            "@Name": "RuleName",
            "#text": "-"
          },
          {
            "@Name": "UtcTime",
            "#text": "2025-11-18 21:11:28.777"
          },
          {
            "@Name": "ProcessGuid",
            "#text": "{26d9e374-e100-691c-6103-000000006000}"
          },
          {
            "@Name": "ProcessId",
            "#text": "7620"
          },
          {
            "@Name": "Image",
            "#text": "C:\\Windows\\Microsoft.NET\\Framework\\v4.0.30319\\ngen.exe"
          },
          {
            "@Name": "TargetFilename",
            "#text": "C:\\Windows\\Microsoft.NET\\Framework\\v4.0.30319\\ngenrootstorelock.dat"
          },
          {
            "@Name": "CreationUtcTime",
            "#text": "2025-11-18 21:11:17.073"
          }
        ]
      }
    },
    {
      "@xmlns": "http://schemas.microsoft.com/win/2004/08/events/event",
      "System": {
        "Provider": {
          "@Name": "Microsoft-Windows-Sysmon",
          "@Guid": "{5770385f-c22a-43e0-bf4c-06f5698ffbd9}"
        },
        "EventID": "5",
        "Version": "3",
        "Level": "4",
        "Task": "5",
        "Opcode": "0",
        "Keywords": "0x8000000000000000",
        "TimeCreated": {
          "@SystemTime": "2025-11-18T21:11:28.7462415Z"
        },
        "EventRecordID": "1642",
        "Correlation": null,
        "Execution": {
          "@ProcessID": "6316",
          "@ThreadID": "1704"
        },
        "Channel": "Microsoft-Windows-Sysmon/Operational",
        "Computer": "DESKTOP-LG3F6GA",
        "Security": {
          "@UserID": "S-1-5-18"
        }
      },
      "EventData": {
        "Data": [
          {
            "@Name": "RuleName",
            "#text": "-"
          },
          {
            "@Name": "UtcTime",
            "#text": "2025-11-18 21:11:28.745"
          },
          {
            "@Name": "ProcessGuid",
            "#text": "{26d9e374-e100-691c-6003-000000006000}"
          },
          {
            "@Name": "ProcessId",
            "#text": "7452"
          },
          {
            "@Name": "Image",
            "#text": "C:\\Windows\\Microsoft.NET\\Framework\\v4.0.30319\\ngen.exe"
          }
        ]
      }
    },
    {
      "@xmlns": "http://schemas.microsoft.com/win/2004/08/events/event",
      "System": {
        "Provider": {
          "@Name": "Microsoft-Windows-Sysmon",
          "@Guid": "{5770385f-c22a-43e0-bf4c-06f5698ffbd9}"
        },
        "EventID": "11",
        "Version": "2",
        "Level": "4",
        "Task": "11",
        "Opcode": "0",
        "Keywords": "0x8000000000000000",
        "TimeCreated": {
          "@SystemTime": "2025-11-18T21:11:28.7436365Z"
        },
        "EventRecordID": "1641",
        "Correlation": null,
        "Execution": {
          "@ProcessID": "6316",
          "@ThreadID": "1704"
        },
        "Channel": "Microsoft-Windows-Sysmon/Operational",
        "Computer": "DESKTOP-LG3F6GA",
        "Security": {
          "@UserID": "S-1-5-18"
        }
      },
      "EventData": {
        "Data": [
          {
            "@Name": "RuleName",
            "#text": "-"
          },
          {
            "@Name": "UtcTime",
            "#text": "2025-11-18 21:11:28.730"
          },
          {
            "@Name": "ProcessGuid",
            "#text": "{26d9e374-e100-691c-6003-000000006000}"
          },
          {
            "@Name": "ProcessId",
            "#text": "7452"
          },
          {
            "@Name": "Image",
            "#text": "C:\\Windows\\Microsoft.NET\\Framework\\v4.0.30319\\ngen.exe"
          },
          {
            "@Name": "TargetFilename",
            "#text": "C:\\Windows\\Microsoft.NET\\ngennicupdatelock.dat"
          },
          {
            "@Name": "CreationUtcTime",
            "#text": "2025-11-18 21:11:16.902"
          }
        ]
      }
    },
    {
      "@xmlns": "http://schemas.microsoft.com/win/2004/08/events/event",
      "System": {
        "Provider": {
          "@Name": "Microsoft-Windows-Sysmon",
          "@Guid": "{5770385f-c22a-43e0-bf4c-06f5698ffbd9}"
        },
        "EventID": "11",
        "Version": "2",
        "Level": "4",
        "Task": "11",
        "Opcode": "0",
        "Keywords": "0x8000000000000000",
        "TimeCreated": {
          "@SystemTime": "2025-11-18T21:11:28.7330799Z"
        },
        "EventRecordID": "1640",
        "Correlation": null,
        "Execution": {
          "@ProcessID": "6316",
          "@ThreadID": "1704"
        },
        "Channel": "Microsoft-Windows-Sysmon/Operational",
        "Computer": "DESKTOP-LG3F6GA",
        "Security": {
          "@UserID": "S-1-5-18"
        }
      },
      "EventData": {
        "Data": [
          {
            "@Name": "RuleName",
            "#text": "-"
          },
          {
            "@Name": "UtcTime",
            "#text": "2025-11-18 21:11:28.730"
          },
          {
            "@Name": "ProcessGuid",
            "#text": "{26d9e374-e100-691c-6003-000000006000}"
          },
          {
            "@Name": "ProcessId",
            "#text": "7452"
          },
          {
            "@Name": "Image",
            "#text": "C:\\Windows\\Microsoft.NET\\Framework\\v4.0.30319\\ngen.exe"
          },
          {
            "@Name": "TargetFilename",
            "#text": "C:\\Windows\\Microsoft.NET\\Framework\\v4.0.30319\\ngenrootstorelock.dat"
          },
          {
            "@Name": "CreationUtcTime",
            "#text": "2025-11-18 21:11:17.073"
          }
        ]
      }
    },
    {
      "@xmlns": "http://schemas.microsoft.com/win/2004/08/events/event",
      "System": {
        "Provider": {
          "@Name": "Microsoft-Windows-Sysmon",
          "@Guid": "{5770385f-c22a-43e0-bf4c-06f5698ffbd9}"
        },
        "EventID": "5",
        "Version": "3",
        "Level": "4",
        "Task": "5",
        "Opcode": "0",
        "Keywords": "0x8000000000000000",
        "TimeCreated": {
          "@SystemTime": "2025-11-18T21:11:28.6545921Z"
        },
        "EventRecordID": "1639",
        "Correlation": null,
        "Execution": {
          "@ProcessID": "6316",
          "@ThreadID": "1704"
        },
        "Channel": "Microsoft-Windows-Sysmon/Operational",
        "Computer": "DESKTOP-LG3F6GA",
        "Security": {
          "@UserID": "S-1-5-18"
        }
      },
      "EventData": {
        "Data": [
          {
            "@Name": "RuleName",
            "#text": "-"
          },
          {
            "@Name": "UtcTime",
            "#text": "2025-11-18 21:11:28.652"
          },
          {
            "@Name": "ProcessGuid",
            "#text": "{26d9e374-e100-691c-5f03-000000006000}"
          },
          {
            "@Name": "ProcessId",
            "#text": "7348"
          },
          {
            "@Name": "Image",
            "#text": "C:\\Windows\\Microsoft.NET\\Framework\\v4.0.30319\\ngen.exe"
          }
        ]
      }
    },
