    {
      "@xmlns": "http://schemas.microsoft.com/win/2004/08/events/event",
      "System": {
        "Provider": {
          "@Name": "Microsoft-Windows-Sysmon",
          "@Guid": "{5770385f-c22a-43e0-bf4c-06f5698ffbd9}"
        },
        "EventID": "7",
        "Version": "3",
        "Level": "4",
        "Task": "7",
        "Opcode": "0",
        "Keywords": "0x8000000000000000",
        "TimeCreated": {
          "@SystemTime": "2025-11-18T20:08:20.6067298Z"
        },
        "EventRecordID": "1506",
        "Correlation": null,
        "Execution": {
          "@ProcessID": "4620",
          "@ThreadID": "6612"
        },
        "Channel": "Microsoft-Windows-Sysmon/Operational",
        "Computer": "DESKTOP-LG3F6GA",
        "Security": {
          "@UserID": "S-1-5-18"
        }
      },
      "EventData": {
        "Data": [
          {
            "@Name": "RuleName",
            "#text": "-"
          },
          {
            "@Name": "UtcTime",
            "#text": "2025-11-18 20:08:12.277"
          },
          {
            "@Name": "ProcessGuid",
            "#text": "{8e6fc5a7-d214-691c-1f02-000000006100}"
          },
          {
            "@Name": "ProcessId",
            "#text": "640"
          },
          {
            "@Name": "Image",
            "#text": "C:\\Windows\\System32\\svchost.exe"
          },
          {
            "@Name": "ImageLoaded",
            "#text": "C:\\Windows\\System32\\wdscore.dll"
          },
          {
            "@Name": "FileVersion",
            "#text": "10.0.19041.546 (WinBuild.160101.0800)"
          },
          {
            "@Name": "Description",
            "#text": "Panther Engine Module"
          },
          {
            "@Name": "Product",
            "#text": "Microsoft® Windows® Operating System"
          },
          {
            "@Name": "Company",
            "#text": "Microsoft Corporation"
          },
          {
            "@Name": "OriginalFileName",
            "#text": "WDSCORE.DLL"
          },
          {
            "@Name": "Hashes",
            "#text": "SHA256=BDFDDA6DD69A4B9BA510A0E42B84ABCBA9D8720E009805DC6FB7AC7267B66FF4"
          },
          {
            "@Name": "Signed",
            "#text": "true"
          },
          {
            "@Name": "Signature",
            "#text": "Microsoft Windows"
          },
          {
            "@Name": "SignatureStatus",
            "#text": "Valid"
          }
        ]
      }
    },
    {
      "@xmlns": "http://schemas.microsoft.com/win/2004/08/events/event",
      "System": {
        "Provider": {
          "@Name": "Microsoft-Windows-Sysmon",
          "@Guid": "{5770385f-c22a-43e0-bf4c-06f5698ffbd9}"
        },
        "EventID": "7",
        "Version": "3",
        "Level": "4",
        "Task": "7",
        "Opcode": "0",
        "Keywords": "0x8000000000000000",
        "TimeCreated": {
          "@SystemTime": "2025-11-18T20:08:20.6027748Z"
        },
        "EventRecordID": "1505",
        "Correlation": null,
        "Execution": {
          "@ProcessID": "4620",
          "@ThreadID": "6612"
        },
        "Channel": "Microsoft-Windows-Sysmon/Operational",
        "Computer": "DESKTOP-LG3F6GA",
        "Security": {
          "@UserID": "S-1-5-18"
        }
      },
      "EventData": {
        "Data": [
          {
            "@Name": "RuleName",
            "#text": "-"
          },
          {
            "@Name": "UtcTime",
            "#text": "2025-11-18 20:08:00.387"
          },
          {
            "@Name": "ProcessGuid",
            "#text": "{8e6fc5a7-d214-691c-1f02-000000006100}"
          },
          {
            "@Name": "ProcessId",
            "#text": "640"
          },
          {
            "@Name": "Image",
            "#text": "C:\\Windows\\System32\\svchost.exe"
          },
          {
            "@Name": "ImageLoaded",
            "#text": "C:\\Windows\\System32\\wtsapi32.dll"
          },
          {
            "@Name": "FileVersion",
            "#text": "10.0.19041.546 (WinBuild.160101.0800)"
          },
          {
            "@Name": "Description",
            "#text": "Windows Remote Desktop Session Host Server SDK APIs"
          },
          {
            "@Name": "Product",
            "#text": "Microsoft® Windows® Operating System"
          },
          {
            "@Name": "Company",
            "#text": "Microsoft Corporation"
          },
          {
            "@Name": "OriginalFileName",
            "#text": "wtsapi32.dll"
          },
          {
            "@Name": "Hashes",
            "#text": "SHA256=1033414B92FE745FB7FD75CAB631FE253A55E390E11BAB0093AAD0D55A1734BE"
          },
          {
            "@Name": "Signed",
            "#text": "true"
          },
          {
            "@Name": "Signature",
            "#text": "Microsoft Windows"
          },
          {
            "@Name": "SignatureStatus",
            "#text": "Valid"
          }
        ]
      }
    },
    {
      "@xmlns": "http://schemas.microsoft.com/win/2004/08/events/event",
      "System": {
        "Provider": {
          "@Name": "Microsoft-Windows-Sysmon",
          "@Guid": "{5770385f-c22a-43e0-bf4c-06f5698ffbd9}"
        },
        "EventID": "7",
        "Version": "3",
        "Level": "4",
        "Task": "7",
        "Opcode": "0",
        "Keywords": "0x8000000000000000",
        "TimeCreated": {
          "@SystemTime": "2025-11-18T20:08:20.6026511Z"
        },
        "EventRecordID": "1504",
        "Correlation": null,
        "Execution": {
          "@ProcessID": "4620",
          "@ThreadID": "6612"
        },
        "Channel": "Microsoft-Windows-Sysmon/Operational",
        "Computer": "DESKTOP-LG3F6GA",
        "Security": {
          "@UserID": "S-1-5-18"
        }
      },
      "EventData": {
        "Data": [
          {
            "@Name": "RuleName",
            "#text": "-"
          },
          {
            "@Name": "UtcTime",
            "#text": "2025-11-18 20:08:01.731"
          },
          {
            "@Name": "ProcessGuid",
            "#text": "{8e6fc5a7-3c5b-68ca-9d00-000000006100}"
          },
          {
            "@Name": "ProcessId",
            "#text": "5096"
          },
          {
            "@Name": "Image",
            "#text": "C:\\Windows\\System32\\svchost.exe"
          },
          {
            "@Name": "ImageLoaded",
            "#text": "C:\\Windows\\System32\\wtsapi32.dll"
          },
          {
            "@Name": "FileVersion",
            "#text": "10.0.19041.546 (WinBuild.160101.0800)"
          },
          {
            "@Name": "Description",
            "#text": "Windows Remote Desktop Session Host Server SDK APIs"
          },
          {
            "@Name": "Product",
            "#text": "Microsoft® Windows® Operating System"
          },
          {
            "@Name": "Company",
            "#text": "Microsoft Corporation"
          },
          {
            "@Name": "OriginalFileName",
            "#text": "wtsapi32.dll"
          },
          {
            "@Name": "Hashes",
            "#text": "SHA256=1033414B92FE745FB7FD75CAB631FE253A55E390E11BAB0093AAD0D55A1734BE"
          },
          {
            "@Name": "Signed",
            "#text": "true"
          },
          {
            "@Name": "Signature",
            "#text": "Microsoft Windows"
          },
          {
            "@Name": "SignatureStatus",
            "#text": "Valid"
          }
        ]
      }
    },
    {
      "@xmlns": "http://schemas.microsoft.com/win/2004/08/events/event",
      "System": {
        "Provider": {
          "@Name": "Microsoft-Windows-Sysmon",
          "@Guid": "{5770385f-c22a-43e0-bf4c-06f5698ffbd9}"
        },
        "EventID": "7",
        "Version": "3",
        "Level": "4",
        "Task": "7",
        "Opcode": "0",
        "Keywords": "0x8000000000000000",
        "TimeCreated": {
          "@SystemTime": "2025-11-18T20:08:20.6025841Z"
        },
        "EventRecordID": "1503",
        "Correlation": null,
        "Execution": {
          "@ProcessID": "4620",
          "@ThreadID": "6612"
        },
        "Channel": "Microsoft-Windows-Sysmon/Operational",
        "Computer": "DESKTOP-LG3F6GA",
        "Security": {
          "@UserID": "S-1-5-18"
        }
      },
      "EventData": {
        "Data": [
          {
            "@Name": "RuleName",
            "#text": "-"
          },
          {
            "@Name": "UtcTime",
            "#text": "2025-11-18 20:08:12.262"
          },
          {
            "@Name": "ProcessGuid",
            "#text": "{8e6fc5a7-d214-691c-1f02-000000006100}"
          },
          {
            "@Name": "ProcessId",
            "#text": "640"
          },
          {
            "@Name": "Image",
            "#text": "C:\\Windows\\System32\\svchost.exe"
          },
          {
            "@Name": "ImageLoaded",
            "#text": "C:\\Windows\\System32\\wtsapi32.dll"
          },
          {
            "@Name": "FileVersion",
            "#text": "10.0.19041.546 (WinBuild.160101.0800)"
          },
          {
            "@Name": "Description",
            "#text": "Windows Remote Desktop Session Host Server SDK APIs"
          },
          {
            "@Name": "Product",
            "#text": "Microsoft® Windows® Operating System"
          },
          {
            "@Name": "Company",
            "#text": "Microsoft Corporation"
          },
          {
            "@Name": "OriginalFileName",
            "#text": "wtsapi32.dll"
          },
          {
            "@Name": "Hashes",
            "#text": "SHA256=1033414B92FE745FB7FD75CAB631FE253A55E390E11BAB0093AAD0D55A1734BE"
          },
          {
            "@Name": "Signed",
            "#text": "true"
          },
          {
            "@Name": "Signature",
            "#text": "Microsoft Windows"
          },
          {
            "@Name": "SignatureStatus",
            "#text": "Valid"
          }
        ]
      }
    },
    {
      "@xmlns": "http://schemas.microsoft.com/win/2004/08/events/event",
      "System": {
        "Provider": {
          "@Name": "Microsoft-Windows-Sysmon",
          "@Guid": "{5770385f-c22a-43e0-bf4c-06f5698ffbd9}"
        },
        "EventID": "7",
        "Version": "3",
        "Level": "4",
        "Task": "7",
        "Opcode": "0",
        "Keywords": "0x8000000000000000",
        "TimeCreated": {
          "@SystemTime": "2025-11-18T20:08:20.5917790Z"
        },
        "EventRecordID": "1502",
        "Correlation": null,
        "Execution": {
          "@ProcessID": "4620",
          "@ThreadID": "6612"
        },
        "Channel": "Microsoft-Windows-Sysmon/Operational",
        "Computer": "DESKTOP-LG3F6GA",
        "Security": {
          "@UserID": "S-1-5-18"
        }
      },
      "EventData": {
        "Data": [
          {
            "@Name": "RuleName",
            "#text": "-"
          },
          {
            "@Name": "UtcTime",
            "#text": "2025-11-18 20:08:00.387"
          },
          {
            "@Name": "ProcessGuid",
            "#text": "{8e6fc5a7-d214-691c-1f02-000000006100}"
          },
          {
            "@Name": "ProcessId",
            "#text": "640"
          },
          {
            "@Name": "Image",
            "#text": "C:\\Windows\\System32\\svchost.exe"
          },
          {
            "@Name": "ImageLoaded",
            "#text": "C:\\Windows\\System32\\appraiser.dll"
          },
          {
            "@Name": "FileVersion",
            "#text": "10.0.19645.1016 (WinBuild.160101.0800)"
          },
          {
            "@Name": "Description",
            "#text": "Compatibility Appraiser"
          },
          {
            "@Name": "Product",
            "#text": "Microsoft® Windows® Operating System"
          },
          {
            "@Name": "Company",
            "#text": "Microsoft Corporation"
          },
          {
            "@Name": "OriginalFileName",
            "#text": "Appraiser.dll"
          },
          {
            "@Name": "Hashes",
            "#text": "SHA256=A870C5EBD6E266B0D5207E22E3AA10042F371121F4808FB6AFDB83FBCC71A439"
          },
          {
            "@Name": "Signed",
            "#text": "true"
          },
          {
            "@Name": "Signature",
            "#text": "Microsoft Windows"
          },
          {
            "@Name": "SignatureStatus",
            "#text": "Valid"
          }
        ]
      }
    },
    {
      "@xmlns": "http://schemas.microsoft.com/win/2004/08/events/event",
      "System": {
        "Provider": {
          "@Name": "Microsoft-Windows-Sysmon",
          "@Guid": "{5770385f-c22a-43e0-bf4c-06f5698ffbd9}"
        },
        "EventID": "7",
        "Version": "3",
        "Level": "4",
        "Task": "7",
        "Opcode": "0",
        "Keywords": "0x8000000000000000",
        "TimeCreated": {
          "@SystemTime": "2025-11-18T20:08:20.5911875Z"
        },
        "EventRecordID": "1501",
        "Correlation": null,
        "Execution": {
          "@ProcessID": "4620",
          "@ThreadID": "6612"
        },
        "Channel": "Microsoft-Windows-Sysmon/Operational",
        "Computer": "DESKTOP-LG3F6GA",
        "Security": {
          "@UserID": "S-1-5-18"
        }
      },
      "EventData": {
        "Data": [
          {
            "@Name": "RuleName",
            "#text": "-"
          },
          {
            "@Name": "UtcTime",
            "#text": "2025-11-18 20:08:01.731"
          },
          {
            "@Name": "ProcessGuid",
            "#text": "{8e6fc5a7-3c5b-68ca-9d00-000000006100}"
          },
          {
            "@Name": "ProcessId",
            "#text": "5096"
          },
          {
            "@Name": "Image",
            "#text": "C:\\Windows\\System32\\svchost.exe"
          },
          {
            "@Name": "ImageLoaded",
            "#text": "C:\\Windows\\System32\\appraiser.dll"
          },
          {
            "@Name": "FileVersion",
            "#text": "10.0.19645.1016 (WinBuild.160101.0800)"
          },
          {
            "@Name": "Description",
            "#text": "Compatibility Appraiser"
          },
          {
            "@Name": "Product",
            "#text": "Microsoft® Windows® Operating System"
          },
          {
            "@Name": "Company",
            "#text": "Microsoft Corporation"
          },
          {
            "@Name": "OriginalFileName",
            "#text": "Appraiser.dll"
          },
          {
            "@Name": "Hashes",
            "#text": "SHA256=A870C5EBD6E266B0D5207E22E3AA10042F371121F4808FB6AFDB83FBCC71A439"
          },
          {
            "@Name": "Signed",
            "#text": "true"
          },
          {
            "@Name": "Signature",
            "#text": "Microsoft Windows"
          },
          {
            "@Name": "SignatureStatus",
            "#text": "Valid"
          }
        ]
      }
    },
    {
      "@xmlns": "http://schemas.microsoft.com/win/2004/08/events/event",
      "System": {
        "Provider": {
          "@Name": "Microsoft-Windows-Sysmon",
          "@Guid": "{5770385f-c22a-43e0-bf4c-06f5698ffbd9}"
        },
        "EventID": "7",
        "Version": "3",
        "Level": "4",
        "Task": "7",
        "Opcode": "0",
        "Keywords": "0x8000000000000000",
        "TimeCreated": {
          "@SystemTime": "2025-11-18T20:08:20.5908796Z"
        },
        "EventRecordID": "1500",
        "Correlation": null,
        "Execution": {
          "@ProcessID": "4620",
          "@ThreadID": "6612"
        },
        "Channel": "Microsoft-Windows-Sysmon/Operational",
        "Computer": "DESKTOP-LG3F6GA",
        "Security": {
          "@UserID": "S-1-5-18"
        }
      },
      "EventData": {
        "Data": [
          {
            "@Name": "RuleName",
            "#text": "-"
          },
          {
            "@Name": "UtcTime",
            "#text": "2025-11-18 20:08:12.262"
          },
          {
            "@Name": "ProcessGuid",
            "#text": "{8e6fc5a7-d214-691c-1f02-000000006100}"
          },
          {
            "@Name": "ProcessId",
            "#text": "640"
          },
          {
            "@Name": "Image",
            "#text": "C:\\Windows\\System32\\svchost.exe"
          },
          {
            "@Name": "ImageLoaded",
            "#text": "C:\\Windows\\System32\\appraiser.dll"
          },
          {
            "@Name": "FileVersion",
            "#text": "10.0.19645.1016 (WinBuild.160101.0800)"
          },
          {
            "@Name": "Description",
            "#text": "Compatibility Appraiser"
          },
          {
            "@Name": "Product",
            "#text": "Microsoft® Windows® Operating System"
          },
          {
            "@Name": "Company",
            "#text": "Microsoft Corporation"
          },
          {
            "@Name": "OriginalFileName",
            "#text": "Appraiser.dll"
          },
          {
            "@Name": "Hashes",
            "#text": "SHA256=A870C5EBD6E266B0D5207E22E3AA10042F371121F4808FB6AFDB83FBCC71A439"
          },
          {
            "@Name": "Signed",
            "#text": "true"
          },
          {
            "@Name": "Signature",
            "#text": "Microsoft Windows"
          },
          {
            "@Name": "SignatureStatus",
            "#text": "Valid"
          }
        ]
      }
    },
    {
      "@xmlns": "http://schemas.microsoft.com/win/2004/08/events/event",
      "System": {
        "Provider": {
          "@Name": "Microsoft-Windows-Sysmon",
          "@Guid": "{5770385f-c22a-43e0-bf4c-06f5698ffbd9}"
        },
        "EventID": "7",
        "Version": "3",
        "Level": "4",
        "Task": "7",
        "Opcode": "0",
        "Keywords": "0x8000000000000000",
        "TimeCreated": {
          "@SystemTime": "2025-11-18T20:08:20.5785902Z"
        },
        "EventRecordID": "1499",
        "Correlation": null,
        "Execution": {
          "@ProcessID": "4620",
          "@ThreadID": "6612"
        },
        "Channel": "Microsoft-Windows-Sysmon/Operational",
        "Computer": "DESKTOP-LG3F6GA",
        "Security": {
          "@UserID": "S-1-5-18"
        }
      },
      "EventData": {
        "Data": [
          {
            "@Name": "RuleName",
            "#text": "-"
          },
          {
            "@Name": "UtcTime",
            "#text": "2025-11-18 20:08:12.559"
          },
          {
            "@Name": "ProcessGuid",
            "#text": "{8e6fc5a7-d214-691c-1f02-000000006100}"
          },
          {
            "@Name": "ProcessId",
            "#text": "640"
          },
          {
            "@Name": "Image",
            "#text": "C:\\Windows\\System32\\svchost.exe"
          },
          {
            "@Name": "ImageLoaded",
            "#text": "C:\\Windows\\System32\\cryptnet.dll"
          },
          {
            "@Name": "FileVersion",
            "#text": "10.0.19041.546 (WinBuild.160101.0800)"
          },
          {
            "@Name": "Description",
            "#text": "Crypto Network Related API"
          },
          {
            "@Name": "Product",
            "#text": "Microsoft® Windows® Operating System"
          },
          {
            "@Name": "Company",
            "#text": "Microsoft Corporation"
          },
          {
            "@Name": "OriginalFileName",
            "#text": "CRYPTNET.DLL"
          },
          {
            "@Name": "Hashes",
            "#text": "SHA256=4B20DE176328D774D2FEE376F7FAEC1D3BC007C0E208838A9E6F644FB64A4202"
          },
          {
            "@Name": "Signed",
            "#text": "true"
          },
          {
            "@Name": "Signature",
            "#text": "Microsoft Windows"
          },
          {
            "@Name": "SignatureStatus",
            "#text": "Valid"
          }
        ]
      }
    },
    {
      "@xmlns": "http://schemas.microsoft.com/win/2004/08/events/event",
      "System": {
        "Provider": {
          "@Name": "Microsoft-Windows-Sysmon",
          "@Guid": "{5770385f-c22a-43e0-bf4c-06f5698ffbd9}"
        },
        "EventID": "7",
        "Version": "3",
        "Level": "4",
        "Task": "7",
        "Opcode": "0",
        "Keywords": "0x8000000000000000",
        "TimeCreated": {
          "@SystemTime": "2025-11-18T20:08:20.5719900Z"
        },
        "EventRecordID": "1498",
        "Correlation": null,
        "Execution": {
          "@ProcessID": "4620",
          "@ThreadID": "6612"
        },
        "Channel": "Microsoft-Windows-Sysmon/Operational",
        "Computer": "DESKTOP-LG3F6GA",
        "Security": {
          "@UserID": "S-1-5-18"
        }
      },
      "EventData": {
        "Data": [
          {
            "@Name": "RuleName",
            "#text": "-"
          },
          {
            "@Name": "UtcTime",
            "#text": "2025-11-18 20:08:12.543"
          },
          {
            "@Name": "ProcessGuid",
            "#text": "{8e6fc5a7-d214-691c-1f02-000000006100}"
          },
          {
            "@Name": "ProcessId",
            "#text": "640"
          },
          {
            "@Name": "Image",
            "#text": "C:\\Windows\\System32\\svchost.exe"
          },
          {
            "@Name": "ImageLoaded",
            "#text": "C:\\Windows\\System32\\gpapi.dll"
          },
          {
            "@Name": "FileVersion",
            "#text": "10.0.19041.572 (WinBuild.160101.0800)"
          },
          {
            "@Name": "Description",
            "#text": "Group Policy Client API"
          },
          {
            "@Name": "Product",
            "#text": "Microsoft® Windows® Operating System"
          },
          {
            "@Name": "Company",
            "#text": "Microsoft Corporation"
          },
          {
            "@Name": "OriginalFileName",
            "#text": "gpapi.dll"
          },
          {
            "@Name": "Hashes",
            "#text": "SHA256=491CB9CB83A7682A1DED73A03B81C6C7C9CA4A3D87ACD3617C92D961999B0565"
          },
          {
            "@Name": "Signed",
            "#text": "true"
          },
          {
            "@Name": "Signature",
            "#text": "Microsoft Windows"
          },
          {
            "@Name": "SignatureStatus",
            "#text": "Valid"
          }
        ]
      }
    },
    {
      "@xmlns": "http://schemas.microsoft.com/win/2004/08/events/event",
      "System": {
        "Provider": {
          "@Name": "Microsoft-Windows-Sysmon",
          "@Guid": "{5770385f-c22a-43e0-bf4c-06f5698ffbd9}"
        },
        "EventID": "7",
        "Version": "3",
        "Level": "4",
        "Task": "7",
        "Opcode": "0",
        "Keywords": "0x8000000000000000",
        "TimeCreated": {
          "@SystemTime": "2025-11-18T20:08:20.5683560Z"
        },
        "EventRecordID": "1497",
        "Correlation": null,
        "Execution": {
          "@ProcessID": "4620",
          "@ThreadID": "6612"
        },
        "Channel": "Microsoft-Windows-Sysmon/Operational",
        "Computer": "DESKTOP-LG3F6GA",
        "Security": {
          "@UserID": "S-1-5-18"
        }
      },
      "EventData": {
        "Data": [
          {
            "@Name": "RuleName",
            "#text": "-"
          },
          {
            "@Name": "UtcTime",
            "#text": "2025-11-18 20:08:00.590"
          },
          {
            "@Name": "ProcessGuid",
            "#text": "{8e6fc5a7-d214-691c-1f02-000000006100}"
          },
          {
            "@Name": "ProcessId",
            "#text": "640"
          },
          {
            "@Name": "Image",
            "#text": "C:\\Windows\\System32\\svchost.exe"
          },
          {
            "@Name": "ImageLoaded",
            "#text": "C:\\Windows\\System32\\imagehlp.dll"
          },
          {
            "@Name": "FileVersion",
            "#text": "10.0.19041.546 (WinBuild.160101.0800)"
          },
          {
            "@Name": "Description",
            "#text": "Windows NT Image Helper"
          },
          {
            "@Name": "Product",
            "#text": "Microsoft® Windows® Operating System"
          },
          {
            "@Name": "Company",
            "#text": "Microsoft Corporation"
          },
          {
            "@Name": "OriginalFileName",
            "#text": "IMAGEHLP.DLL"
          },
          {
            "@Name": "Hashes",
            "#text": "SHA256=6EE84D8988A8D736C473F562F3F5B408607D5D8848402409C0208153C5BD5712"
          },
          {
            "@Name": "Signed",
            "#text": "true"
          },
          {
            "@Name": "Signature",
            "#text": "Microsoft Windows"
          },
          {
            "@Name": "SignatureStatus",
            "#text": "Valid"
          }
        ]
      }
    },
    {
      "@xmlns": "http://schemas.microsoft.com/win/2004/08/events/event",
      "System": {
        "Provider": {
          "@Name": "Microsoft-Windows-Sysmon",
          "@Guid": "{5770385f-c22a-43e0-bf4c-06f5698ffbd9}"
        },
        "EventID": "7",
        "Version": "3",
        "Level": "4",
        "Task": "7",
        "Opcode": "0",
        "Keywords": "0x8000000000000000",
        "TimeCreated": {
          "@SystemTime": "2025-11-18T20:08:20.5682880Z"
        },
        "EventRecordID": "1496",
        "Correlation": null,
        "Execution": {
          "@ProcessID": "4620",
          "@ThreadID": "6612"
        },
        "Channel": "Microsoft-Windows-Sysmon/Operational",
        "Computer": "DESKTOP-LG3F6GA",
        "Security": {
          "@UserID": "S-1-5-18"
        }
      },
      "EventData": {
        "Data": [
          {
            "@Name": "RuleName",
            "#text": "-"
          },
          {
            "@Name": "UtcTime",
            "#text": "2025-11-18 20:08:01.840"
          },
          {
            "@Name": "ProcessGuid",
            "#text": "{8e6fc5a7-3c5b-68ca-9d00-000000006100}"
          },
          {
            "@Name": "ProcessId",
            "#text": "5096"
          },
          {
            "@Name": "Image",
            "#text": "C:\\Windows\\System32\\svchost.exe"
          },
          {
            "@Name": "ImageLoaded",
            "#text": "C:\\Windows\\System32\\imagehlp.dll"
          },
          {
            "@Name": "FileVersion",
            "#text": "10.0.19041.546 (WinBuild.160101.0800)"
          },
          {
            "@Name": "Description",
            "#text": "Windows NT Image Helper"
          },
          {
            "@Name": "Product",
            "#text": "Microsoft® Windows® Operating System"
          },
          {
            "@Name": "Company",
            "#text": "Microsoft Corporation"
          },
          {
            "@Name": "OriginalFileName",
            "#text": "IMAGEHLP.DLL"
          },
          {
            "@Name": "Hashes",
            "#text": "SHA256=6EE84D8988A8D736C473F562F3F5B408607D5D8848402409C0208153C5BD5712"
          },
          {
            "@Name": "Signed",
            "#text": "true"
          },
          {
            "@Name": "Signature",
            "#text": "Microsoft Windows"
          },
          {
            "@Name": "SignatureStatus",
            "#text": "Valid"
          }
        ]
      }
    },
    {
      "@xmlns": "http://schemas.microsoft.com/win/2004/08/events/event",
      "System": {
        "Provider": {
          "@Name": "Microsoft-Windows-Sysmon",
          "@Guid": "{5770385f-c22a-43e0-bf4c-06f5698ffbd9}"
        },
        "EventID": "7",
        "Version": "3",
        "Level": "4",
        "Task": "7",
        "Opcode": "0",
        "Keywords": "0x8000000000000000",
        "TimeCreated": {
          "@SystemTime": "2025-11-18T20:08:20.5682127Z"
        },
        "EventRecordID": "1495",
        "Correlation": null,
        "Execution": {
          "@ProcessID": "4620",
          "@ThreadID": "6612"
        },
        "Channel": "Microsoft-Windows-Sysmon/Operational",
        "Computer": "DESKTOP-LG3F6GA",
        "Security": {
          "@UserID": "S-1-5-18"
        }
      },
      "EventData": {
        "Data": [
          {
            "@Name": "RuleName",
            "#text": "-"
          },
          {
            "@Name": "UtcTime",
            "#text": "2025-11-18 20:08:12.402"
          },
          {
            "@Name": "ProcessGuid",
            "#text": "{8e6fc5a7-d214-691c-1f02-000000006100}"
          },
          {
            "@Name": "ProcessId",
            "#text": "640"
          },
          {
            "@Name": "Image",
            "#text": "C:\\Windows\\System32\\svchost.exe"
          },
          {
            "@Name": "ImageLoaded",
            "#text": "C:\\Windows\\System32\\imagehlp.dll"
          },
          {
            "@Name": "FileVersion",
            "#text": "10.0.19041.546 (WinBuild.160101.0800)"
          },
          {
            "@Name": "Description",
            "#text": "Windows NT Image Helper"
          },
          {
            "@Name": "Product",
            "#text": "Microsoft® Windows® Operating System"
          },
          {
            "@Name": "Company",
            "#text": "Microsoft Corporation"
          },
          {
            "@Name": "OriginalFileName",
            "#text": "IMAGEHLP.DLL"
          },
          {
            "@Name": "Hashes",
            "#text": "SHA256=6EE84D8988A8D736C473F562F3F5B408607D5D8848402409C0208153C5BD5712"
          },
          {
            "@Name": "Signed",
            "#text": "true"
          },
          {
            "@Name": "Signature",
            "#text": "Microsoft Windows"
          },
          {
            "@Name": "SignatureStatus",
            "#text": "Valid"
          }
        ]
      }
    },
    {
      "@xmlns": "http://schemas.microsoft.com/win/2004/08/events/event",
      "System": {
        "Provider": {
          "@Name": "Microsoft-Windows-Sysmon",
          "@Guid": "{5770385f-c22a-43e0-bf4c-06f5698ffbd9}"
        },
        "EventID": "7",
        "Version": "3",
        "Level": "4",
        "Task": "7",
        "Opcode": "0",
        "Keywords": "0x8000000000000000",
        "TimeCreated": {
          "@SystemTime": "2025-11-18T20:08:20.5681431Z"
        },
        "EventRecordID": "1494",
        "Correlation": null,
        "Execution": {
          "@ProcessID": "4620",
          "@ThreadID": "6612"
        },
        "Channel": "Microsoft-Windows-Sysmon/Operational",
        "Computer": "DESKTOP-LG3F6GA",
        "Security": {
          "@UserID": "S-1-5-18"
        }
      },
      "EventData": {
        "Data": [
          {
            "@Name": "RuleName",
            "#text": "-"
          },
          {
            "@Name": "UtcTime",
            "#text": "2025-11-18 20:08:12.527"
          },
          {
            "@Name": "ProcessGuid",
            "#text": "{8e6fc5a7-d214-691c-1f02-000000006100}"
          },
          {
            "@Name": "ProcessId",
            "#text": "640"
          },
          {
            "@Name": "Image",
            "#text": "C:\\Windows\\System32\\svchost.exe"
          },
          {
            "@Name": "ImageLoaded",
            "#text": "C:\\Windows\\System32\\imagehlp.dll"
          },
          {
            "@Name": "FileVersion",
            "#text": "10.0.19041.546 (WinBuild.160101.0800)"
          },
          {
            "@Name": "Description",
            "#text": "Windows NT Image Helper"
          },
          {
            "@Name": "Product",
            "#text": "Microsoft® Windows® Operating System"
          },
          {
            "@Name": "Company",
            "#text": "Microsoft Corporation"
          },
          {
            "@Name": "OriginalFileName",
            "#text": "IMAGEHLP.DLL"
          },
          {
            "@Name": "Hashes",
            "#text": "SHA256=6EE84D8988A8D736C473F562F3F5B408607D5D8848402409C0208153C5BD5712"
          },
          {
            "@Name": "Signed",
            "#text": "true"
          },
          {
            "@Name": "Signature",
            "#text": "Microsoft Windows"
          },
          {
            "@Name": "SignatureStatus",
            "#text": "Valid"
          }
        ]
      }
    },
    {
      "@xmlns": "http://schemas.microsoft.com/win/2004/08/events/event",
      "System": {
        "Provider": {
          "@Name": "Microsoft-Windows-Sysmon",
          "@Guid": "{5770385f-c22a-43e0-bf4c-06f5698ffbd9}"
        },
        "EventID": "7",
        "Version": "3",
        "Level": "4",
        "Task": "7",
        "Opcode": "0",
        "Keywords": "0x8000000000000000",
        "TimeCreated": {
          "@SystemTime": "2025-11-18T20:08:20.5504386Z"
        },
        "EventRecordID": "1493",
        "Correlation": null,
        "Execution": {
          "@ProcessID": "4620",
          "@ThreadID": "6612"
        },
        "Channel": "Microsoft-Windows-Sysmon/Operational",
        "Computer": "DESKTOP-LG3F6GA",
        "Security": {
          "@UserID": "S-1-5-18"
        }
      },
      "EventData": {
        "Data": [
          {
            "@Name": "RuleName",
            "#text": "-"
          },
          {
            "@Name": "UtcTime",
            "#text": "2025-11-18 20:08:00.356"
          },
          {
            "@Name": "ProcessGuid",
            "#text": "{8e6fc5a7-d214-691c-1f02-000000006100}"
          },
          {
            "@Name": "ProcessId",
            "#text": "640"
          },
          {
            "@Name": "Image",
            "#text": "C:\\Windows\\System32\\svchost.exe"
          },
          {
            "@Name": "ImageLoaded",
            "#text": "C:\\Windows\\System32\\DeviceUpdateCenterCsp.dll"
          },
          {
            "@Name": "FileVersion",
            "#text": "-"
          },
          {
            "@Name": "Description",
            "#text": "-"
          },
          {
            "@Name": "Product",
            "#text": "-"
          },
          {
            "@Name": "Company",
            "#text": "-"
          },
          {
            "@Name": "OriginalFileName",
            "#text": "-"
          },
          {
            "@Name": "Hashes",
            "#text": "SHA256=E89B12594A031B18069CDA82EDDD7E28BB7C362FAA2373C0A8341402A6ECCA28"
          },
          {
            "@Name": "Signed",
            "#text": "true"
          },
          {
            "@Name": "Signature",
            "#text": "Microsoft Windows"
          },
          {
            "@Name": "SignatureStatus",
            "#text": "Valid"
          }
        ]
      }
    },
    {
      "@xmlns": "http://schemas.microsoft.com/win/2004/08/events/event",
      "System": {
        "Provider": {
          "@Name": "Microsoft-Windows-Sysmon",
          "@Guid": "{5770385f-c22a-43e0-bf4c-06f5698ffbd9}"
        },
        "EventID": "7",
        "Version": "3",
        "Level": "4",
        "Task": "7",
        "Opcode": "0",
        "Keywords": "0x8000000000000000",
        "TimeCreated": {
          "@SystemTime": "2025-11-18T20:08:20.5428561Z"
        },
        "EventRecordID": "1492",
        "Correlation": null,
        "Execution": {
          "@ProcessID": "4620",
          "@ThreadID": "6612"
        },
        "Channel": "Microsoft-Windows-Sysmon/Operational",
        "Computer": "DESKTOP-LG3F6GA",
        "Security": {
          "@UserID": "S-1-5-18"
        }
      },
      "EventData": {
        "Data": [
          {
            "@Name": "RuleName",
            "#text": "-"
          },
          {
            "@Name": "UtcTime",
            "#text": "2025-11-18 20:08:00.715"
          },
          {
            "@Name": "ProcessGuid",
            "#text": "{8e6fc5a7-d214-691c-1f02-000000006100}"
          },
          {
            "@Name": "ProcessId",
            "#text": "640"
          },
          {
            "@Name": "Image",
            "#text": "C:\\Windows\\System32\\svchost.exe"
          },
          {
            "@Name": "ImageLoaded",
            "#text": "C:\\Windows\\System32\\Windows.Security.Authentication.OnlineId.dll"
          },
          {
            "@Name": "FileVersion",
            "#text": "10.0.19041.546 (WinBuild.160101.0800)"
          },
          {
            "@Name": "Description",
            "#text": "Windows Runtime OnlineId Authentication DLL"
          },
          {
            "@Name": "Product",
            "#text": "Microsoft® Windows® Operating System"
          },
          {
            "@Name": "Company",
            "#text": "Microsoft Corporation"
          },
          {
            "@Name": "OriginalFileName",
            "#text": "Windows.Security.Authentication.OnlineId.dll"
          },
          {
            "@Name": "Hashes",
            "#text": "SHA256=C324DAFB8862FFF7378248E0DE07D7AA577A52895C57974B7001CACACFF7977C"
          },
          {
            "@Name": "Signed",
            "#text": "true"
          },
          {
            "@Name": "Signature",
            "#text": "Microsoft Windows"
          },
          {
            "@Name": "SignatureStatus",
            "#text": "Valid"
          }
        ]
      }
    },
    {
      "@xmlns": "http://schemas.microsoft.com/win/2004/08/events/event",
      "System": {
        "Provider": {
          "@Name": "Microsoft-Windows-Sysmon",
          "@Guid": "{5770385f-c22a-43e0-bf4c-06f5698ffbd9}"
        },
        "EventID": "7",
        "Version": "3",
        "Level": "4",
        "Task": "7",
        "Opcode": "0",
        "Keywords": "0x8000000000000000",
        "TimeCreated": {
          "@SystemTime": "2025-11-18T20:08:20.5234758Z"
        },
        "EventRecordID": "1491",
        "Correlation": null,
        "Execution": {
          "@ProcessID": "4620",
          "@ThreadID": "6612"
        },
        "Channel": "Microsoft-Windows-Sysmon/Operational",
        "Computer": "DESKTOP-LG3F6GA",
        "Security": {
          "@UserID": "S-1-5-18"
        }
      },
      "EventData": {
        "Data": [
          {
            "@Name": "RuleName",
            "#text": "-"
          },
          {
            "@Name": "UtcTime",
            "#text": "2025-11-18 20:08:00.449"
          },
          {
            "@Name": "ProcessGuid",
            "#text": "{8e6fc5a7-d214-691c-1f02-000000006100}"
          },
          {
            "@Name": "ProcessId",
            "#text": "640"
          },
          {
            "@Name": "Image",
            "#text": "C:\\Windows\\System32\\svchost.exe"
          },
          {
            "@Name": "ImageLoaded",
            "#text": "C:\\Windows\\System32\\cryptbase.dll"
          },
          {
            "@Name": "FileVersion",
            "#text": "10.0.19041.546 (WinBuild.160101.0800)"
          },
          {
            "@Name": "Description",
            "#text": "Base cryptographic API DLL"
          },
          {
            "@Name": "Product",
            "#text": "Microsoft® Windows® Operating System"
          },
          {
            "@Name": "Company",
            "#text": "Microsoft Corporation"
          },
          {
            "@Name": "OriginalFileName",
            "#text": "cryptbase.dll"
          },
          {
            "@Name": "Hashes",
            "#text": "SHA256=B50D007EE8764F7CADA9D9A395DA396201C8B18E6501B50AB809914A7588BAF1"
          },
          {
            "@Name": "Signed",
            "#text": "true"
          },
          {
            "@Name": "Signature",
            "#text": "Microsoft Windows"
          },
          {
            "@Name": "SignatureStatus",
            "#text": "Valid"
          }
        ]
      }
    },
    {
      "@xmlns": "http://schemas.microsoft.com/win/2004/08/events/event",
      "System": {
        "Provider": {
          "@Name": "Microsoft-Windows-Sysmon",
          "@Guid": "{5770385f-c22a-43e0-bf4c-06f5698ffbd9}"
        },
        "EventID": "7",
        "Version": "3",
        "Level": "4",
        "Task": "7",
        "Opcode": "0",
        "Keywords": "0x8000000000000000",
        "TimeCreated": {
          "@SystemTime": "2025-11-18T20:08:20.5232934Z"
        },
        "EventRecordID": "1490",
        "Correlation": null,
        "Execution": {
          "@ProcessID": "4620",
          "@ThreadID": "6612"
        },
        "Channel": "Microsoft-Windows-Sysmon/Operational",
        "Computer": "DESKTOP-LG3F6GA",
        "Security": {
          "@UserID": "S-1-5-18"
        }
      },
      "EventData": {
        "Data": [
          {
            "@Name": "RuleName",
            "#text": "-"
          },
          {
            "@Name": "UtcTime",
            "#text": "2025-11-18 20:08:17.981"
          },
          {
            "@Name": "ProcessGuid",
            "#text": "{8e6fc5a7-d222-691c-c402-000000006100}"
          },
          {
            "@Name": "ProcessId",
            "#text": "5060"
          },
          {
            "@Name": "Image",
            "#text": "C:\\Windows\\System32\\svchost.exe"
          },
          {
            "@Name": "ImageLoaded",
            "#text": "C:\\Windows\\System32\\cryptbase.dll"
          },
          {
            "@Name": "FileVersion",
            "#text": "10.0.19041.546 (WinBuild.160101.0800)"
          },
          {
            "@Name": "Description",
            "#text": "Base cryptographic API DLL"
          },
          {
            "@Name": "Product",
            "#text": "Microsoft® Windows® Operating System"
          },
          {
            "@Name": "Company",
            "#text": "Microsoft Corporation"
          },
          {
            "@Name": "OriginalFileName",
            "#text": "cryptbase.dll"
          },
          {
            "@Name": "Hashes",
            "#text": "SHA256=B50D007EE8764F7CADA9D9A395DA396201C8B18E6501B50AB809914A7588BAF1"
          },
          {
            "@Name": "Signed",
            "#text": "true"
          },
          {
            "@Name": "Signature",
            "#text": "Microsoft Windows"
          },
          {
            "@Name": "SignatureStatus",
            "#text": "Valid"
          }
        ]
      }
    },
    {
      "@xmlns": "http://schemas.microsoft.com/win/2004/08/events/event",
      "System": {
        "Provider": {
          "@Name": "Microsoft-Windows-Sysmon",
          "@Guid": "{5770385f-c22a-43e0-bf4c-06f5698ffbd9}"
        },
        "EventID": "7",
        "Version": "3",
        "Level": "4",
        "Task": "7",
        "Opcode": "0",
        "Keywords": "0x8000000000000000",
        "TimeCreated": {
          "@SystemTime": "2025-11-18T20:08:20.5201149Z"
        },
        "EventRecordID": "1489",
        "Correlation": null,
        "Execution": {
          "@ProcessID": "4620",
          "@ThreadID": "6612"
        },
        "Channel": "Microsoft-Windows-Sysmon/Operational",
        "Computer": "DESKTOP-LG3F6GA",
        "Security": {
          "@UserID": "S-1-5-18"
        }
      },
      "EventData": {
        "Data": [
          {
            "@Name": "RuleName",
            "#text": "-"
          },
          {
            "@Name": "UtcTime",
            "#text": "2025-11-18 20:08:00.449"
          },
          {
            "@Name": "ProcessGuid",
            "#text": "{8e6fc5a7-d214-691c-1f02-000000006100}"
          },
          {
            "@Name": "ProcessId",
            "#text": "640"
          },
          {
            "@Name": "Image",
            "#text": "C:\\Windows\\System32\\svchost.exe"
          },
          {
            "@Name": "ImageLoaded",
            "#text": "C:\\Windows\\System32\\rsaenh.dll"
          },
          {
            "@Name": "FileVersion",
            "#text": "10.0.19041.546 (WinBuild.160101.0800)"
          },
          {
            "@Name": "Description",
            "#text": "Microsoft Enhanced Cryptographic Provider"
          },
          {
            "@Name": "Product",
            "#text": "Microsoft® Windows® Operating System"
          },
          {
            "@Name": "Company",
            "#text": "Microsoft Corporation"
          },
          {
            "@Name": "OriginalFileName",
            "#text": "rsaenh.dll"
          },
          {
            "@Name": "Hashes",
            "#text": "SHA256=159CCF314DE3391DB98431AD64D419B7604E3536BD065F03DC731F2EDB4388EE"
          },
          {
            "@Name": "Signed",
            "#text": "true"
          },
          {
            "@Name": "Signature",
            "#text": "Microsoft Windows"
          },
          {
            "@Name": "SignatureStatus",
            "#text": "Valid"
          }
        ]
      }
    },
    {
      "@xmlns": "http://schemas.microsoft.com/win/2004/08/events/event",
      "System": {
        "Provider": {
          "@Name": "Microsoft-Windows-Sysmon",
          "@Guid": "{5770385f-c22a-43e0-bf4c-06f5698ffbd9}"
        },
        "EventID": "7",
        "Version": "3",
        "Level": "4",
        "Task": "7",
        "Opcode": "0",
        "Keywords": "0x8000000000000000",
        "TimeCreated": {
          "@SystemTime": "2025-11-18T20:08:20.5199869Z"
        },
        "EventRecordID": "1488",
        "Correlation": null,
        "Execution": {
          "@ProcessID": "4620",
          "@ThreadID": "6612"
        },
        "Channel": "Microsoft-Windows-Sysmon/Operational",
        "Computer": "DESKTOP-LG3F6GA",
        "Security": {
          "@UserID": "S-1-5-18"
        }
      },
      "EventData": {
        "Data": [
          {
            "@Name": "RuleName",
            "#text": "-"
          },
          {
            "@Name": "UtcTime",
            "#text": "2025-11-18 20:08:17.981"
          },
          {
            "@Name": "ProcessGuid",
            "#text": "{8e6fc5a7-d222-691c-c402-000000006100}"
          },
          {
            "@Name": "ProcessId",
            "#text": "5060"
          },
          {
            "@Name": "Image",
            "#text": "C:\\Windows\\System32\\svchost.exe"
          },
          {
            "@Name": "ImageLoaded",
            "#text": "C:\\Windows\\System32\\rsaenh.dll"
          },
          {
            "@Name": "FileVersion",
            "#text": "10.0.19041.546 (WinBuild.160101.0800)"
          },
          {
            "@Name": "Description",
            "#text": "Microsoft Enhanced Cryptographic Provider"
          },
          {
            "@Name": "Product",
            "#text": "Microsoft® Windows® Operating System"
          },
          {
            "@Name": "Company",
            "#text": "Microsoft Corporation"
          },
          {
            "@Name": "OriginalFileName",
            "#text": "rsaenh.dll"
          },
          {
            "@Name": "Hashes",
            "#text": "SHA256=159CCF314DE3391DB98431AD64D419B7604E3536BD065F03DC731F2EDB4388EE"
          },
          {
            "@Name": "Signed",
            "#text": "true"
          },
          {
            "@Name": "Signature",
            "#text": "Microsoft Windows"
          },
          {
            "@Name": "SignatureStatus",
            "#text": "Valid"
          }
        ]
      }
    },
    {
      "@xmlns": "http://schemas.microsoft.com/win/2004/08/events/event",
      "System": {
        "Provider": {
          "@Name": "Microsoft-Windows-Sysmon",
          "@Guid": "{5770385f-c22a-43e0-bf4c-06f5698ffbd9}"
        },
        "EventID": "7",
        "Version": "3",
        "Level": "4",
        "Task": "7",
        "Opcode": "0",
        "Keywords": "0x8000000000000000",
        "TimeCreated": {
          "@SystemTime": "2025-11-18T20:08:20.5091499Z"
        },
        "EventRecordID": "1487",
        "Correlation": null,
        "Execution": {
          "@ProcessID": "4620",
          "@ThreadID": "6612"
        },
        "Channel": "Microsoft-Windows-Sysmon/Operational",
        "Computer": "DESKTOP-LG3F6GA",
        "Security": {
          "@UserID": "S-1-5-18"
        }
      },
      "EventData": {
        "Data": [
          {
            "@Name": "RuleName",
            "#text": "-"
          },
          {
            "@Name": "UtcTime",
            "#text": "2025-11-18 20:08:00.324"
          },
          {
            "@Name": "ProcessGuid",
            "#text": "{8e6fc5a7-d215-691c-4502-000000006100}"
          },
          {
            "@Name": "ProcessId",
            "#text": "6664"
          },
          {
            "@Name": "Image",
            "#text": "C:\\Windows\\System32\\svchost.exe"
          },
          {
            "@Name": "ImageLoaded",
            "#text": "C:\\Windows\\System32\\ntmarta.dll"
          },
          {
            "@Name": "FileVersion",
            "#text": "10.0.19041.546 (WinBuild.160101.0800)"
          },
          {
            "@Name": "Description",
            "#text": "Windows NT MARTA provider"
          },
          {
            "@Name": "Product",
            "#text": "Microsoft® Windows® Operating System"
          },
          {
            "@Name": "Company",
            "#text": "Microsoft Corporation"
          },
          {
            "@Name": "OriginalFileName",
            "#text": "ntmarta.dll"
          },
          {
            "@Name": "Hashes",
            "#text": "SHA256=B2EB064F3D70F08152E1845FBEEF64BE204FA44FA56D2E58A645E15DB5505011"
          },
          {
            "@Name": "Signed",
            "#text": "true"
          },
          {
            "@Name": "Signature",
            "#text": "Microsoft Windows"
          },
          {
            "@Name": "SignatureStatus",
            "#text": "Valid"
          }
        ]
      }
    },
