    {
      "@xmlns": "http://schemas.microsoft.com/win/2004/08/events/event",
      "System": {
        "Provider": {
          "@Name": "Microsoft-Windows-Sysmon",
          "@Guid": "{5770385f-c22a-43e0-bf4c-06f5698ffbd9}"
        },
        "EventID": "7",
        "Version": "3",
        "Level": "4",
        "Task": "7",
        "Opcode": "0",
        "Keywords": "0x8000000000000000",
        "TimeCreated": {
          "@SystemTime": "2025-11-18T20:08:20.7010531Z"
        },
        "EventRecordID": "1526",
        "Correlation": null,
        "Execution": {
          "@ProcessID": "4620",
          "@ThreadID": "6612"
        },
        "Channel": "Microsoft-Windows-Sysmon/Operational",
        "Computer": "DESKTOP-LG3F6GA",
        "Security": {
          "@UserID": "S-1-5-18"
        }
      },
      "EventData": {
        "Data": [
          {
            "@Name": "RuleName",
            "#text": "-"
          },
          {
            "@Name": "UtcTime",
            "#text": "2025-11-18 20:08:01.731"
          },
          {
            "@Name": "ProcessGuid",
            "#text": "{8e6fc5a7-3c5b-68ca-9d00-000000006100}"
          },
          {
            "@Name": "ProcessId",
            "#text": "5096"
          },
          {
            "@Name": "Image",
            "#text": "C:\\Windows\\System32\\svchost.exe"
          },
          {
            "@Name": "ImageLoaded",
            "#text": "C:\\Windows\\System32\\dsreg.dll"
          },
          {
            "@Name": "FileVersion",
            "#text": "10.0.19041.610 (WinBuild.160101.0800)"
          },
          {
            "@Name": "Description",
            "#text": "AD/AAD User Device Registration"
          },
          {
            "@Name": "Product",
            "#text": "Microsoft® Windows® Operating System"
          },
          {
            "@Name": "Company",
            "#text": "Microsoft Corporation"
          },
          {
            "@Name": "OriginalFileName",
            "#text": "dsreg.dll"
          },
          {
            "@Name": "Hashes",
            "#text": "SHA256=44272B201A5DF8E4E9B8AF2812700D9070C71C512FF505AAE8DA9B410614A273"
          },
          {
            "@Name": "Signed",
            "#text": "true"
          },
          {
            "@Name": "Signature",
            "#text": "Microsoft Windows"
          },
          {
            "@Name": "SignatureStatus",
            "#text": "Valid"
          }
        ]
      }
    },
    {
      "@xmlns": "http://schemas.microsoft.com/win/2004/08/events/event",
      "System": {
        "Provider": {
          "@Name": "Microsoft-Windows-Sysmon",
          "@Guid": "{5770385f-c22a-43e0-bf4c-06f5698ffbd9}"
        },
        "EventID": "7",
        "Version": "3",
        "Level": "4",
        "Task": "7",
        "Opcode": "0",
        "Keywords": "0x8000000000000000",
        "TimeCreated": {
          "@SystemTime": "2025-11-18T20:08:20.7008736Z"
        },
        "EventRecordID": "1525",
        "Correlation": null,
        "Execution": {
          "@ProcessID": "4620",
          "@ThreadID": "6612"
        },
        "Channel": "Microsoft-Windows-Sysmon/Operational",
        "Computer": "DESKTOP-LG3F6GA",
        "Security": {
          "@UserID": "S-1-5-18"
        }
      },
      "EventData": {
        "Data": [
          {
            "@Name": "RuleName",
            "#text": "-"
          },
          {
            "@Name": "UtcTime",
            "#text": "2025-11-18 20:08:12.277"
          },
          {
            "@Name": "ProcessGuid",
            "#text": "{8e6fc5a7-d214-691c-1f02-000000006100}"
          },
          {
            "@Name": "ProcessId",
            "#text": "640"
          },
          {
            "@Name": "Image",
            "#text": "C:\\Windows\\System32\\svchost.exe"
          },
          {
            "@Name": "ImageLoaded",
            "#text": "C:\\Windows\\System32\\dsreg.dll"
          },
          {
            "@Name": "FileVersion",
            "#text": "10.0.19041.610 (WinBuild.160101.0800)"
          },
          {
            "@Name": "Description",
            "#text": "AD/AAD User Device Registration"
          },
          {
            "@Name": "Product",
            "#text": "Microsoft® Windows® Operating System"
          },
          {
            "@Name": "Company",
            "#text": "Microsoft Corporation"
          },
          {
            "@Name": "OriginalFileName",
            "#text": "dsreg.dll"
          },
          {
            "@Name": "Hashes",
            "#text": "SHA256=44272B201A5DF8E4E9B8AF2812700D9070C71C512FF505AAE8DA9B410614A273"
          },
          {
            "@Name": "Signed",
            "#text": "true"
          },
          {
            "@Name": "Signature",
            "#text": "Microsoft Windows"
          },
          {
            "@Name": "SignatureStatus",
            "#text": "Valid"
          }
        ]
      }
    },
    {
      "@xmlns": "http://schemas.microsoft.com/win/2004/08/events/event",
      "System": {
        "Provider": {
          "@Name": "Microsoft-Windows-Sysmon",
          "@Guid": "{5770385f-c22a-43e0-bf4c-06f5698ffbd9}"
        },
        "EventID": "7",
        "Version": "3",
        "Level": "4",
        "Task": "7",
        "Opcode": "0",
        "Keywords": "0x8000000000000000",
        "TimeCreated": {
          "@SystemTime": "2025-11-18T20:08:20.6949057Z"
        },
        "EventRecordID": "1524",
        "Correlation": null,
        "Execution": {
          "@ProcessID": "4620",
          "@ThreadID": "6612"
        },
        "Channel": "Microsoft-Windows-Sysmon/Operational",
        "Computer": "DESKTOP-LG3F6GA",
        "Security": {
          "@UserID": "S-1-5-18"
        }
      },
      "EventData": {
        "Data": [
          {
            "@Name": "RuleName",
            "#text": "-"
          },
          {
            "@Name": "UtcTime",
            "#text": "2025-11-18 20:08:00.449"
          },
          {
            "@Name": "ProcessGuid",
            "#text": "{8e6fc5a7-d214-691c-1f02-000000006100}"
          },
          {
            "@Name": "ProcessId",
            "#text": "640"
          },
          {
            "@Name": "Image",
            "#text": "C:\\Windows\\System32\\svchost.exe"
          },
          {
            "@Name": "ImageLoaded",
            "#text": "C:\\Windows\\System32\\samcli.dll"
          },
          {
            "@Name": "FileVersion",
            "#text": "10.0.19041.546 (WinBuild.160101.0800)"
          },
          {
            "@Name": "Description",
            "#text": "Security Accounts Manager Client DLL"
          },
          {
            "@Name": "Product",
            "#text": "Microsoft® Windows® Operating System"
          },
          {
            "@Name": "Company",
            "#text": "Microsoft Corporation"
          },
          {
            "@Name": "OriginalFileName",
            "#text": "SAMCLI.DLL"
          },
          {
            "@Name": "Hashes",
            "#text": "SHA256=FB00E9A54C96E34317B9A1F1099EFAFA49ECF8F8776294BBD9A59A396904F94F"
          },
          {
            "@Name": "Signed",
            "#text": "true"
          },
          {
            "@Name": "Signature",
            "#text": "Microsoft Windows"
          },
          {
            "@Name": "SignatureStatus",
            "#text": "Valid"
          }
        ]
      }
    },
    {
      "@xmlns": "http://schemas.microsoft.com/win/2004/08/events/event",
      "System": {
        "Provider": {
          "@Name": "Microsoft-Windows-Sysmon",
          "@Guid": "{5770385f-c22a-43e0-bf4c-06f5698ffbd9}"
        },
        "EventID": "7",
        "Version": "3",
        "Level": "4",
        "Task": "7",
        "Opcode": "0",
        "Keywords": "0x8000000000000000",
        "TimeCreated": {
          "@SystemTime": "2025-11-18T20:08:20.6946105Z"
        },
        "EventRecordID": "1523",
        "Correlation": null,
        "Execution": {
          "@ProcessID": "4620",
          "@ThreadID": "6612"
        },
        "Channel": "Microsoft-Windows-Sysmon/Operational",
        "Computer": "DESKTOP-LG3F6GA",
        "Security": {
          "@UserID": "S-1-5-18"
        }
      },
      "EventData": {
        "Data": [
          {
            "@Name": "RuleName",
            "#text": "-"
          },
          {
            "@Name": "UtcTime",
            "#text": "2025-11-18 20:08:01.731"
          },
          {
            "@Name": "ProcessGuid",
            "#text": "{8e6fc5a7-3c5b-68ca-9d00-000000006100}"
          },
          {
            "@Name": "ProcessId",
            "#text": "5096"
          },
          {
            "@Name": "Image",
            "#text": "C:\\Windows\\System32\\svchost.exe"
          },
          {
            "@Name": "ImageLoaded",
            "#text": "C:\\Windows\\System32\\samcli.dll"
          },
          {
            "@Name": "FileVersion",
            "#text": "10.0.19041.546 (WinBuild.160101.0800)"
          },
          {
            "@Name": "Description",
            "#text": "Security Accounts Manager Client DLL"
          },
          {
            "@Name": "Product",
            "#text": "Microsoft® Windows® Operating System"
          },
          {
            "@Name": "Company",
            "#text": "Microsoft Corporation"
          },
          {
            "@Name": "OriginalFileName",
            "#text": "SAMCLI.DLL"
          },
          {
            "@Name": "Hashes",
            "#text": "SHA256=FB00E9A54C96E34317B9A1F1099EFAFA49ECF8F8776294BBD9A59A396904F94F"
          },
          {
            "@Name": "Signed",
            "#text": "true"
          },
          {
            "@Name": "Signature",
            "#text": "Microsoft Windows"
          },
          {
            "@Name": "SignatureStatus",
            "#text": "Valid"
          }
        ]
      }
    },
    {
      "@xmlns": "http://schemas.microsoft.com/win/2004/08/events/event",
      "System": {
        "Provider": {
          "@Name": "Microsoft-Windows-Sysmon",
          "@Guid": "{5770385f-c22a-43e0-bf4c-06f5698ffbd9}"
        },
        "EventID": "7",
        "Version": "3",
        "Level": "4",
        "Task": "7",
        "Opcode": "0",
        "Keywords": "0x8000000000000000",
        "TimeCreated": {
          "@SystemTime": "2025-11-18T20:08:20.6944232Z"
        },
        "EventRecordID": "1522",
        "Correlation": null,
        "Execution": {
          "@ProcessID": "4620",
          "@ThreadID": "6612"
        },
        "Channel": "Microsoft-Windows-Sysmon/Operational",
        "Computer": "DESKTOP-LG3F6GA",
        "Security": {
          "@UserID": "S-1-5-18"
        }
      },
      "EventData": {
        "Data": [
          {
            "@Name": "RuleName",
            "#text": "-"
          },
          {
            "@Name": "UtcTime",
            "#text": "2025-11-18 20:08:12.277"
          },
          {
            "@Name": "ProcessGuid",
            "#text": "{8e6fc5a7-d214-691c-1f02-000000006100}"
          },
          {
            "@Name": "ProcessId",
            "#text": "640"
          },
          {
            "@Name": "Image",
            "#text": "C:\\Windows\\System32\\svchost.exe"
          },
          {
            "@Name": "ImageLoaded",
            "#text": "C:\\Windows\\System32\\samcli.dll"
          },
          {
            "@Name": "FileVersion",
            "#text": "10.0.19041.546 (WinBuild.160101.0800)"
          },
          {
            "@Name": "Description",
            "#text": "Security Accounts Manager Client DLL"
          },
          {
            "@Name": "Product",
            "#text": "Microsoft® Windows® Operating System"
          },
          {
            "@Name": "Company",
            "#text": "Microsoft Corporation"
          },
          {
            "@Name": "OriginalFileName",
            "#text": "SAMCLI.DLL"
          },
          {
            "@Name": "Hashes",
            "#text": "SHA256=FB00E9A54C96E34317B9A1F1099EFAFA49ECF8F8776294BBD9A59A396904F94F"
          },
          {
            "@Name": "Signed",
            "#text": "true"
          },
          {
            "@Name": "Signature",
            "#text": "Microsoft Windows"
          },
          {
            "@Name": "SignatureStatus",
            "#text": "Valid"
          }
        ]
      }
    },
    {
      "@xmlns": "http://schemas.microsoft.com/win/2004/08/events/event",
      "System": {
        "Provider": {
          "@Name": "Microsoft-Windows-Sysmon",
          "@Guid": "{5770385f-c22a-43e0-bf4c-06f5698ffbd9}"
        },
        "EventID": "7",
        "Version": "3",
        "Level": "4",
        "Task": "7",
        "Opcode": "0",
        "Keywords": "0x8000000000000000",
        "TimeCreated": {
          "@SystemTime": "2025-11-18T20:08:20.6942596Z"
        },
        "EventRecordID": "1521",
        "Correlation": null,
        "Execution": {
          "@ProcessID": "4620",
          "@ThreadID": "6612"
        },
        "Channel": "Microsoft-Windows-Sysmon/Operational",
        "Computer": "DESKTOP-LG3F6GA",
        "Security": {
          "@UserID": "S-1-5-18"
        }
      },
      "EventData": {
        "Data": [
          {
            "@Name": "RuleName",
            "#text": "-"
          },
          {
            "@Name": "UtcTime",
            "#text": "2025-11-18 20:08:17.824"
          },
          {
            "@Name": "ProcessGuid",
            "#text": "{8e6fc5a7-d222-691c-c402-000000006100}"
          },
          {
            "@Name": "ProcessId",
            "#text": "5060"
          },
          {
            "@Name": "Image",
            "#text": "C:\\Windows\\System32\\svchost.exe"
          },
          {
            "@Name": "ImageLoaded",
            "#text": "C:\\Windows\\System32\\samcli.dll"
          },
          {
            "@Name": "FileVersion",
            "#text": "10.0.19041.546 (WinBuild.160101.0800)"
          },
          {
            "@Name": "Description",
            "#text": "Security Accounts Manager Client DLL"
          },
          {
            "@Name": "Product",
            "#text": "Microsoft® Windows® Operating System"
          },
          {
            "@Name": "Company",
            "#text": "Microsoft Corporation"
          },
          {
            "@Name": "OriginalFileName",
            "#text": "SAMCLI.DLL"
          },
          {
            "@Name": "Hashes",
            "#text": "SHA256=FB00E9A54C96E34317B9A1F1099EFAFA49ECF8F8776294BBD9A59A396904F94F"
          },
          {
            "@Name": "Signed",
            "#text": "true"
          },
          {
            "@Name": "Signature",
            "#text": "Microsoft Windows"
          },
          {
            "@Name": "SignatureStatus",
            "#text": "Valid"
          }
        ]
      }
    },
    {
      "@xmlns": "http://schemas.microsoft.com/win/2004/08/events/event",
      "System": {
        "Provider": {
          "@Name": "Microsoft-Windows-Sysmon",
          "@Guid": "{5770385f-c22a-43e0-bf4c-06f5698ffbd9}"
        },
        "EventID": "7",
        "Version": "3",
        "Level": "4",
        "Task": "7",
        "Opcode": "0",
        "Keywords": "0x8000000000000000",
        "TimeCreated": {
          "@SystemTime": "2025-11-18T20:08:20.6869870Z"
        },
        "EventRecordID": "1520",
        "Correlation": null,
        "Execution": {
          "@ProcessID": "4620",
          "@ThreadID": "6612"
        },
        "Channel": "Microsoft-Windows-Sysmon/Operational",
        "Computer": "DESKTOP-LG3F6GA",
        "Security": {
          "@UserID": "S-1-5-18"
        }
      },
      "EventData": {
        "Data": [
          {
            "@Name": "RuleName",
            "#text": "-"
          },
          {
            "@Name": "UtcTime",
            "#text": "2025-11-18 20:08:00.449"
          },
          {
            "@Name": "ProcessGuid",
            "#text": "{8e6fc5a7-d214-691c-1f02-000000006100}"
          },
          {
            "@Name": "ProcessId",
            "#text": "640"
          },
          {
            "@Name": "Image",
            "#text": "C:\\Windows\\System32\\svchost.exe"
          },
          {
            "@Name": "ImageLoaded",
            "#text": "C:\\Windows\\System32\\setupapi.dll"
          },
          {
            "@Name": "FileVersion",
            "#text": "10.0.19041.546 (WinBuild.160101.0800)"
          },
          {
            "@Name": "Description",
            "#text": "Windows Setup API"
          },
          {
            "@Name": "Product",
            "#text": "Microsoft® Windows® Operating System"
          },
          {
            "@Name": "Company",
            "#text": "Microsoft Corporation"
          },
          {
            "@Name": "OriginalFileName",
            "#text": "SETUPAPI.DLL"
          },
          {
            "@Name": "Hashes",
            "#text": "SHA256=1B40525EAC3ABA64D5D24FEEBE32A24A83FAA7CF07BDE70B2B316BCDC6002205"
          },
          {
            "@Name": "Signed",
            "#text": "true"
          },
          {
            "@Name": "Signature",
            "#text": "Microsoft Windows"
          },
          {
            "@Name": "SignatureStatus",
            "#text": "Valid"
          }
        ]
      }
    },
    {
      "@xmlns": "http://schemas.microsoft.com/win/2004/08/events/event",
      "System": {
        "Provider": {
          "@Name": "Microsoft-Windows-Sysmon",
          "@Guid": "{5770385f-c22a-43e0-bf4c-06f5698ffbd9}"
        },
        "EventID": "7",
        "Version": "3",
        "Level": "4",
        "Task": "7",
        "Opcode": "0",
        "Keywords": "0x8000000000000000",
        "TimeCreated": {
          "@SystemTime": "2025-11-18T20:08:20.6867956Z"
        },
        "EventRecordID": "1519",
        "Correlation": null,
        "Execution": {
          "@ProcessID": "4620",
          "@ThreadID": "6612"
        },
        "Channel": "Microsoft-Windows-Sysmon/Operational",
        "Computer": "DESKTOP-LG3F6GA",
        "Security": {
          "@UserID": "S-1-5-18"
        }
      },
      "EventData": {
        "Data": [
          {
            "@Name": "RuleName",
            "#text": "-"
          },
          {
            "@Name": "UtcTime",
            "#text": "2025-11-18 20:08:01.731"
          },
          {
            "@Name": "ProcessGuid",
            "#text": "{8e6fc5a7-3c5b-68ca-9d00-000000006100}"
          },
          {
            "@Name": "ProcessId",
            "#text": "5096"
          },
          {
            "@Name": "Image",
            "#text": "C:\\Windows\\System32\\svchost.exe"
          },
          {
            "@Name": "ImageLoaded",
            "#text": "C:\\Windows\\System32\\setupapi.dll"
          },
          {
            "@Name": "FileVersion",
            "#text": "10.0.19041.546 (WinBuild.160101.0800)"
          },
          {
            "@Name": "Description",
            "#text": "Windows Setup API"
          },
          {
            "@Name": "Product",
            "#text": "Microsoft® Windows® Operating System"
          },
          {
            "@Name": "Company",
            "#text": "Microsoft Corporation"
          },
          {
            "@Name": "OriginalFileName",
            "#text": "SETUPAPI.DLL"
          },
          {
            "@Name": "Hashes",
            "#text": "SHA256=1B40525EAC3ABA64D5D24FEEBE32A24A83FAA7CF07BDE70B2B316BCDC6002205"
          },
          {
            "@Name": "Signed",
            "#text": "true"
          },
          {
            "@Name": "Signature",
            "#text": "Microsoft Windows"
          },
          {
            "@Name": "SignatureStatus",
            "#text": "Valid"
          }
        ]
      }
    },
    {
      "@xmlns": "http://schemas.microsoft.com/win/2004/08/events/event",
      "System": {
        "Provider": {
          "@Name": "Microsoft-Windows-Sysmon",
          "@Guid": "{5770385f-c22a-43e0-bf4c-06f5698ffbd9}"
        },
        "EventID": "7",
        "Version": "3",
        "Level": "4",
        "Task": "7",
        "Opcode": "0",
        "Keywords": "0x8000000000000000",
        "TimeCreated": {
          "@SystemTime": "2025-11-18T20:08:20.6866139Z"
        },
        "EventRecordID": "1518",
        "Correlation": null,
        "Execution": {
          "@ProcessID": "4620",
          "@ThreadID": "6612"
        },
        "Channel": "Microsoft-Windows-Sysmon/Operational",
        "Computer": "DESKTOP-LG3F6GA",
        "Security": {
          "@UserID": "S-1-5-18"
        }
      },
      "EventData": {
        "Data": [
          {
            "@Name": "RuleName",
            "#text": "-"
          },
          {
            "@Name": "UtcTime",
            "#text": "2025-11-18 20:08:12.277"
          },
          {
            "@Name": "ProcessGuid",
            "#text": "{8e6fc5a7-d214-691c-1f02-000000006100}"
          },
          {
            "@Name": "ProcessId",
            "#text": "640"
          },
          {
            "@Name": "Image",
            "#text": "C:\\Windows\\System32\\svchost.exe"
          },
          {
            "@Name": "ImageLoaded",
            "#text": "C:\\Windows\\System32\\setupapi.dll"
          },
          {
            "@Name": "FileVersion",
            "#text": "10.0.19041.546 (WinBuild.160101.0800)"
          },
          {
            "@Name": "Description",
            "#text": "Windows Setup API"
          },
          {
            "@Name": "Product",
            "#text": "Microsoft® Windows® Operating System"
          },
          {
            "@Name": "Company",
            "#text": "Microsoft Corporation"
          },
          {
            "@Name": "OriginalFileName",
            "#text": "SETUPAPI.DLL"
          },
          {
            "@Name": "Hashes",
            "#text": "SHA256=1B40525EAC3ABA64D5D24FEEBE32A24A83FAA7CF07BDE70B2B316BCDC6002205"
          },
          {
            "@Name": "Signed",
            "#text": "true"
          },
          {
            "@Name": "Signature",
            "#text": "Microsoft Windows"
          },
          {
            "@Name": "SignatureStatus",
            "#text": "Valid"
          }
        ]
      }
    },
    {
      "@xmlns": "http://schemas.microsoft.com/win/2004/08/events/event",
      "System": {
        "Provider": {
          "@Name": "Microsoft-Windows-Sysmon",
          "@Guid": "{5770385f-c22a-43e0-bf4c-06f5698ffbd9}"
        },
        "EventID": "7",
        "Version": "3",
        "Level": "4",
        "Task": "7",
        "Opcode": "0",
        "Keywords": "0x8000000000000000",
        "TimeCreated": {
          "@SystemTime": "2025-11-18T20:08:20.6604425Z"
        },
        "EventRecordID": "1517",
        "Correlation": null,
        "Execution": {
          "@ProcessID": "4620",
          "@ThreadID": "6612"
        },
        "Channel": "Microsoft-Windows-Sysmon/Operational",
        "Computer": "DESKTOP-LG3F6GA",
        "Security": {
          "@UserID": "S-1-5-18"
        }
      },
      "EventData": {
        "Data": [
          {
            "@Name": "RuleName",
            "#text": "-"
          },
          {
            "@Name": "UtcTime",
            "#text": "2025-11-18 20:08:00.418"
          },
          {
            "@Name": "ProcessGuid",
            "#text": "{8e6fc5a7-d214-691c-1f02-000000006100}"
          },
          {
            "@Name": "ProcessId",
            "#text": "640"
          },
          {
            "@Name": "Image",
            "#text": "C:\\Windows\\System32\\svchost.exe"
          },
          {
            "@Name": "ImageLoaded",
            "#text": "C:\\Windows\\System32\\msi.dll"
          },
          {
            "@Name": "FileVersion",
            "#text": "5.0.19041.572"
          },
          {
            "@Name": "Description",
            "#text": "Windows Installer"
          },
          {
            "@Name": "Product",
            "#text": "Windows Installer - Unicode"
          },
          {
            "@Name": "Company",
            "#text": "Microsoft Corporation"
          },
          {
            "@Name": "OriginalFileName",
            "#text": "msi.dll"
          },
          {
            "@Name": "Hashes",
            "#text": "SHA256=1140CB80DC60E3A8984A6628C6B5D122FAC4E50275D75880F4CE9866CC52BC35"
          },
          {
            "@Name": "Signed",
            "#text": "true"
          },
          {
            "@Name": "Signature",
            "#text": "Microsoft Windows"
          },
          {
            "@Name": "SignatureStatus",
            "#text": "Valid"
          }
        ]
      }
    },
    {
      "@xmlns": "http://schemas.microsoft.com/win/2004/08/events/event",
      "System": {
        "Provider": {
          "@Name": "Microsoft-Windows-Sysmon",
          "@Guid": "{5770385f-c22a-43e0-bf4c-06f5698ffbd9}"
        },
        "EventID": "7",
        "Version": "3",
        "Level": "4",
        "Task": "7",
        "Opcode": "0",
        "Keywords": "0x8000000000000000",
        "TimeCreated": {
          "@SystemTime": "2025-11-18T20:08:20.6601118Z"
        },
        "EventRecordID": "1516",
        "Correlation": null,
        "Execution": {
          "@ProcessID": "4620",
          "@ThreadID": "6612"
        },
        "Channel": "Microsoft-Windows-Sysmon/Operational",
        "Computer": "DESKTOP-LG3F6GA",
        "Security": {
          "@UserID": "S-1-5-18"
        }
      },
      "EventData": {
        "Data": [
          {
            "@Name": "RuleName",
            "#text": "-"
          },
          {
            "@Name": "UtcTime",
            "#text": "2025-11-18 20:08:01.731"
          },
          {
            "@Name": "ProcessGuid",
            "#text": "{8e6fc5a7-3c5b-68ca-9d00-000000006100}"
          },
          {
            "@Name": "ProcessId",
            "#text": "5096"
          },
          {
            "@Name": "Image",
            "#text": "C:\\Windows\\System32\\svchost.exe"
          },
          {
            "@Name": "ImageLoaded",
            "#text": "C:\\Windows\\System32\\msi.dll"
          },
          {
            "@Name": "FileVersion",
            "#text": "5.0.19041.572"
          },
          {
            "@Name": "Description",
            "#text": "Windows Installer"
          },
          {
            "@Name": "Product",
            "#text": "Windows Installer - Unicode"
          },
          {
            "@Name": "Company",
            "#text": "Microsoft Corporation"
          },
          {
            "@Name": "OriginalFileName",
            "#text": "msi.dll"
          },
          {
            "@Name": "Hashes",
            "#text": "SHA256=1140CB80DC60E3A8984A6628C6B5D122FAC4E50275D75880F4CE9866CC52BC35"
          },
          {
            "@Name": "Signed",
            "#text": "true"
          },
          {
            "@Name": "Signature",
            "#text": "Microsoft Windows"
          },
          {
            "@Name": "SignatureStatus",
            "#text": "Valid"
          }
        ]
      }
    },
    {
      "@xmlns": "http://schemas.microsoft.com/win/2004/08/events/event",
      "System": {
        "Provider": {
          "@Name": "Microsoft-Windows-Sysmon",
          "@Guid": "{5770385f-c22a-43e0-bf4c-06f5698ffbd9}"
        },
        "EventID": "7",
        "Version": "3",
        "Level": "4",
        "Task": "7",
        "Opcode": "0",
        "Keywords": "0x8000000000000000",
        "TimeCreated": {
          "@SystemTime": "2025-11-18T20:08:20.6599480Z"
        },
        "EventRecordID": "1515",
        "Correlation": null,
        "Execution": {
          "@ProcessID": "4620",
          "@ThreadID": "6612"
        },
        "Channel": "Microsoft-Windows-Sysmon/Operational",
        "Computer": "DESKTOP-LG3F6GA",
        "Security": {
          "@UserID": "S-1-5-18"
        }
      },
      "EventData": {
        "Data": [
          {
            "@Name": "RuleName",
            "#text": "-"
          },
          {
            "@Name": "UtcTime",
            "#text": "2025-11-18 20:08:12.262"
          },
          {
            "@Name": "ProcessGuid",
            "#text": "{8e6fc5a7-d214-691c-1f02-000000006100}"
          },
          {
            "@Name": "ProcessId",
            "#text": "640"
          },
          {
            "@Name": "Image",
            "#text": "C:\\Windows\\System32\\svchost.exe"
          },
          {
            "@Name": "ImageLoaded",
            "#text": "C:\\Windows\\System32\\msi.dll"
          },
          {
            "@Name": "FileVersion",
            "#text": "5.0.19041.572"
          },
          {
            "@Name": "Description",
            "#text": "Windows Installer"
          },
          {
            "@Name": "Product",
            "#text": "Windows Installer - Unicode"
          },
          {
            "@Name": "Company",
            "#text": "Microsoft Corporation"
          },
          {
            "@Name": "OriginalFileName",
            "#text": "msi.dll"
          },
          {
            "@Name": "Hashes",
            "#text": "SHA256=1140CB80DC60E3A8984A6628C6B5D122FAC4E50275D75880F4CE9866CC52BC35"
          },
          {
            "@Name": "Signed",
            "#text": "true"
          },
          {
            "@Name": "Signature",
            "#text": "Microsoft Windows"
          },
          {
            "@Name": "SignatureStatus",
            "#text": "Valid"
          }
        ]
      }
    },
    {
      "@xmlns": "http://schemas.microsoft.com/win/2004/08/events/event",
      "System": {
        "Provider": {
          "@Name": "Microsoft-Windows-Sysmon",
          "@Guid": "{5770385f-c22a-43e0-bf4c-06f5698ffbd9}"
        },
        "EventID": "7",
        "Version": "3",
        "Level": "4",
        "Task": "7",
        "Opcode": "0",
        "Keywords": "0x8000000000000000",
        "TimeCreated": {
          "@SystemTime": "2025-11-18T20:08:20.6364938Z"
        },
        "EventRecordID": "1514",
        "Correlation": null,
        "Execution": {
          "@ProcessID": "4620",
          "@ThreadID": "6612"
        },
        "Channel": "Microsoft-Windows-Sysmon/Operational",
        "Computer": "DESKTOP-LG3F6GA",
        "Security": {
          "@UserID": "S-1-5-18"
        }
      },
      "EventData": {
        "Data": [
          {
            "@Name": "RuleName",
            "#text": "-"
          },
          {
            "@Name": "UtcTime",
            "#text": "2025-11-18 20:08:00.418"
          },
          {
            "@Name": "ProcessGuid",
            "#text": "{8e6fc5a7-d214-691c-1f02-000000006100}"
          },
          {
            "@Name": "ProcessId",
            "#text": "640"
          },
          {
            "@Name": "Image",
            "#text": "C:\\Windows\\System32\\svchost.exe"
          },
          {
            "@Name": "ImageLoaded",
            "#text": "C:\\Windows\\System32\\tdh.dll"
          },
          {
            "@Name": "FileVersion",
            "#text": "10.0.19041.546 (WinBuild.160101.0800)"
          },
          {
            "@Name": "Description",
            "#text": "Event Trace Helper Library"
          },
          {
            "@Name": "Product",
            "#text": "Microsoft® Windows® Operating System"
          },
          {
            "@Name": "Company",
            "#text": "Microsoft Corporation"
          },
          {
            "@Name": "OriginalFileName",
            "#text": "tdh.dll"
          },
          {
            "@Name": "Hashes",
            "#text": "SHA256=530AA67338AE18FF2783F75D51E43656B8A4BA58B52EAF46EAF776C61DCB153C"
          },
          {
            "@Name": "Signed",
            "#text": "true"
          },
          {
            "@Name": "Signature",
            "#text": "Microsoft Windows"
          },
          {
            "@Name": "SignatureStatus",
            "#text": "Valid"
          }
        ]
      }
    },
    {
      "@xmlns": "http://schemas.microsoft.com/win/2004/08/events/event",
      "System": {
        "Provider": {
          "@Name": "Microsoft-Windows-Sysmon",
          "@Guid": "{5770385f-c22a-43e0-bf4c-06f5698ffbd9}"
        },
        "EventID": "7",
        "Version": "3",
        "Level": "4",
        "Task": "7",
        "Opcode": "0",
        "Keywords": "0x8000000000000000",
        "TimeCreated": {
          "@SystemTime": "2025-11-18T20:08:20.6363795Z"
        },
        "EventRecordID": "1513",
        "Correlation": null,
        "Execution": {
          "@ProcessID": "4620",
          "@ThreadID": "6612"
        },
        "Channel": "Microsoft-Windows-Sysmon/Operational",
        "Computer": "DESKTOP-LG3F6GA",
        "Security": {
          "@UserID": "S-1-5-18"
        }
      },
      "EventData": {
        "Data": [
          {
            "@Name": "RuleName",
            "#text": "-"
          },
          {
            "@Name": "UtcTime",
            "#text": "2025-11-18 20:08:01.731"
          },
          {
            "@Name": "ProcessGuid",
            "#text": "{8e6fc5a7-3c5b-68ca-9d00-000000006100}"
          },
          {
            "@Name": "ProcessId",
            "#text": "5096"
          },
          {
            "@Name": "Image",
            "#text": "C:\\Windows\\System32\\svchost.exe"
          },
          {
            "@Name": "ImageLoaded",
            "#text": "C:\\Windows\\System32\\tdh.dll"
          },
          {
            "@Name": "FileVersion",
            "#text": "10.0.19041.546 (WinBuild.160101.0800)"
          },
          {
            "@Name": "Description",
            "#text": "Event Trace Helper Library"
          },
          {
            "@Name": "Product",
            "#text": "Microsoft® Windows® Operating System"
          },
          {
            "@Name": "Company",
            "#text": "Microsoft Corporation"
          },
          {
            "@Name": "OriginalFileName",
            "#text": "tdh.dll"
          },
          {
            "@Name": "Hashes",
            "#text": "SHA256=530AA67338AE18FF2783F75D51E43656B8A4BA58B52EAF46EAF776C61DCB153C"
          },
          {
            "@Name": "Signed",
            "#text": "true"
          },
          {
            "@Name": "Signature",
            "#text": "Microsoft Windows"
          },
          {
            "@Name": "SignatureStatus",
            "#text": "Valid"
          }
        ]
      }
    },
    {
      "@xmlns": "http://schemas.microsoft.com/win/2004/08/events/event",
      "System": {
        "Provider": {
          "@Name": "Microsoft-Windows-Sysmon",
          "@Guid": "{5770385f-c22a-43e0-bf4c-06f5698ffbd9}"
        },
        "EventID": "7",
        "Version": "3",
        "Level": "4",
        "Task": "7",
        "Opcode": "0",
        "Keywords": "0x8000000000000000",
        "TimeCreated": {
          "@SystemTime": "2025-11-18T20:08:20.6363032Z"
        },
        "EventRecordID": "1512",
        "Correlation": null,
        "Execution": {
          "@ProcessID": "4620",
          "@ThreadID": "6612"
        },
        "Channel": "Microsoft-Windows-Sysmon/Operational",
        "Computer": "DESKTOP-LG3F6GA",
        "Security": {
          "@UserID": "S-1-5-18"
        }
      },
      "EventData": {
        "Data": [
          {
            "@Name": "RuleName",
            "#text": "-"
          },
          {
            "@Name": "UtcTime",
            "#text": "2025-11-18 20:08:12.277"
          },
          {
            "@Name": "ProcessGuid",
            "#text": "{8e6fc5a7-d214-691c-1f02-000000006100}"
          },
          {
            "@Name": "ProcessId",
            "#text": "640"
          },
          {
            "@Name": "Image",
            "#text": "C:\\Windows\\System32\\svchost.exe"
          },
          {
            "@Name": "ImageLoaded",
            "#text": "C:\\Windows\\System32\\tdh.dll"
          },
          {
            "@Name": "FileVersion",
            "#text": "10.0.19041.546 (WinBuild.160101.0800)"
          },
          {
            "@Name": "Description",
            "#text": "Event Trace Helper Library"
          },
          {
            "@Name": "Product",
            "#text": "Microsoft® Windows® Operating System"
          },
          {
            "@Name": "Company",
            "#text": "Microsoft Corporation"
          },
          {
            "@Name": "OriginalFileName",
            "#text": "tdh.dll"
          },
          {
            "@Name": "Hashes",
            "#text": "SHA256=530AA67338AE18FF2783F75D51E43656B8A4BA58B52EAF46EAF776C61DCB153C"
          },
          {
            "@Name": "Signed",
            "#text": "true"
          },
          {
            "@Name": "Signature",
            "#text": "Microsoft Windows"
          },
          {
            "@Name": "SignatureStatus",
            "#text": "Valid"
          }
        ]
      }
    },
    {
      "@xmlns": "http://schemas.microsoft.com/win/2004/08/events/event",
      "System": {
        "Provider": {
          "@Name": "Microsoft-Windows-Sysmon",
          "@Guid": "{5770385f-c22a-43e0-bf4c-06f5698ffbd9}"
        },
        "EventID": "7",
        "Version": "3",
        "Level": "4",
        "Task": "7",
        "Opcode": "0",
        "Keywords": "0x8000000000000000",
        "TimeCreated": {
          "@SystemTime": "2025-11-18T20:08:20.6256214Z"
        },
        "EventRecordID": "1511",
        "Correlation": null,
        "Execution": {
          "@ProcessID": "4620",
          "@ThreadID": "6612"
        },
        "Channel": "Microsoft-Windows-Sysmon/Operational",
        "Computer": "DESKTOP-LG3F6GA",
        "Security": {
          "@UserID": "S-1-5-18"
        }
      },
      "EventData": {
        "Data": [
          {
            "@Name": "RuleName",
            "#text": "-"
          },
          {
            "@Name": "UtcTime",
            "#text": "2025-11-18 20:08:00.402"
          },
          {
            "@Name": "ProcessGuid",
            "#text": "{8e6fc5a7-d214-691c-1f02-000000006100}"
          },
          {
            "@Name": "ProcessId",
            "#text": "640"
          },
          {
            "@Name": "Image",
            "#text": "C:\\Windows\\System32\\svchost.exe"
          },
          {
            "@Name": "ImageLoaded",
            "#text": "C:\\Windows\\System32\\netapi32.dll"
          },
          {
            "@Name": "FileVersion",
            "#text": "10.0.19041.546 (WinBuild.160101.0800)"
          },
          {
            "@Name": "Description",
            "#text": "Net Win32 API DLL"
          },
          {
            "@Name": "Product",
            "#text": "Microsoft® Windows® Operating System"
          },
          {
            "@Name": "Company",
            "#text": "Microsoft Corporation"
          },
          {
            "@Name": "OriginalFileName",
            "#text": "NetApi32.DLL"
          },
          {
            "@Name": "Hashes",
            "#text": "SHA256=A01F97CAFFC96ABFCF4A5329B8904E59920D35A5B85EAADD8ECCA181D8FA36B9"
          },
          {
            "@Name": "Signed",
            "#text": "true"
          },
          {
            "@Name": "Signature",
            "#text": "Microsoft Windows"
          },
          {
            "@Name": "SignatureStatus",
            "#text": "Valid"
          }
        ]
      }
    },
    {
      "@xmlns": "http://schemas.microsoft.com/win/2004/08/events/event",
      "System": {
        "Provider": {
          "@Name": "Microsoft-Windows-Sysmon",
          "@Guid": "{5770385f-c22a-43e0-bf4c-06f5698ffbd9}"
        },
        "EventID": "7",
        "Version": "3",
        "Level": "4",
        "Task": "7",
        "Opcode": "0",
        "Keywords": "0x8000000000000000",
        "TimeCreated": {
          "@SystemTime": "2025-11-18T20:08:20.6255593Z"
        },
        "EventRecordID": "1510",
        "Correlation": null,
        "Execution": {
          "@ProcessID": "4620",
          "@ThreadID": "6612"
        },
        "Channel": "Microsoft-Windows-Sysmon/Operational",
        "Computer": "DESKTOP-LG3F6GA",
        "Security": {
          "@UserID": "S-1-5-18"
        }
      },
      "EventData": {
        "Data": [
          {
            "@Name": "RuleName",
            "#text": "-"
          },
          {
            "@Name": "UtcTime",
            "#text": "2025-11-18 20:08:01.731"
          },
          {
            "@Name": "ProcessGuid",
            "#text": "{8e6fc5a7-3c5b-68ca-9d00-000000006100}"
          },
          {
            "@Name": "ProcessId",
            "#text": "5096"
          },
          {
            "@Name": "Image",
            "#text": "C:\\Windows\\System32\\svchost.exe"
          },
          {
            "@Name": "ImageLoaded",
            "#text": "C:\\Windows\\System32\\netapi32.dll"
          },
          {
            "@Name": "FileVersion",
            "#text": "10.0.19041.546 (WinBuild.160101.0800)"
          },
          {
            "@Name": "Description",
            "#text": "Net Win32 API DLL"
          },
          {
            "@Name": "Product",
            "#text": "Microsoft® Windows® Operating System"
          },
          {
            "@Name": "Company",
            "#text": "Microsoft Corporation"
          },
          {
            "@Name": "OriginalFileName",
            "#text": "NetApi32.DLL"
          },
          {
            "@Name": "Hashes",
            "#text": "SHA256=A01F97CAFFC96ABFCF4A5329B8904E59920D35A5B85EAADD8ECCA181D8FA36B9"
          },
          {
            "@Name": "Signed",
            "#text": "true"
          },
          {
            "@Name": "Signature",
            "#text": "Microsoft Windows"
          },
          {
            "@Name": "SignatureStatus",
            "#text": "Valid"
          }
        ]
      }
    },
    {
      "@xmlns": "http://schemas.microsoft.com/win/2004/08/events/event",
      "System": {
        "Provider": {
          "@Name": "Microsoft-Windows-Sysmon",
          "@Guid": "{5770385f-c22a-43e0-bf4c-06f5698ffbd9}"
        },
        "EventID": "7",
        "Version": "3",
        "Level": "4",
        "Task": "7",
        "Opcode": "0",
        "Keywords": "0x8000000000000000",
        "TimeCreated": {
          "@SystemTime": "2025-11-18T20:08:20.6254968Z"
        },
        "EventRecordID": "1509",
        "Correlation": null,
        "Execution": {
          "@ProcessID": "4620",
          "@ThreadID": "6612"
        },
        "Channel": "Microsoft-Windows-Sysmon/Operational",
        "Computer": "DESKTOP-LG3F6GA",
        "Security": {
          "@UserID": "S-1-5-18"
        }
      },
      "EventData": {
        "Data": [
          {
            "@Name": "RuleName",
            "#text": "-"
          },
          {
            "@Name": "UtcTime",
            "#text": "2025-11-18 20:08:12.277"
          },
          {
            "@Name": "ProcessGuid",
            "#text": "{8e6fc5a7-d214-691c-1f02-000000006100}"
          },
          {
            "@Name": "ProcessId",
            "#text": "640"
          },
          {
            "@Name": "Image",
            "#text": "C:\\Windows\\System32\\svchost.exe"
          },
          {
            "@Name": "ImageLoaded",
            "#text": "C:\\Windows\\System32\\netapi32.dll"
          },
          {
            "@Name": "FileVersion",
            "#text": "10.0.19041.546 (WinBuild.160101.0800)"
          },
          {
            "@Name": "Description",
            "#text": "Net Win32 API DLL"
          },
          {
            "@Name": "Product",
            "#text": "Microsoft® Windows® Operating System"
          },
          {
            "@Name": "Company",
            "#text": "Microsoft Corporation"
          },
          {
            "@Name": "OriginalFileName",
            "#text": "NetApi32.DLL"
          },
          {
            "@Name": "Hashes",
            "#text": "SHA256=A01F97CAFFC96ABFCF4A5329B8904E59920D35A5B85EAADD8ECCA181D8FA36B9"
          },
          {
            "@Name": "Signed",
            "#text": "true"
          },
          {
            "@Name": "Signature",
            "#text": "Microsoft Windows"
          },
          {
            "@Name": "SignatureStatus",
            "#text": "Valid"
          }
        ]
      }
    },
    {
      "@xmlns": "http://schemas.microsoft.com/win/2004/08/events/event",
      "System": {
        "Provider": {
          "@Name": "Microsoft-Windows-Sysmon",
          "@Guid": "{5770385f-c22a-43e0-bf4c-06f5698ffbd9}"
        },
        "EventID": "7",
        "Version": "3",
        "Level": "4",
        "Task": "7",
        "Opcode": "0",
        "Keywords": "0x8000000000000000",
        "TimeCreated": {
          "@SystemTime": "2025-11-18T20:08:20.6073520Z"
        },
        "EventRecordID": "1508",
        "Correlation": null,
        "Execution": {
          "@ProcessID": "4620",
          "@ThreadID": "6612"
        },
        "Channel": "Microsoft-Windows-Sysmon/Operational",
        "Computer": "DESKTOP-LG3F6GA",
        "Security": {
          "@UserID": "S-1-5-18"
        }
      },
      "EventData": {
        "Data": [
          {
            "@Name": "RuleName",
            "#text": "-"
          },
          {
            "@Name": "UtcTime",
            "#text": "2025-11-18 20:08:00.402"
          },
          {
            "@Name": "ProcessGuid",
            "#text": "{8e6fc5a7-d214-691c-1f02-000000006100}"
          },
          {
            "@Name": "ProcessId",
            "#text": "640"
          },
          {
            "@Name": "Image",
            "#text": "C:\\Windows\\System32\\svchost.exe"
          },
          {
            "@Name": "ImageLoaded",
            "#text": "C:\\Windows\\System32\\wdscore.dll"
          },
          {
            "@Name": "FileVersion",
            "#text": "10.0.19041.546 (WinBuild.160101.0800)"
          },
          {
            "@Name": "Description",
            "#text": "Panther Engine Module"
          },
          {
            "@Name": "Product",
            "#text": "Microsoft® Windows® Operating System"
          },
          {
            "@Name": "Company",
            "#text": "Microsoft Corporation"
          },
          {
            "@Name": "OriginalFileName",
            "#text": "WDSCORE.DLL"
          },
          {
            "@Name": "Hashes",
            "#text": "SHA256=BDFDDA6DD69A4B9BA510A0E42B84ABCBA9D8720E009805DC6FB7AC7267B66FF4"
          },
          {
            "@Name": "Signed",
            "#text": "true"
          },
          {
            "@Name": "Signature",
            "#text": "Microsoft Windows"
          },
          {
            "@Name": "SignatureStatus",
            "#text": "Valid"
          }
        ]
      }
    },
    {
      "@xmlns": "http://schemas.microsoft.com/win/2004/08/events/event",
      "System": {
        "Provider": {
          "@Name": "Microsoft-Windows-Sysmon",
          "@Guid": "{5770385f-c22a-43e0-bf4c-06f5698ffbd9}"
        },
        "EventID": "7",
        "Version": "3",
        "Level": "4",
        "Task": "7",
        "Opcode": "0",
        "Keywords": "0x8000000000000000",
        "TimeCreated": {
          "@SystemTime": "2025-11-18T20:08:20.6069583Z"
        },
        "EventRecordID": "1507",
        "Correlation": null,
        "Execution": {
          "@ProcessID": "4620",
          "@ThreadID": "6612"
        },
        "Channel": "Microsoft-Windows-Sysmon/Operational",
        "Computer": "DESKTOP-LG3F6GA",
        "Security": {
          "@UserID": "S-1-5-18"
        }
      },
      "EventData": {
        "Data": [
          {
            "@Name": "RuleName",
            "#text": "-"
          },
          {
            "@Name": "UtcTime",
            "#text": "2025-11-18 20:08:01.731"
          },
          {
            "@Name": "ProcessGuid",
            "#text": "{8e6fc5a7-3c5b-68ca-9d00-000000006100}"
          },
          {
            "@Name": "ProcessId",
            "#text": "5096"
          },
          {
            "@Name": "Image",
            "#text": "C:\\Windows\\System32\\svchost.exe"
          },
          {
            "@Name": "ImageLoaded",
            "#text": "C:\\Windows\\System32\\wdscore.dll"
          },
          {
            "@Name": "FileVersion",
            "#text": "10.0.19041.546 (WinBuild.160101.0800)"
          },
          {
            "@Name": "Description",
            "#text": "Panther Engine Module"
          },
          {
            "@Name": "Product",
            "#text": "Microsoft® Windows® Operating System"
          },
          {
            "@Name": "Company",
            "#text": "Microsoft Corporation"
          },
          {
            "@Name": "OriginalFileName",
            "#text": "WDSCORE.DLL"
          },
          {
            "@Name": "Hashes",
            "#text": "SHA256=BDFDDA6DD69A4B9BA510A0E42B84ABCBA9D8720E009805DC6FB7AC7267B66FF4"
          },
          {
            "@Name": "Signed",
            "#text": "true"
          },
          {
            "@Name": "Signature",
            "#text": "Microsoft Windows"
          },
          {
            "@Name": "SignatureStatus",
            "#text": "Valid"
          }
        ]
      }
    },
