    {
      "@xmlns": "http://schemas.microsoft.com/win/2004/08/events/event",
      "System": {
        "Provider": {
          "@Name": "Microsoft-Windows-Sysmon",
          "@Guid": "{5770385f-c22a-43e0-bf4c-06f5698ffbd9}"
        },
        "EventID": "7",
        "Version": "3",
        "Level": "4",
        "Task": "7",
        "Opcode": "0",
        "Keywords": "0x8000000000000000",
        "TimeCreated": {
          "@SystemTime": "2025-11-21T16:00:10.2683316Z"
        },
        "EventRecordID": "417",
        "Correlation": null,
        "Execution": {
          "@ProcessID": "5204",
          "@ThreadID": "6300"
        },
        "Channel": "Microsoft-Windows-Sysmon/Operational",
        "Computer": "DESKTOP-LG3F6GA",
        "Security": {
          "@UserID": "S-1-5-18"
        }
      },
      "EventData": {
        "Data": [
          {
            "@Name": "RuleName",
            "#text": "-"
          },
          {
            "@Name": "UtcTime",
            "#text": "2025-11-21 16:00:10.206"
          },
          {
            "@Name": "ProcessGuid",
            "#text": "{0b957986-3e3b-68ca-e400-000000006000}"
          },
          {
            "@Name": "ProcessId",
            "#text": "7108"
          },
          {
            "@Name": "Image",
            "#text": "C:\\Windows\\System32\\svchost.exe"
          },
          {
            "@Name": "ImageLoaded",
            "#text": "C:\\Windows\\System32\\wbem\\wbemsvc.dll"
          },
          {
            "@Name": "FileVersion",
            "#text": "10.0.19041.610 (WinBuild.160101.0800)"
          },
          {
            "@Name": "Description",
            "#text": "WMI"
          },
          {
            "@Name": "Product",
            "#text": "Microsoft Windows Operating System"
          },
          {
            "@Name": "Company",
            "#text": "Microsoft Corporation"
          },
          {
            "@Name": "OriginalFileName",
            "#text": "wbemsvc.dll"
          },
          {
            "@Name": "Hashes",
            "#text": "SHA256=EB8CA1AE56DB8BDDCE5BA922BBEF551D5CB0FDA791E027CBA6EA4BE6810E9F66"
          },
          {
            "@Name": "Signed",
            "#text": "true"
          },
          {
            "@Name": "Signature",
            "#text": "Microsoft Windows"
          },
          {
            "@Name": "SignatureStatus",
            "#text": "Valid"
          }
        ]
      }
    },
    {
      "@xmlns": "http://schemas.microsoft.com/win/2004/08/events/event",
      "System": {
        "Provider": {
          "@Name": "Microsoft-Windows-Sysmon",
          "@Guid": "{5770385f-c22a-43e0-bf4c-06f5698ffbd9}"
        },
        "EventID": "7",
        "Version": "3",
        "Level": "4",
        "Task": "7",
        "Opcode": "0",
        "Keywords": "0x8000000000000000",
        "TimeCreated": {
          "@SystemTime": "2025-11-21T16:00:10.2629366Z"
        },
        "EventRecordID": "416",
        "Correlation": null,
        "Execution": {
          "@ProcessID": "5204",
          "@ThreadID": "6300"
        },
        "Channel": "Microsoft-Windows-Sysmon/Operational",
        "Computer": "DESKTOP-LG3F6GA",
        "Security": {
          "@UserID": "S-1-5-18"
        }
      },
      "EventData": {
        "Data": [
          {
            "@Name": "RuleName",
            "#text": "-"
          },
          {
            "@Name": "UtcTime",
            "#text": "2025-11-21 16:00:10.206"
          },
          {
            "@Name": "ProcessGuid",
            "#text": "{0b957986-8c84-6920-d302-000000006000}"
          },
          {
            "@Name": "ProcessId",
            "#text": "4156"
          },
          {
            "@Name": "Image",
            "#text": "C:\\Windows\\System32\\svchost.exe"
          },
          {
            "@Name": "ImageLoaded",
            "#text": "C:\\Windows\\System32\\wbem\\fastprox.dll"
          },
          {
            "@Name": "FileVersion",
            "#text": "10.0.19041.546 (WinBuild.160101.0800)"
          },
          {
            "@Name": "Description",
            "#text": "WMI Custom Marshaller"
          },
          {
            "@Name": "Product",
            "#text": "Microsoft Windows Operating System"
          },
          {
            "@Name": "Company",
            "#text": "Microsoft Corporation"
          },
          {
            "@Name": "OriginalFileName",
            "#text": "fastprox.dll"
          },
          {
            "@Name": "Hashes",
            "#text": "SHA256=5DA409F81810BC0CF9419A7F67D61DB00C63275E118C29528DA73D315B191654"
          },
          {
            "@Name": "Signed",
            "#text": "true"
          },
          {
            "@Name": "Signature",
            "#text": "Microsoft Windows"
          },
          {
            "@Name": "SignatureStatus",
            "#text": "Valid"
          }
        ]
      }
    },
    {
      "@xmlns": "http://schemas.microsoft.com/win/2004/08/events/event",
      "System": {
        "Provider": {
          "@Name": "Microsoft-Windows-Sysmon",
          "@Guid": "{5770385f-c22a-43e0-bf4c-06f5698ffbd9}"
        },
        "EventID": "7",
        "Version": "3",
        "Level": "4",
        "Task": "7",
        "Opcode": "0",
        "Keywords": "0x8000000000000000",
        "TimeCreated": {
          "@SystemTime": "2025-11-21T16:00:10.2628710Z"
        },
        "EventRecordID": "415",
        "Correlation": null,
        "Execution": {
          "@ProcessID": "5204",
          "@ThreadID": "6300"
        },
        "Channel": "Microsoft-Windows-Sysmon/Operational",
        "Computer": "DESKTOP-LG3F6GA",
        "Security": {
          "@UserID": "S-1-5-18"
        }
      },
      "EventData": {
        "Data": [
          {
            "@Name": "RuleName",
            "#text": "-"
          },
          {
            "@Name": "UtcTime",
            "#text": "2025-11-21 16:00:10.206"
          },
          {
            "@Name": "ProcessGuid",
            "#text": "{0b957986-8c84-6920-d302-000000006000}"
          },
          {
            "@Name": "ProcessId",
            "#text": "4156"
          },
          {
            "@Name": "Image",
            "#text": "C:\\Windows\\System32\\svchost.exe"
          },
          {
            "@Name": "ImageLoaded",
            "#text": "C:\\Windows\\System32\\wbem\\fastprox.dll"
          },
          {
            "@Name": "FileVersion",
            "#text": "10.0.19041.546 (WinBuild.160101.0800)"
          },
          {
            "@Name": "Description",
            "#text": "WMI Custom Marshaller"
          },
          {
            "@Name": "Product",
            "#text": "Microsoft Windows Operating System"
          },
          {
            "@Name": "Company",
            "#text": "Microsoft Corporation"
          },
          {
            "@Name": "OriginalFileName",
            "#text": "fastprox.dll"
          },
          {
            "@Name": "Hashes",
            "#text": "SHA256=5DA409F81810BC0CF9419A7F67D61DB00C63275E118C29528DA73D315B191654"
          },
          {
            "@Name": "Signed",
            "#text": "true"
          },
          {
            "@Name": "Signature",
            "#text": "Microsoft Windows"
          },
          {
            "@Name": "SignatureStatus",
            "#text": "Valid"
          }
        ]
      }
    },
    {
      "@xmlns": "http://schemas.microsoft.com/win/2004/08/events/event",
      "System": {
        "Provider": {
          "@Name": "Microsoft-Windows-Sysmon",
          "@Guid": "{5770385f-c22a-43e0-bf4c-06f5698ffbd9}"
        },
        "EventID": "7",
        "Version": "3",
        "Level": "4",
        "Task": "7",
        "Opcode": "0",
        "Keywords": "0x8000000000000000",
        "TimeCreated": {
          "@SystemTime": "2025-11-21T16:00:10.2515671Z"
        },
        "EventRecordID": "414",
        "Correlation": null,
        "Execution": {
          "@ProcessID": "5204",
          "@ThreadID": "6300"
        },
        "Channel": "Microsoft-Windows-Sysmon/Operational",
        "Computer": "DESKTOP-LG3F6GA",
        "Security": {
          "@UserID": "S-1-5-18"
        }
      },
      "EventData": {
        "Data": [
          {
            "@Name": "RuleName",
            "#text": "-"
          },
          {
            "@Name": "UtcTime",
            "#text": "2025-11-21 16:00:10.206"
          },
          {
            "@Name": "ProcessGuid",
            "#text": "{0b957986-8c84-6920-d302-000000006000}"
          },
          {
            "@Name": "ProcessId",
            "#text": "4156"
          },
          {
            "@Name": "Image",
            "#text": "C:\\Windows\\System32\\svchost.exe"
          },
          {
            "@Name": "ImageLoaded",
            "#text": "C:\\Windows\\System32\\wbem\\esscli.dll"
          },
          {
            "@Name": "FileVersion",
            "#text": "10.0.19041.610 (WinBuild.160101.0800)"
          },
          {
            "@Name": "Description",
            "#text": "WMI"
          },
          {
            "@Name": "Product",
            "#text": "Microsoft Windows Operating System"
          },
          {
            "@Name": "Company",
            "#text": "Microsoft Corporation"
          },
          {
            "@Name": "OriginalFileName",
            "#text": "esscli.dll"
          },
          {
            "@Name": "Hashes",
            "#text": "SHA256=DD232060FE178ACE141B036227A02A9B0521151B80AFC729D912BFA65EA8139E"
          },
          {
            "@Name": "Signed",
            "#text": "true"
          },
          {
            "@Name": "Signature",
            "#text": "Microsoft Windows"
          },
          {
            "@Name": "SignatureStatus",
            "#text": "Valid"
          }
        ]
      }
    },
    {
      "@xmlns": "http://schemas.microsoft.com/win/2004/08/events/event",
      "System": {
        "Provider": {
          "@Name": "Microsoft-Windows-Sysmon",
          "@Guid": "{5770385f-c22a-43e0-bf4c-06f5698ffbd9}"
        },
        "EventID": "7",
        "Version": "3",
        "Level": "4",
        "Task": "7",
        "Opcode": "0",
        "Keywords": "0x8000000000000000",
        "TimeCreated": {
          "@SystemTime": "2025-11-21T16:00:10.2447594Z"
        },
        "EventRecordID": "413",
        "Correlation": null,
        "Execution": {
          "@ProcessID": "5204",
          "@ThreadID": "6300"
        },
        "Channel": "Microsoft-Windows-Sysmon/Operational",
        "Computer": "DESKTOP-LG3F6GA",
        "Security": {
          "@UserID": "S-1-5-18"
        }
      },
      "EventData": {
        "Data": [
          {
            "@Name": "RuleName",
            "#text": "-"
          },
          {
            "@Name": "UtcTime",
            "#text": "2025-11-21 16:00:10.206"
          },
          {
            "@Name": "ProcessGuid",
            "#text": "{0b957986-8c84-6920-d302-000000006000}"
          },
          {
            "@Name": "ProcessId",
            "#text": "4156"
          },
          {
            "@Name": "Image",
            "#text": "C:\\Windows\\System32\\svchost.exe"
          },
          {
            "@Name": "ImageLoaded",
            "#text": "C:\\Windows\\System32\\wbem\\wbemcore.dll"
          },
          {
            "@Name": "FileVersion",
            "#text": "10.0.19041.488 (WinBuild.160101.0800)"
          },
          {
            "@Name": "Description",
            "#text": "Windows Management Instrumentation"
          },
          {
            "@Name": "Product",
            "#text": "Microsoft Windows Operating System"
          },
          {
            "@Name": "Company",
            "#text": "Microsoft Corporation"
          },
          {
            "@Name": "OriginalFileName",
            "#text": "wbemcore.dll"
          },
          {
            "@Name": "Hashes",
            "#text": "SHA256=D54502441D964532827127268FF1AE993460BECB83356BFBEA168CBC23598D83"
          },
          {
            "@Name": "Signed",
            "#text": "true"
          },
          {
            "@Name": "Signature",
            "#text": "Microsoft Windows"
          },
          {
            "@Name": "SignatureStatus",
            "#text": "Valid"
          }
        ]
      }
    },
    {
      "@xmlns": "http://schemas.microsoft.com/win/2004/08/events/event",
      "System": {
        "Provider": {
          "@Name": "Microsoft-Windows-Sysmon",
          "@Guid": "{5770385f-c22a-43e0-bf4c-06f5698ffbd9}"
        },
        "EventID": "11",
        "Version": "2",
        "Level": "4",
        "Task": "11",
        "Opcode": "0",
        "Keywords": "0x8000000000000000",
        "TimeCreated": {
          "@SystemTime": "2025-11-21T16:00:10.2340966Z"
        },
        "EventRecordID": "412",
        "Correlation": null,
        "Execution": {
          "@ProcessID": "5204",
          "@ThreadID": "4168"
        },
        "Channel": "Microsoft-Windows-Sysmon/Operational",
        "Computer": "DESKTOP-LG3F6GA",
        "Security": {
          "@UserID": "S-1-5-18"
        }
      },
      "EventData": {
        "Data": [
          {
            "@Name": "RuleName",
            "#text": "-"
          },
          {
            "@Name": "UtcTime",
            "#text": "2025-11-21 16:00:10.222"
          },
          {
            "@Name": "ProcessGuid",
            "#text": "{0b957986-8c84-6920-d302-000000006000}"
          },
          {
            "@Name": "ProcessId",
            "#text": "4156"
          },
          {
            "@Name": "Image",
            "#text": "C:\\WINDOWS\\system32\\svchost.exe"
          },
          {
            "@Name": "TargetFilename",
            "#text": "C:\\Windows\\System32\\wbem\\Repository\\WRITABLE.TST"
          },
          {
            "@Name": "CreationUtcTime",
            "#text": "2025-11-21 16:00:10.222"
          }
        ]
      }
    },
    {
      "@xmlns": "http://schemas.microsoft.com/win/2004/08/events/event",
      "System": {
        "Provider": {
          "@Name": "Microsoft-Windows-Sysmon",
          "@Guid": "{5770385f-c22a-43e0-bf4c-06f5698ffbd9}"
        },
        "EventID": "7",
        "Version": "3",
        "Level": "4",
        "Task": "7",
        "Opcode": "0",
        "Keywords": "0x8000000000000000",
        "TimeCreated": {
          "@SystemTime": "2025-11-21T16:00:10.2316485Z"
        },
        "EventRecordID": "411",
        "Correlation": null,
        "Execution": {
          "@ProcessID": "5204",
          "@ThreadID": "6300"
        },
        "Channel": "Microsoft-Windows-Sysmon/Operational",
        "Computer": "DESKTOP-LG3F6GA",
        "Security": {
          "@UserID": "S-1-5-18"
        }
      },
      "EventData": {
        "Data": [
          {
            "@Name": "RuleName",
            "#text": "-"
          },
          {
            "@Name": "UtcTime",
            "#text": "2025-11-21 16:00:10.190"
          },
          {
            "@Name": "ProcessGuid",
            "#text": "{0b957986-8c84-6920-d302-000000006000}"
          },
          {
            "@Name": "ProcessId",
            "#text": "4156"
          },
          {
            "@Name": "Image",
            "#text": "C:\\Windows\\System32\\svchost.exe"
          },
          {
            "@Name": "ImageLoaded",
            "#text": "C:\\Windows\\System32\\propsys.dll"
          },
          {
            "@Name": "FileVersion",
            "#text": "7.0.19041.546 (WinBuild.160101.0800)"
          },
          {
            "@Name": "Description",
            "#text": "Microsoft Property System"
          },
          {
            "@Name": "Product",
            "#text": "Windows Search"
          },
          {
            "@Name": "Company",
            "#text": "Microsoft Corporation"
          },
          {
            "@Name": "OriginalFileName",
            "#text": "propsys.dll"
          },
          {
            "@Name": "Hashes",
            "#text": "SHA256=70AE5CD70DF18EC7EE9BBDB3C0A07B83446077DFEB1FEF88C38DDF4006023C81"
          },
          {
            "@Name": "Signed",
            "#text": "true"
          },
          {
            "@Name": "Signature",
            "#text": "Microsoft Windows"
          },
          {
            "@Name": "SignatureStatus",
            "#text": "Valid"
          }
        ]
      }
    },
    {
      "@xmlns": "http://schemas.microsoft.com/win/2004/08/events/event",
      "System": {
        "Provider": {
          "@Name": "Microsoft-Windows-Sysmon",
          "@Guid": "{5770385f-c22a-43e0-bf4c-06f5698ffbd9}"
        },
        "EventID": "7",
        "Version": "3",
        "Level": "4",
        "Task": "7",
        "Opcode": "0",
        "Keywords": "0x8000000000000000",
        "TimeCreated": {
          "@SystemTime": "2025-11-21T16:00:10.2270802Z"
        },
        "EventRecordID": "410",
        "Correlation": null,
        "Execution": {
          "@ProcessID": "5204",
          "@ThreadID": "6300"
        },
        "Channel": "Microsoft-Windows-Sysmon/Operational",
        "Computer": "DESKTOP-LG3F6GA",
        "Security": {
          "@UserID": "S-1-5-18"
        }
      },
      "EventData": {
        "Data": [
          {
            "@Name": "RuleName",
            "#text": "-"
          },
          {
            "@Name": "UtcTime",
            "#text": "2025-11-21 16:00:10.175"
          },
          {
            "@Name": "ProcessGuid",
            "#text": "{0b957986-8c84-6920-d302-000000006000}"
          },
          {
            "@Name": "ProcessId",
            "#text": "4156"
          },
          {
            "@Name": "Image",
            "#text": "C:\\Windows\\System32\\svchost.exe"
          },
          {
            "@Name": "ImageLoaded",
            "#text": "C:\\Windows\\System32\\samlib.dll"
          },
          {
            "@Name": "FileVersion",
            "#text": "10.0.19041.630 (WinBuild.160101.0800)"
          },
          {
            "@Name": "Description",
            "#text": "SAM Library DLL"
          },
          {
            "@Name": "Product",
            "#text": "Microsoft Windows Operating System"
          },
          {
            "@Name": "Company",
            "#text": "Microsoft Corporation"
          },
          {
            "@Name": "OriginalFileName",
            "#text": "SAMLib.DLL"
          },
          {
            "@Name": "Hashes",
            "#text": "SHA256=1ED0C27C734D0950E91D090632466A9BDC8046284FA32B022F311A86CCDA5D02"
          },
          {
            "@Name": "Signed",
            "#text": "true"
          },
          {
            "@Name": "Signature",
            "#text": "Microsoft Windows"
          },
          {
            "@Name": "SignatureStatus",
            "#text": "Valid"
          }
        ]
      }
    },
    {
      "@xmlns": "http://schemas.microsoft.com/win/2004/08/events/event",
      "System": {
        "Provider": {
          "@Name": "Microsoft-Windows-Sysmon",
          "@Guid": "{5770385f-c22a-43e0-bf4c-06f5698ffbd9}"
        },
        "EventID": "7",
        "Version": "3",
        "Level": "4",
        "Task": "7",
        "Opcode": "0",
        "Keywords": "0x8000000000000000",
        "TimeCreated": {
          "@SystemTime": "2025-11-21T16:00:10.2202082Z"
        },
        "EventRecordID": "409",
        "Correlation": null,
        "Execution": {
          "@ProcessID": "5204",
          "@ThreadID": "6300"
        },
        "Channel": "Microsoft-Windows-Sysmon/Operational",
        "Computer": "DESKTOP-LG3F6GA",
        "Security": {
          "@UserID": "S-1-5-18"
        }
      },
      "EventData": {
        "Data": [
          {
            "@Name": "RuleName",
            "#text": "-"
          },
          {
            "@Name": "UtcTime",
            "#text": "2025-11-21 16:00:10.175"
          },
          {
            "@Name": "ProcessGuid",
            "#text": "{0b957986-8c84-6920-d302-000000006000}"
          },
          {
            "@Name": "ProcessId",
            "#text": "4156"
          },
          {
            "@Name": "Image",
            "#text": "C:\\Windows\\System32\\svchost.exe"
          },
          {
            "@Name": "ImageLoaded",
            "#text": "C:\\Windows\\System32\\netutils.dll"
          },
          {
            "@Name": "FileVersion",
            "#text": "10.0.19041.546 (WinBuild.160101.0800)"
          },
          {
            "@Name": "Description",
            "#text": "Net Win32 API Helpers DLL"
          },
          {
            "@Name": "Product",
            "#text": "Microsoft Windows Operating System"
          },
          {
            "@Name": "Company",
            "#text": "Microsoft Corporation"
          },
          {
            "@Name": "OriginalFileName",
            "#text": "NETUTILS.DLL"
          },
          {
            "@Name": "Hashes",
            "#text": "SHA256=4B02305203AB1AC0E795B6467C1E17A00C17447941AEFBF91378186E2FC580D8"
          },
          {
            "@Name": "Signed",
            "#text": "true"
          },
          {
            "@Name": "Signature",
            "#text": "Microsoft Windows"
          },
          {
            "@Name": "SignatureStatus",
            "#text": "Valid"
          }
        ]
      }
    },
    {
      "@xmlns": "http://schemas.microsoft.com/win/2004/08/events/event",
      "System": {
        "Provider": {
          "@Name": "Microsoft-Windows-Sysmon",
          "@Guid": "{5770385f-c22a-43e0-bf4c-06f5698ffbd9}"
        },
        "EventID": "7",
        "Version": "3",
        "Level": "4",
        "Task": "7",
        "Opcode": "0",
        "Keywords": "0x8000000000000000",
        "TimeCreated": {
          "@SystemTime": "2025-11-21T16:00:10.2170484Z"
        },
        "EventRecordID": "408",
        "Correlation": null,
        "Execution": {
          "@ProcessID": "5204",
          "@ThreadID": "6300"
        },
        "Channel": "Microsoft-Windows-Sysmon/Operational",
        "Computer": "DESKTOP-LG3F6GA",
        "Security": {
          "@UserID": "S-1-5-18"
        }
      },
      "EventData": {
        "Data": [
          {
            "@Name": "RuleName",
            "#text": "-"
          },
          {
            "@Name": "UtcTime",
            "#text": "2025-11-21 16:00:10.175"
          },
          {
            "@Name": "ProcessGuid",
            "#text": "{0b957986-8c84-6920-d302-000000006000}"
          },
          {
            "@Name": "ProcessId",
            "#text": "4156"
          },
          {
            "@Name": "Image",
            "#text": "C:\\Windows\\System32\\svchost.exe"
          },
          {
            "@Name": "ImageLoaded",
            "#text": "C:\\Windows\\System32\\samcli.dll"
          },
          {
            "@Name": "FileVersion",
            "#text": "10.0.19041.546 (WinBuild.160101.0800)"
          },
          {
            "@Name": "Description",
            "#text": "Security Accounts Manager Client DLL"
          },
          {
            "@Name": "Product",
            "#text": "Microsoft Windows Operating System"
          },
          {
            "@Name": "Company",
            "#text": "Microsoft Corporation"
          },
          {
            "@Name": "OriginalFileName",
            "#text": "SAMCLI.DLL"
          },
          {
            "@Name": "Hashes",
            "#text": "SHA256=FB00E9A54C96E34317B9A1F1099EFAFA49ECF8F8776294BBD9A59A396904F94F"
          },
          {
            "@Name": "Signed",
            "#text": "true"
          },
          {
            "@Name": "Signature",
            "#text": "Microsoft Windows"
          },
          {
            "@Name": "SignatureStatus",
            "#text": "Valid"
          }
        ]
      }
    },
    {
      "@xmlns": "http://schemas.microsoft.com/win/2004/08/events/event",
      "System": {
        "Provider": {
          "@Name": "Microsoft-Windows-Sysmon",
          "@Guid": "{5770385f-c22a-43e0-bf4c-06f5698ffbd9}"
        },
        "EventID": "7",
        "Version": "3",
        "Level": "4",
        "Task": "7",
        "Opcode": "0",
        "Keywords": "0x8000000000000000",
        "TimeCreated": {
          "@SystemTime": "2025-11-21T16:00:10.1967687Z"
        },
        "EventRecordID": "407",
        "Correlation": null,
        "Execution": {
          "@ProcessID": "5204",
          "@ThreadID": "6300"
        },
        "Channel": "Microsoft-Windows-Sysmon/Operational",
        "Computer": "DESKTOP-LG3F6GA",
        "Security": {
          "@UserID": "S-1-5-18"
        }
      },
      "EventData": {
        "Data": [
          {
            "@Name": "RuleName",
            "#text": "-"
          },
          {
            "@Name": "UtcTime",
            "#text": "2025-11-21 16:00:10.175"
          },
          {
            "@Name": "ProcessGuid",
            "#text": "{0b957986-8c84-6920-d302-000000006000}"
          },
          {
            "@Name": "ProcessId",
            "#text": "4156"
          },
          {
            "@Name": "Image",
            "#text": "C:\\Windows\\System32\\svchost.exe"
          },
          {
            "@Name": "ImageLoaded",
            "#text": "C:\\Windows\\System32\\vsstrace.dll"
          },
          {
            "@Name": "FileVersion",
            "#text": "10.0.19041.546 (WinBuild.160101.0800)"
          },
          {
            "@Name": "Description",
            "#text": "Microsoft Volume Shadow Copy Service Tracing Library"
          },
          {
            "@Name": "Product",
            "#text": "Microsoft Windows Operating System"
          },
          {
            "@Name": "Company",
            "#text": "Microsoft Corporation"
          },
          {
            "@Name": "OriginalFileName",
            "#text": "vsstrace.dll"
          },
          {
            "@Name": "Hashes",
            "#text": "SHA256=F83FA640C36122B38A0A45899CFBBECE60F35F06D0C71ABD07766B8C96A377BF"
          },
          {
            "@Name": "Signed",
            "#text": "true"
          },
          {
            "@Name": "Signature",
            "#text": "Microsoft Windows"
          },
          {
            "@Name": "SignatureStatus",
            "#text": "Valid"
          }
        ]
      }
    },
    {
      "@xmlns": "http://schemas.microsoft.com/win/2004/08/events/event",
      "System": {
        "Provider": {
          "@Name": "Microsoft-Windows-Sysmon",
          "@Guid": "{5770385f-c22a-43e0-bf4c-06f5698ffbd9}"
        },
        "EventID": "7",
        "Version": "3",
        "Level": "4",
        "Task": "7",
        "Opcode": "0",
        "Keywords": "0x8000000000000000",
        "TimeCreated": {
          "@SystemTime": "2025-11-21T16:00:10.1913186Z"
        },
        "EventRecordID": "406",
        "Correlation": null,
        "Execution": {
          "@ProcessID": "5204",
          "@ThreadID": "6300"
        },
        "Channel": "Microsoft-Windows-Sysmon/Operational",
        "Computer": "DESKTOP-LG3F6GA",
        "Security": {
          "@UserID": "S-1-5-18"
        }
      },
      "EventData": {
        "Data": [
          {
            "@Name": "RuleName",
            "#text": "-"
          },
          {
            "@Name": "UtcTime",
            "#text": "2025-11-21 16:00:10.175"
          },
          {
            "@Name": "ProcessGuid",
            "#text": "{0b957986-8c84-6920-d302-000000006000}"
          },
          {
            "@Name": "ProcessId",
            "#text": "4156"
          },
          {
            "@Name": "Image",
            "#text": "C:\\Windows\\System32\\svchost.exe"
          },
          {
            "@Name": "ImageLoaded",
            "#text": "C:\\Windows\\System32\\vssapi.dll"
          },
          {
            "@Name": "FileVersion",
            "#text": "10.0.19041.546 (WinBuild.160101.0800)"
          },
          {
            "@Name": "Description",
            "#text": "Microsoft Volume Shadow Copy Requestor/Writer Services API DLL"
          },
          {
            "@Name": "Product",
            "#text": "Microsoft Windows Operating System"
          },
          {
            "@Name": "Company",
            "#text": "Microsoft Corporation"
          },
          {
            "@Name": "OriginalFileName",
            "#text": "VSSAPI.DLL"
          },
          {
            "@Name": "Hashes",
            "#text": "SHA256=20C9625D3F4F10F64BDD39120EC882DA01E14EE6E7F583BF3FDD3238160F8866"
          },
          {
            "@Name": "Signed",
            "#text": "true"
          },
          {
            "@Name": "Signature",
            "#text": "Microsoft Windows"
          },
          {
            "@Name": "SignatureStatus",
            "#text": "Valid"
          }
        ]
      }
    },
    {
      "@xmlns": "http://schemas.microsoft.com/win/2004/08/events/event",
      "System": {
        "Provider": {
          "@Name": "Microsoft-Windows-Sysmon",
          "@Guid": "{5770385f-c22a-43e0-bf4c-06f5698ffbd9}"
        },
        "EventID": "7",
        "Version": "3",
        "Level": "4",
        "Task": "7",
        "Opcode": "0",
        "Keywords": "0x8000000000000000",
        "TimeCreated": {
          "@SystemTime": "2025-11-21T16:00:10.1883922Z"
        },
        "EventRecordID": "405",
        "Correlation": null,
        "Execution": {
          "@ProcessID": "5204",
          "@ThreadID": "4168"
        },
        "Channel": "Microsoft-Windows-Sysmon/Operational",
        "Computer": "DESKTOP-LG3F6GA",
        "Security": {
          "@UserID": "S-1-5-18"
        }
      },
      "EventData": {
        "Data": [
          {
            "@Name": "RuleName",
            "#text": "-"
          },
          {
            "@Name": "UtcTime",
            "#text": "2025-11-21 16:00:10.175"
          },
          {
            "@Name": "ProcessGuid",
            "#text": "{0b957986-8c84-6920-d302-000000006000}"
          },
          {
            "@Name": "ProcessId",
            "#text": "4156"
          },
          {
            "@Name": "Image",
            "#text": "C:\\Windows\\System32\\svchost.exe"
          },
          {
            "@Name": "ImageLoaded",
            "#text": "C:\\Windows\\System32\\es.dll"
          },
          {
            "@Name": "FileVersion",
            "#text": "2001.12.10941.16384 (WinBuild.160101.0800)"
          },
          {
            "@Name": "Description",
            "#text": "COM+"
          },
          {
            "@Name": "Product",
            "#text": "Microsoft Windows Operating System"
          },
          {
            "@Name": "Company",
            "#text": "Microsoft Corporation"
          },
          {
            "@Name": "OriginalFileName",
            "#text": "ES.DLL"
          },
          {
            "@Name": "Hashes",
            "#text": "SHA256=B8F3E0026D2DC9F473C261209D618338CE5773DE201734BCC4609DD55BECBF21"
          },
          {
            "@Name": "Signed",
            "#text": "true"
          },
          {
            "@Name": "Signature",
            "#text": "Microsoft Windows"
          },
          {
            "@Name": "SignatureStatus",
            "#text": "Valid"
          }
        ]
      }
    },
    {
      "@xmlns": "http://schemas.microsoft.com/win/2004/08/events/event",
      "System": {
        "Provider": {
          "@Name": "Microsoft-Windows-Sysmon",
          "@Guid": "{5770385f-c22a-43e0-bf4c-06f5698ffbd9}"
        },
        "EventID": "7",
        "Version": "3",
        "Level": "4",
        "Task": "7",
        "Opcode": "0",
        "Keywords": "0x8000000000000000",
        "TimeCreated": {
          "@SystemTime": "2025-11-21T16:00:10.1880807Z"
        },
        "EventRecordID": "404",
        "Correlation": null,
        "Execution": {
          "@ProcessID": "5204",
          "@ThreadID": "4168"
        },
        "Channel": "Microsoft-Windows-Sysmon/Operational",
        "Computer": "DESKTOP-LG3F6GA",
        "Security": {
          "@UserID": "S-1-5-18"
        }
      },
      "EventData": {
        "Data": [
          {
            "@Name": "RuleName",
            "#text": "-"
          },
          {
            "@Name": "UtcTime",
            "#text": "2025-11-21 16:00:10.175"
          },
          {
            "@Name": "ProcessGuid",
            "#text": "{0b957986-8c84-6920-d302-000000006000}"
          },
          {
            "@Name": "ProcessId",
            "#text": "4156"
          },
          {
            "@Name": "Image",
            "#text": "C:\\Windows\\System32\\svchost.exe"
          },
          {
            "@Name": "ImageLoaded",
            "#text": "C:\\Windows\\System32\\oleaut32.dll"
          },
          {
            "@Name": "FileVersion",
            "#text": "10.0.19041.546 (WinBuild.160101.0800)"
          },
          {
            "@Name": "Description",
            "#text": "OLEAUT32.DLL"
          },
          {
            "@Name": "Product",
            "#text": "Microsoft Windows Operating System"
          },
          {
            "@Name": "Company",
            "#text": "Microsoft Corporation"
          },
          {
            "@Name": "OriginalFileName",
            "#text": "OLEAUT32.DLL"
          },
          {
            "@Name": "Hashes",
            "#text": "SHA256=14F630C884B1A1DA4E629B1D6B05E7C26089B41D7ED26CE02EF8A43422B0106B"
          },
          {
            "@Name": "Signed",
            "#text": "true"
          },
          {
            "@Name": "Signature",
            "#text": "Microsoft Windows"
          },
          {
            "@Name": "SignatureStatus",
            "#text": "Valid"
          }
        ]
      }
    },
    {
      "@xmlns": "http://schemas.microsoft.com/win/2004/08/events/event",
      "System": {
        "Provider": {
          "@Name": "Microsoft-Windows-Sysmon",
          "@Guid": "{5770385f-c22a-43e0-bf4c-06f5698ffbd9}"
        },
        "EventID": "7",
        "Version": "3",
        "Level": "4",
        "Task": "7",
        "Opcode": "0",
        "Keywords": "0x8000000000000000",
        "TimeCreated": {
          "@SystemTime": "2025-11-21T16:00:10.1879289Z"
        },
        "EventRecordID": "403",
        "Correlation": null,
        "Execution": {
          "@ProcessID": "5204",
          "@ThreadID": "4168"
        },
        "Channel": "Microsoft-Windows-Sysmon/Operational",
        "Computer": "DESKTOP-LG3F6GA",
        "Security": {
          "@UserID": "S-1-5-18"
        }
      },
      "EventData": {
        "Data": [
          {
            "@Name": "RuleName",
            "#text": "-"
          },
          {
            "@Name": "UtcTime",
            "#text": "2025-11-21 16:00:10.175"
          },
          {
            "@Name": "ProcessGuid",
            "#text": "{0b957986-8c84-6920-d302-000000006000}"
          },
          {
            "@Name": "ProcessId",
            "#text": "4156"
          },
          {
            "@Name": "Image",
            "#text": "C:\\Windows\\System32\\svchost.exe"
          },
          {
            "@Name": "ImageLoaded",
            "#text": "C:\\Windows\\System32\\ws2_32.dll"
          },
          {
            "@Name": "FileVersion",
            "#text": "10.0.19041.546 (WinBuild.160101.0800)"
          },
          {
            "@Name": "Description",
            "#text": "Windows Socket 2.0 32-Bit DLL"
          },
          {
            "@Name": "Product",
            "#text": "Microsoft Windows Operating System"
          },
          {
            "@Name": "Company",
            "#text": "Microsoft Corporation"
          },
          {
            "@Name": "OriginalFileName",
            "#text": "ws2_32.dll"
          },
          {
            "@Name": "Hashes",
            "#text": "SHA256=1F996574F38219CDD848375F517F8D86E17542BC84D64CCE63AA0C64CC15F22D"
          },
          {
            "@Name": "Signed",
            "#text": "true"
          },
          {
            "@Name": "Signature",
            "#text": "Microsoft Windows"
          },
          {
            "@Name": "SignatureStatus",
            "#text": "Valid"
          }
        ]
      }
    },
    {
      "@xmlns": "http://schemas.microsoft.com/win/2004/08/events/event",
      "System": {
        "Provider": {
          "@Name": "Microsoft-Windows-Sysmon",
          "@Guid": "{5770385f-c22a-43e0-bf4c-06f5698ffbd9}"
        },
        "EventID": "7",
        "Version": "3",
        "Level": "4",
        "Task": "7",
        "Opcode": "0",
        "Keywords": "0x8000000000000000",
        "TimeCreated": {
          "@SystemTime": "2025-11-21T16:00:10.1743584Z"
        },
        "EventRecordID": "402",
        "Correlation": null,
        "Execution": {
          "@ProcessID": "5204",
          "@ThreadID": "6300"
        },
        "Channel": "Microsoft-Windows-Sysmon/Operational",
        "Computer": "DESKTOP-LG3F6GA",
        "Security": {
          "@UserID": "S-1-5-18"
        }
      },
      "EventData": {
        "Data": [
          {
            "@Name": "RuleName",
            "#text": "-"
          },
          {
            "@Name": "UtcTime",
            "#text": "2025-11-21 16:00:10.159"
          },
          {
            "@Name": "ProcessGuid",
            "#text": "{0b957986-3e3b-68ca-e400-000000006000}"
          },
          {
            "@Name": "ProcessId",
            "#text": "7108"
          },
          {
            "@Name": "Image",
            "#text": "C:\\Windows\\System32\\svchost.exe"
          },
          {
            "@Name": "ImageLoaded",
            "#text": "C:\\Windows\\System32\\wbem\\wbemprox.dll"
          },
          {
            "@Name": "FileVersion",
            "#text": "10.0.19041.610 (WinBuild.160101.0800)"
          },
          {
            "@Name": "Description",
            "#text": "WMI"
          },
          {
            "@Name": "Product",
            "#text": "Microsoft Windows Operating System"
          },
          {
            "@Name": "Company",
            "#text": "Microsoft Corporation"
          },
          {
            "@Name": "OriginalFileName",
            "#text": "wbemprox.dll"
          },
          {
            "@Name": "Hashes",
            "#text": "SHA256=56E48B9B384DB72E54D90C778BB17711C4E4E9D0C925251FD7397DF9E2BC3088"
          },
          {
            "@Name": "Signed",
            "#text": "true"
          },
          {
            "@Name": "Signature",
            "#text": "Microsoft Windows"
          },
          {
            "@Name": "SignatureStatus",
            "#text": "Valid"
          }
        ]
      }
    },
    {
      "@xmlns": "http://schemas.microsoft.com/win/2004/08/events/event",
      "System": {
        "Provider": {
          "@Name": "Microsoft-Windows-Sysmon",
          "@Guid": "{5770385f-c22a-43e0-bf4c-06f5698ffbd9}"
        },
        "EventID": "7",
        "Version": "3",
        "Level": "4",
        "Task": "7",
        "Opcode": "0",
        "Keywords": "0x8000000000000000",
        "TimeCreated": {
          "@SystemTime": "2025-11-21T16:00:10.1698035Z"
        },
        "EventRecordID": "401",
        "Correlation": null,
        "Execution": {
          "@ProcessID": "5204",
          "@ThreadID": "4168"
        },
        "Channel": "Microsoft-Windows-Sysmon/Operational",
        "Computer": "DESKTOP-LG3F6GA",
        "Security": {
          "@UserID": "S-1-5-18"
        }
      },
      "EventData": {
        "Data": [
          {
            "@Name": "RuleName",
            "#text": "-"
          },
          {
            "@Name": "UtcTime",
            "#text": "2025-11-21 16:00:10.159"
          },
          {
            "@Name": "ProcessGuid",
            "#text": "{0b957986-3e3b-68ca-e400-000000006000}"
          },
          {
            "@Name": "ProcessId",
            "#text": "7108"
          },
          {
            "@Name": "Image",
            "#text": "C:\\Windows\\System32\\svchost.exe"
          },
          {
            "@Name": "ImageLoaded",
            "#text": "C:\\Windows\\System32\\wbemcomn.dll"
          },
          {
            "@Name": "FileVersion",
            "#text": "10.0.19041.546 (WinBuild.160101.0800)"
          },
          {
            "@Name": "Description",
            "#text": "WMI"
          },
          {
            "@Name": "Product",
            "#text": "Microsoft Windows Operating System"
          },
          {
            "@Name": "Company",
            "#text": "Microsoft Corporation"
          },
          {
            "@Name": "OriginalFileName",
            "#text": "wbemcomn.dll"
          },
          {
            "@Name": "Hashes",
            "#text": "SHA256=E24CB4A490E97BC6993D6368E7301F545E3DF02855086D868CFF65E6EEB6C91B"
          },
          {
            "@Name": "Signed",
            "#text": "true"
          },
          {
            "@Name": "Signature",
            "#text": "Microsoft Windows"
          },
          {
            "@Name": "SignatureStatus",
            "#text": "Valid"
          }
        ]
      }
    },
    {
      "@xmlns": "http://schemas.microsoft.com/win/2004/08/events/event",
      "System": {
        "Provider": {
          "@Name": "Microsoft-Windows-Sysmon",
          "@Guid": "{5770385f-c22a-43e0-bf4c-06f5698ffbd9}"
        },
        "EventID": "7",
        "Version": "3",
        "Level": "4",
        "Task": "7",
        "Opcode": "0",
        "Keywords": "0x8000000000000000",
        "TimeCreated": {
          "@SystemTime": "2025-11-21T16:00:10.1597430Z"
        },
        "EventRecordID": "400",
        "Correlation": null,
        "Execution": {
          "@ProcessID": "5204",
          "@ThreadID": "6300"
        },
        "Channel": "Microsoft-Windows-Sysmon/Operational",
        "Computer": "DESKTOP-LG3F6GA",
        "Security": {
          "@UserID": "S-1-5-18"
        }
      },
      "EventData": {
        "Data": [
          {
            "@Name": "RuleName",
            "#text": "-"
          },
          {
            "@Name": "UtcTime",
            "#text": "2025-11-21 16:00:10.144"
          },
          {
            "@Name": "ProcessGuid",
            "#text": "{0b957986-3e3b-68ca-e400-000000006000}"
          },
          {
            "@Name": "ProcessId",
            "#text": "7108"
          },
          {
            "@Name": "Image",
            "#text": "C:\\Windows\\System32\\svchost.exe"
          },
          {
            "@Name": "ImageLoaded",
            "#text": "C:\\Windows\\System32\\wer.dll"
          },
          {
            "@Name": "FileVersion",
            "#text": "10.0.19041.630 (WinBuild.160101.0800)"
          },
          {
            "@Name": "Description",
            "#text": "Windows Error Reporting DLL"
          },
          {
            "@Name": "Product",
            "#text": "Microsoft Windows Operating System"
          },
          {
            "@Name": "Company",
            "#text": "Microsoft Corporation"
          },
          {
            "@Name": "OriginalFileName",
            "#text": "wer.dll"
          },
          {
            "@Name": "Hashes",
            "#text": "SHA256=E5F5EEE350CBDF1A4D55AD11803BAE7ED887DFC2BD3B95B38180B74D49CBEC05"
          },
          {
            "@Name": "Signed",
            "#text": "true"
          },
          {
            "@Name": "Signature",
            "#text": "Microsoft Windows"
          },
          {
            "@Name": "SignatureStatus",
            "#text": "Valid"
          }
        ]
      }
    },
    {
      "@xmlns": "http://schemas.microsoft.com/win/2004/08/events/event",
      "System": {
        "Provider": {
          "@Name": "Microsoft-Windows-Sysmon",
          "@Guid": "{5770385f-c22a-43e0-bf4c-06f5698ffbd9}"
        },
        "EventID": "7",
        "Version": "3",
        "Level": "4",
        "Task": "7",
        "Opcode": "0",
        "Keywords": "0x8000000000000000",
        "TimeCreated": {
          "@SystemTime": "2025-11-21T16:00:10.1549570Z"
        },
        "EventRecordID": "399",
        "Correlation": null,
        "Execution": {
          "@ProcessID": "5204",
          "@ThreadID": "6300"
        },
        "Channel": "Microsoft-Windows-Sysmon/Operational",
        "Computer": "DESKTOP-LG3F6GA",
        "Security": {
          "@UserID": "S-1-5-18"
        }
      },
      "EventData": {
        "Data": [
          {
            "@Name": "RuleName",
            "#text": "-"
          },
          {
            "@Name": "UtcTime",
            "#text": "2025-11-21 16:00:10.144"
          },
          {
            "@Name": "ProcessGuid",
            "#text": "{0b957986-3e3b-68ca-e400-000000006000}"
          },
          {
            "@Name": "ProcessId",
            "#text": "7108"
          },
          {
            "@Name": "Image",
            "#text": "C:\\Windows\\System32\\svchost.exe"
          },
          {
            "@Name": "ImageLoaded",
            "#text": "C:\\Windows\\System32\\StorageUsage.dll"
          },
          {
            "@Name": "FileVersion",
            "#text": "10.0.19041.546 (WinBuild.160101.0800)"
          },
          {
            "@Name": "Description",
            "#text": "Storage Usage"
          },
          {
            "@Name": "Product",
            "#text": "Microsoft Windows Operating System"
          },
          {
            "@Name": "Company",
            "#text": "Microsoft Corporation"
          },
          {
            "@Name": "OriginalFileName",
            "#text": "StorageUsage.dll"
          },
          {
            "@Name": "Hashes",
            "#text": "SHA256=F0345CD4C609ABE209F1202654F7518DC340BFD3939B9DD4A34FBFFD5F7B2344"
          },
          {
            "@Name": "Signed",
            "#text": "true"
          },
          {
            "@Name": "Signature",
            "#text": "Microsoft Windows"
          },
          {
            "@Name": "SignatureStatus",
            "#text": "Valid"
          }
        ]
      }
    },
    {
      "@xmlns": "http://schemas.microsoft.com/win/2004/08/events/event",
      "System": {
        "Provider": {
          "@Name": "Microsoft-Windows-Sysmon",
          "@Guid": "{5770385f-c22a-43e0-bf4c-06f5698ffbd9}"
        },
        "EventID": "18",
        "Version": "1",
        "Level": "4",
        "Task": "18",
        "Opcode": "0",
        "Keywords": "0x8000000000000000",
        "TimeCreated": {
          "@SystemTime": "2025-11-21T16:00:09.1981215Z"
        },
        "EventRecordID": "398",
        "Correlation": null,
        "Execution": {
          "@ProcessID": "5204",
          "@ThreadID": "4168"
        },
        "Channel": "Microsoft-Windows-Sysmon/Operational",
        "Computer": "DESKTOP-LG3F6GA",
        "Security": {
          "@UserID": "S-1-5-18"
        }
      },
      "EventData": {
        "Data": [
          {
            "@Name": "RuleName",
            "#text": "-"
          },
          {
            "@Name": "EventType",
            "#text": "ConnectPipe"
          },
          {
            "@Name": "UtcTime",
            "#text": "2025-11-21 16:00:09.190"
          },
          {
            "@Name": "ProcessGuid",
            "#text": "{0b957986-8c86-6920-f802-000000006000}"
          },
          {
            "@Name": "ProcessId",
            "#text": "2500"
          },
          {
            "@Name": "PipeName",
            "#text": "\\lYgTghy"
          },
          {
            "@Name": "Image",
            "#text": "C:\\Users\\buddy\\AppData\\Local\\Temp\\etw-dns-app.exe"
          }
        ]
      }
    },
    {
      "@xmlns": "http://schemas.microsoft.com/win/2004/08/events/event",
      "System": {
        "Provider": {
          "@Name": "Microsoft-Windows-Sysmon",
          "@Guid": "{5770385f-c22a-43e0-bf4c-06f5698ffbd9}"
        },
        "EventID": "18",
        "Version": "1",
        "Level": "4",
        "Task": "18",
        "Opcode": "0",
        "Keywords": "0x8000000000000000",
        "TimeCreated": {
          "@SystemTime": "2025-11-21T16:00:09.1954247Z"
        },
        "EventRecordID": "397",
        "Correlation": null,
        "Execution": {
          "@ProcessID": "5204",
          "@ThreadID": "4168"
        },
        "Channel": "Microsoft-Windows-Sysmon/Operational",
        "Computer": "DESKTOP-LG3F6GA",
        "Security": {
          "@UserID": "S-1-5-18"
        }
      },
      "EventData": {
        "Data": [
          {
            "@Name": "RuleName",
            "#text": "-"
          },
          {
            "@Name": "EventType",
            "#text": "ConnectPipe"
          },
          {
            "@Name": "UtcTime",
            "#text": "2025-11-21 16:00:09.190"
          },
          {
            "@Name": "ProcessGuid",
            "#text": "{0b957986-8c86-6920-f802-000000006000}"
          },
          {
            "@Name": "ProcessId",
            "#text": "2500"
          },
          {
            "@Name": "PipeName",
            "#text": "\\lYgTghy"
          },
          {
            "@Name": "Image",
            "#text": "C:\\Users\\buddy\\AppData\\Local\\Temp\\etw-dns-app.exe"
          }
        ]
      }
    },
