    {
      "@xmlns": "http://schemas.microsoft.com/win/2004/08/events/event",
      "System": {
        "Provider": {
          "@Name": "Microsoft-Windows-Sysmon",
          "@Guid": "{5770385f-c22a-43e0-bf4c-06f5698ffbd9}"
        },
        "EventID": "11",
        "Version": "2",
        "Level": "4",
        "Task": "11",
        "Opcode": "0",
        "Keywords": "0x8000000000000000",
        "TimeCreated": {
          "@SystemTime": "2025-11-21T16:00:09.0937222Z"
        },
        "EventRecordID": "396",
        "Correlation": null,
        "Execution": {
          "@ProcessID": "5204",
          "@ThreadID": "4168"
        },
        "Channel": "Microsoft-Windows-Sysmon/Operational",
        "Computer": "DESKTOP-LG3F6GA",
        "Security": {
          "@UserID": "S-1-5-18"
        }
      },
      "EventData": {
        "Data": [
          {
            "@Name": "RuleName",
            "#text": "-"
          },
          {
            "@Name": "UtcTime",
            "#text": "2025-11-21 16:00:09.081"
          },
          {
            "@Name": "ProcessGuid",
            "#text": "{0b957986-3bc4-68ca-eb03-000000000000}"
          },
          {
            "@Name": "ProcessId",
            "#text": "4"
          },
          {
            "@Name": "Image",
            "#text": "System"
          },
          {
            "@Name": "TargetFilename",
            "#text": "C:\\Windows\\System32\\LogFiles\\WMI\\RtBackup\\EtwRTAgentx Trace.etl"
          },
          {
            "@Name": "CreationUtcTime",
            "#text": "2025-11-21 16:00:09.081"
          }
        ]
      }
    },
    {
      "@xmlns": "http://schemas.microsoft.com/win/2004/08/events/event",
      "System": {
        "Provider": {
          "@Name": "Microsoft-Windows-Sysmon",
          "@Guid": "{5770385f-c22a-43e0-bf4c-06f5698ffbd9}"
        },
        "EventID": "18",
        "Version": "1",
        "Level": "4",
        "Task": "18",
        "Opcode": "0",
        "Keywords": "0x8000000000000000",
        "TimeCreated": {
          "@SystemTime": "2025-11-21T16:00:09.0808291Z"
        },
        "EventRecordID": "395",
        "Correlation": null,
        "Execution": {
          "@ProcessID": "5204",
          "@ThreadID": "4168"
        },
        "Channel": "Microsoft-Windows-Sysmon/Operational",
        "Computer": "DESKTOP-LG3F6GA",
        "Security": {
          "@UserID": "S-1-5-18"
        }
      },
      "EventData": {
        "Data": [
          {
            "@Name": "RuleName",
            "#text": "-"
          },
          {
            "@Name": "EventType",
            "#text": "ConnectPipe"
          },
          {
            "@Name": "UtcTime",
            "#text": "2025-11-21 16:00:09.065"
          },
          {
            "@Name": "ProcessGuid",
            "#text": "{0b957986-8c86-6920-f802-000000006000}"
          },
          {
            "@Name": "ProcessId",
            "#text": "2500"
          },
          {
            "@Name": "PipeName",
            "#text": "\\lYgTghy"
          },
          {
            "@Name": "Image",
            "#text": "C:\\Users\\buddy\\AppData\\Local\\Temp\\etw-dns-app.exe"
          }
        ]
      }
    },
    {
      "@xmlns": "http://schemas.microsoft.com/win/2004/08/events/event",
      "System": {
        "Provider": {
          "@Name": "Microsoft-Windows-Sysmon",
          "@Guid": "{5770385f-c22a-43e0-bf4c-06f5698ffbd9}"
        },
        "EventID": "11",
        "Version": "2",
        "Level": "4",
        "Task": "11",
        "Opcode": "0",
        "Keywords": "0x8000000000000000",
        "TimeCreated": {
          "@SystemTime": "2025-11-21T16:00:09.0657380Z"
        },
        "EventRecordID": "394",
        "Correlation": null,
        "Execution": {
          "@ProcessID": "5204",
          "@ThreadID": "4168"
        },
        "Channel": "Microsoft-Windows-Sysmon/Operational",
        "Computer": "DESKTOP-LG3F6GA",
        "Security": {
          "@UserID": "S-1-5-18"
        }
      },
      "EventData": {
        "Data": [
          {
            "@Name": "RuleName",
            "#text": "-"
          },
          {
            "@Name": "UtcTime",
            "#text": "2025-11-21 16:00:09.050"
          },
          {
            "@Name": "ProcessGuid",
            "#text": "{0b957986-8c86-6920-f802-000000006000}"
          },
          {
            "@Name": "ProcessId",
            "#text": "2500"
          },
          {
            "@Name": "Image",
            "#text": "C:\\Users\\buddy\\AppData\\Local\\Temp\\etw-dns-app.exe"
          },
          {
            "@Name": "TargetFilename",
            "#text": "C:\\Users\\buddy\\AppData\\Local\\Temp\\audit.log"
          },
          {
            "@Name": "CreationUtcTime",
            "#text": "2025-11-21 16:00:09.050"
          }
        ]
      }
    },
    {
      "@xmlns": "http://schemas.microsoft.com/win/2004/08/events/event",
      "System": {
        "Provider": {
          "@Name": "Microsoft-Windows-Sysmon",
          "@Guid": "{5770385f-c22a-43e0-bf4c-06f5698ffbd9}"
        },
        "EventID": "11",
        "Version": "2",
        "Level": "4",
        "Task": "11",
        "Opcode": "0",
        "Keywords": "0x8000000000000000",
        "TimeCreated": {
          "@SystemTime": "2025-11-21T16:00:09.0582123Z"
        },
        "EventRecordID": "393",
        "Correlation": null,
        "Execution": {
          "@ProcessID": "5204",
          "@ThreadID": "4168"
        },
        "Channel": "Microsoft-Windows-Sysmon/Operational",
        "Computer": "DESKTOP-LG3F6GA",
        "Security": {
          "@UserID": "S-1-5-18"
        }
      },
      "EventData": {
        "Data": [
          {
            "@Name": "RuleName",
            "#text": "-"
          },
          {
            "@Name": "UtcTime",
            "#text": "2025-11-21 16:00:09.050"
          },
          {
            "@Name": "ProcessGuid",
            "#text": "{0b957986-8c86-6920-f802-000000006000}"
          },
          {
            "@Name": "ProcessId",
            "#text": "2500"
          },
          {
            "@Name": "Image",
            "#text": "C:\\Users\\buddy\\AppData\\Local\\Temp\\etw-dns-app.exe"
          },
          {
            "@Name": "TargetFilename",
            "#text": "C:\\Users\\buddy\\AppData\\Local\\Temp\\app.log"
          },
          {
            "@Name": "CreationUtcTime",
            "#text": "2025-11-21 16:00:09.050"
          }
        ]
      }
    },
    {
      "@xmlns": "http://schemas.microsoft.com/win/2004/08/events/event",
      "System": {
        "Provider": {
          "@Name": "Microsoft-Windows-Sysmon",
          "@Guid": "{5770385f-c22a-43e0-bf4c-06f5698ffbd9}"
        },
        "EventID": "18",
        "Version": "1",
        "Level": "4",
        "Task": "18",
        "Opcode": "0",
        "Keywords": "0x8000000000000000",
        "TimeCreated": {
          "@SystemTime": "2025-11-21T16:00:09.0567218Z"
        },
        "EventRecordID": "392",
        "Correlation": null,
        "Execution": {
          "@ProcessID": "5204",
          "@ThreadID": "4168"
        },
        "Channel": "Microsoft-Windows-Sysmon/Operational",
        "Computer": "DESKTOP-LG3F6GA",
        "Security": {
          "@UserID": "S-1-5-18"
        }
      },
      "EventData": {
        "Data": [
          {
            "@Name": "RuleName",
            "#text": "-"
          },
          {
            "@Name": "EventType",
            "#text": "ConnectPipe"
          },
          {
            "@Name": "UtcTime",
            "#text": "2025-11-21 16:00:09.050"
          },
          {
            "@Name": "ProcessGuid",
            "#text": "{0b957986-8c86-6920-f802-000000006000}"
          },
          {
            "@Name": "ProcessId",
            "#text": "2500"
          },
          {
            "@Name": "PipeName",
            "#text": "\\lYgTghy"
          },
          {
            "@Name": "Image",
            "#text": "C:\\Users\\buddy\\AppData\\Local\\Temp\\etw-dns-app.exe"
          }
        ]
      }
    },
    {
      "@xmlns": "http://schemas.microsoft.com/win/2004/08/events/event",
      "System": {
        "Provider": {
          "@Name": "Microsoft-Windows-Sysmon",
          "@Guid": "{5770385f-c22a-43e0-bf4c-06f5698ffbd9}"
        },
        "EventID": "18",
        "Version": "1",
        "Level": "4",
        "Task": "18",
        "Opcode": "0",
        "Keywords": "0x8000000000000000",
        "TimeCreated": {
          "@SystemTime": "2025-11-21T16:00:09.0553113Z"
        },
        "EventRecordID": "391",
        "Correlation": null,
        "Execution": {
          "@ProcessID": "5204",
          "@ThreadID": "4168"
        },
        "Channel": "Microsoft-Windows-Sysmon/Operational",
        "Computer": "DESKTOP-LG3F6GA",
        "Security": {
          "@UserID": "S-1-5-18"
        }
      },
      "EventData": {
        "Data": [
          {
            "@Name": "RuleName",
            "#text": "-"
          },
          {
            "@Name": "EventType",
            "#text": "ConnectPipe"
          },
          {
            "@Name": "UtcTime",
            "#text": "2025-11-21 16:00:09.050"
          },
          {
            "@Name": "ProcessGuid",
            "#text": "{0b957986-8c86-6920-f802-000000006000}"
          },
          {
            "@Name": "ProcessId",
            "#text": "2500"
          },
          {
            "@Name": "PipeName",
            "#text": "\\lYgTghy"
          },
          {
            "@Name": "Image",
            "#text": "C:\\Users\\buddy\\AppData\\Local\\Temp\\etw-dns-app.exe"
          }
        ]
      }
    },
    {
      "@xmlns": "http://schemas.microsoft.com/win/2004/08/events/event",
      "System": {
        "Provider": {
          "@Name": "Microsoft-Windows-Sysmon",
          "@Guid": "{5770385f-c22a-43e0-bf4c-06f5698ffbd9}"
        },
        "EventID": "18",
        "Version": "1",
        "Level": "4",
        "Task": "18",
        "Opcode": "0",
        "Keywords": "0x8000000000000000",
        "TimeCreated": {
          "@SystemTime": "2025-11-21T16:00:09.0546543Z"
        },
        "EventRecordID": "390",
        "Correlation": null,
        "Execution": {
          "@ProcessID": "5204",
          "@ThreadID": "4168"
        },
        "Channel": "Microsoft-Windows-Sysmon/Operational",
        "Computer": "DESKTOP-LG3F6GA",
        "Security": {
          "@UserID": "S-1-5-18"
        }
      },
      "EventData": {
        "Data": [
          {
            "@Name": "RuleName",
            "#text": "-"
          },
          {
            "@Name": "EventType",
            "#text": "ConnectPipe"
          },
          {
            "@Name": "UtcTime",
            "#text": "2025-11-21 16:00:09.050"
          },
          {
            "@Name": "ProcessGuid",
            "#text": "{0b957986-8c86-6920-f802-000000006000}"
          },
          {
            "@Name": "ProcessId",
            "#text": "2500"
          },
          {
            "@Name": "PipeName",
            "#text": "\\lYgTghy"
          },
          {
            "@Name": "Image",
            "#text": "C:\\Users\\buddy\\AppData\\Local\\Temp\\etw-dns-app.exe"
          }
        ]
      }
    },
    {
      "@xmlns": "http://schemas.microsoft.com/win/2004/08/events/event",
      "System": {
        "Provider": {
          "@Name": "Microsoft-Windows-Sysmon",
          "@Guid": "{5770385f-c22a-43e0-bf4c-06f5698ffbd9}"
        },
        "EventID": "18",
        "Version": "1",
        "Level": "4",
        "Task": "18",
        "Opcode": "0",
        "Keywords": "0x8000000000000000",
        "TimeCreated": {
          "@SystemTime": "2025-11-21T16:00:09.0460397Z"
        },
        "EventRecordID": "389",
        "Correlation": null,
        "Execution": {
          "@ProcessID": "5204",
          "@ThreadID": "4168"
        },
        "Channel": "Microsoft-Windows-Sysmon/Operational",
        "Computer": "DESKTOP-LG3F6GA",
        "Security": {
          "@UserID": "S-1-5-18"
        }
      },
      "EventData": {
        "Data": [
          {
            "@Name": "RuleName",
            "#text": "-"
          },
          {
            "@Name": "EventType",
            "#text": "ConnectPipe"
          },
          {
            "@Name": "UtcTime",
            "#text": "2025-11-21 16:00:09.034"
          },
          {
            "@Name": "ProcessGuid",
            "#text": "{0b957986-8c86-6920-f802-000000006000}"
          },
          {
            "@Name": "ProcessId",
            "#text": "2500"
          },
          {
            "@Name": "PipeName",
            "#text": "\\lYgTghy"
          },
          {
            "@Name": "Image",
            "#text": "C:\\Users\\buddy\\AppData\\Local\\Temp\\etw-dns-app.exe"
          }
        ]
      }
    },
    {
      "@xmlns": "http://schemas.microsoft.com/win/2004/08/events/event",
      "System": {
        "Provider": {
          "@Name": "Microsoft-Windows-Sysmon",
          "@Guid": "{5770385f-c22a-43e0-bf4c-06f5698ffbd9}"
        },
        "EventID": "18",
        "Version": "1",
        "Level": "4",
        "Task": "18",
        "Opcode": "0",
        "Keywords": "0x8000000000000000",
        "TimeCreated": {
          "@SystemTime": "2025-11-21T16:00:09.0370839Z"
        },
        "EventRecordID": "388",
        "Correlation": null,
        "Execution": {
          "@ProcessID": "5204",
          "@ThreadID": "4168"
        },
        "Channel": "Microsoft-Windows-Sysmon/Operational",
        "Computer": "DESKTOP-LG3F6GA",
        "Security": {
          "@UserID": "S-1-5-18"
        }
      },
      "EventData": {
        "Data": [
          {
            "@Name": "RuleName",
            "#text": "-"
          },
          {
            "@Name": "EventType",
            "#text": "ConnectPipe"
          },
          {
            "@Name": "UtcTime",
            "#text": "2025-11-21 16:00:09.034"
          },
          {
            "@Name": "ProcessGuid",
            "#text": "{0b957986-8c86-6920-f802-000000006000}"
          },
          {
            "@Name": "ProcessId",
            "#text": "2500"
          },
          {
            "@Name": "PipeName",
            "#text": "\\lYgTghy"
          },
          {
            "@Name": "Image",
            "#text": "C:\\Users\\buddy\\AppData\\Local\\Temp\\etw-dns-app.exe"
          }
        ]
      }
    },
    {
      "@xmlns": "http://schemas.microsoft.com/win/2004/08/events/event",
      "System": {
        "Provider": {
          "@Name": "Microsoft-Windows-Sysmon",
          "@Guid": "{5770385f-c22a-43e0-bf4c-06f5698ffbd9}"
        },
        "EventID": "18",
        "Version": "1",
        "Level": "4",
        "Task": "18",
        "Opcode": "0",
        "Keywords": "0x8000000000000000",
        "TimeCreated": {
          "@SystemTime": "2025-11-21T16:00:09.0351619Z"
        },
        "EventRecordID": "387",
        "Correlation": null,
        "Execution": {
          "@ProcessID": "5204",
          "@ThreadID": "4168"
        },
        "Channel": "Microsoft-Windows-Sysmon/Operational",
        "Computer": "DESKTOP-LG3F6GA",
        "Security": {
          "@UserID": "S-1-5-18"
        }
      },
      "EventData": {
        "Data": [
          {
            "@Name": "RuleName",
            "#text": "-"
          },
          {
            "@Name": "EventType",
            "#text": "ConnectPipe"
          },
          {
            "@Name": "UtcTime",
            "#text": "2025-11-21 16:00:09.034"
          },
          {
            "@Name": "ProcessGuid",
            "#text": "{0b957986-8c86-6920-f802-000000006000}"
          },
          {
            "@Name": "ProcessId",
            "#text": "2500"
          },
          {
            "@Name": "PipeName",
            "#text": "\\lYgTghy"
          },
          {
            "@Name": "Image",
            "#text": "C:\\Users\\buddy\\AppData\\Local\\Temp\\etw-dns-app.exe"
          }
        ]
      }
    },
    {
      "@xmlns": "http://schemas.microsoft.com/win/2004/08/events/event",
      "System": {
        "Provider": {
          "@Name": "Microsoft-Windows-Sysmon",
          "@Guid": "{5770385f-c22a-43e0-bf4c-06f5698ffbd9}"
        },
        "EventID": "18",
        "Version": "1",
        "Level": "4",
        "Task": "18",
        "Opcode": "0",
        "Keywords": "0x8000000000000000",
        "TimeCreated": {
          "@SystemTime": "2025-11-21T16:00:08.9889976Z"
        },
        "EventRecordID": "386",
        "Correlation": null,
        "Execution": {
          "@ProcessID": "5204",
          "@ThreadID": "4168"
        },
        "Channel": "Microsoft-Windows-Sysmon/Operational",
        "Computer": "DESKTOP-LG3F6GA",
        "Security": {
          "@UserID": "S-1-5-18"
        }
      },
      "EventData": {
        "Data": [
          {
            "@Name": "RuleName",
            "#text": "-"
          },
          {
            "@Name": "EventType",
            "#text": "ConnectPipe"
          },
          {
            "@Name": "UtcTime",
            "#text": "2025-11-21 16:00:08.987"
          },
          {
            "@Name": "ProcessGuid",
            "#text": "{0b957986-8c86-6920-f802-000000006000}"
          },
          {
            "@Name": "ProcessId",
            "#text": "2500"
          },
          {
            "@Name": "PipeName",
            "#text": "\\lYgTghy"
          },
          {
            "@Name": "Image",
            "#text": "C:\\Users\\buddy\\AppData\\Local\\Temp\\etw-dns-app.exe"
          }
        ]
      }
    },
    {
      "@xmlns": "http://schemas.microsoft.com/win/2004/08/events/event",
      "System": {
        "Provider": {
          "@Name": "Microsoft-Windows-Sysmon",
          "@Guid": "{5770385f-c22a-43e0-bf4c-06f5698ffbd9}"
        },
        "EventID": "18",
        "Version": "1",
        "Level": "4",
        "Task": "18",
        "Opcode": "0",
        "Keywords": "0x8000000000000000",
        "TimeCreated": {
          "@SystemTime": "2025-11-21T16:00:08.9769397Z"
        },
        "EventRecordID": "385",
        "Correlation": null,
        "Execution": {
          "@ProcessID": "5204",
          "@ThreadID": "4168"
        },
        "Channel": "Microsoft-Windows-Sysmon/Operational",
        "Computer": "DESKTOP-LG3F6GA",
        "Security": {
          "@UserID": "S-1-5-18"
        }
      },
      "EventData": {
        "Data": [
          {
            "@Name": "RuleName",
            "#text": "-"
          },
          {
            "@Name": "EventType",
            "#text": "ConnectPipe"
          },
          {
            "@Name": "UtcTime",
            "#text": "2025-11-21 16:00:08.972"
          },
          {
            "@Name": "ProcessGuid",
            "#text": "{0b957986-8c86-6920-f802-000000006000}"
          },
          {
            "@Name": "ProcessId",
            "#text": "2500"
          },
          {
            "@Name": "PipeName",
            "#text": "\\lYgTghy"
          },
          {
            "@Name": "Image",
            "#text": "C:\\Users\\buddy\\AppData\\Local\\Temp\\etw-dns-app.exe"
          }
        ]
      }
    },
    {
      "@xmlns": "http://schemas.microsoft.com/win/2004/08/events/event",
      "System": {
        "Provider": {
          "@Name": "Microsoft-Windows-Sysmon",
          "@Guid": "{5770385f-c22a-43e0-bf4c-06f5698ffbd9}"
        },
        "EventID": "18",
        "Version": "1",
        "Level": "4",
        "Task": "18",
        "Opcode": "0",
        "Keywords": "0x8000000000000000",
        "TimeCreated": {
          "@SystemTime": "2025-11-21T16:00:08.8506316Z"
        },
        "EventRecordID": "384",
        "Correlation": null,
        "Execution": {
          "@ProcessID": "5204",
          "@ThreadID": "4168"
        },
        "Channel": "Microsoft-Windows-Sysmon/Operational",
        "Computer": "DESKTOP-LG3F6GA",
        "Security": {
          "@UserID": "S-1-5-18"
        }
      },
      "EventData": {
        "Data": [
          {
            "@Name": "RuleName",
            "#text": "-"
          },
          {
            "@Name": "EventType",
            "#text": "ConnectPipe"
          },
          {
            "@Name": "UtcTime",
            "#text": "2025-11-21 16:00:08.847"
          },
          {
            "@Name": "ProcessGuid",
            "#text": "{0b957986-8c86-6920-f802-000000006000}"
          },
          {
            "@Name": "ProcessId",
            "#text": "2500"
          },
          {
            "@Name": "PipeName",
            "#text": "\\lYgTghy"
          },
          {
            "@Name": "Image",
            "#text": "C:\\Users\\buddy\\AppData\\Local\\Temp\\etw-dns-app.exe"
          }
        ]
      }
    },
    {
      "@xmlns": "http://schemas.microsoft.com/win/2004/08/events/event",
      "System": {
        "Provider": {
          "@Name": "Microsoft-Windows-Sysmon",
          "@Guid": "{5770385f-c22a-43e0-bf4c-06f5698ffbd9}"
        },
        "EventID": "18",
        "Version": "1",
        "Level": "4",
        "Task": "18",
        "Opcode": "0",
        "Keywords": "0x8000000000000000",
        "TimeCreated": {
          "@SystemTime": "2025-11-21T16:00:08.8392590Z"
        },
        "EventRecordID": "383",
        "Correlation": null,
        "Execution": {
          "@ProcessID": "5204",
          "@ThreadID": "4168"
        },
        "Channel": "Microsoft-Windows-Sysmon/Operational",
        "Computer": "DESKTOP-LG3F6GA",
        "Security": {
          "@UserID": "S-1-5-18"
        }
      },
      "EventData": {
        "Data": [
          {
            "@Name": "RuleName",
            "#text": "-"
          },
          {
            "@Name": "EventType",
            "#text": "ConnectPipe"
          },
          {
            "@Name": "UtcTime",
            "#text": "2025-11-21 16:00:08.831"
          },
          {
            "@Name": "ProcessGuid",
            "#text": "{0b957986-8c86-6920-f802-000000006000}"
          },
          {
            "@Name": "ProcessId",
            "#text": "2500"
          },
          {
            "@Name": "PipeName",
            "#text": "\\lYgTghy"
          },
          {
            "@Name": "Image",
            "#text": "C:\\Users\\buddy\\AppData\\Local\\Temp\\etw-dns-app.exe"
          }
        ]
      }
    },
    {
      "@xmlns": "http://schemas.microsoft.com/win/2004/08/events/event",
      "System": {
        "Provider": {
          "@Name": "Microsoft-Windows-Sysmon",
          "@Guid": "{5770385f-c22a-43e0-bf4c-06f5698ffbd9}"
        },
        "EventID": "18",
        "Version": "1",
        "Level": "4",
        "Task": "18",
        "Opcode": "0",
        "Keywords": "0x8000000000000000",
        "TimeCreated": {
          "@SystemTime": "2025-11-21T16:00:08.8353007Z"
        },
        "EventRecordID": "382",
        "Correlation": null,
        "Execution": {
          "@ProcessID": "5204",
          "@ThreadID": "4168"
        },
        "Channel": "Microsoft-Windows-Sysmon/Operational",
        "Computer": "DESKTOP-LG3F6GA",
        "Security": {
          "@UserID": "S-1-5-18"
        }
      },
      "EventData": {
        "Data": [
          {
            "@Name": "RuleName",
            "#text": "-"
          },
          {
            "@Name": "EventType",
            "#text": "ConnectPipe"
          },
          {
            "@Name": "UtcTime",
            "#text": "2025-11-21 16:00:08.831"
          },
          {
            "@Name": "ProcessGuid",
            "#text": "{0b957986-8c86-6920-f802-000000006000}"
          },
          {
            "@Name": "ProcessId",
            "#text": "2500"
          },
          {
            "@Name": "PipeName",
            "#text": "\\lYgTghy"
          },
          {
            "@Name": "Image",
            "#text": "C:\\Users\\buddy\\AppData\\Local\\Temp\\etw-dns-app.exe"
          }
        ]
      }
    },
    {
      "@xmlns": "http://schemas.microsoft.com/win/2004/08/events/event",
      "System": {
        "Provider": {
          "@Name": "Microsoft-Windows-Sysmon",
          "@Guid": "{5770385f-c22a-43e0-bf4c-06f5698ffbd9}"
        },
        "EventID": "18",
        "Version": "1",
        "Level": "4",
        "Task": "18",
        "Opcode": "0",
        "Keywords": "0x8000000000000000",
        "TimeCreated": {
          "@SystemTime": "2025-11-21T16:00:08.8325110Z"
        },
        "EventRecordID": "381",
        "Correlation": null,
        "Execution": {
          "@ProcessID": "5204",
          "@ThreadID": "4168"
        },
        "Channel": "Microsoft-Windows-Sysmon/Operational",
        "Computer": "DESKTOP-LG3F6GA",
        "Security": {
          "@UserID": "S-1-5-18"
        }
      },
      "EventData": {
        "Data": [
          {
            "@Name": "RuleName",
            "#text": "-"
          },
          {
            "@Name": "EventType",
            "#text": "ConnectPipe"
          },
          {
            "@Name": "UtcTime",
            "#text": "2025-11-21 16:00:08.831"
          },
          {
            "@Name": "ProcessGuid",
            "#text": "{0b957986-8c86-6920-f802-000000006000}"
          },
          {
            "@Name": "ProcessId",
            "#text": "2500"
          },
          {
            "@Name": "PipeName",
            "#text": "\\lYgTghy"
          },
          {
            "@Name": "Image",
            "#text": "C:\\Users\\buddy\\AppData\\Local\\Temp\\etw-dns-app.exe"
          }
        ]
      }
    },
    {
      "@xmlns": "http://schemas.microsoft.com/win/2004/08/events/event",
      "System": {
        "Provider": {
          "@Name": "Microsoft-Windows-Sysmon",
          "@Guid": "{5770385f-c22a-43e0-bf4c-06f5698ffbd9}"
        },
        "EventID": "18",
        "Version": "1",
        "Level": "4",
        "Task": "18",
        "Opcode": "0",
        "Keywords": "0x8000000000000000",
        "TimeCreated": {
          "@SystemTime": "2025-11-21T16:00:08.8135643Z"
        },
        "EventRecordID": "380",
        "Correlation": null,
        "Execution": {
          "@ProcessID": "5204",
          "@ThreadID": "4168"
        },
        "Channel": "Microsoft-Windows-Sysmon/Operational",
        "Computer": "DESKTOP-LG3F6GA",
        "Security": {
          "@UserID": "S-1-5-18"
        }
      },
      "EventData": {
        "Data": [
          {
            "@Name": "RuleName",
            "#text": "-"
          },
          {
            "@Name": "EventType",
            "#text": "ConnectPipe"
          },
          {
            "@Name": "UtcTime",
            "#text": "2025-11-21 16:00:08.800"
          },
          {
            "@Name": "ProcessGuid",
            "#text": "{0b957986-8c86-6920-f802-000000006000}"
          },
          {
            "@Name": "ProcessId",
            "#text": "2500"
          },
          {
            "@Name": "PipeName",
            "#text": "\\lYgTghy"
          },
          {
            "@Name": "Image",
            "#text": "C:\\Users\\buddy\\AppData\\Local\\Temp\\etw-dns-app.exe"
          }
        ]
      }
    },
    {
      "@xmlns": "http://schemas.microsoft.com/win/2004/08/events/event",
      "System": {
        "Provider": {
          "@Name": "Microsoft-Windows-Sysmon",
          "@Guid": "{5770385f-c22a-43e0-bf4c-06f5698ffbd9}"
        },
        "EventID": "18",
        "Version": "1",
        "Level": "4",
        "Task": "18",
        "Opcode": "0",
        "Keywords": "0x8000000000000000",
        "TimeCreated": {
          "@SystemTime": "2025-11-21T16:00:08.7798854Z"
        },
        "EventRecordID": "379",
        "Correlation": null,
        "Execution": {
          "@ProcessID": "5204",
          "@ThreadID": "4168"
        },
        "Channel": "Microsoft-Windows-Sysmon/Operational",
        "Computer": "DESKTOP-LG3F6GA",
        "Security": {
          "@UserID": "S-1-5-18"
        }
      },
      "EventData": {
        "Data": [
          {
            "@Name": "RuleName",
            "#text": "-"
          },
          {
            "@Name": "EventType",
            "#text": "ConnectPipe"
          },
          {
            "@Name": "UtcTime",
            "#text": "2025-11-21 16:00:08.769"
          },
          {
            "@Name": "ProcessGuid",
            "#text": "{0b957986-8c86-6920-f802-000000006000}"
          },
          {
            "@Name": "ProcessId",
            "#text": "2500"
          },
          {
            "@Name": "PipeName",
            "#text": "\\lYgTghy"
          },
          {
            "@Name": "Image",
            "#text": "C:\\Users\\buddy\\AppData\\Local\\Temp\\etw-dns-app.exe"
          }
        ]
      }
    },
    {
      "@xmlns": "http://schemas.microsoft.com/win/2004/08/events/event",
      "System": {
        "Provider": {
          "@Name": "Microsoft-Windows-Sysmon",
          "@Guid": "{5770385f-c22a-43e0-bf4c-06f5698ffbd9}"
        },
        "EventID": "11",
        "Version": "2",
        "Level": "4",
        "Task": "11",
        "Opcode": "0",
        "Keywords": "0x8000000000000000",
        "TimeCreated": {
          "@SystemTime": "2025-11-21T16:00:08.7794177Z"
        },
        "EventRecordID": "378",
        "Correlation": null,
        "Execution": {
          "@ProcessID": "5204",
          "@ThreadID": "4168"
        },
        "Channel": "Microsoft-Windows-Sysmon/Operational",
        "Computer": "DESKTOP-LG3F6GA",
        "Security": {
          "@UserID": "S-1-5-18"
        }
      },
      "EventData": {
        "Data": [
          {
            "@Name": "RuleName",
            "#text": "-"
          },
          {
            "@Name": "UtcTime",
            "#text": "2025-11-21 16:00:08.769"
          },
          {
            "@Name": "ProcessGuid",
            "#text": "{0b957986-8c86-6920-f802-000000006000}"
          },
          {
            "@Name": "ProcessId",
            "#text": "2500"
          },
          {
            "@Name": "Image",
            "#text": "C:\\Users\\buddy\\AppData\\Local\\Temp\\etw-dns-app.exe"
          },
          {
            "@Name": "TargetFilename",
            "#text": "C:\\rb6x4kut\\data\\yara\\capemon.yac"
          },
          {
            "@Name": "CreationUtcTime",
            "#text": "2025-11-21 16:00:08.769"
          }
        ]
      }
    },
    {
      "@xmlns": "http://schemas.microsoft.com/win/2004/08/events/event",
      "System": {
        "Provider": {
          "@Name": "Microsoft-Windows-Sysmon",
          "@Guid": "{5770385f-c22a-43e0-bf4c-06f5698ffbd9}"
        },
        "EventID": "18",
        "Version": "1",
        "Level": "4",
        "Task": "18",
        "Opcode": "0",
        "Keywords": "0x8000000000000000",
        "TimeCreated": {
          "@SystemTime": "2025-11-21T16:00:08.7769965Z"
        },
        "EventRecordID": "377",
        "Correlation": null,
        "Execution": {
          "@ProcessID": "5204",
          "@ThreadID": "4168"
        },
        "Channel": "Microsoft-Windows-Sysmon/Operational",
        "Computer": "DESKTOP-LG3F6GA",
        "Security": {
          "@UserID": "S-1-5-18"
        }
      },
      "EventData": {
        "Data": [
          {
            "@Name": "RuleName",
            "#text": "-"
          },
          {
            "@Name": "EventType",
            "#text": "ConnectPipe"
          },
          {
            "@Name": "UtcTime",
            "#text": "2025-11-21 16:00:08.769"
          },
          {
            "@Name": "ProcessGuid",
            "#text": "{0b957986-8c86-6920-f802-000000006000}"
          },
          {
            "@Name": "ProcessId",
            "#text": "2500"
          },
          {
            "@Name": "PipeName",
            "#text": "\\lYgTghy"
          },
          {
            "@Name": "Image",
            "#text": "C:\\Users\\buddy\\AppData\\Local\\Temp\\etw-dns-app.exe"
          }
        ]
      }
    },
    {
      "@xmlns": "http://schemas.microsoft.com/win/2004/08/events/event",
      "System": {
        "Provider": {
          "@Name": "Microsoft-Windows-Sysmon",
          "@Guid": "{5770385f-c22a-43e0-bf4c-06f5698ffbd9}"
        },
        "EventID": "18",
        "Version": "1",
        "Level": "4",
        "Task": "18",
        "Opcode": "0",
        "Keywords": "0x8000000000000000",
        "TimeCreated": {
          "@SystemTime": "2025-11-21T16:00:08.7640565Z"
        },
        "EventRecordID": "376",
        "Correlation": null,
        "Execution": {
          "@ProcessID": "5204",
          "@ThreadID": "4168"
        },
        "Channel": "Microsoft-Windows-Sysmon/Operational",
        "Computer": "DESKTOP-LG3F6GA",
        "Security": {
          "@UserID": "S-1-5-18"
        }
      },
      "EventData": {
        "Data": [
          {
            "@Name": "RuleName",
            "#text": "-"
          },
          {
            "@Name": "EventType",
            "#text": "ConnectPipe"
          },
          {
            "@Name": "UtcTime",
            "#text": "2025-11-21 16:00:08.753"
          },
          {
            "@Name": "ProcessGuid",
            "#text": "{0b957986-8c86-6920-f802-000000006000}"
          },
          {
            "@Name": "ProcessId",
            "#text": "2500"
          },
          {
            "@Name": "PipeName",
            "#text": "\\mWjMCIjBlEJ2500"
          },
          {
            "@Name": "Image",
            "#text": "C:\\Users\\buddy\\AppData\\Local\\Temp\\etw-dns-app.exe"
          }
        ]
      }
    },
    {
      "@xmlns": "http://schemas.microsoft.com/win/2004/08/events/event",
      "System": {
        "Provider": {
          "@Name": "Microsoft-Windows-Sysmon",
          "@Guid": "{5770385f-c22a-43e0-bf4c-06f5698ffbd9}"
        },
        "EventID": "18",
        "Version": "1",
        "Level": "4",
        "Task": "18",
        "Opcode": "0",
        "Keywords": "0x8000000000000000",
        "TimeCreated": {
          "@SystemTime": "2025-11-21T16:00:08.7636968Z"
        },
        "EventRecordID": "375",
        "Correlation": null,
        "Execution": {
          "@ProcessID": "5204",
          "@ThreadID": "4168"
        },
        "Channel": "Microsoft-Windows-Sysmon/Operational",
        "Computer": "DESKTOP-LG3F6GA",
        "Security": {
          "@UserID": "S-1-5-18"
        }
      },
      "EventData": {
        "Data": [
          {
            "@Name": "RuleName",
            "#text": "-"
          },
          {
            "@Name": "EventType",
            "#text": "ConnectPipe"
          },
          {
            "@Name": "UtcTime",
            "#text": "2025-11-21 16:00:08.753"
          },
          {
            "@Name": "ProcessGuid",
            "#text": "{0b957986-8c86-6920-f802-000000006000}"
          },
          {
            "@Name": "ProcessId",
            "#text": "2500"
          },
          {
            "@Name": "PipeName",
            "#text": "\\lYgTghy"
          },
          {
            "@Name": "Image",
            "#text": "C:\\Users\\buddy\\AppData\\Local\\Temp\\etw-dns-app.exe"
          }
        ]
      }
    },
    {
      "@xmlns": "http://schemas.microsoft.com/win/2004/08/events/event",
      "System": {
        "Provider": {
          "@Name": "Microsoft-Windows-Sysmon",
          "@Guid": "{5770385f-c22a-43e0-bf4c-06f5698ffbd9}"
        },
        "EventID": "18",
        "Version": "1",
        "Level": "4",
        "Task": "18",
        "Opcode": "0",
        "Keywords": "0x8000000000000000",
        "TimeCreated": {
          "@SystemTime": "2025-11-21T16:00:08.7627979Z"
        },
        "EventRecordID": "374",
        "Correlation": null,
        "Execution": {
          "@ProcessID": "5204",
          "@ThreadID": "4168"
        },
        "Channel": "Microsoft-Windows-Sysmon/Operational",
        "Computer": "DESKTOP-LG3F6GA",
        "Security": {
          "@UserID": "S-1-5-18"
        }
      },
      "EventData": {
        "Data": [
          {
            "@Name": "RuleName",
            "#text": "-"
          },
          {
            "@Name": "EventType",
            "#text": "ConnectPipe"
          },
          {
            "@Name": "UtcTime",
            "#text": "2025-11-21 16:00:08.753"
          },
          {
            "@Name": "ProcessGuid",
            "#text": "{0b957986-8c86-6920-f802-000000006000}"
          },
          {
            "@Name": "ProcessId",
            "#text": "2500"
          },
          {
            "@Name": "PipeName",
            "#text": "\\lYgTghy"
          },
          {
            "@Name": "Image",
            "#text": "C:\\Users\\buddy\\AppData\\Local\\Temp\\etw-dns-app.exe"
          }
        ]
      }
    },
    {
      "@xmlns": "http://schemas.microsoft.com/win/2004/08/events/event",
      "System": {
        "Provider": {
          "@Name": "Microsoft-Windows-Sysmon",
          "@Guid": "{5770385f-c22a-43e0-bf4c-06f5698ffbd9}"
        },
        "EventID": "18",
        "Version": "1",
        "Level": "4",
        "Task": "18",
        "Opcode": "0",
        "Keywords": "0x8000000000000000",
        "TimeCreated": {
          "@SystemTime": "2025-11-21T16:00:08.7578940Z"
        },
        "EventRecordID": "373",
        "Correlation": null,
        "Execution": {
          "@ProcessID": "5204",
          "@ThreadID": "4168"
        },
        "Channel": "Microsoft-Windows-Sysmon/Operational",
        "Computer": "DESKTOP-LG3F6GA",
        "Security": {
          "@UserID": "S-1-5-18"
        }
      },
      "EventData": {
        "Data": [
          {
            "@Name": "RuleName",
            "#text": "-"
          },
          {
            "@Name": "EventType",
            "#text": "ConnectPipe"
          },
          {
            "@Name": "UtcTime",
            "#text": "2025-11-21 16:00:08.753"
          },
          {
            "@Name": "ProcessGuid",
            "#text": "{0b957986-8c86-6920-f802-000000006000}"
          },
          {
            "@Name": "ProcessId",
            "#text": "2500"
          },
          {
            "@Name": "PipeName",
            "#text": "\\lYgTghy"
          },
          {
            "@Name": "Image",
            "#text": "C:\\Users\\buddy\\AppData\\Local\\Temp\\etw-dns-app.exe"
          }
        ]
      }
    },
    {
      "@xmlns": "http://schemas.microsoft.com/win/2004/08/events/event",
      "System": {
        "Provider": {
          "@Name": "Microsoft-Windows-Sysmon",
          "@Guid": "{5770385f-c22a-43e0-bf4c-06f5698ffbd9}"
        },
        "EventID": "18",
        "Version": "1",
        "Level": "4",
        "Task": "18",
        "Opcode": "0",
        "Keywords": "0x8000000000000000",
        "TimeCreated": {
          "@SystemTime": "2025-11-21T16:00:08.7103000Z"
        },
        "EventRecordID": "372",
        "Correlation": null,
        "Execution": {
          "@ProcessID": "5204",
          "@ThreadID": "4168"
        },
        "Channel": "Microsoft-Windows-Sysmon/Operational",
        "Computer": "DESKTOP-LG3F6GA",
        "Security": {
          "@UserID": "S-1-5-18"
        }
      },
      "EventData": {
        "Data": [
          {
            "@Name": "RuleName",
            "#text": "-"
          },
          {
            "@Name": "EventType",
            "#text": "ConnectPipe"
          },
          {
            "@Name": "UtcTime",
            "#text": "2025-11-21 16:00:08.706"
          },
          {
            "@Name": "ProcessGuid",
            "#text": "{0b957986-8c86-6920-f802-000000006000}"
          },
          {
            "@Name": "ProcessId",
            "#text": "2500"
          },
          {
            "@Name": "PipeName",
            "#text": "\\lYgTghy"
          },
          {
            "@Name": "Image",
            "#text": "C:\\Users\\buddy\\AppData\\Local\\Temp\\etw-dns-app.exe"
          }
        ]
      }
    },
    {
      "@xmlns": "http://schemas.microsoft.com/win/2004/08/events/event",
      "System": {
        "Provider": {
          "@Name": "Microsoft-Windows-Sysmon",
          "@Guid": "{5770385f-c22a-43e0-bf4c-06f5698ffbd9}"
        },
        "EventID": "13",
        "Version": "2",
        "Level": "4",
        "Task": "13",
        "Opcode": "0",
        "Keywords": "0x8000000000000000",
        "TimeCreated": {
          "@SystemTime": "2025-11-21T16:00:08.4333414Z"
        },
        "EventRecordID": "371",
        "Correlation": null,
        "Execution": {
          "@ProcessID": "5204",
          "@ThreadID": "4168"
        },
        "Channel": "Microsoft-Windows-Sysmon/Operational",
        "Computer": "DESKTOP-LG3F6GA",
        "Security": {
          "@UserID": "S-1-5-18"
        }
      },
      "EventData": {
        "Data": [
          {
            "@Name": "RuleName",
            "#text": "-"
          },
          {
            "@Name": "EventType",
            "#text": "SetValue"
          },
          {
            "@Name": "UtcTime",
            "#text": "2025-11-21 16:00:08.425"
          },
          {
            "@Name": "ProcessGuid",
            "#text": "{0b957986-3bd0-68ca-7600-000000006000}"
          },
          {
            "@Name": "ProcessId",
            "#text": "5348"
          },
          {
            "@Name": "Image",
            "#text": "C:\\WINDOWS\\Explorer.EXE"
          },
          {
            "@Name": "TargetObject",
            "#text": "HKU\\S-1-5-21-3171250481-3681422803-404499418-1001\\SOFTWARE\\Microsoft\\Windows\\CurrentVersion\\ActivityDataModel\\ReaderRevisionInfo\\BC1D8BC6-8561-D53E-0046-282B5CFAC694"
          },
          {
            "@Name": "Details",
            "#text": "Binary Data"
          }
        ]
      }
    },
    {
      "@xmlns": "http://schemas.microsoft.com/win/2004/08/events/event",
      "System": {
        "Provider": {
          "@Name": "Microsoft-Windows-Sysmon",
          "@Guid": "{5770385f-c22a-43e0-bf4c-06f5698ffbd9}"
        },
        "EventID": "13",
        "Version": "2",
        "Level": "4",
        "Task": "13",
        "Opcode": "0",
        "Keywords": "0x8000000000000000",
        "TimeCreated": {
          "@SystemTime": "2025-11-21T16:00:08.4089558Z"
        },
        "EventRecordID": "370",
        "Correlation": null,
        "Execution": {
          "@ProcessID": "5204",
          "@ThreadID": "4168"
        },
        "Channel": "Microsoft-Windows-Sysmon/Operational",
        "Computer": "DESKTOP-LG3F6GA",
        "Security": {
          "@UserID": "S-1-5-18"
        }
      },
      "EventData": {
        "Data": [
          {
            "@Name": "RuleName",
            "#text": "-"
          },
          {
            "@Name": "EventType",
            "#text": "SetValue"
          },
          {
            "@Name": "UtcTime",
            "#text": "2025-11-21 16:00:08.394"
          },
          {
            "@Name": "ProcessGuid",
            "#text": "{0b957986-3bc4-68ca-eb03-000000000000}"
          },
          {
            "@Name": "ProcessId",
            "#text": "4"
          },
          {
            "@Name": "Image",
            "#text": "System"
          },
          {
            "@Name": "TargetObject",
            "#text": "HKLM\\System\\CurrentControlSet\\Services\\bam\\State\\UserSettings\\S-1-5-21-3171250481-3681422803-404499418-1001\\SequenceNumber"
          },
          {
            "@Name": "Details",
            "#text": "DWORD (0x0000000f)"
          }
        ]
      }
    },
    {
      "@xmlns": "http://schemas.microsoft.com/win/2004/08/events/event",
      "System": {
        "Provider": {
          "@Name": "Microsoft-Windows-Sysmon",
          "@Guid": "{5770385f-c22a-43e0-bf4c-06f5698ffbd9}"
        },
        "EventID": "13",
        "Version": "2",
        "Level": "4",
        "Task": "13",
        "Opcode": "0",
        "Keywords": "0x8000000000000000",
        "TimeCreated": {
          "@SystemTime": "2025-11-21T16:00:08.4081612Z"
        },
        "EventRecordID": "369",
        "Correlation": null,
        "Execution": {
          "@ProcessID": "5204",
          "@ThreadID": "4168"
        },
        "Channel": "Microsoft-Windows-Sysmon/Operational",
        "Computer": "DESKTOP-LG3F6GA",
        "Security": {
          "@UserID": "S-1-5-18"
        }
      },
      "EventData": {
        "Data": [
          {
            "@Name": "RuleName",
            "#text": "-"
          },
          {
            "@Name": "EventType",
            "#text": "SetValue"
          },
          {
            "@Name": "UtcTime",
            "#text": "2025-11-21 16:00:08.394"
          },
          {
            "@Name": "ProcessGuid",
            "#text": "{0b957986-3bc4-68ca-eb03-000000000000}"
          },
          {
            "@Name": "ProcessId",
            "#text": "4"
          },
          {
            "@Name": "Image",
            "#text": "System"
          },
          {
            "@Name": "TargetObject",
            "#text": "HKLM\\System\\CurrentControlSet\\Services\\bam\\State\\UserSettings\\S-1-5-21-3171250481-3681422803-404499418-1001\\\\Device\\HarddiskVolume2\\Users\\buddy\\AppData\\Local\\Temp\\etw-dns-app.exe"
          },
          {
            "@Name": "Details",
            "#text": "Binary Data"
          }
        ]
      }
    },
    {
      "@xmlns": "http://schemas.microsoft.com/win/2004/08/events/event",
      "System": {
        "Provider": {
          "@Name": "Microsoft-Windows-Sysmon",
          "@Guid": "{5770385f-c22a-43e0-bf4c-06f5698ffbd9}"
        },
        "EventID": "12",
        "Version": "2",
        "Level": "4",
        "Task": "12",
        "Opcode": "0",
        "Keywords": "0x8000000000000000",
        "TimeCreated": {
          "@SystemTime": "2025-11-21T16:00:08.4073919Z"
        },
        "EventRecordID": "368",
        "Correlation": null,
        "Execution": {
          "@ProcessID": "5204",
          "@ThreadID": "4168"
        },
        "Channel": "Microsoft-Windows-Sysmon/Operational",
        "Computer": "DESKTOP-LG3F6GA",
        "Security": {
          "@UserID": "S-1-5-18"
        }
      },
      "EventData": {
        "Data": [
          {
            "@Name": "RuleName",
            "#text": "-"
          },
          {
            "@Name": "EventType",
            "#text": "CreateKey"
          },
          {
            "@Name": "UtcTime",
            "#text": "2025-11-21 16:00:08.394"
          },
          {
            "@Name": "ProcessGuid",
            "#text": "{0b957986-3bc4-68ca-eb03-000000000000}"
          },
          {
            "@Name": "ProcessId",
            "#text": "4"
          },
          {
            "@Name": "Image",
            "#text": "System"
          },
          {
            "@Name": "TargetObject",
            "#text": "HKLM\\System\\CurrentControlSet\\Services\\bam\\State\\UserSettings\\S-1-5-21-3171250481-3681422803-404499418-1001"
          }
        ]
      }
    },
    {
      "@xmlns": "http://schemas.microsoft.com/win/2004/08/events/event",
      "System": {
        "Provider": {
          "@Name": "Microsoft-Windows-Sysmon",
          "@Guid": "{5770385f-c22a-43e0-bf4c-06f5698ffbd9}"
        },
        "EventID": "13",
        "Version": "2",
        "Level": "4",
        "Task": "13",
        "Opcode": "0",
        "Keywords": "0x8000000000000000",
        "TimeCreated": {
          "@SystemTime": "2025-11-21T16:00:08.3949789Z"
        },
        "EventRecordID": "367",
        "Correlation": null,
        "Execution": {
          "@ProcessID": "5204",
          "@ThreadID": "4168"
        },
        "Channel": "Microsoft-Windows-Sysmon/Operational",
        "Computer": "DESKTOP-LG3F6GA",
        "Security": {
          "@UserID": "S-1-5-18"
        }
      },
      "EventData": {
        "Data": [
          {
            "@Name": "RuleName",
            "#text": "-"
          },
          {
            "@Name": "EventType",
            "#text": "SetValue"
          },
          {
            "@Name": "UtcTime",
            "#text": "2025-11-21 16:00:08.378"
          },
          {
            "@Name": "ProcessGuid",
            "#text": "{0b957986-3bd0-68ca-7600-000000006000}"
          },
          {
            "@Name": "ProcessId",
            "#text": "5348"
          },
          {
            "@Name": "Image",
            "#text": "C:\\WINDOWS\\Explorer.EXE"
          },
          {
            "@Name": "TargetObject",
            "#text": "HKU\\S-1-5-21-3171250481-3681422803-404499418-1001\\SOFTWARE\\Microsoft\\Windows\\CurrentVersion\\Explorer\\SessionInfo\\1\\ApplicationViewManagement\\W32:00000000001B0174\\VirtualDesktop"
          },
          {
            "@Name": "Details",
            "#text": "Binary Data"
          }
        ]
      }
    },
