    {
      "@xmlns": "http://schemas.microsoft.com/win/2004/08/events/event",
      "System": {
        "Provider": {
          "@Name": "Microsoft-Windows-Sysmon",
          "@Guid": "{5770385f-c22a-43e0-bf4c-06f5698ffbd9}"
        },
        "EventID": "7",
        "Version": "3",
        "Level": "4",
        "Task": "7",
        "Opcode": "0",
        "Keywords": "0x8000000000000000",
        "TimeCreated": {
          "@SystemTime": "2025-11-21T16:30:04.3917543Z"
        },
        "EventRecordID": "750",
        "Correlation": null,
        "Execution": {
          "@ProcessID": "3148",
          "@ThreadID": "2224"
        },
        "Channel": "Microsoft-Windows-Sysmon/Operational",
        "Computer": "DESKTOP-LG3F6GA",
        "Security": {
          "@UserID": "S-1-5-18"
        }
      },
      "EventData": {
        "Data": [
          {
            "@Name": "RuleName",
            "#text": "-"
          },
          {
            "@Name": "UtcTime",
            "#text": "2025-11-21 16:30:02.973"
          },
          {
            "@Name": "ProcessGuid",
            "#text": "{3ee36d65-9384-6920-0003-000000006100}"
          },
          {
            "@Name": "ProcessId",
            "#text": "7176"
          },
          {
            "@Name": "Image",
            "#text": "C:\\Windows\\System32\\svchost.exe"
          },
          {
            "@Name": "ImageLoaded",
            "#text": "C:\\Windows\\System32\\sspicli.dll"
          },
          {
            "@Name": "FileVersion",
            "#text": "10.0.19041.546 (WinBuild.160101.0800)"
          },
          {
            "@Name": "Description",
            "#text": "Security Support Provider Interface"
          },
          {
            "@Name": "Product",
            "#text": "Microsoft® Windows® Operating System"
          },
          {
            "@Name": "Company",
            "#text": "Microsoft Corporation"
          },
          {
            "@Name": "OriginalFileName",
            "#text": "sspicli.dll"
          },
          {
            "@Name": "Hashes",
            "#text": "SHA256=DC663BE497CA25ADA142AB791EA3E9E1765CFE92371F864E2D35E63EBD506DF0"
          },
          {
            "@Name": "Signed",
            "#text": "true"
          },
          {
            "@Name": "Signature",
            "#text": "Microsoft Windows"
          },
          {
            "@Name": "SignatureStatus",
            "#text": "Valid"
          }
        ]
      }
    },
    {
      "@xmlns": "http://schemas.microsoft.com/win/2004/08/events/event",
      "System": {
        "Provider": {
          "@Name": "Microsoft-Windows-Sysmon",
          "@Guid": "{5770385f-c22a-43e0-bf4c-06f5698ffbd9}"
        },
        "EventID": "7",
        "Version": "3",
        "Level": "4",
        "Task": "7",
        "Opcode": "0",
        "Keywords": "0x8000000000000000",
        "TimeCreated": {
          "@SystemTime": "2025-11-21T16:30:04.3845106Z"
        },
        "EventRecordID": "749",
        "Correlation": null,
        "Execution": {
          "@ProcessID": "3148",
          "@ThreadID": "2224"
        },
        "Channel": "Microsoft-Windows-Sysmon/Operational",
        "Computer": "DESKTOP-LG3F6GA",
        "Security": {
          "@UserID": "S-1-5-18"
        }
      },
      "EventData": {
        "Data": [
          {
            "@Name": "RuleName",
            "#text": "-"
          },
          {
            "@Name": "UtcTime",
            "#text": "2025-11-21 16:30:02.942"
          },
          {
            "@Name": "ProcessGuid",
            "#text": "{3ee36d65-9384-6920-0003-000000006100}"
          },
          {
            "@Name": "ProcessId",
            "#text": "7176"
          },
          {
            "@Name": "Image",
            "#text": "C:\\Windows\\System32\\svchost.exe"
          },
          {
            "@Name": "ImageLoaded",
            "#text": "C:\\Windows\\System32\\bcrypt.dll"
          },
          {
            "@Name": "FileVersion",
            "#text": "10.0.19041.546 (WinBuild.160101.0800)"
          },
          {
            "@Name": "Description",
            "#text": "Windows Cryptographic Primitives Library"
          },
          {
            "@Name": "Product",
            "#text": "Microsoft® Windows® Operating System"
          },
          {
            "@Name": "Company",
            "#text": "Microsoft Corporation"
          },
          {
            "@Name": "OriginalFileName",
            "#text": "bcrypt.dll"
          },
          {
            "@Name": "Hashes",
            "#text": "SHA256=E18FA96854CC52B09CDD1EEE3EE45B167B8F334A2C3A6F6FC31F892B8E502B77"
          },
          {
            "@Name": "Signed",
            "#text": "true"
          },
          {
            "@Name": "Signature",
            "#text": "Microsoft Windows"
          },
          {
            "@Name": "SignatureStatus",
            "#text": "Valid"
          }
        ]
      }
    },
    {
      "@xmlns": "http://schemas.microsoft.com/win/2004/08/events/event",
      "System": {
        "Provider": {
          "@Name": "Microsoft-Windows-Sysmon",
          "@Guid": "{5770385f-c22a-43e0-bf4c-06f5698ffbd9}"
        },
        "EventID": "7",
        "Version": "3",
        "Level": "4",
        "Task": "7",
        "Opcode": "0",
        "Keywords": "0x8000000000000000",
        "TimeCreated": {
          "@SystemTime": "2025-11-21T16:30:04.3691028Z"
        },
        "EventRecordID": "748",
        "Correlation": null,
        "Execution": {
          "@ProcessID": "3148",
          "@ThreadID": "2224"
        },
        "Channel": "Microsoft-Windows-Sysmon/Operational",
        "Computer": "DESKTOP-LG3F6GA",
        "Security": {
          "@UserID": "S-1-5-18"
        }
      },
      "EventData": {
        "Data": [
          {
            "@Name": "RuleName",
            "#text": "-"
          },
          {
            "@Name": "UtcTime",
            "#text": "2025-11-21 16:30:03.473"
          },
          {
            "@Name": "ProcessGuid",
            "#text": "{3ee36d65-3750-68ca-4700-000000006100}"
          },
          {
            "@Name": "ProcessId",
            "#text": "2992"
          },
          {
            "@Name": "Image",
            "#text": "C:\\Windows\\System32\\svchost.exe"
          },
          {
            "@Name": "ImageLoaded",
            "#text": "C:\\Windows\\System32\\profapi.dll"
          },
          {
            "@Name": "FileVersion",
            "#text": "10.0.19041.546 (WinBuild.160101.0800)"
          },
          {
            "@Name": "Description",
            "#text": "User Profile Basic API"
          },
          {
            "@Name": "Product",
            "#text": "Microsoft® Windows® Operating System"
          },
          {
            "@Name": "Company",
            "#text": "Microsoft Corporation"
          },
          {
            "@Name": "OriginalFileName",
            "#text": "PROFAPI.DLL"
          },
          {
            "@Name": "Hashes",
            "#text": "SHA256=DAABAEBF1D27C52773D8AC2C871CBED2286419536BC454C3F31A91287B0DA091"
          },
          {
            "@Name": "Signed",
            "#text": "true"
          },
          {
            "@Name": "Signature",
            "#text": "Microsoft Windows"
          },
          {
            "@Name": "SignatureStatus",
            "#text": "Valid"
          }
        ]
      }
    },
    {
      "@xmlns": "http://schemas.microsoft.com/win/2004/08/events/event",
      "System": {
        "Provider": {
          "@Name": "Microsoft-Windows-Sysmon",
          "@Guid": "{5770385f-c22a-43e0-bf4c-06f5698ffbd9}"
        },
        "EventID": "7",
        "Version": "3",
        "Level": "4",
        "Task": "7",
        "Opcode": "0",
        "Keywords": "0x8000000000000000",
        "TimeCreated": {
          "@SystemTime": "2025-11-21T16:30:04.3469849Z"
        },
        "EventRecordID": "747",
        "Correlation": null,
        "Execution": {
          "@ProcessID": "3148",
          "@ThreadID": "2224"
        },
        "Channel": "Microsoft-Windows-Sysmon/Operational",
        "Computer": "DESKTOP-LG3F6GA",
        "Security": {
          "@UserID": "S-1-5-18"
        }
      },
      "EventData": {
        "Data": [
          {
            "@Name": "RuleName",
            "#text": "-"
          },
          {
            "@Name": "UtcTime",
            "#text": "2025-11-21 16:30:02.879"
          },
          {
            "@Name": "ProcessGuid",
            "#text": "{3ee36d65-9384-6920-0003-000000006100}"
          },
          {
            "@Name": "ProcessId",
            "#text": "7176"
          },
          {
            "@Name": "Image",
            "#text": "C:\\Windows\\System32\\svchost.exe"
          },
          {
            "@Name": "ImageLoaded",
            "#text": "C:\\Windows\\System32\\propsys.dll"
          },
          {
            "@Name": "FileVersion",
            "#text": "7.0.19041.546 (WinBuild.160101.0800)"
          },
          {
            "@Name": "Description",
            "#text": "Microsoft Property System"
          },
          {
            "@Name": "Product",
            "#text": "Windows® Search"
          },
          {
            "@Name": "Company",
            "#text": "Microsoft Corporation"
          },
          {
            "@Name": "OriginalFileName",
            "#text": "propsys.dll"
          },
          {
            "@Name": "Hashes",
            "#text": "SHA256=70AE5CD70DF18EC7EE9BBDB3C0A07B83446077DFEB1FEF88C38DDF4006023C81"
          },
          {
            "@Name": "Signed",
            "#text": "true"
          },
          {
            "@Name": "Signature",
            "#text": "Microsoft Windows"
          },
          {
            "@Name": "SignatureStatus",
            "#text": "Valid"
          }
        ]
      }
    },
    {
      "@xmlns": "http://schemas.microsoft.com/win/2004/08/events/event",
      "System": {
        "Provider": {
          "@Name": "Microsoft-Windows-Sysmon",
          "@Guid": "{5770385f-c22a-43e0-bf4c-06f5698ffbd9}"
        },
        "EventID": "7",
        "Version": "3",
        "Level": "4",
        "Task": "7",
        "Opcode": "0",
        "Keywords": "0x8000000000000000",
        "TimeCreated": {
          "@SystemTime": "2025-11-21T16:30:04.3263585Z"
        },
        "EventRecordID": "746",
        "Correlation": null,
        "Execution": {
          "@ProcessID": "3148",
          "@ThreadID": "2224"
        },
        "Channel": "Microsoft-Windows-Sysmon/Operational",
        "Computer": "DESKTOP-LG3F6GA",
        "Security": {
          "@UserID": "S-1-5-18"
        }
      },
      "EventData": {
        "Data": [
          {
            "@Name": "RuleName",
            "#text": "-"
          },
          {
            "@Name": "UtcTime",
            "#text": "2025-11-21 16:30:00.442"
          },
          {
            "@Name": "ProcessGuid",
            "#text": "{3ee36d65-9371-6920-4a02-000000006100}"
          },
          {
            "@Name": "ProcessId",
            "#text": "5892"
          },
          {
            "@Name": "Image",
            "#text": "C:\\Windows\\System32\\svchost.exe"
          },
          {
            "@Name": "ImageLoaded",
            "#text": "C:\\Windows\\System32\\ntmarta.dll"
          },
          {
            "@Name": "FileVersion",
            "#text": "10.0.19041.546 (WinBuild.160101.0800)"
          },
          {
            "@Name": "Description",
            "#text": "Windows NT MARTA provider"
          },
          {
            "@Name": "Product",
            "#text": "Microsoft® Windows® Operating System"
          },
          {
            "@Name": "Company",
            "#text": "Microsoft Corporation"
          },
          {
            "@Name": "OriginalFileName",
            "#text": "ntmarta.dll"
          },
          {
            "@Name": "Hashes",
            "#text": "SHA256=B2EB064F3D70F08152E1845FBEEF64BE204FA44FA56D2E58A645E15DB5505011"
          },
          {
            "@Name": "Signed",
            "#text": "true"
          },
          {
            "@Name": "Signature",
            "#text": "Microsoft Windows"
          },
          {
            "@Name": "SignatureStatus",
            "#text": "Valid"
          }
        ]
      }
    },
    {
      "@xmlns": "http://schemas.microsoft.com/win/2004/08/events/event",
      "System": {
        "Provider": {
          "@Name": "Microsoft-Windows-Sysmon",
          "@Guid": "{5770385f-c22a-43e0-bf4c-06f5698ffbd9}"
        },
        "EventID": "7",
        "Version": "3",
        "Level": "4",
        "Task": "7",
        "Opcode": "0",
        "Keywords": "0x8000000000000000",
        "TimeCreated": {
          "@SystemTime": "2025-11-21T16:30:04.3262044Z"
        },
        "EventRecordID": "745",
        "Correlation": null,
        "Execution": {
          "@ProcessID": "3148",
          "@ThreadID": "2224"
        },
        "Channel": "Microsoft-Windows-Sysmon/Operational",
        "Computer": "DESKTOP-LG3F6GA",
        "Security": {
          "@UserID": "S-1-5-18"
        }
      },
      "EventData": {
        "Data": [
          {
            "@Name": "RuleName",
            "#text": "-"
          },
          {
            "@Name": "UtcTime",
            "#text": "2025-11-21 16:30:00.473"
          },
          {
            "@Name": "ProcessGuid",
            "#text": "{3ee36d65-9371-6920-4a02-000000006100}"
          },
          {
            "@Name": "ProcessId",
            "#text": "5892"
          },
          {
            "@Name": "Image",
            "#text": "C:\\Windows\\System32\\svchost.exe"
          },
          {
            "@Name": "ImageLoaded",
            "#text": "C:\\Windows\\System32\\ntmarta.dll"
          },
          {
            "@Name": "FileVersion",
            "#text": "10.0.19041.546 (WinBuild.160101.0800)"
          },
          {
            "@Name": "Description",
            "#text": "Windows NT MARTA provider"
          },
          {
            "@Name": "Product",
            "#text": "Microsoft® Windows® Operating System"
          },
          {
            "@Name": "Company",
            "#text": "Microsoft Corporation"
          },
          {
            "@Name": "OriginalFileName",
            "#text": "ntmarta.dll"
          },
          {
            "@Name": "Hashes",
            "#text": "SHA256=B2EB064F3D70F08152E1845FBEEF64BE204FA44FA56D2E58A645E15DB5505011"
          },
          {
            "@Name": "Signed",
            "#text": "true"
          },
          {
            "@Name": "Signature",
            "#text": "Microsoft Windows"
          },
          {
            "@Name": "SignatureStatus",
            "#text": "Valid"
          }
        ]
      }
    },
    {
      "@xmlns": "http://schemas.microsoft.com/win/2004/08/events/event",
      "System": {
        "Provider": {
          "@Name": "Microsoft-Windows-Sysmon",
          "@Guid": "{5770385f-c22a-43e0-bf4c-06f5698ffbd9}"
        },
        "EventID": "7",
        "Version": "3",
        "Level": "4",
        "Task": "7",
        "Opcode": "0",
        "Keywords": "0x8000000000000000",
        "TimeCreated": {
          "@SystemTime": "2025-11-21T16:30:04.3214622Z"
        },
        "EventRecordID": "744",
        "Correlation": null,
        "Execution": {
          "@ProcessID": "3148",
          "@ThreadID": "2224"
        },
        "Channel": "Microsoft-Windows-Sysmon/Operational",
        "Computer": "DESKTOP-LG3F6GA",
        "Security": {
          "@UserID": "S-1-5-18"
        }
      },
      "EventData": {
        "Data": [
          {
            "@Name": "RuleName",
            "#text": "-"
          },
          {
            "@Name": "UtcTime",
            "#text": "2025-11-21 16:30:02.910"
          },
          {
            "@Name": "ProcessGuid",
            "#text": "{3ee36d65-9384-6920-0003-000000006100}"
          },
          {
            "@Name": "ProcessId",
            "#text": "7176"
          },
          {
            "@Name": "Image",
            "#text": "C:\\Windows\\System32\\svchost.exe"
          },
          {
            "@Name": "ImageLoaded",
            "#text": "C:\\Windows\\System32\\authz.dll"
          },
          {
            "@Name": "FileVersion",
            "#text": "10.0.19041.546 (WinBuild.160101.0800)"
          },
          {
            "@Name": "Description",
            "#text": "Authorization Framework"
          },
          {
            "@Name": "Product",
            "#text": "Microsoft® Windows® Operating System"
          },
          {
            "@Name": "Company",
            "#text": "Microsoft Corporation"
          },
          {
            "@Name": "OriginalFileName",
            "#text": "authz.dll"
          },
          {
            "@Name": "Hashes",
            "#text": "SHA256=56190D522A7F596FA238AA455A4144CD894ACFD83BFCC2F5BFCEA7BC8D4E1F89"
          },
          {
            "@Name": "Signed",
            "#text": "true"
          },
          {
            "@Name": "Signature",
            "#text": "Microsoft Windows"
          },
          {
            "@Name": "SignatureStatus",
            "#text": "Valid"
          }
        ]
      }
    },
    {
      "@xmlns": "http://schemas.microsoft.com/win/2004/08/events/event",
      "System": {
        "Provider": {
          "@Name": "Microsoft-Windows-Sysmon",
          "@Guid": "{5770385f-c22a-43e0-bf4c-06f5698ffbd9}"
        },
        "EventID": "7",
        "Version": "3",
        "Level": "4",
        "Task": "7",
        "Opcode": "0",
        "Keywords": "0x8000000000000000",
        "TimeCreated": {
          "@SystemTime": "2025-11-21T16:30:04.2675785Z"
        },
        "EventRecordID": "743",
        "Correlation": null,
        "Execution": {
          "@ProcessID": "3148",
          "@ThreadID": "2224"
        },
        "Channel": "Microsoft-Windows-Sysmon/Operational",
        "Computer": "DESKTOP-LG3F6GA",
        "Security": {
          "@UserID": "S-1-5-18"
        }
      },
      "EventData": {
        "Data": [
          {
            "@Name": "RuleName",
            "#text": "-"
          },
          {
            "@Name": "UtcTime",
            "#text": "2025-11-21 16:29:53.270"
          },
          {
            "@Name": "ProcessGuid",
            "#text": "{3ee36d65-3750-68ca-4b00-000000006100}"
          },
          {
            "@Name": "ProcessId",
            "#text": "3036"
          },
          {
            "@Name": "Image",
            "#text": "C:\\Windows\\System32\\svchost.exe"
          },
          {
            "@Name": "ImageLoaded",
            "#text": "C:\\Windows\\System32\\es.dll"
          },
          {
            "@Name": "FileVersion",
            "#text": "2001.12.10941.16384 (WinBuild.160101.0800)"
          },
          {
            "@Name": "Description",
            "#text": "COM+"
          },
          {
            "@Name": "Product",
            "#text": "Microsoft® Windows® Operating System"
          },
          {
            "@Name": "Company",
            "#text": "Microsoft Corporation"
          },
          {
            "@Name": "OriginalFileName",
            "#text": "ES.DLL"
          },
          {
            "@Name": "Hashes",
            "#text": "SHA256=B8F3E0026D2DC9F473C261209D618338CE5773DE201734BCC4609DD55BECBF21"
          },
          {
            "@Name": "Signed",
            "#text": "true"
          },
          {
            "@Name": "Signature",
            "#text": "Microsoft Windows"
          },
          {
            "@Name": "SignatureStatus",
            "#text": "Valid"
          }
        ]
      }
    },
    {
      "@xmlns": "http://schemas.microsoft.com/win/2004/08/events/event",
      "System": {
        "Provider": {
          "@Name": "Microsoft-Windows-Sysmon",
          "@Guid": "{5770385f-c22a-43e0-bf4c-06f5698ffbd9}"
        },
        "EventID": "7",
        "Version": "3",
        "Level": "4",
        "Task": "7",
        "Opcode": "0",
        "Keywords": "0x8000000000000000",
        "TimeCreated": {
          "@SystemTime": "2025-11-21T16:30:04.2674173Z"
        },
        "EventRecordID": "742",
        "Correlation": null,
        "Execution": {
          "@ProcessID": "3148",
          "@ThreadID": "2224"
        },
        "Channel": "Microsoft-Windows-Sysmon/Operational",
        "Computer": "DESKTOP-LG3F6GA",
        "Security": {
          "@UserID": "S-1-5-18"
        }
      },
      "EventData": {
        "Data": [
          {
            "@Name": "RuleName",
            "#text": "-"
          },
          {
            "@Name": "UtcTime",
            "#text": "2025-11-21 16:30:02.879"
          },
          {
            "@Name": "ProcessGuid",
            "#text": "{3ee36d65-9384-6920-0003-000000006100}"
          },
          {
            "@Name": "ProcessId",
            "#text": "7176"
          },
          {
            "@Name": "Image",
            "#text": "C:\\Windows\\System32\\svchost.exe"
          },
          {
            "@Name": "ImageLoaded",
            "#text": "C:\\Windows\\System32\\es.dll"
          },
          {
            "@Name": "FileVersion",
            "#text": "2001.12.10941.16384 (WinBuild.160101.0800)"
          },
          {
            "@Name": "Description",
            "#text": "COM+"
          },
          {
            "@Name": "Product",
            "#text": "Microsoft® Windows® Operating System"
          },
          {
            "@Name": "Company",
            "#text": "Microsoft Corporation"
          },
          {
            "@Name": "OriginalFileName",
            "#text": "ES.DLL"
          },
          {
            "@Name": "Hashes",
            "#text": "SHA256=B8F3E0026D2DC9F473C261209D618338CE5773DE201734BCC4609DD55BECBF21"
          },
          {
            "@Name": "Signed",
            "#text": "true"
          },
          {
            "@Name": "Signature",
            "#text": "Microsoft Windows"
          },
          {
            "@Name": "SignatureStatus",
            "#text": "Valid"
          }
        ]
      }
    },
    {
      "@xmlns": "http://schemas.microsoft.com/win/2004/08/events/event",
      "System": {
        "Provider": {
          "@Name": "Microsoft-Windows-Sysmon",
          "@Guid": "{5770385f-c22a-43e0-bf4c-06f5698ffbd9}"
        },
        "EventID": "7",
        "Version": "3",
        "Level": "4",
        "Task": "7",
        "Opcode": "0",
        "Keywords": "0x8000000000000000",
        "TimeCreated": {
          "@SystemTime": "2025-11-21T16:30:04.1547353Z"
        },
        "EventRecordID": "741",
        "Correlation": null,
        "Execution": {
          "@ProcessID": "3148",
          "@ThreadID": "2224"
        },
        "Channel": "Microsoft-Windows-Sysmon/Operational",
        "Computer": "DESKTOP-LG3F6GA",
        "Security": {
          "@UserID": "S-1-5-18"
        }
      },
      "EventData": {
        "Data": [
          {
            "@Name": "RuleName",
            "#text": "-"
          },
          {
            "@Name": "UtcTime",
            "#text": "2025-11-21 16:29:56.270"
          },
          {
            "@Name": "ProcessGuid",
            "#text": "{3ee36d65-9384-6920-0003-000000006100}"
          },
          {
            "@Name": "ProcessId",
            "#text": "7176"
          },
          {
            "@Name": "Image",
            "#text": "C:\\Windows\\System32\\svchost.exe"
          },
          {
            "@Name": "ImageLoaded",
            "#text": "C:\\Windows\\System32\\wldp.dll"
          },
          {
            "@Name": "FileVersion",
            "#text": "10.0.19041.546 (WinBuild.160101.0800)"
          },
          {
            "@Name": "Description",
            "#text": "Windows Lockdown Policy"
          },
          {
            "@Name": "Product",
            "#text": "Microsoft® Windows® Operating System"
          },
          {
            "@Name": "Company",
            "#text": "Microsoft Corporation"
          },
          {
            "@Name": "OriginalFileName",
            "#text": "wldp.dll"
          },
          {
            "@Name": "Hashes",
            "#text": "SHA256=81348070C12AD7E3D0665337E085F3BA40497201356DFE9BFB31F56E972226CF"
          },
          {
            "@Name": "Signed",
            "#text": "true"
          },
          {
            "@Name": "Signature",
            "#text": "Microsoft Windows"
          },
          {
            "@Name": "SignatureStatus",
            "#text": "Valid"
          }
        ]
      }
    },
    {
      "@xmlns": "http://schemas.microsoft.com/win/2004/08/events/event",
      "System": {
        "Provider": {
          "@Name": "Microsoft-Windows-Sysmon",
          "@Guid": "{5770385f-c22a-43e0-bf4c-06f5698ffbd9}"
        },
        "EventID": "7",
        "Version": "3",
        "Level": "4",
        "Task": "7",
        "Opcode": "0",
        "Keywords": "0x8000000000000000",
        "TimeCreated": {
          "@SystemTime": "2025-11-21T16:30:04.0681423Z"
        },
        "EventRecordID": "740",
        "Correlation": null,
        "Execution": {
          "@ProcessID": "3148",
          "@ThreadID": "2224"
        },
        "Channel": "Microsoft-Windows-Sysmon/Operational",
        "Computer": "DESKTOP-LG3F6GA",
        "Security": {
          "@UserID": "S-1-5-18"
        }
      },
      "EventData": {
        "Data": [
          {
            "@Name": "RuleName",
            "#text": "-"
          },
          {
            "@Name": "UtcTime",
            "#text": "2025-11-21 16:30:00.254"
          },
          {
            "@Name": "ProcessGuid",
            "#text": "{3ee36d65-9370-6920-2102-000000006100}"
          },
          {
            "@Name": "ProcessId",
            "#text": "4792"
          },
          {
            "@Name": "Image",
            "#text": "C:\\Windows\\System32\\svchost.exe"
          },
          {
            "@Name": "ImageLoaded",
            "#text": "C:\\Windows\\System32\\shell32.dll"
          },
          {
            "@Name": "FileVersion",
            "#text": "10.0.19041.610 (WinBuild.160101.0800)"
          },
          {
            "@Name": "Description",
            "#text": "Windows Shell Common Dll"
          },
          {
            "@Name": "Product",
            "#text": "Microsoft® Windows® Operating System"
          },
          {
            "@Name": "Company",
            "#text": "Microsoft Corporation"
          },
          {
            "@Name": "OriginalFileName",
            "#text": "SHELL32.DLL"
          },
          {
            "@Name": "Hashes",
            "#text": "SHA256=566A8BCBDFA0A6074DDB2169F747639FBCF12D9B390A7A5E0DD6BB53D9AEEF5B"
          },
          {
            "@Name": "Signed",
            "#text": "true"
          },
          {
            "@Name": "Signature",
            "#text": "Microsoft Windows"
          },
          {
            "@Name": "SignatureStatus",
            "#text": "Valid"
          }
        ]
      }
    },
    {
      "@xmlns": "http://schemas.microsoft.com/win/2004/08/events/event",
      "System": {
        "Provider": {
          "@Name": "Microsoft-Windows-Sysmon",
          "@Guid": "{5770385f-c22a-43e0-bf4c-06f5698ffbd9}"
        },
        "EventID": "7",
        "Version": "3",
        "Level": "4",
        "Task": "7",
        "Opcode": "0",
        "Keywords": "0x8000000000000000",
        "TimeCreated": {
          "@SystemTime": "2025-11-21T16:30:03.9538086Z"
        },
        "EventRecordID": "739",
        "Correlation": null,
        "Execution": {
          "@ProcessID": "3148",
          "@ThreadID": "2224"
        },
        "Channel": "Microsoft-Windows-Sysmon/Operational",
        "Computer": "DESKTOP-LG3F6GA",
        "Security": {
          "@UserID": "S-1-5-18"
        }
      },
      "EventData": {
        "Data": [
          {
            "@Name": "RuleName",
            "#text": "-"
          },
          {
            "@Name": "UtcTime",
            "#text": "2025-11-21 16:29:56.254"
          },
          {
            "@Name": "ProcessGuid",
            "#text": "{3ee36d65-9384-6920-0003-000000006100}"
          },
          {
            "@Name": "ProcessId",
            "#text": "7176"
          },
          {
            "@Name": "Image",
            "#text": "C:\\Windows\\System32\\svchost.exe"
          },
          {
            "@Name": "ImageLoaded",
            "#text": "C:\\Windows\\System32\\bcryptprimitives.dll"
          },
          {
            "@Name": "FileVersion",
            "#text": "10.0.19041.546 (WinBuild.160101.0800)"
          },
          {
            "@Name": "Description",
            "#text": "Windows Cryptographic Primitives Library"
          },
          {
            "@Name": "Product",
            "#text": "Microsoft® Windows® Operating System"
          },
          {
            "@Name": "Company",
            "#text": "Microsoft Corporation"
          },
          {
            "@Name": "OriginalFileName",
            "#text": "bcryptprimitives.dll"
          },
          {
            "@Name": "Hashes",
            "#text": "SHA256=A6AB6C95E272D8EFBA7C6CAC0622396FF193639C004C1EB0E49EC6CD1380FA90"
          },
          {
            "@Name": "Signed",
            "#text": "true"
          },
          {
            "@Name": "Signature",
            "#text": "Microsoft Windows"
          },
          {
            "@Name": "SignatureStatus",
            "#text": "Valid"
          }
        ]
      }
    },
    {
      "@xmlns": "http://schemas.microsoft.com/win/2004/08/events/event",
      "System": {
        "Provider": {
          "@Name": "Microsoft-Windows-Sysmon",
          "@Guid": "{5770385f-c22a-43e0-bf4c-06f5698ffbd9}"
        },
        "EventID": "7",
        "Version": "3",
        "Level": "4",
        "Task": "7",
        "Opcode": "0",
        "Keywords": "0x8000000000000000",
        "TimeCreated": {
          "@SystemTime": "2025-11-21T16:30:03.9342520Z"
        },
        "EventRecordID": "738",
        "Correlation": null,
        "Execution": {
          "@ProcessID": "3148",
          "@ThreadID": "2224"
        },
        "Channel": "Microsoft-Windows-Sysmon/Operational",
        "Computer": "DESKTOP-LG3F6GA",
        "Security": {
          "@UserID": "S-1-5-18"
        }
      },
      "EventData": {
        "Data": [
          {
            "@Name": "RuleName",
            "#text": "-"
          },
          {
            "@Name": "UtcTime",
            "#text": "2025-11-21 16:30:00.270"
          },
          {
            "@Name": "ProcessGuid",
            "#text": "{3ee36d65-9370-6920-2102-000000006100}"
          },
          {
            "@Name": "ProcessId",
            "#text": "4792"
          },
          {
            "@Name": "Image",
            "#text": "C:\\Windows\\System32\\svchost.exe"
          },
          {
            "@Name": "ImageLoaded",
            "#text": "C:\\Windows\\System32\\version.dll"
          },
          {
            "@Name": "FileVersion",
            "#text": "10.0.19041.546 (WinBuild.160101.0800)"
          },
          {
            "@Name": "Description",
            "#text": "Version Checking and File Installation Libraries"
          },
          {
            "@Name": "Product",
            "#text": "Microsoft® Windows® Operating System"
          },
          {
            "@Name": "Company",
            "#text": "Microsoft Corporation"
          },
          {
            "@Name": "OriginalFileName",
            "#text": "VERSION.DLL"
          },
          {
            "@Name": "Hashes",
            "#text": "SHA256=E549D528FEE40208DF2DD911C2D96B29D02DF7BEF9B30C93285F4A2F3E1AD5B0"
          },
          {
            "@Name": "Signed",
            "#text": "true"
          },
          {
            "@Name": "Signature",
            "#text": "Microsoft Windows"
          },
          {
            "@Name": "SignatureStatus",
            "#text": "Valid"
          }
        ]
      }
    },
    {
      "@xmlns": "http://schemas.microsoft.com/win/2004/08/events/event",
      "System": {
        "Provider": {
          "@Name": "Microsoft-Windows-Sysmon",
          "@Guid": "{5770385f-c22a-43e0-bf4c-06f5698ffbd9}"
        },
        "EventID": "7",
        "Version": "3",
        "Level": "4",
        "Task": "7",
        "Opcode": "0",
        "Keywords": "0x8000000000000000",
        "TimeCreated": {
          "@SystemTime": "2025-11-21T16:30:03.9311350Z"
        },
        "EventRecordID": "737",
        "Correlation": null,
        "Execution": {
          "@ProcessID": "3148",
          "@ThreadID": "2224"
        },
        "Channel": "Microsoft-Windows-Sysmon/Operational",
        "Computer": "DESKTOP-LG3F6GA",
        "Security": {
          "@UserID": "S-1-5-18"
        }
      },
      "EventData": {
        "Data": [
          {
            "@Name": "RuleName",
            "#text": "-"
          },
          {
            "@Name": "UtcTime",
            "#text": "2025-11-21 16:29:56.254"
          },
          {
            "@Name": "ProcessGuid",
            "#text": "{3ee36d65-9384-6920-0003-000000006100}"
          },
          {
            "@Name": "ProcessId",
            "#text": "7176"
          },
          {
            "@Name": "Image",
            "#text": "C:\\Windows\\System32\\svchost.exe"
          },
          {
            "@Name": "ImageLoaded",
            "#text": "C:\\Windows\\System32\\kernel.appcore.dll"
          },
          {
            "@Name": "FileVersion",
            "#text": "10.0.19041.546 (WinBuild.160101.0800)"
          },
          {
            "@Name": "Description",
            "#text": "AppModel API Host"
          },
          {
            "@Name": "Product",
            "#text": "Microsoft® Windows® Operating System"
          },
          {
            "@Name": "Company",
            "#text": "Microsoft Corporation"
          },
          {
            "@Name": "OriginalFileName",
            "#text": "kernel.appcore.dll"
          },
          {
            "@Name": "Hashes",
            "#text": "SHA256=7D6C60195DFB05EEC27377AE25D9AD259D7FDF85FA71D2AA855FD4129C2AADC2"
          },
          {
            "@Name": "Signed",
            "#text": "true"
          },
          {
            "@Name": "Signature",
            "#text": "Microsoft Windows"
          },
          {
            "@Name": "SignatureStatus",
            "#text": "Valid"
          }
        ]
      }
    },
    {
      "@xmlns": "http://schemas.microsoft.com/win/2004/08/events/event",
      "System": {
        "Provider": {
          "@Name": "Microsoft-Windows-Sysmon",
          "@Guid": "{5770385f-c22a-43e0-bf4c-06f5698ffbd9}"
        },
        "EventID": "7",
        "Version": "3",
        "Level": "4",
        "Task": "7",
        "Opcode": "0",
        "Keywords": "0x8000000000000000",
        "TimeCreated": {
          "@SystemTime": "2025-11-21T16:30:03.8815162Z"
        },
        "EventRecordID": "736",
        "Correlation": null,
        "Execution": {
          "@ProcessID": "3148",
          "@ThreadID": "2224"
        },
        "Channel": "Microsoft-Windows-Sysmon/Operational",
        "Computer": "DESKTOP-LG3F6GA",
        "Security": {
          "@UserID": "S-1-5-18"
        }
      },
      "EventData": {
        "Data": [
          {
            "@Name": "RuleName",
            "#text": "-"
          },
          {
            "@Name": "UtcTime",
            "#text": "2025-11-21 16:29:56.254"
          },
          {
            "@Name": "ProcessGuid",
            "#text": "{3ee36d65-9384-6920-0003-000000006100}"
          },
          {
            "@Name": "ProcessId",
            "#text": "7176"
          },
          {
            "@Name": "Image",
            "#text": "C:\\Windows\\System32\\svchost.exe"
          },
          {
            "@Name": "ImageLoaded",
            "#text": "C:\\Windows\\System32\\sechost.dll"
          },
          {
            "@Name": "FileVersion",
            "#text": "10.0.19041.546 (WinBuild.160101.0800)"
          },
          {
            "@Name": "Description",
            "#text": "Host for SCM/SDDL/LSA Lookup APIs"
          },
          {
            "@Name": "Product",
            "#text": "Microsoft® Windows® Operating System"
          },
          {
            "@Name": "Company",
            "#text": "Microsoft Corporation"
          },
          {
            "@Name": "OriginalFileName",
            "#text": "sechost.dll"
          },
          {
            "@Name": "Hashes",
            "#text": "SHA256=94329C71BAF91A6D31B55D7E1F0985288E7FDC408317E2764D1E9670B31C7ED8"
          },
          {
            "@Name": "Signed",
            "#text": "true"
          },
          {
            "@Name": "Signature",
            "#text": "Microsoft Windows"
          },
          {
            "@Name": "SignatureStatus",
            "#text": "Valid"
          }
        ]
      }
    },
    {
      "@xmlns": "http://schemas.microsoft.com/win/2004/08/events/event",
      "System": {
        "Provider": {
          "@Name": "Microsoft-Windows-Sysmon",
          "@Guid": "{5770385f-c22a-43e0-bf4c-06f5698ffbd9}"
        },
        "EventID": "7",
        "Version": "3",
        "Level": "4",
        "Task": "7",
        "Opcode": "0",
        "Keywords": "0x8000000000000000",
        "TimeCreated": {
          "@SystemTime": "2025-11-21T16:30:03.8754094Z"
        },
        "EventRecordID": "735",
        "Correlation": null,
        "Execution": {
          "@ProcessID": "3148",
          "@ThreadID": "2224"
        },
        "Channel": "Microsoft-Windows-Sysmon/Operational",
        "Computer": "DESKTOP-LG3F6GA",
        "Security": {
          "@UserID": "S-1-5-18"
        }
      },
      "EventData": {
        "Data": [
          {
            "@Name": "RuleName",
            "#text": "-"
          },
          {
            "@Name": "UtcTime",
            "#text": "2025-11-21 16:29:56.254"
          },
          {
            "@Name": "ProcessGuid",
            "#text": "{3ee36d65-9384-6920-0003-000000006100}"
          },
          {
            "@Name": "ProcessId",
            "#text": "7176"
          },
          {
            "@Name": "Image",
            "#text": "C:\\Windows\\System32\\svchost.exe"
          },
          {
            "@Name": "ImageLoaded",
            "#text": "C:\\Windows\\System32\\msvcrt.dll"
          },
          {
            "@Name": "FileVersion",
            "#text": "7.0.19041.546 (WinBuild.160101.0800)"
          },
          {
            "@Name": "Description",
            "#text": "Windows NT CRT DLL"
          },
          {
            "@Name": "Product",
            "#text": "Microsoft® Windows® Operating System"
          },
          {
            "@Name": "Company",
            "#text": "Microsoft Corporation"
          },
          {
            "@Name": "OriginalFileName",
            "#text": "msvcrt.dll"
          },
          {
            "@Name": "Hashes",
            "#text": "SHA256=DD7C8BC34CDBE30EF921395E874909BBF6BE53803822164F75F7207E9F085650"
          },
          {
            "@Name": "Signed",
            "#text": "true"
          },
          {
            "@Name": "Signature",
            "#text": "Microsoft Windows"
          },
          {
            "@Name": "SignatureStatus",
            "#text": "Valid"
          }
        ]
      }
    },
    {
      "@xmlns": "http://schemas.microsoft.com/win/2004/08/events/event",
      "System": {
        "Provider": {
          "@Name": "Microsoft-Windows-Sysmon",
          "@Guid": "{5770385f-c22a-43e0-bf4c-06f5698ffbd9}"
        },
        "EventID": "7",
        "Version": "3",
        "Level": "4",
        "Task": "7",
        "Opcode": "0",
        "Keywords": "0x8000000000000000",
        "TimeCreated": {
          "@SystemTime": "2025-11-21T16:30:03.8686584Z"
        },
        "EventRecordID": "734",
        "Correlation": null,
        "Execution": {
          "@ProcessID": "3148",
          "@ThreadID": "2224"
        },
        "Channel": "Microsoft-Windows-Sysmon/Operational",
        "Computer": "DESKTOP-LG3F6GA",
        "Security": {
          "@UserID": "S-1-5-18"
        }
      },
      "EventData": {
        "Data": [
          {
            "@Name": "RuleName",
            "#text": "-"
          },
          {
            "@Name": "UtcTime",
            "#text": "2025-11-21 16:29:56.270"
          },
          {
            "@Name": "ProcessGuid",
            "#text": "{3ee36d65-9384-6920-0003-000000006100}"
          },
          {
            "@Name": "ProcessId",
            "#text": "7176"
          },
          {
            "@Name": "Image",
            "#text": "C:\\Windows\\System32\\svchost.exe"
          },
          {
            "@Name": "ImageLoaded",
            "#text": "C:\\Windows\\System32\\advapi32.dll"
          },
          {
            "@Name": "FileVersion",
            "#text": "10.0.19041.610 (WinBuild.160101.0800)"
          },
          {
            "@Name": "Description",
            "#text": "Advanced Windows 32 Base API"
          },
          {
            "@Name": "Product",
            "#text": "Microsoft® Windows® Operating System"
          },
          {
            "@Name": "Company",
            "#text": "Microsoft Corporation"
          },
          {
            "@Name": "OriginalFileName",
            "#text": "advapi32.dll"
          },
          {
            "@Name": "Hashes",
            "#text": "SHA256=D5A9DACDDD9EB2D851C180650C3B11974EA68F8B705DCA23F5E88022B687C7C2"
          },
          {
            "@Name": "Signed",
            "#text": "true"
          },
          {
            "@Name": "Signature",
            "#text": "Microsoft Windows"
          },
          {
            "@Name": "SignatureStatus",
            "#text": "Valid"
          }
        ]
      }
    },
    {
      "@xmlns": "http://schemas.microsoft.com/win/2004/08/events/event",
      "System": {
        "Provider": {
          "@Name": "Microsoft-Windows-Sysmon",
          "@Guid": "{5770385f-c22a-43e0-bf4c-06f5698ffbd9}"
        },
        "EventID": "7",
        "Version": "3",
        "Level": "4",
        "Task": "7",
        "Opcode": "0",
        "Keywords": "0x8000000000000000",
        "TimeCreated": {
          "@SystemTime": "2025-11-21T16:30:03.8525087Z"
        },
        "EventRecordID": "733",
        "Correlation": null,
        "Execution": {
          "@ProcessID": "3148",
          "@ThreadID": "2224"
        },
        "Channel": "Microsoft-Windows-Sysmon/Operational",
        "Computer": "DESKTOP-LG3F6GA",
        "Security": {
          "@UserID": "S-1-5-18"
        }
      },
      "EventData": {
        "Data": [
          {
            "@Name": "RuleName",
            "#text": "-"
          },
          {
            "@Name": "UtcTime",
            "#text": "2025-11-21 16:29:56.254"
          },
          {
            "@Name": "ProcessGuid",
            "#text": "{3ee36d65-9384-6920-0003-000000006100}"
          },
          {
            "@Name": "ProcessId",
            "#text": "7176"
          },
          {
            "@Name": "Image",
            "#text": "C:\\Windows\\System32\\svchost.exe"
          },
          {
            "@Name": "ImageLoaded",
            "#text": "C:\\Windows\\System32\\gdi32full.dll"
          },
          {
            "@Name": "FileVersion",
            "#text": "10.0.19041.572 (WinBuild.160101.0800)"
          },
          {
            "@Name": "Description",
            "#text": "GDI Client DLL"
          },
          {
            "@Name": "Product",
            "#text": "Microsoft® Windows® Operating System"
          },
          {
            "@Name": "Company",
            "#text": "Microsoft Corporation"
          },
          {
            "@Name": "OriginalFileName",
            "#text": "gdi32"
          },
          {
            "@Name": "Hashes",
            "#text": "SHA256=2ACE6BC0F0C2CBBD8400BCF3B8915A7C5469FDA9F5AA989074663224A6703470"
          },
          {
            "@Name": "Signed",
            "#text": "true"
          },
          {
            "@Name": "Signature",
            "#text": "Microsoft Windows"
          },
          {
            "@Name": "SignatureStatus",
            "#text": "Valid"
          }
        ]
      }
    },
    {
      "@xmlns": "http://schemas.microsoft.com/win/2004/08/events/event",
      "System": {
        "Provider": {
          "@Name": "Microsoft-Windows-Sysmon",
          "@Guid": "{5770385f-c22a-43e0-bf4c-06f5698ffbd9}"
        },
        "EventID": "7",
        "Version": "3",
        "Level": "4",
        "Task": "7",
        "Opcode": "0",
        "Keywords": "0x8000000000000000",
        "TimeCreated": {
          "@SystemTime": "2025-11-21T16:30:03.8441803Z"
        },
        "EventRecordID": "732",
        "Correlation": null,
        "Execution": {
          "@ProcessID": "3148",
          "@ThreadID": "2224"
        },
        "Channel": "Microsoft-Windows-Sysmon/Operational",
        "Computer": "DESKTOP-LG3F6GA",
        "Security": {
          "@UserID": "S-1-5-18"
        }
      },
      "EventData": {
        "Data": [
          {
            "@Name": "RuleName",
            "#text": "-"
          },
          {
            "@Name": "UtcTime",
            "#text": "2025-11-21 16:29:56.254"
          },
          {
            "@Name": "ProcessGuid",
            "#text": "{3ee36d65-9384-6920-0003-000000006100}"
          },
          {
            "@Name": "ProcessId",
            "#text": "7176"
          },
          {
            "@Name": "Image",
            "#text": "C:\\Windows\\System32\\svchost.exe"
          },
          {
            "@Name": "ImageLoaded",
            "#text": "C:\\Windows\\System32\\gdi32.dll"
          },
          {
            "@Name": "FileVersion",
            "#text": "10.0.19041.546 (WinBuild.160101.0800)"
          },
          {
            "@Name": "Description",
            "#text": "GDI Client DLL"
          },
          {
            "@Name": "Product",
            "#text": "Microsoft® Windows® Operating System"
          },
          {
            "@Name": "Company",
            "#text": "Microsoft Corporation"
          },
          {
            "@Name": "OriginalFileName",
            "#text": "gdi32"
          },
          {
            "@Name": "Hashes",
            "#text": "SHA256=AC373A60BC1C5529077A3C439C7ED6D71C1D99AA8D1F10D3DAC6C2593F0F4EBC"
          },
          {
            "@Name": "Signed",
            "#text": "true"
          },
          {
            "@Name": "Signature",
            "#text": "Microsoft Windows"
          },
          {
            "@Name": "SignatureStatus",
            "#text": "Valid"
          }
        ]
      }
    },
    {
      "@xmlns": "http://schemas.microsoft.com/win/2004/08/events/event",
      "System": {
        "Provider": {
          "@Name": "Microsoft-Windows-Sysmon",
          "@Guid": "{5770385f-c22a-43e0-bf4c-06f5698ffbd9}"
        },
        "EventID": "7",
        "Version": "3",
        "Level": "4",
        "Task": "7",
        "Opcode": "0",
        "Keywords": "0x8000000000000000",
        "TimeCreated": {
          "@SystemTime": "2025-11-21T16:30:03.8379336Z"
        },
        "EventRecordID": "731",
        "Correlation": null,
        "Execution": {
          "@ProcessID": "3148",
          "@ThreadID": "2224"
        },
        "Channel": "Microsoft-Windows-Sysmon/Operational",
        "Computer": "DESKTOP-LG3F6GA",
        "Security": {
          "@UserID": "S-1-5-18"
        }
      },
      "EventData": {
        "Data": [
          {
            "@Name": "RuleName",
            "#text": "-"
          },
          {
            "@Name": "UtcTime",
            "#text": "2025-11-21 16:29:56.254"
          },
          {
            "@Name": "ProcessGuid",
            "#text": "{3ee36d65-9384-6920-0003-000000006100}"
          },
          {
            "@Name": "ProcessId",
            "#text": "7176"
          },
          {
            "@Name": "Image",
            "#text": "C:\\Windows\\System32\\svchost.exe"
          },
          {
            "@Name": "ImageLoaded",
            "#text": "C:\\Windows\\System32\\win32u.dll"
          },
          {
            "@Name": "FileVersion",
            "#text": "10.0.19041.630 (WinBuild.160101.0800)"
          },
          {
            "@Name": "Description",
            "#text": "Win32u"
          },
          {
            "@Name": "Product",
            "#text": "Microsoft® Windows® Operating System"
          },
          {
            "@Name": "Company",
            "#text": "Microsoft Corporation"
          },
          {
            "@Name": "OriginalFileName",
            "#text": "Win32u.DLL"
          },
          {
            "@Name": "Hashes",
            "#text": "SHA256=0482EE5A5B7C1A4D62C8D4FC6C0F1CC6CBD97A85B01F9CCEEFB3BFAB551DB06A"
          },
          {
            "@Name": "Signed",
            "#text": "true"
          },
          {
            "@Name": "Signature",
            "#text": "Microsoft Windows"
          },
          {
            "@Name": "SignatureStatus",
            "#text": "Valid"
          }
        ]
      }
    },
